
===========================================
===========================================
Starting case: Ar: Te = 0.035 eV, Ti = 0.035 eV 

T[K]:  407.4191529551917
________________________
Generating NPA
T:  0.0012902190324347615
Using More TF fit for initial Zstar = 0.232
	Intializing grid
Initializing, True
Initializing
	Creating Integral Equation Solver
Intialized Potentials and Densities
Initialized
Time to setup correlation sphere (IS) model: 2.463e+00 [s], time so far: 2.463e+00 [s]
Beginning self-consistent electron solver.
_________________________________
__________________________________________
TF Iteration 0
	μ = -7.317592963e-01, change: 2.255033756e+02 (converged=False)
	φe Err =  3.911e-11, φe change =  9.362e-01
	ne Err =  4.666e-02, ne change =  3.187e-06
	Q =  0.000e+00 -> -1.314e+01, 
	Zstar guess =  2.322e-01. Current Zstar:  2.322e-01 (converged=True)
	Change =  1.927e+00
__________________________________________
TF Iteration 1
	μ = -7.317592963e-01, change: 0.000000000e+00 (converged=True)
	φe Err =  3.928e-11, φe change =  3.125e-02
	ne Err =  1.210e-01, ne change =  4.760e-06
	Q = -1.314e+01 -> -8.676e+00, 
	Zstar guess =  2.322e-01. Current Zstar:  2.322e-01 (converged=True)
	Change =  3.493e-02
__________________________________________
TF Iteration 2
	μ = -7.317592963e-01, change: 0.000000000e+00 (converged=True)
	φe Err =  3.869e-11, φe change =  1.273e-02
	ne Err =  7.529e-02, ne change =  1.303e-06
	Q = -8.676e+00 -> -5.366e+00, 
	Zstar guess =  2.322e-01. Current Zstar:  2.322e-01 (converged=True)
	Change =  1.318e-02
__________________________________________
TF Iteration 3
	μ = -7.317592963e-01, change: 0.000000000e+00 (converged=True)
	φe Err =  4.014e-11, φe change =  1.109e-02
	ne Err =  4.198e-02, ne change =  1.084e-06
	Q = -5.366e+00 -> -3.092e+00, 
	Zstar guess =  2.322e-01. Current Zstar:  2.322e-01 (converged=True)
	Change =  1.210e-02
__________________________________________
TF Iteration 4
	μ = -7.317592963e-01, change: 0.000000000e+00 (converged=True)
	φe Err =  3.654e-11, φe change =  5.186e-03
	ne Err =  3.267e-02, ne change =  1.759e-06
	Q = -3.092e+00 -> -1.591e+00, 
	Zstar guess =  2.322e-01. Current Zstar:  2.322e-01 (converged=True)
	Change =  5.851e-03
__________________________________________
TF Iteration 5
	μ = -7.317592963e-01, change: 0.000000000e+00 (converged=True)
	φe Err =  3.945e-11, φe change =  1.333e-03
	ne Err =  2.928e-02, ne change =  1.508e-06
	Q = -1.591e+00 -> -5.807e-01, 
	Zstar guess =  2.322e-01. Current Zstar:  2.322e-01 (converged=True)
	Change =  1.263e-03
__________________________________________
TF Iteration 6
	μ = -7.317592963e-01, change: 0.000000000e+00 (converged=True)
	φe Err =  3.844e-11, φe change =  1.222e-03
	ne Err =  2.378e-02, ne change =  9.956e-07
	Q = -5.807e-01 ->  1.445e-01, 
	Zstar guess =  2.322e-01. Current Zstar:  2.322e-01 (converged=True)
	Change =  7.171e-04
__________________________________________
TF Iteration 7
	μ = -7.317592963e-01, change: 0.000000000e+00 (converged=True)
	φe Err =  3.822e-11, φe change =  1.270e-03
	ne Err =  1.803e-02, ne change =  5.594e-07
	Q =  1.445e-01 ->  6.949e-01, 
	Zstar guess =  2.322e-01. Current Zstar:  2.322e-01 (converged=True)
	Change =  1.042e-03
__________________________________________
TF Iteration 8
	μ = -7.317592963e-01, change: 0.000000000e+00 (converged=True)
	φe Err =  3.907e-11, φe change =  9.210e-04
	ne Err =  1.350e-02, ne change =  2.784e-07
	Q =  6.949e-01 ->  1.123e+00, 
	Zstar guess =  2.322e-01. Current Zstar:  2.322e-01 (converged=True)
	Change =  7.808e-04
__________________________________________
TF Iteration 9
	μ = -7.317592963e-01, change: 0.000000000e+00 (converged=True)
	φe Err =  3.852e-11, φe change =  5.747e-04
	ne Err =  1.027e-02, ne change =  1.236e-07
	Q =  1.123e+00 ->  1.457e+00, 
	Zstar guess =  2.322e-01. Current Zstar:  2.322e-01 (converged=True)
	Change =  4.716e-04
__________________________________________
TF Iteration 25
	μ = -3.359344737e-01, change: 0.000000000e+00 (converged=True)
	φe Err =  4.086e-11, φe change =  1.426e-04
	ne Err =  4.620e-04, ne change =  1.077e-08
	Q =  1.716e+00 ->  1.723e+00, 
	Zstar guess =  2.322e-01. Current Zstar:  2.322e-01 (converged=True)
	Change =  1.547e-04
__________________________________________
TF Iteration 50
	μ = -1.292360266e-01, change: 2.698346591e-01 (converged=False)
	φe Err =  3.930e-11, φe change =  5.630e-07
	ne Err =  7.927e-03, ne change =  6.397e-10
	Q =  1.228e+00 ->  1.228e+00, 
	Zstar guess =  2.322e-01. Current Zstar:  2.322e-01 (converged=True)
	Change =  2.179e-01
__________________________________________
TF Iteration 75
	μ = -6.860021759e-02, change: 0.000000000e+00 (converged=True)
	φe Err =  4.062e-11, φe change =  2.763e-05
	ne Err =  1.352e-04, ne change =  7.527e-09
	Q =  7.395e-01 ->  7.376e-01, 
	Zstar guess =  2.322e-01. Current Zstar:  2.322e-01 (converged=True)
	Change =  3.080e-05
__________________________________________
TF Iteration 100
	μ = -2.480950505e-02, change: 2.983378234e-01 (converged=False)
	φe Err =  4.050e-11, φe change =  8.574e-08
	ne Err =  2.262e-03, ne change =  1.749e-11
	Q =  5.231e-01 ->  5.230e-01, 
	Zstar guess =  2.322e-01. Current Zstar:  2.322e-01 (converged=True)
	Change =  2.442e-01
__________________________________________
TF Iteration 125
	μ = -1.119421049e-02, change: 0.000000000e+00 (converged=True)
	φe Err =  3.889e-11, φe change =  6.784e-06
	ne Err =  6.687e-05, ne change =  2.836e-09
	Q =  3.051e-01 ->  3.042e-01, 
	Zstar guess =  2.322e-01. Current Zstar:  2.322e-01 (converged=True)
	Change =  7.628e-06
__________________________________________
TF Iteration 150
	μ = -1.840176290e-03, change: 5.342138744e-01 (converged=False)
	φe Err =  4.027e-11, φe change =  9.253e-08
	ne Err =  5.544e-04, ne change =  2.178e-11
	Q =  1.960e-01 ->  1.958e-01, 
	Zstar guess =  2.322e-01. Current Zstar:  2.322e-01 (converged=True)
	Change =  4.843e-01
__________________________________________
TF Iteration 175
	μ = 5.700536634e-04, change: 0.000000000e+00 (converged=True)
	φe Err =  3.885e-11, φe change =  1.355e-06
	ne Err =  2.651e-05, ne change =  5.894e-10
	Q =  8.191e-02 ->  8.068e-02, 
	Zstar guess =  2.322e-01. Current Zstar:  2.322e-01 (converged=True)
	Change =  1.517e-06
__________________________________________
TF Iteration 200
	μ = 1.937462300e-03, change: 1.739444952e-01 (converged=False)
	φe Err =  3.922e-11, φe change =  2.087e-08
	ne Err =  8.732e-05, ne change =  4.957e-12
	Q =  3.651e-02 ->  3.631e-02, 
	Zstar guess =  2.322e-01. Current Zstar:  2.322e-01 (converged=True)
	Change =  1.128e-01
__________________________________________
TF Iteration 225
	μ = 2.254339021e-03, change: 0.000000000e+00 (converged=True)
	φe Err =  3.910e-11, φe change =  1.825e-07
	ne Err =  5.044e-06, ne change =  7.899e-11
	Q =  1.179e-02 ->  1.154e-02, 
	Zstar guess =  2.322e-01. Current Zstar:  2.322e-01 (converged=True)
	Change =  2.041e-07
__________________________________________
TF Iteration 250
	μ = 2.430263464e-03, change: 1.534646615e-02 (converged=False)
	φe Err =  4.017e-11, φe change =  2.804e-09
	ne Err =  1.148e-05, ne change =  6.623e-13
	Q =  4.843e-03 ->  4.812e-03, 
	Zstar guess =  2.322e-01. Current Zstar:  2.322e-01 (converged=True)
	Change =  1.077e-02
__________________________________________
TF Iteration 275
	μ = 2.470689201e-03, change: 0.000000000e+00 (converged=True)
	φe Err =  4.038e-11, φe change =  2.335e-08
	ne Err =  6.698e-07, ne change =  1.010e-11
	Q =  1.519e-03 ->  1.486e-03, 
	Zstar guess =  2.322e-01. Current Zstar:  2.322e-01 (converged=True)
	Change =  2.611e-08
__________________________________________
TF Iteration 300
	μ = 2.493079410e-03, change: 1.877417693e-03 (converged=False)
	φe Err =  4.123e-11, φe change =  3.566e-10
	ne Err =  1.465e-06, ne change =  8.624e-14
	Q =  6.186e-04 ->  6.146e-04, 
	Zstar guess =  2.322e-01. Current Zstar:  2.322e-01 (converged=True)
	Change =  1.326e-03
__________________________________________
TF Iteration 325
	μ = 2.498219061e-03, change: 0.000000000e+00 (converged=True)
	φe Err =  4.021e-11, φe change =  2.970e-09
	ne Err =  8.557e-08, ne change =  1.283e-12
	Q =  1.934e-04 ->  1.892e-04, 
	Zstar guess =  2.322e-01. Current Zstar:  2.322e-01 (converged=True)
	Change =  3.321e-09
__________________________________________
TF Iteration 350
	μ = 2.501064836e-03, change: 2.374516051e-04 (converged=False)
	φe Err =  3.931e-11, φe change =  4.606e-11
	ne Err =  1.863e-07, ne change =  1.145e-14
	Q =  7.866e-05 ->  7.816e-05, 
	Zstar guess =  2.322e-01. Current Zstar:  2.322e-01 (converged=True)
	Change =  1.679e-04
__________________________________________
TF Iteration 375
	μ = 2.501718004e-03, change: 0.000000000e+00 (converged=True)
	φe Err =  3.937e-11, φe change =  3.829e-10
	ne Err =  1.088e-08, ne change =  1.662e-13
	Q =  2.458e-05 ->  2.405e-05, 
	Zstar guess =  2.322e-01. Current Zstar:  2.322e-01 (converged=True)
	Change =  4.286e-10
__________________________________________
TF Iteration 400
	μ = 2.502079637e-03, change: 3.015568415e-05 (converged=False)
	φe Err =  4.155e-11, φe change =  5.474e-12
	ne Err =  2.368e-08, ne change =  1.713e-15
	Q =  9.996e-06 ->  9.933e-06, 
	Zstar guess =  2.322e-01. Current Zstar:  2.322e-01 (converged=True)
	Change =  2.132e-05
__________________________________________
TF Iteration 425
	μ = 2.502162638e-03, change: 0.000000000e+00 (converged=True)
	φe Err =  3.880e-11, φe change =  5.165e-11
	ne Err =  1.383e-09, ne change =  2.219e-14
	Q =  3.124e-06 ->  3.056e-06, 
	Zstar guess =  2.322e-01. Current Zstar:  2.322e-01 (converged=True)
	Change =  5.751e-11
__________________________________________
TF Iteration 450
	μ = 2.502208593e-03, change: 3.831779208e-06 (converged=True)
	φe Err =  3.976e-11, φe change =  6.851e-13
	ne Err =  3.009e-09, ne change =  4.451e-15
	Q =  1.270e-06 ->  1.262e-06, 
	Zstar guess =  2.322e-01. Current Zstar:  2.322e-01 (converged=True)
	Change =  2.709e-06
__________________________________________
TF Iteration 470
	μ = 2.502214940e-03, change: 0.000000000e+00 (converged=True)
	φe Err =  3.969e-11, φe change =  1.034e-11
	ne Err =  8.880e-11, ne change =  3.418e-15
	Q =  5.611e-07 ->  5.566e-07, 
	Zstar guess =  2.322e-01. Current Zstar:  2.322e-01 (converged=True)
	Change =  5.300e-12
	-------------------
	Solving IET.
0: Initial condition Total Error: 5.913e+01
Exiting status 0, reverting to best index so far: 830
Final iter:831, Total Error: 9.899e-13
	-------------------
	Solving IET.
0: Initial condition Total Error: 5.915e+01
Exiting status 0, reverting to best index so far: 816
Final iter:817, Total Error: 9.742e-13
Time to solve CS model: 6.331e+01 [s], time so far: 6.577e+01 [s]
CS model saved.
Ee_pot_density = -1.166e-01 [au], Ee_K = 5.857e-02 [au], Ee_tot = -5.808e-02 [au]
P_e = 3.035e-08 [au], 8.929e-06 [Mbar]
Virial if 6.330e+02 = 6.304e+02 --->  off by 4.139e-01 % 

βEe_pot/Z = -54285.301, βEe_K/Z = 27255.006, βEe_tot/Z = -27030.295
βP_e Ω/Z = 0.014
