
===========================================
===========================================
Starting case: Ar: Te = 0.749 eV, Ti = 0.749 eV 

T[K]:  8686.252188605766
________________________
Generating NPA
T:  0.027507709966447833
Using More TF fit for initial Zstar = 0.660
	Intializing grid
Initializing, True
Initializing
	Creating Integral Equation Solver
Intialized Potentials and Densities
Initialized
Time to setup correlation sphere (IS) model: 2.248e+00 [s], time so far: 2.248e+00 [s]
Beginning self-consistent electron solver.
_________________________________
__________________________________________
TF Iteration 0
	μ = -1.275251526e+00, change: 1.994742170e+01 (converged=False)
	φe Err =  3.823e-11, φe change =  9.750e-01
	ne Err =  9.653e-02, ne change =  4.239e-06
	Q =  0.000e+00 -> -3.011e+01, 
	Zstar guess =  6.597e-01. Current Zstar:  6.597e-01 (converged=True)
	Change =  1.920e+00
__________________________________________
TF Iteration 1
	μ = -1.275251526e+00, change: 0.000000000e+00 (converged=True)
	φe Err =  3.971e-11, φe change =  5.224e-02
	ne Err =  1.843e-01, ne change =  8.722e-06
	Q = -3.011e+01 -> -2.191e+01, 
	Zstar guess =  6.597e-01. Current Zstar:  6.597e-01 (converged=True)
	Change =  5.878e-02
__________________________________________
TF Iteration 2
	μ = -1.275251526e+00, change: 0.000000000e+00 (converged=True)
	φe Err =  3.909e-11, φe change =  1.600e-02
	ne Err =  1.294e-01, ne change =  3.724e-06
	Q = -2.191e+01 -> -1.552e+01, 
	Zstar guess =  6.597e-01. Current Zstar:  6.597e-01 (converged=True)
	Change =  1.579e-02
__________________________________________
TF Iteration 3
	μ = -1.275251526e+00, change: 0.000000000e+00 (converged=True)
	φe Err =  3.968e-11, φe change =  1.806e-02
	ne Err =  8.126e-02, ne change =  5.403e-07
	Q = -1.552e+01 -> -1.072e+01, 
	Zstar guess =  6.597e-01. Current Zstar:  6.597e-01 (converged=True)
	Change =  1.944e-02
__________________________________________
TF Iteration 4
	μ = -1.275251526e+00, change: 0.000000000e+00 (converged=True)
	φe Err =  3.808e-11, φe change =  1.174e-02
	ne Err =  5.807e-02, ne change =  2.521e-06
	Q = -1.072e+01 -> -7.218e+00, 
	Zstar guess =  6.597e-01. Current Zstar:  6.597e-01 (converged=True)
	Change =  1.308e-02
__________________________________________
TF Iteration 5
	μ = -1.275251526e+00, change: 0.000000000e+00 (converged=True)
	φe Err =  3.851e-11, φe change =  5.444e-03
	ne Err =  5.098e-02, ne change =  2.866e-06
	Q = -7.218e+00 -> -4.683e+00, 
	Zstar guess =  6.597e-01. Current Zstar:  6.597e-01 (converged=True)
	Change =  6.184e-03
__________________________________________
TF Iteration 6
	μ = -1.275251526e+00, change: 0.000000000e+00 (converged=True)
	φe Err =  3.866e-11, φe change =  1.940e-03
	ne Err =  4.525e-02, ne change =  2.359e-06
	Q = -4.683e+00 -> -2.826e+00, 
	Zstar guess =  6.597e-01. Current Zstar:  6.597e-01 (converged=True)
	Change =  1.537e-03
__________________________________________
TF Iteration 7
	μ = -1.275251526e+00, change: 0.000000000e+00 (converged=True)
	φe Err =  3.861e-11, φe change =  1.740e-03
	ne Err =  3.759e-02, ne change =  1.624e-06
	Q = -2.826e+00 -> -1.433e+00, 
	Zstar guess =  6.597e-01. Current Zstar:  6.597e-01 (converged=True)
	Change =  6.462e-04
__________________________________________
TF Iteration 8
	μ = -1.275251526e+00, change: 0.000000000e+00 (converged=True)
	φe Err =  3.963e-11, φe change =  1.781e-03
	ne Err =  2.975e-02, ne change =  9.815e-07
	Q = -1.433e+00 -> -3.604e-01, 
	Zstar guess =  6.597e-01. Current Zstar:  6.597e-01 (converged=True)
	Change =  1.214e-03
__________________________________________
TF Iteration 9
	μ = -1.275251526e+00, change: 0.000000000e+00 (converged=True)
	φe Err =  3.932e-11, φe change =  1.434e-03
	ne Err =  2.308e-02, ne change =  5.256e-07
	Q = -3.604e-01 ->  4.766e-01, 
	Zstar guess =  6.597e-01. Current Zstar:  6.597e-01 (converged=True)
	Change =  1.074e-03
__________________________________________
TF Iteration 25
	μ = -5.174258588e-01, change: 0.000000000e+00 (converged=True)
	φe Err =  3.937e-11, φe change =  2.231e-04
	ne Err =  8.024e-04, ne change =  3.834e-09
	Q =  2.113e+00 ->  2.134e+00, 
	Zstar guess =  6.597e-01. Current Zstar:  6.597e-01 (converged=True)
	Change =  2.404e-04
__________________________________________
TF Iteration 50
	μ = -2.030116063e-01, change: 2.545337496e-01 (converged=False)
	φe Err =  3.864e-11, φe change =  6.932e-07
	ne Err =  1.024e-02, ne change =  1.106e-09
	Q =  1.509e+00 ->  1.509e+00, 
	Zstar guess =  6.597e-01. Current Zstar:  6.597e-01 (converged=True)
	Change =  2.041e-01
__________________________________________
TF Iteration 75
	μ = -1.229051486e-01, change: 0.000000000e+00 (converged=True)
	φe Err =  3.926e-11, φe change =  4.206e-05
	ne Err =  1.369e-04, ne change =  7.140e-09
	Q =  7.928e-01 ->  7.870e-01, 
	Zstar guess =  6.597e-01. Current Zstar:  6.597e-01 (converged=True)
	Change =  4.582e-05
__________________________________________
TF Iteration 100
	μ = -7.911544867e-02, change: 9.982496936e-02 (converged=False)
	φe Err =  3.811e-11, φe change =  3.441e-07
	ne Err =  1.478e-03, ne change =  8.837e-11
	Q =  4.005e-01 ->  3.987e-01, 
	Zstar guess =  6.597e-01. Current Zstar:  6.597e-01 (converged=True)
	Change =  7.419e-02
__________________________________________
TF Iteration 125
	μ = -7.005032803e-02, change: 0.000000000e+00 (converged=True)
	φe Err =  3.867e-11, φe change =  5.462e-06
	ne Err =  4.752e-05, ne change =  1.019e-09
	Q =  1.253e-01 ->  1.223e-01, 
	Zstar guess =  6.597e-01. Current Zstar:  6.597e-01 (converged=True)
	Change =  5.912e-06
__________________________________________
TF Iteration 150
	μ = -6.558959709e-02, change: 1.308052683e-02 (converged=False)
	φe Err =  3.920e-11, φe change =  4.401e-08
	ne Err =  1.521e-04, ne change =  6.130e-12
	Q =  4.698e-02 ->  4.662e-02, 
	Zstar guess =  6.597e-01. Current Zstar:  6.597e-01 (converged=True)
	Change =  9.310e-03
__________________________________________
TF Iteration 175
	μ = -6.470267968e-02, change: 0.000000000e+00 (converged=True)
	φe Err =  3.950e-11, φe change =  5.452e-07
	ne Err =  5.448e-06, ne change =  1.019e-10
	Q =  1.285e-02 ->  1.250e-02, 
	Zstar guess =  6.597e-01. Current Zstar:  6.597e-01 (converged=True)
	Change =  5.896e-07
__________________________________________
TF Iteration 200
	μ = -6.427034924e-02, change: 1.306440031e-03 (converged=False)
	φe Err =  4.087e-11, φe change =  4.368e-09
	ne Err =  1.479e-05, ne change =  5.605e-13
	Q =  4.624e-03 ->  4.587e-03, 
	Zstar guess =  6.597e-01. Current Zstar:  6.597e-01 (converged=True)
	Change =  9.244e-04
__________________________________________
TF Iteration 225
	μ = -6.418462421e-02, change: 0.000000000e+00 (converged=True)
	φe Err =  3.966e-11, φe change =  5.283e-08
	ne Err =  5.337e-07, ne change =  9.872e-12
	Q =  1.248e-03 ->  1.214e-03, 
	Zstar guess =  6.597e-01. Current Zstar:  6.597e-01 (converged=True)
	Change =  5.712e-08
__________________________________________
TF Iteration 250
	μ = -6.414283606e-02, change: 1.266718407e-04 (converged=False)
	φe Err =  3.856e-11, φe change =  4.205e-10
	ne Err =  1.430e-06, ne change =  5.280e-14
	Q =  4.477e-04 ->  4.441e-04, 
	Zstar guess =  6.597e-01. Current Zstar:  6.597e-01 (converged=True)
	Change =  8.958e-05
__________________________________________
TF Iteration 275
	μ = -6.413455346e-02, change: 0.000000000e+00 (converged=True)
	φe Err =  3.967e-11, φe change =  5.104e-09
	ne Err =  5.165e-08, ne change =  9.541e-13
	Q =  1.206e-04 ->  1.173e-04, 
	Zstar guess =  6.597e-01. Current Zstar:  6.597e-01 (converged=True)
	Change =  5.519e-09
__________________________________________
TF Iteration 300
	μ = -6.413051616e-02, change: 1.224160091e-05 (converged=False)
	φe Err =  3.838e-11, φe change =  4.600e-11
	ne Err =  1.382e-07, ne change =  3.687e-15
	Q =  4.326e-05 ->  4.291e-05, 
	Zstar guess =  6.597e-01. Current Zstar:  6.597e-01 (converged=True)
	Change =  8.656e-06
__________________________________________
TF Iteration 325
	μ = -6.412971595e-02, change: 0.000000000e+00 (converged=True)
	φe Err =  3.972e-11, φe change =  4.978e-10
	ne Err =  4.990e-09, ne change =  9.353e-14
	Q =  1.165e-05 ->  1.133e-05, 
	Zstar guess =  6.597e-01. Current Zstar:  6.597e-01 (converged=True)
	Change =  5.382e-10
__________________________________________
TF Iteration 350
	μ = -6.412932590e-02, change: 1.182735801e-06 (converged=True)
	φe Err =  3.935e-11, φe change =  4.404e-12
	ne Err =  1.335e-08, ne change =  2.051e-15
	Q =  4.180e-06 ->  4.146e-06, 
	Zstar guess =  6.597e-01. Current Zstar:  6.597e-01 (converged=True)
	Change =  8.363e-07
__________________________________________
TF Iteration 375
	μ = -6.412924859e-02, change: 0.000000000e+00 (converged=True)
	φe Err =  3.895e-11, φe change =  4.657e-11
	ne Err =  4.821e-10, ne change =  7.296e-15
	Q =  1.126e-06 ->  1.095e-06, 
	Zstar guess =  6.597e-01. Current Zstar:  6.597e-01 (converged=True)
	Change =  5.028e-11
__________________________________________
TF Iteration 399
	μ = -6.412921823e-02, change: 0.000000000e+00 (converged=True)
	φe Err =  3.991e-11, φe change =  2.260e-12
	ne Err =  8.292e-11, ne change =  2.565e-15
	Q =  4.132e-07 ->  4.079e-07, 
	Zstar guess =  6.597e-01. Current Zstar:  6.597e-01 (converged=True)
	Change =  9.083e-13
	-------------------
	Solving IET.
0: Initial condition Total Error: 1.334e+01
Exiting status 0, reverting to best index so far: 287
Final iter:288, Total Error: 9.735e-13
	-------------------
	Solving IET.
0: Initial condition Total Error: 1.335e+01
Exiting status 0, reverting to best index so far: 288
Final iter:289, Total Error: 9.330e-13
Time to solve CS model: 5.080e+01 [s], time so far: 5.305e+01 [s]
CS model saved.
Ee_pot_density = -1.166e-01 [au], Ee_K = 5.856e-02 [au], Ee_tot = -5.808e-02 [au]
P_e = 1.523e-06 [au], 4.480e-04 [Mbar]
Virial if 6.329e+02 = 6.303e+02 --->  off by 4.139e-01 % 

βEe_pot/Z = -2546.018, βEe_K/Z = 1278.328, βEe_tot/Z = -1267.690
βP_e Ω/Z = 0.033
