
===========================================
===========================================
Starting case: Ar: Te = 2.076 eV, Ti = 2.076 eV 

T[K]:  24085.89368109483
________________________
Generating NPA
T:  0.07627544806163417
Using More TF fit for initial Zstar = 1.168
	Intializing grid
Initializing, True
Initializing
	Creating Integral Equation Solver
Intialized Potentials and Densities
Initialized
Time to setup correlation sphere (IS) model: 3.055e+00 [s], time so far: 3.055e+00 [s]
Beginning self-consistent electron solver.
_________________________________
__________________________________________
TF Iteration 0
	μ = -1.521796319e+00, change: 5.244884414e+00 (converged=False)
	φe Err =  3.813e-11, φe change =  9.838e-01
	ne Err =  8.979e-02, ne change =  4.360e-06
	Q =  0.000e+00 -> -2.582e+01, 
	Zstar guess =  1.168e+00. Current Zstar:  1.168e+00 (converged=True)
	Change =  1.809e+00
__________________________________________
TF Iteration 1
	μ = -1.521796319e+00, change: 0.000000000e+00 (converged=True)
	φe Err =  3.940e-11, φe change =  5.371e-02
	ne Err =  1.847e-01, ne change =  9.005e-06
	Q = -2.582e+01 -> -1.845e+01, 
	Zstar guess =  1.168e+00. Current Zstar:  1.168e+00 (converged=True)
	Change =  6.042e-02
__________________________________________
TF Iteration 2
	μ = -1.521796319e+00, change: 0.000000000e+00 (converged=True)
	φe Err =  3.877e-11, φe change =  1.636e-02
	ne Err =  1.293e-01, ne change =  3.881e-06
	Q = -1.845e+01 -> -1.274e+01, 
	Zstar guess =  1.168e+00. Current Zstar:  1.168e+00 (converged=True)
	Change =  1.616e-02
__________________________________________
TF Iteration 3
	μ = -1.521796319e+00, change: 0.000000000e+00 (converged=True)
	φe Err =  3.908e-11, φe change =  1.832e-02
	ne Err =  8.059e-02, ne change =  4.662e-07
	Q = -1.274e+01 -> -8.476e+00, 
	Zstar guess =  1.168e+00. Current Zstar:  1.168e+00 (converged=True)
	Change =  1.970e-02
__________________________________________
TF Iteration 4
	μ = -1.521796319e+00, change: 0.000000000e+00 (converged=True)
	φe Err =  3.828e-11, φe change =  1.189e-02
	ne Err =  5.677e-02, ne change =  2.485e-06
	Q = -8.476e+00 -> -5.385e+00, 
	Zstar guess =  1.168e+00. Current Zstar:  1.168e+00 (converged=True)
	Change =  1.323e-02
__________________________________________
TF Iteration 5
	μ = -1.521796319e+00, change: 0.000000000e+00 (converged=True)
	φe Err =  3.701e-11, φe change =  5.561e-03
	ne Err =  4.941e-02, ne change =  2.864e-06
	Q = -5.385e+00 -> -3.170e+00, 
	Zstar guess =  1.168e+00. Current Zstar:  1.168e+00 (converged=True)
	Change =  6.314e-03
__________________________________________
TF Iteration 6
	μ = -1.521796319e+00, change: 0.000000000e+00 (converged=True)
	φe Err =  3.952e-11, φe change =  1.967e-03
	ne Err =  4.382e-02, ne change =  2.385e-06
	Q = -3.170e+00 -> -1.563e+00, 
	Zstar guess =  1.168e+00. Current Zstar:  1.168e+00 (converged=True)
	Change =  1.669e-03
__________________________________________
TF Iteration 7
	μ = -1.521796319e+00, change: 0.000000000e+00 (converged=True)
	φe Err =  3.858e-11, φe change =  1.648e-03
	ne Err =  3.647e-02, ne change =  1.666e-06
	Q = -1.563e+00 -> -3.632e-01, 
	Zstar guess =  1.168e+00. Current Zstar:  1.168e+00 (converged=True)
	Change =  5.380e-04
__________________________________________
TF Iteration 8
	μ = -1.521796319e+00, change: 0.000000000e+00 (converged=True)
	φe Err =  3.978e-11, φe change =  1.713e-03
	ne Err =  2.890e-02, ne change =  1.029e-06
	Q = -3.632e-01 ->  5.558e-01, 
	Zstar guess =  1.168e+00. Current Zstar:  1.168e+00 (converged=True)
	Change =  1.147e-03
__________________________________________
TF Iteration 9
	μ = -1.521796319e+00, change: 0.000000000e+00 (converged=True)
	φe Err =  3.864e-11, φe change =  1.401e-03
	ne Err =  2.242e-02, ne change =  5.697e-07
	Q =  5.558e-01 ->  1.272e+00, 
	Zstar guess =  1.168e+00. Current Zstar:  1.168e+00 (converged=True)
	Change =  1.044e-03
__________________________________________
TF Iteration 25
	μ = -6.368331026e-01, change: 0.000000000e+00 (converged=True)
	φe Err =  3.968e-11, φe change =  2.596e-04
	ne Err =  6.780e-04, ne change =  1.263e-08
	Q =  2.289e+00 ->  2.306e+00, 
	Zstar guess =  1.168e+00. Current Zstar:  1.168e+00 (converged=True)
	Change =  2.770e-04
__________________________________________
TF Iteration 50
	μ = -3.231054579e-01, change: 1.501220384e-01 (converged=False)
	φe Err =  3.948e-11, φe change =  1.324e-06
	ne Err =  7.186e-03, ne change =  1.485e-09
	Q =  1.353e+00 ->  1.349e+00, 
	Zstar guess =  1.168e+00. Current Zstar:  1.168e+00 (converged=True)
	Change =  1.144e-01
__________________________________________
TF Iteration 75
	μ = -2.715235146e-01, change: 0.000000000e+00 (converged=True)
	φe Err =  4.043e-11, φe change =  2.812e-05
	ne Err =  1.749e-04, ne change =  1.500e-09
	Q =  3.890e-01 ->  3.776e-01, 
	Zstar guess =  1.168e+00. Current Zstar:  1.168e+00 (converged=True)
	Change =  2.945e-05
__________________________________________
TF Iteration 100
	μ = -2.514608349e-01, change: 1.337493801e-02 (converged=False)
	φe Err =  4.203e-11, φe change =  2.021e-07
	ne Err =  4.515e-04, ne change =  1.142e-10
	Q =  1.201e-01 ->  1.188e-01, 
	Zstar guess =  1.168e+00. Current Zstar:  1.168e+00 (converged=True)
	Change =  9.521e-03
__________________________________________
TF Iteration 125
	μ = -2.484421818e-01, change: 0.000000000e+00 (converged=True)
	φe Err =  3.861e-11, φe change =  1.715e-06
	ne Err =  1.356e-05, ne change =  9.393e-11
	Q =  2.517e-02 ->  2.425e-02, 
	Zstar guess =  1.168e+00. Current Zstar:  1.168e+00 (converged=True)
	Change =  1.790e-06
__________________________________________
TF Iteration 150
	μ = -2.472786905e-01, change: 7.981388727e-04 (converged=False)
	φe Err =  4.025e-11, φe change =  1.231e-08
	ne Err =  2.631e-05, ne change =  6.704e-12
	Q =  7.146e-03 ->  7.067e-03, 
	Zstar guess =  1.168e+00. Current Zstar:  1.168e+00 (converged=True)
	Change =  5.646e-04
__________________________________________
TF Iteration 175
	μ = -2.471036786e-01, change: 0.000000000e+00 (converged=True)
	φe Err =  3.790e-11, φe change =  9.977e-08
	ne Err =  7.970e-07, ne change =  5.475e-12
	Q =  1.469e-03 ->  1.415e-03, 
	Zstar guess =  1.168e+00. Current Zstar:  1.168e+00 (converged=True)
	Change =  1.041e-07
__________________________________________
TF Iteration 200
	μ = -2.470361713e-01, change: 4.638896109e-05 (converged=False)
	φe Err =  4.046e-11, φe change =  7.107e-10
	ne Err =  1.527e-06, ne change =  3.921e-13
	Q =  4.154e-04 ->  4.108e-04, 
	Zstar guess =  1.168e+00. Current Zstar:  1.168e+00 (converged=True)
	Change =  3.280e-05
__________________________________________
TF Iteration 225
	μ = -2.470260171e-01, change: 0.000000000e+00 (converged=True)
	φe Err =  4.050e-11, φe change =  5.785e-09
	ne Err =  4.630e-08, ne change =  3.159e-13
	Q =  8.524e-05 ->  8.212e-05, 
	Zstar guess =  1.168e+00. Current Zstar:  1.168e+00 (converged=True)
	Change =  6.038e-09
__________________________________________
TF Iteration 250
	μ = -2.470221009e-01, change: 2.691453251e-06 (converged=True)
	φe Err =  4.127e-11, φe change =  4.116e-11
	ne Err =  8.860e-08, ne change =  2.042e-14
	Q =  2.410e-05 ->  2.383e-05, 
	Zstar guess =  1.168e+00. Current Zstar:  1.168e+00 (converged=True)
	Change =  1.903e-06
__________________________________________
TF Iteration 275
	μ = -2.470215118e-01, change: 0.000000000e+00 (converged=True)
	φe Err =  3.939e-11, φe change =  3.349e-10
	ne Err =  2.686e-09, ne change =  1.875e-14
	Q =  4.945e-06 ->  4.764e-06, 
	Zstar guess =  1.168e+00. Current Zstar:  1.168e+00 (converged=True)
	Change =  3.495e-10
__________________________________________
TF Iteration 300
	μ = -2.470212846e-01, change: 1.561444927e-07 (converged=True)
	φe Err =  4.122e-11, φe change =  6.169e-12
	ne Err =  5.140e-09, ne change =  4.364e-15
	Q =  1.398e-06 ->  1.383e-06, 
	Zstar guess =  1.168e+00. Current Zstar:  1.168e+00 (converged=True)
	Change =  1.104e-07
__________________________________________
TF Iteration 320
	μ = -2.470212628e-01, change: 0.000000000e+00 (converged=True)
	φe Err =  3.836e-11, φe change =  4.106e-12
	ne Err =  9.279e-11, ne change =  3.611e-16
	Q =  4.542e-07 ->  4.477e-07, 
	Zstar guess =  1.168e+00. Current Zstar:  1.168e+00 (converged=True)
	Change =  8.287e-13
	-------------------
	Solving IET.
0: Initial condition Total Error: 1.483e+01
Exiting status 0, reverting to best index so far: 290
Final iter:291, Total Error: 9.853e-13
	-------------------
	Solving IET.
0: Initial condition Total Error: 1.484e+01
Exiting status 0, reverting to best index so far: 291
Final iter:292, Total Error: 9.392e-13
Time to solve CS model: 3.554e+01 [s], time so far: 3.860e+01 [s]
CS model saved.
Ee_pot_density = -1.166e-01 [au], Ee_K = 5.856e-02 [au], Ee_tot = -5.805e-02 [au]
P_e = 7.948e-06 [au], 2.338e-03 [Mbar]
Virial if 6.329e+02 = 6.302e+02 --->  off by 4.140e-01 % 

βEe_pot/Z = -917.897, βEe_K/Z = 460.943, βEe_tot/Z = -456.954
βP_e Ω/Z = 0.063
