
===========================================
===========================================
Starting case: Ar: Te = 0.057 eV, Ti = 0.057 eV 

T[K]:  662.1565001115637
________________________
Generating NPA
T:  0.0020969238011947105
Using More TF fit for initial Zstar = 0.252
	Intializing grid
Initializing, True
Initializing
	Creating Integral Equation Solver
Intialized Potentials and Densities
Initialized
Time to setup correlation sphere (IS) model: 1.083e+00 [s], time so far: 1.083e+00 [s]
Beginning self-consistent electron solver.
_________________________________
__________________________________________
TF Iteration 0
	μ = -7.770577371e-01, change: 2.847701460e+02 (converged=False)
	φe Err =  3.975e-11, φe change =  9.407e-01
	ne Err =  5.069e-02, ne change =  3.288e-06
	Q =  0.000e+00 -> -1.458e+01, 
	Zstar guess =  2.518e-01. Current Zstar:  2.518e-01 (converged=True)
	Change =  1.931e+00
__________________________________________
TF Iteration 1
	μ = -7.770577371e-01, change: 0.000000000e+00 (converged=True)
	φe Err =  4.330e-11, φe change =  3.309e-02
	ne Err =  1.269e-01, ne change =  5.105e-06
	Q = -1.458e+01 -> -9.790e+00, 
	Zstar guess =  2.518e-01. Current Zstar:  2.518e-01 (converged=True)
	Change =  3.702e-02
__________________________________________
TF Iteration 2
	μ = -7.770577371e-01, change: 0.000000000e+00 (converged=True)
	φe Err =  3.890e-11, φe change =  1.313e-02
	ne Err =  8.020e-02, ne change =  1.490e-06
	Q = -9.790e+00 -> -6.209e+00, 
	Zstar guess =  2.518e-01. Current Zstar:  2.518e-01 (converged=True)
	Change =  1.355e-02
__________________________________________
TF Iteration 3
	μ = -7.770577371e-01, change: 0.000000000e+00 (converged=True)
	φe Err =  3.691e-11, φe change =  1.177e-02
	ne Err =  4.532e-02, ne change =  1.065e-06
	Q = -6.209e+00 -> -3.713e+00, 
	Zstar guess =  2.518e-01. Current Zstar:  2.518e-01 (converged=True)
	Change =  1.282e-02
__________________________________________
TF Iteration 4
	μ = -7.770577371e-01, change: 0.000000000e+00 (converged=True)
	φe Err =  3.812e-11, φe change =  5.756e-03
	ne Err =  3.482e-02, ne change =  1.847e-06
	Q = -3.713e+00 -> -2.039e+00, 
	Zstar guess =  2.518e-01. Current Zstar:  2.518e-01 (converged=True)
	Change =  6.486e-03
__________________________________________
TF Iteration 5
	μ = -7.770577371e-01, change: 0.000000000e+00 (converged=True)
	φe Err =  4.039e-11, φe change =  1.603e-03
	ne Err =  3.133e-02, ne change =  1.632e-06
	Q = -2.039e+00 -> -9.020e-01, 
	Zstar guess =  2.518e-01. Current Zstar:  2.518e-01 (converged=True)
	Change =  1.627e-03
__________________________________________
TF Iteration 6
	μ = -7.770577371e-01, change: 0.000000000e+00 (converged=True)
	φe Err =  3.916e-11, φe change =  1.225e-03
	ne Err =  2.580e-02, ne change =  1.104e-06
	Q = -9.020e-01 -> -8.496e-02, 
	Zstar guess =  2.518e-01. Current Zstar:  2.518e-01 (converged=True)
	Change =  6.074e-04
__________________________________________
TF Iteration 7
	μ = -7.770577371e-01, change: 0.000000000e+00 (converged=True)
	φe Err =  4.060e-11, φe change =  1.345e-03
	ne Err =  1.977e-02, ne change =  6.336e-07
	Q = -8.496e-02 ->  5.337e-01, 
	Zstar guess =  2.518e-01. Current Zstar:  2.518e-01 (converged=True)
	Change =  1.071e-03
__________________________________________
TF Iteration 8
	μ = -7.770577371e-01, change: 0.000000000e+00 (converged=True)
	φe Err =  3.868e-11, φe change =  1.014e-03
	ne Err =  1.487e-02, ne change =  3.201e-07
	Q =  5.337e-01 ->  1.014e+00, 
	Zstar guess =  2.518e-01. Current Zstar:  2.518e-01 (converged=True)
	Change =  8.488e-04
__________________________________________
TF Iteration 9
	μ = -7.770577371e-01, change: 0.000000000e+00 (converged=True)
	φe Err =  3.974e-11, φe change =  6.501e-04
	ne Err =  1.132e-02, ne change =  1.421e-07
	Q =  1.014e+00 ->  1.389e+00, 
	Zstar guess =  2.518e-01. Current Zstar:  2.518e-01 (converged=True)
	Change =  5.313e-04
__________________________________________
TF Iteration 25
	μ = -3.524424787e-01, change: 0.000000000e+00 (converged=True)
	φe Err =  3.850e-11, φe change =  1.501e-04
	ne Err =  4.957e-04, ne change =  9.970e-09
	Q =  1.758e+00 ->  1.766e+00, 
	Zstar guess =  2.518e-01. Current Zstar:  2.518e-01 (converged=True)
	Change =  1.627e-04
__________________________________________
TF Iteration 50
	μ = -1.353473127e-01, change: 2.698739604e-01 (converged=False)
	φe Err =  3.828e-11, φe change =  5.734e-07
	ne Err =  8.228e-03, ne change =  6.819e-10
	Q =  1.259e+00 ->  1.259e+00, 
	Zstar guess =  2.518e-01. Current Zstar:  2.518e-01 (converged=True)
	Change =  2.180e-01
__________________________________________
TF Iteration 75
	μ = -7.196505825e-02, change: 0.000000000e+00 (converged=True)
	φe Err =  4.033e-11, φe change =  2.892e-05
	ne Err =  1.359e-04, ne change =  7.695e-09
	Q =  7.576e-01 ->  7.556e-01, 
	Zstar guess =  2.518e-01. Current Zstar:  2.518e-01 (converged=True)
	Change =  3.221e-05
__________________________________________
TF Iteration 100
	μ = -2.632081658e-02, change: 2.943271193e-01 (converged=False)
	φe Err =  4.038e-11, φe change =  9.611e-08
	ne Err =  2.331e-03, ne change =  2.179e-11
	Q =  5.354e-01 ->  5.354e-01, 
	Zstar guess =  2.518e-01. Current Zstar:  2.518e-01 (converged=True)
	Change =  2.405e-01
__________________________________________
TF Iteration 125
	μ = -1.220867825e-02, change: 0.000000000e+00 (converged=True)
	φe Err =  4.054e-11, φe change =  7.054e-06
	ne Err =  6.737e-05, ne change =  2.891e-09
	Q =  3.101e-01 ->  3.090e-01, 
	Zstar guess =  2.518e-01. Current Zstar:  2.518e-01 (converged=True)
	Change =  7.928e-06
__________________________________________
TF Iteration 150
	μ = -2.669222488e-03, change: 4.443946538e-01 (converged=False)
	φe Err =  4.117e-11, φe change =  8.060e-08
	ne Err =  5.468e-04, ne change =  2.206e-11
	Q =  1.935e-01 ->  1.932e-01, 
	Zstar guess =  2.518e-01. Current Zstar:  2.518e-01 (converged=True)
	Change =  3.885e-01
__________________________________________
TF Iteration 175
	μ = -2.209737830e-04, change: 0.000000000e+00 (converged=True)
	φe Err =  3.887e-11, φe change =  1.373e-06
	ne Err =  2.568e-05, ne change =  5.833e-10
	Q =  7.872e-02 ->  7.749e-02, 
	Zstar guess =  2.518e-01. Current Zstar:  2.518e-01 (converged=True)
	Change =  1.536e-06
__________________________________________
TF Iteration 200
	μ = 1.189947925e-03, change: 3.354768601e-01 (converged=False)
	φe Err =  3.878e-11, φe change =  1.821e-08
	ne Err =  8.623e-05, ne change =  4.927e-12
	Q =  3.534e-02 ->  3.515e-02, 
	Zstar guess =  2.518e-01. Current Zstar:  2.518e-01 (converged=True)
	Change =  2.011e-01
__________________________________________
TF Iteration 225
	μ = 1.523245876e-03, change: 0.000000000e+00 (converged=True)
	φe Err =  3.822e-11, φe change =  1.914e-07
	ne Err =  4.774e-06, ne change =  8.100e-11
	Q =  1.163e-02 ->  1.139e-02, 
	Zstar guess =  2.518e-01. Current Zstar:  2.518e-01 (converged=True)
	Change =  2.141e-07
__________________________________________
TF Iteration 250
	μ = 1.711415398e-03, change: 2.371530367e-02 (converged=False)
	φe Err =  3.890e-11, φe change =  2.550e-09
	ne Err =  1.171e-05, ne change =  6.846e-13
	Q =  4.856e-03 ->  4.826e-03, 
	Zstar guess =  2.518e-01. Current Zstar:  2.518e-01 (converged=True)
	Change =  1.657e-02
__________________________________________
TF Iteration 275
	μ = 1.755487043e-03, change: 0.000000000e+00 (converged=True)
	φe Err =  4.042e-11, φe change =  2.539e-08
	ne Err =  6.567e-07, ne change =  1.074e-11
	Q =  1.554e-03 ->  1.521e-03, 
	Zstar guess =  2.518e-01. Current Zstar:  2.518e-01 (converged=True)
	Change =  2.840e-08
__________________________________________
TF Iteration 300
	μ = 1.780306441e-03, change: 2.943865376e-03 (converged=False)
	φe Err =  3.861e-11, φe change =  3.324e-10
	ne Err =  1.549e-06, ne change =  9.469e-14
	Q =  6.430e-04 ->  6.390e-04, 
	Zstar guess =  2.518e-01. Current Zstar:  2.518e-01 (converged=True)
	Change =  2.079e-03
__________________________________________
TF Iteration 325
	μ = 1.786112938e-03, change: 0.000000000e+00 (converged=True)
	φe Err =  3.853e-11, φe change =  3.342e-09
	ne Err =  8.697e-08, ne change =  1.413e-12
	Q =  2.050e-04 ->  2.006e-04, 
	Zstar guess =  2.518e-01. Current Zstar:  2.518e-01 (converged=True)
	Change =  3.738e-09
__________________________________________
TF Iteration 350
	μ = 1.789381954e-03, change: 3.847490991e-04 (converged=False)
	φe Err =  4.131e-11, φe change =  4.537e-11
	ne Err =  2.041e-07, ne change =  1.155e-14
	Q =  8.473e-05 ->  8.420e-05, 
	Zstar guess =  2.518e-01. Current Zstar:  2.518e-01 (converged=True)
	Change =  2.720e-04
__________________________________________
TF Iteration 375
	μ = 1.790146604e-03, change: 0.000000000e+00 (converged=True)
	φe Err =  4.046e-11, φe change =  4.414e-10
	ne Err =  1.146e-08, ne change =  1.863e-13
	Q =  2.700e-05 ->  2.642e-05, 
	Zstar guess =  2.518e-01. Current Zstar:  2.518e-01 (converged=True)
	Change =  4.938e-10
__________________________________________
TF Iteration 400
	μ = 1.790577070e-03, change: 5.061424315e-05 (converged=False)
	φe Err =  4.027e-11, φe change =  6.827e-12
	ne Err =  2.687e-08, ne change =  8.433e-16
	Q =  1.116e-05 ->  1.109e-05, 
	Zstar guess =  2.518e-01. Current Zstar:  2.518e-01 (converged=True)
	Change =  3.579e-05
__________________________________________
TF Iteration 425
	μ = 1.790677763e-03, change: 0.000000000e+00 (converged=True)
	φe Err =  3.975e-11, φe change =  5.519e-11
	ne Err =  1.509e-09, ne change =  2.212e-14
	Q =  3.555e-06 ->  3.480e-06, 
	Zstar guess =  2.518e-01. Current Zstar:  2.518e-01 (converged=True)
	Change =  6.036e-11
__________________________________________
TF Iteration 450
	μ = 1.790734448e-03, change: 6.664213230e-06 (converged=True)
	φe Err =  3.777e-11, φe change =  3.853e-12
	ne Err =  3.539e-09, ne change =  5.923e-16
	Q =  1.469e-06 ->  1.460e-06, 
	Zstar guess =  2.518e-01. Current Zstar:  2.518e-01 (converged=True)
	Change =  4.712e-06
__________________________________________
TF Iteration 470
	μ = 1.790742404e-03, change: 0.000000000e+00 (converged=True)
	φe Err =  4.014e-11, φe change =  1.321e-12
	ne Err =  9.842e-11, ne change =  2.390e-15
	Q =  6.582e-07 ->  6.530e-07, 
	Zstar guess =  2.518e-01. Current Zstar:  2.518e-01 (converged=True)
	Change =  1.088e-12
	-------------------
	Solving IET.
0: Initial condition Total Error: 3.704e+01
Exiting status 0, reverting to best index so far: 398
Final iter:399, Total Error: 9.774e-13
	-------------------
	Solving IET.
0: Initial condition Total Error: 3.739e+01
Exiting status 0, reverting to best index so far: 391
Final iter:392, Total Error: 9.615e-13
Time to solve CS model: 7.146e+01 [s], time so far: 7.254e+01 [s]
CS model saved.
Ee_pot_density = -1.166e-01 [au], Ee_K = 5.857e-02 [au], Ee_tot = -5.808e-02 [au]
P_e = 4.559e-08 [au], 1.341e-05 [Mbar]
Virial if 6.330e+02 = 6.304e+02 --->  off by 4.139e-01 % 

βEe_pot/Z = -33401.262, βEe_K/Z = 16769.769, βEe_tot/Z = -16631.493
βP_e Ω/Z = 0.013
