
===========================================
===========================================
Starting case: Ar: Te = 1.407 eV, Ti = 1.407 eV 

T[K]:  16331.549849040079
________________________
Generating NPA
T:  0.05171891476271859
Using More TF fit for initial Zstar = 0.933
	Intializing grid
Initializing, True
Initializing
	Creating Integral Equation Solver
Intialized Potentials and Densities
Initialized
Time to setup correlation sphere (IS) model: 1.126e+00 [s], time so far: 1.126e+00 [s]
Beginning self-consistent electron solver.
_________________________________
__________________________________________
TF Iteration 0
	μ = -1.418331022e+00, change: 8.688392524e+00 (converged=False)
	φe Err =  3.806e-11, φe change =  9.808e-01
	ne Err =  9.690e-02, ne change =  4.357e-06
	Q =  0.000e+00 -> -2.905e+01, 
	Zstar guess =  9.328e-01. Current Zstar:  9.328e-01 (converged=True)
	Change =  1.868e+00
__________________________________________
TF Iteration 1
	μ = -1.418331022e+00, change: 0.000000000e+00 (converged=True)
	φe Err =  4.012e-11, φe change =  5.430e-02
	ne Err =  1.884e-01, ne change =  9.113e-06
	Q = -2.905e+01 -> -2.103e+01, 
	Zstar guess =  9.328e-01. Current Zstar:  9.328e-01 (converged=True)
	Change =  6.110e-02
__________________________________________
TF Iteration 2
	μ = -1.418331022e+00, change: 0.000000000e+00 (converged=True)
	φe Err =  4.076e-11, φe change =  1.631e-02
	ne Err =  1.327e-01, ne change =  3.969e-06
	Q = -2.103e+01 -> -1.479e+01, 
	Zstar guess =  9.328e-01. Current Zstar:  9.328e-01 (converged=True)
	Change =  1.605e-02
__________________________________________
TF Iteration 3
	μ = -1.418331022e+00, change: 0.000000000e+00 (converged=True)
	φe Err =  3.942e-11, φe change =  1.859e-02
	ne Err =  8.352e-02, ne change =  4.558e-07
	Q = -1.479e+01 -> -1.010e+01, 
	Zstar guess =  9.328e-01. Current Zstar:  9.328e-01 (converged=True)
	Change =  1.998e-02
__________________________________________
TF Iteration 4
	μ = -1.418331022e+00, change: 0.000000000e+00 (converged=True)
	φe Err =  4.031e-11, φe change =  1.223e-02
	ne Err =  5.920e-02, ne change =  2.539e-06
	Q = -1.010e+01 -> -6.682e+00, 
	Zstar guess =  9.328e-01. Current Zstar:  9.328e-01 (converged=True)
	Change =  1.361e-02
__________________________________________
TF Iteration 5
	μ = -1.418331022e+00, change: 0.000000000e+00 (converged=True)
	φe Err =  4.012e-11, φe change =  5.808e-03
	ne Err =  5.160e-02, ne change =  2.948e-06
	Q = -6.682e+00 -> -4.210e+00, 
	Zstar guess =  9.328e-01. Current Zstar:  9.328e-01 (converged=True)
	Change =  6.598e-03
__________________________________________
TF Iteration 6
	μ = -1.418331022e+00, change: 0.000000000e+00 (converged=True)
	φe Err =  3.847e-11, φe change =  2.085e-03
	ne Err =  4.589e-02, ne change =  2.465e-06
	Q = -4.210e+00 -> -2.406e+00, 
	Zstar guess =  9.328e-01. Current Zstar:  9.328e-01 (converged=True)
	Change =  1.798e-03
__________________________________________
TF Iteration 7
	μ = -1.418331022e+00, change: 0.000000000e+00 (converged=True)
	φe Err =  3.834e-11, φe change =  1.716e-03
	ne Err =  3.831e-02, ne change =  1.725e-06
	Q = -2.406e+00 -> -1.055e+00, 
	Zstar guess =  9.328e-01. Current Zstar:  9.328e-01 (converged=True)
	Change =  5.238e-04
__________________________________________
TF Iteration 8
	μ = -1.418331022e+00, change: 0.000000000e+00 (converged=True)
	φe Err =  3.980e-11, φe change =  1.790e-03
	ne Err =  3.043e-02, ne change =  1.063e-06
	Q = -1.055e+00 -> -1.865e-02, 
	Zstar guess =  9.328e-01. Current Zstar:  9.328e-01 (converged=True)
	Change =  1.184e-03
__________________________________________
TF Iteration 9
	μ = -1.418331022e+00, change: 0.000000000e+00 (converged=True)
	φe Err =  3.835e-11, φe change =  1.471e-03
	ne Err =  2.365e-02, ne change =  5.845e-07
	Q = -1.865e-02 ->  7.893e-01, 
	Zstar guess =  9.328e-01. Current Zstar:  9.328e-01 (converged=True)
	Change =  1.089e-03
__________________________________________
TF Iteration 25
	μ = -5.783251435e-01, change: 0.000000000e+00 (converged=True)
	φe Err =  3.977e-11, φe change =  2.444e-04
	ne Err =  7.555e-04, ne change =  8.634e-09
	Q =  2.218e+00 ->  2.239e+00, 
	Zstar guess =  9.328e-01. Current Zstar:  9.328e-01 (converged=True)
	Change =  2.623e-04
__________________________________________
TF Iteration 50
	μ = -2.527663925e-01, change: 2.068769806e-01 (converged=False)
	φe Err =  3.926e-11, φe change =  9.767e-07
	ne Err =  8.998e-03, ne change =  1.300e-09
	Q =  1.492e+00 ->  1.491e+00, 
	Zstar guess =  9.328e-01. Current Zstar:  9.328e-01 (converged=True)
	Change =  1.621e-01
__________________________________________
TF Iteration 75
	μ = -1.869042578e-01, change: 0.000000000e+00 (converged=True)
	φe Err =  3.931e-11, φe change =  3.662e-05
	ne Err =  1.840e-04, ne change =  3.760e-09
	Q =  5.712e-01 ->  5.598e-01, 
	Zstar guess =  9.328e-01. Current Zstar:  9.328e-01 (converged=True)
	Change =  3.902e-05
__________________________________________
TF Iteration 100
	μ = -1.577501736e-01, change: 3.249761338e-02 (converged=False)
	φe Err =  3.926e-11, φe change =  2.961e-07
	ne Err =  7.783e-04, ne change =  1.208e-10
	Q =  2.120e-01 ->  2.102e-01, 
	Zstar guess =  9.328e-01. Current Zstar:  9.328e-01 (converged=True)
	Change =  2.336e-02
__________________________________________
TF Iteration 125
	μ = -1.527419948e-01, change: 0.000000000e+00 (converged=True)
	φe Err =  3.830e-11, φe change =  3.000e-06
	ne Err =  2.428e-05, ne change =  3.188e-10
	Q =  5.169e-02 ->  5.007e-02, 
	Zstar guess =  9.328e-01. Current Zstar:  9.328e-01 (converged=True)
	Change =  3.179e-06
__________________________________________
TF Iteration 150
	μ = -1.505962559e-01, change: 2.566797040e-03 (converged=False)
	φe Err =  4.057e-11, φe change =  2.408e-08
	ne Err =  5.770e-05, ne change =  8.841e-12
	Q =  1.647e-02 ->  1.631e-02, 
	Zstar guess =  9.328e-01. Current Zstar:  9.328e-01 (converged=True)
	Change =  1.817e-03
__________________________________________
TF Iteration 175
	μ = -1.502311745e-01, change: 0.000000000e+00 (converged=True)
	φe Err =  3.790e-11, φe change =  2.198e-07
	ne Err =  1.860e-06, ne change =  2.338e-11
	Q =  3.824e-03 ->  3.700e-03, 
	Zstar guess =  9.328e-01. Current Zstar:  9.328e-01 (converged=True)
	Change =  2.329e-07
__________________________________________
TF Iteration 200
	μ = -1.500754085e-01, change: 1.870083606e-04 (converged=False)
	φe Err =  3.944e-11, φe change =  1.760e-09
	ne Err =  4.186e-06, ne change =  6.403e-13
	Q =  1.200e-03 ->  1.189e-03, 
	Zstar guess =  9.328e-01. Current Zstar:  9.328e-01 (converged=True)
	Change =  1.322e-04
__________________________________________
TF Iteration 225
	μ = -1.500489819e-01, change: 0.000000000e+00 (converged=True)
	φe Err =  3.850e-11, φe change =  1.592e-08
	ne Err =  1.350e-07, ne change =  1.694e-12
	Q =  2.771e-04 ->  2.681e-04, 
	Zstar guess =  9.328e-01. Current Zstar:  9.328e-01 (converged=True)
	Change =  1.687e-08
__________________________________________
TF Iteration 250
	μ = -1.500377017e-01, change: 1.355085294e-05 (converged=False)
	φe Err =  3.905e-11, φe change =  1.263e-10
	ne Err =  3.032e-07, ne change =  4.665e-14
	Q =  8.694e-05 ->  8.610e-05, 
	Zstar guess =  9.328e-01. Current Zstar:  9.328e-01 (converged=True)
	Change =  9.582e-06
__________________________________________
TF Iteration 275
	μ = -1.500357875e-01, change: 0.000000000e+00 (converged=True)
	φe Err =  3.984e-11, φe change =  1.150e-09
	ne Err =  9.783e-09, ne change =  1.217e-13
	Q =  2.008e-05 ->  1.942e-05, 
	Zstar guess =  9.328e-01. Current Zstar:  9.328e-01 (converged=True)
	Change =  1.219e-09
__________________________________________
TF Iteration 300
	μ = -1.500349703e-01, change: 9.816751926e-07 (converged=True)
	φe Err =  3.812e-11, φe change =  1.149e-11
	ne Err =  2.196e-08, ne change =  1.741e-15
	Q =  6.298e-06 ->  6.237e-06, 
	Zstar guess =  9.328e-01. Current Zstar:  9.328e-01 (converged=True)
	Change =  6.942e-07
__________________________________________
TF Iteration 325
	μ = -1.500348316e-01, change: 0.000000000e+00 (converged=True)
	φe Err =  3.837e-11, φe change =  8.074e-11
	ne Err =  7.087e-10, ne change =  6.008e-15
	Q =  1.454e-06 ->  1.407e-06, 
	Zstar guess =  9.328e-01. Current Zstar:  9.328e-01 (converged=True)
	Change =  8.533e-11
__________________________________________
TF Iteration 350
	μ = -1.500347831e-01, change: 0.000000000e+00 (converged=True)
	φe Err =  3.877e-11, φe change =  1.082e-12
	ne Err =  8.498e-11, ne change =  1.636e-15
	Q =  4.620e-07 ->  4.562e-07, 
	Zstar guess =  9.328e-01. Current Zstar:  9.328e-01 (converged=True)
	Change =  7.106e-13
	-------------------
	Solving IET.
0: Initial condition Total Error: 1.399e+01
Exiting status 0, reverting to best index so far: 289
Final iter:290, Total Error: 9.442e-13
	-------------------
	Solving IET.
0: Initial condition Total Error: 1.400e+01
Exiting status 0, reverting to best index so far: 289
Final iter:290, Total Error: 9.845e-13
Time to solve CS model: 4.082e+01 [s], time so far: 4.195e+01 [s]
CS model saved.
Ee_pot_density = -1.166e-01 [au], Ee_K = 5.856e-02 [au], Ee_tot = -5.807e-02 [au]
P_e = 4.206e-06 [au], 1.237e-03 [Mbar]
Virial if 6.329e+02 = 6.303e+02 --->  off by 4.139e-01 % 

βEe_pot/Z = -1353.970, βEe_K/Z = 679.861, βEe_tot/Z = -674.109
βP_e Ω/Z = 0.049
