
===========================================
===========================================
Starting case: Ar: Te = 2.521 eV, Ti = 2.521 eV 

T[K]:  29250.308240378028
________________________
Generating NPA
T:  0.09263016753772907
Using More TF fit for initial Zstar = 1.310
	Intializing grid
Initializing, True
Initializing
	Creating Integral Equation Solver
Intialized Potentials and Densities
Initialized
Time to setup correlation sphere (IS) model: 2.518e+00 [s], time so far: 2.518e+00 [s]
Beginning self-consistent electron solver.
_________________________________
__________________________________________
TF Iteration 0
	μ = -1.582453291e+00, change: 4.064112493e+00 (converged=False)
	φe Err =  3.892e-11, φe change =  9.851e-01
	ne Err =  8.370e-02, ne change =  4.333e-06
	Q =  0.000e+00 -> -2.350e+01, 
	Zstar guess =  1.310e+00. Current Zstar:  1.310e+00 (converged=True)
	Change =  1.769e+00
__________________________________________
TF Iteration 1
	μ = -1.582453291e+00, change: 0.000000000e+00 (converged=True)
	φe Err =  4.178e-11, φe change =  5.271e-02
	ne Err =  1.808e-01, ne change =  8.819e-06
	Q = -2.350e+01 -> -1.661e+01, 
	Zstar guess =  1.310e+00. Current Zstar:  1.310e+00 (converged=True)
	Change =  5.928e-02
__________________________________________
TF Iteration 2
	μ = -1.582453291e+00, change: 0.000000000e+00 (converged=True)
	φe Err =  4.091e-11, φe change =  1.631e-02
	ne Err =  1.257e-01, ne change =  3.752e-06
	Q = -1.661e+01 -> -1.128e+01, 
	Zstar guess =  1.310e+00. Current Zstar:  1.310e+00 (converged=True)
	Change =  1.616e-02
__________________________________________
TF Iteration 3
	μ = -1.582453291e+00, change: 0.000000000e+00 (converged=True)
	φe Err =  3.902e-11, φe change =  1.795e-02
	ne Err =  7.764e-02, ne change =  4.901e-07
	Q = -1.128e+01 -> -7.326e+00, 
	Zstar guess =  1.310e+00. Current Zstar:  1.310e+00 (converged=True)
	Change =  1.931e-02
__________________________________________
TF Iteration 4
	μ = -1.582453291e+00, change: 0.000000000e+00 (converged=True)
	φe Err =  3.862e-11, φe change =  1.149e-02
	ne Err =  5.448e-02, ne change =  2.431e-06
	Q = -7.326e+00 -> -4.479e+00, 
	Zstar guess =  1.310e+00. Current Zstar:  1.310e+00 (converged=True)
	Change =  1.278e-02
__________________________________________
TF Iteration 5
	μ = -1.582453291e+00, change: 0.000000000e+00 (converged=True)
	φe Err =  3.861e-11, φe change =  5.274e-03
	ne Err =  4.739e-02, ne change =  2.772e-06
	Q = -4.479e+00 -> -2.451e+00, 
	Zstar guess =  1.310e+00. Current Zstar:  1.310e+00 (converged=True)
	Change =  5.985e-03
__________________________________________
TF Iteration 6
	μ = -1.582453291e+00, change: 0.000000000e+00 (converged=True)
	φe Err =  3.735e-11, φe change =  1.839e-03
	ne Err =  4.190e-02, ne change =  2.293e-06
	Q = -2.451e+00 -> -9.859e-01, 
	Zstar guess =  1.310e+00. Current Zstar:  1.310e+00 (converged=True)
	Change =  1.509e-03
__________________________________________
TF Iteration 7
	μ = -1.582453291e+00, change: 0.000000000e+00 (converged=True)
	φe Err =  3.654e-11, φe change =  1.593e-03
	ne Err =  3.474e-02, ne change =  1.596e-06
	Q = -9.859e-01 ->  1.052e-01, 
	Zstar guess =  1.310e+00. Current Zstar:  1.310e+00 (converged=True)
	Change =  5.703e-04
__________________________________________
TF Iteration 8
	μ = -1.582453291e+00, change: 0.000000000e+00 (converged=True)
	φe Err =  3.922e-11, φe change =  1.643e-03
	ne Err =  2.744e-02, ne change =  9.834e-07
	Q =  1.052e-01 ->  9.405e-01, 
	Zstar guess =  1.310e+00. Current Zstar:  1.310e+00 (converged=True)
	Change =  1.118e-03
__________________________________________
TF Iteration 9
	μ = -1.582453291e+00, change: 0.000000000e+00 (converged=True)
	φe Err =  3.851e-11, φe change =  1.334e-03
	ne Err =  2.125e-02, ne change =  5.451e-07
	Q =  9.405e-01 ->  1.591e+00, 
	Zstar guess =  1.310e+00. Current Zstar:  1.310e+00 (converged=True)
	Change =  1.002e-03
__________________________________________
TF Iteration 25
	μ = -6.783488374e-01, change: 0.000000000e+00 (converged=True)
	φe Err =  3.839e-11, φe change =  2.665e-04
	ne Err =  6.459e-04, ne change =  1.531e-08
	Q =  2.314e+00 ->  2.328e+00, 
	Zstar guess =  1.310e+00. Current Zstar:  1.310e+00 (converged=True)
	Change =  2.832e-04
__________________________________________
TF Iteration 50
	μ = -3.787829434e-01, change: 1.190669947e-01 (converged=False)
	φe Err =  3.867e-11, φe change =  1.445e-06
	ne Err =  6.144e-03, ne change =  1.571e-09
	Q =  1.227e+00 ->  1.222e+00, 
	Zstar guess =  1.310e+00. Current Zstar:  1.310e+00 (converged=True)
	Change =  8.935e-02
__________________________________________
TF Iteration 75
	μ = -3.346607680e-01, change: 0.000000000e+00 (converged=True)
	φe Err =  3.816e-11, φe change =  2.327e-05
	ne Err =  1.569e-04, ne change =  6.126e-10
	Q =  3.047e-01 ->  2.944e-01, 
	Zstar guess =  1.310e+00. Current Zstar:  1.310e+00 (converged=True)
	Change =  2.415e-05
__________________________________________
TF Iteration 100
	μ = -3.186091432e-01, change: 8.178901430e-03 (converged=False)
	φe Err =  4.202e-11, φe change =  1.531e-07
	ne Err =  3.287e-04, ne change =  1.027e-10
	Q =  8.599e-02 ->  8.499e-02, 
	Zstar guess =  1.310e+00. Current Zstar:  1.310e+00 (converged=True)
	Change =  5.807e-03
__________________________________________
TF Iteration 125
	μ = -3.163676020e-01, change: 0.000000000e+00 (converged=True)
	φe Err =  3.956e-11, φe change =  1.217e-06
	ne Err =  9.674e-06, ne change =  3.308e-11
	Q =  1.666e-02 ->  1.601e-02, 
	Zstar guess =  1.310e+00. Current Zstar:  1.310e+00 (converged=True)
	Change =  1.260e-06
__________________________________________
TF Iteration 150
	μ = -3.155559644e-01, change: 4.204508029e-04 (converged=False)
	φe Err =  3.998e-11, φe change =  7.998e-09
	ne Err =  1.667e-05, ne change =  5.254e-12
	Q =  4.423e-03 ->  4.370e-03, 
	Zstar guess =  1.310e+00. Current Zstar:  1.310e+00 (converged=True)
	Change =  2.974e-04
__________________________________________
TF Iteration 175
	μ = -3.154426692e-01, change: 0.000000000e+00 (converged=True)
	φe Err =  3.806e-11, φe change =  6.166e-08
	ne Err =  4.923e-07, ne change =  1.677e-12
	Q =  8.450e-04 ->  8.117e-04, 
	Zstar guess =  1.310e+00. Current Zstar:  1.310e+00 (converged=True)
	Change =  6.379e-08
__________________________________________
TF Iteration 200
	μ = -3.154016123e-01, change: 2.128758001e-05 (converged=False)
	φe Err =  3.619e-11, φe change =  4.049e-10
	ne Err =  8.434e-07, ne change =  2.663e-13
	Q =  2.240e-04 ->  2.213e-04, 
	Zstar guess =  1.310e+00. Current Zstar:  1.310e+00 (converged=True)
	Change =  1.505e-05
__________________________________________
TF Iteration 225
	μ = -3.153958800e-01, change: 0.000000000e+00 (converged=True)
	φe Err =  3.879e-11, φe change =  3.120e-09
	ne Err =  2.492e-08, ne change =  8.371e-14
	Q =  4.276e-05 ->  4.108e-05, 
	Zstar guess =  1.310e+00. Current Zstar:  1.310e+00 (converged=True)
	Change =  3.228e-09
__________________________________________
TF Iteration 250
	μ = -3.153938024e-01, change: 1.077234173e-06 (converged=True)
	φe Err =  3.897e-11, φe change =  1.865e-11
	ne Err =  4.268e-08, ne change =  1.505e-14
	Q =  1.133e-05 ->  1.120e-05, 
	Zstar guess =  1.310e+00. Current Zstar:  1.310e+00 (converged=True)
	Change =  7.617e-07
__________________________________________
TF Iteration 275
	μ = -3.153935124e-01, change: 0.000000000e+00 (converged=True)
	φe Err =  3.815e-11, φe change =  1.541e-10
	ne Err =  1.261e-09, ne change =  4.126e-15
	Q =  2.164e-06 ->  2.079e-06, 
	Zstar guess =  1.310e+00. Current Zstar:  1.310e+00 (converged=True)
	Change =  1.593e-10
__________________________________________
TF Iteration 300
	μ = -3.153934073e-01, change: 5.450960294e-08 (converged=True)
	φe Err =  3.913e-11, φe change =  4.300e-12
	ne Err =  2.160e-09, ne change =  1.725e-15
	Q =  5.735e-07 ->  5.665e-07, 
	Zstar guess =  1.310e+00. Current Zstar:  1.310e+00 (converged=True)
	Change =  3.855e-08
__________________________________________
TF Iteration 309
	μ = -3.153934073e-01, change: 0.000000000e+00 (converged=True)
	φe Err =  3.908e-11, φe change =  3.849e-12
	ne Err =  9.034e-11, ne change =  2.374e-15
	Q =  3.272e-07 ->  3.207e-07, 
	Zstar guess =  1.310e+00. Current Zstar:  1.310e+00 (converged=True)
	Change =  9.637e-13
	-------------------
	Solving IET.
0: Initial condition Total Error: 1.536e+01
Exiting status 0, reverting to best index so far: 291
Final iter:292, Total Error: 9.790e-13
	-------------------
	Solving IET.
0: Initial condition Total Error: 1.537e+01
Exiting status 0, reverting to best index so far: 292
Final iter:293, Total Error: 9.430e-13
Time to solve CS model: 3.929e+01 [s], time so far: 4.181e+01 [s]
CS model saved.
Ee_pot_density = -1.166e-01 [au], Ee_K = 5.855e-02 [au], Ee_tot = -5.804e-02 [au]
P_e = 1.095e-05 [au], 3.221e-03 [Mbar]
Virial if 6.328e+02 = 6.302e+02 --->  off by 4.140e-01 % 

βEe_pot/Z = -755.723, βEe_K/Z = 379.533, βEe_tot/Z = -376.191
βP_e Ω/Z = 0.071
