
===========================================
===========================================
Starting case: Ar: Te = 2.646 eV, Ti = 2.646 eV 

T[K]:  30705.93792125356
________________________
Generating NPA
T:  0.09723987011263258
Using More TF fit for initial Zstar = 1.349
	Intializing grid
Initializing, True
Initializing
	Creating Integral Equation Solver
Intialized Potentials and Densities
Initialized
Time to setup correlation sphere (IS) model: 3.515e+00 [s], time so far: 3.515e+00 [s]
Beginning self-consistent electron solver.
_________________________________
__________________________________________
TF Iteration 0
	μ = -1.598926660e+00, change: 3.811051540e+00 (converged=False)
	φe Err =  3.632e-11, φe change =  9.855e-01
	ne Err =  8.191e-02, ne change =  4.323e-06
	Q =  0.000e+00 -> -2.286e+01, 
	Zstar guess =  1.349e+00. Current Zstar:  1.349e+00 (converged=True)
	Change =  1.758e+00
__________________________________________
TF Iteration 1
	μ = -1.598926660e+00, change: 0.000000000e+00 (converged=True)
	φe Err =  3.940e-11, φe change =  5.238e-02
	ne Err =  1.795e-01, ne change =  8.758e-06
	Q = -2.286e+01 -> -1.610e+01, 
	Zstar guess =  1.349e+00. Current Zstar:  1.349e+00 (converged=True)
	Change =  5.890e-02
__________________________________________
TF Iteration 2
	μ = -1.598926660e+00, change: 0.000000000e+00 (converged=True)
	φe Err =  3.833e-11, φe change =  1.628e-02
	ne Err =  1.246e-01, ne change =  3.710e-06
	Q = -1.610e+01 -> -1.088e+01, 
	Zstar guess =  1.349e+00. Current Zstar:  1.349e+00 (converged=True)
	Change =  1.615e-02
__________________________________________
TF Iteration 3
	μ = -1.598926660e+00, change: 0.000000000e+00 (converged=True)
	φe Err =  3.771e-11, φe change =  1.783e-02
	ne Err =  7.675e-02, ne change =  4.977e-07
	Q = -1.088e+01 -> -7.011e+00, 
	Zstar guess =  1.349e+00. Current Zstar:  1.349e+00 (converged=True)
	Change =  1.918e-02
__________________________________________
TF Iteration 4
	μ = -1.598926660e+00, change: 0.000000000e+00 (converged=True)
	φe Err =  3.827e-11, φe change =  1.136e-02
	ne Err =  5.379e-02, ne change =  2.414e-06
	Q = -7.011e+00 -> -4.231e+00, 
	Zstar guess =  1.349e+00. Current Zstar:  1.349e+00 (converged=True)
	Change =  1.264e-02
__________________________________________
TF Iteration 5
	μ = -1.598926660e+00, change: 0.000000000e+00 (converged=True)
	φe Err =  3.793e-11, φe change =  5.185e-03
	ne Err =  4.679e-02, ne change =  2.743e-06
	Q = -4.231e+00 -> -2.255e+00, 
	Zstar guess =  1.349e+00. Current Zstar:  1.349e+00 (converged=True)
	Change =  5.883e-03
__________________________________________
TF Iteration 6
	μ = -1.598926660e+00, change: 0.000000000e+00 (converged=True)
	φe Err =  3.755e-11, φe change =  1.800e-03
	ne Err =  4.132e-02, ne change =  2.264e-06
	Q = -2.255e+00 -> -8.289e-01, 
	Zstar guess =  1.349e+00. Current Zstar:  1.349e+00 (converged=True)
	Change =  1.460e-03
__________________________________________
TF Iteration 7
	μ = -1.598926660e+00, change: 0.000000000e+00 (converged=True)
	φe Err =  3.800e-11, φe change =  1.577e-03
	ne Err =  3.421e-02, ne change =  1.573e-06
	Q = -8.289e-01 ->  2.324e-01, 
	Zstar guess =  1.349e+00. Current Zstar:  1.349e+00 (converged=True)
	Change =  5.801e-04
__________________________________________
TF Iteration 8
	μ = -1.598926660e+00, change: 0.000000000e+00 (converged=True)
	φe Err =  3.809e-11, φe change =  1.622e-03
	ne Err =  2.700e-02, ne change =  9.691e-07
	Q =  2.324e-01 ->  1.045e+00, 
	Zstar guess =  1.349e+00. Current Zstar:  1.349e+00 (converged=True)
	Change =  1.110e-03
__________________________________________
TF Iteration 9
	μ = -1.598926660e+00, change: 0.000000000e+00 (converged=True)
	φe Err =  3.907e-11, φe change =  1.313e-03
	ne Err =  2.089e-02, ne change =  5.372e-07
	Q =  1.045e+00 ->  1.677e+00, 
	Zstar guess =  1.349e+00. Current Zstar:  1.349e+00 (converged=True)
	Change =  9.894e-04
__________________________________________
TF Iteration 25
	μ = -6.906304662e-01, change: 0.000000000e+00 (converged=True)
	φe Err =  4.039e-11, φe change =  2.679e-04
	ne Err =  6.425e-04, ne change =  1.609e-08
	Q =  2.318e+00 ->  2.330e+00, 
	Zstar guess =  1.349e+00. Current Zstar:  1.349e+00 (converged=True)
	Change =  2.843e-04
__________________________________________
TF Iteration 50
	μ = -3.954756611e-01, change: 1.115393576e-01 (converged=False)
	φe Err =  3.770e-11, φe change =  1.461e-06
	ne Err =  5.884e-03, ne change =  1.588e-09
	Q =  1.191e+00 ->  1.185e+00, 
	Zstar guess =  1.349e+00. Current Zstar:  1.349e+00 (converged=True)
	Change =  8.338e-02
__________________________________________
TF Iteration 75
	μ = -3.531868435e-01, change: 0.000000000e+00 (converged=True)
	φe Err =  4.013e-11, φe change =  2.206e-05
	ne Err =  1.515e-04, ne change =  4.245e-10
	Q =  2.852e-01 ->  2.752e-01, 
	Zstar guess =  1.349e+00. Current Zstar:  1.349e+00 (converged=True)
	Change =  2.284e-05
__________________________________________
TF Iteration 100
	μ = -3.380639058e-01, change: 7.194662111e-03 (converged=False)
	φe Err =  3.784e-11, φe change =  1.416e-07
	ne Err =  3.021e-04, ne change =  9.923e-11
	Q =  7.870e-02 ->  7.777e-02, 
	Zstar guess =  1.349e+00. Current Zstar:  1.349e+00 (converged=True)
	Change =  5.106e-03
__________________________________________
TF Iteration 125
	μ = -3.359937378e-01, change: 0.000000000e+00 (converged=True)
	φe Err =  4.084e-11, φe change =  1.110e-06
	ne Err =  8.818e-06, ne change =  2.225e-11
	Q =  1.494e-02 ->  1.434e-02, 
	Zstar guess =  1.349e+00. Current Zstar:  1.349e+00 (converged=True)
	Change =  1.146e-06
__________________________________________
TF Iteration 150
	μ = -3.352546640e-01, change: 3.572144532e-04 (converged=False)
	φe Err =  3.961e-11, φe change =  7.130e-09
	ne Err =  1.482e-05, ne change =  4.901e-12
	Q =  3.908e-03 ->  3.859e-03, 
	Zstar guess =  1.349e+00. Current Zstar:  1.349e+00 (converged=True)
	Change =  2.526e-04
__________________________________________
TF Iteration 175
	μ = -3.351532806e-01, change: 0.000000000e+00 (converged=True)
	φe Err =  4.035e-11, φe change =  5.447e-08
	ne Err =  4.344e-07, ne change =  1.093e-12
	Q =  7.340e-04 ->  7.046e-04, 
	Zstar guess =  1.349e+00. Current Zstar:  1.349e+00 (converged=True)
	Change =  5.622e-08
__________________________________________
TF Iteration 200
	μ = -3.351170622e-01, change: 1.752046347e-05 (converged=False)
	φe Err =  3.629e-11, φe change =  3.532e-10
	ne Err =  7.263e-07, ne change =  2.384e-13
	Q =  1.917e-04 ->  1.893e-04, 
	Zstar guess =  1.349e+00. Current Zstar:  1.349e+00 (converged=True)
	Change =  1.239e-05
__________________________________________
TF Iteration 225
	μ = -3.351120921e-01, change: 0.000000000e+00 (converged=True)
	φe Err =  4.053e-11, φe change =  2.674e-09
	ne Err =  2.130e-08, ne change =  5.502e-14
	Q =  3.599e-05 ->  3.455e-05, 
	Zstar guess =  1.349e+00. Current Zstar:  1.349e+00 (converged=True)
	Change =  2.760e-09
__________________________________________
TF Iteration 250
	μ = -3.351103163e-01, change: 8.590558463e-07 (converged=True)
	φe Err =  4.002e-11, φe change =  2.355e-11
	ne Err =  3.561e-08, ne change =  8.275e-15
	Q =  9.397e-06 ->  9.281e-06, 
	Zstar guess =  1.349e+00. Current Zstar:  1.349e+00 (converged=True)
	Change =  6.075e-07
__________________________________________
TF Iteration 275
	μ = -3.351100727e-01, change: 0.000000000e+00 (converged=True)
	φe Err =  4.011e-11, φe change =  1.344e-10
	ne Err =  1.044e-09, ne change =  3.969e-15
	Q =  1.764e-06 ->  1.694e-06, 
	Zstar guess =  1.349e+00. Current Zstar:  1.349e+00 (converged=True)
	Change =  1.385e-10
__________________________________________
TF Iteration 300
	μ = -3.351099856e-01, change: 4.211943727e-08 (converged=True)
	φe Err =  3.642e-11, φe change =  3.001e-12
	ne Err =  1.746e-09, ne change =  1.174e-15
	Q =  4.607e-07 ->  4.551e-07, 
	Zstar guess =  1.349e+00. Current Zstar:  1.349e+00 (converged=True)
	Change =  2.978e-08
__________________________________________
TF Iteration 308
	μ = -3.351099856e-01, change: 0.000000000e+00 (converged=True)
	φe Err =  3.762e-11, φe change =  4.843e-12
	ne Err =  9.429e-11, ne change =  1.547e-15
	Q =  2.683e-07 ->  2.614e-07, 
	Zstar guess =  1.349e+00. Current Zstar:  1.349e+00 (converged=True)
	Change =  2.250e-12
	-------------------
	Solving IET.
0: Initial condition Total Error: 1.551e+01
Exiting status 0, reverting to best index so far: 292
Final iter:293, Total Error: 9.070e-13
	-------------------
	Solving IET.
0: Initial condition Total Error: 1.551e+01
Exiting status 0, reverting to best index so far: 292
Final iter:293, Total Error: 9.713e-13
Time to solve CS model: 2.806e+01 [s], time so far: 3.157e+01 [s]
CS model saved.
Ee_pot_density = -1.166e-01 [au], Ee_K = 5.855e-02 [au], Ee_tot = -5.803e-02 [au]
P_e = 1.187e-05 [au], 3.491e-03 [Mbar]
Virial if 6.328e+02 = 6.302e+02 --->  off by 4.140e-01 % 

βEe_pot/Z = -719.866, βEe_K/Z = 361.534, βEe_tot/Z = -358.333
βP_e Ω/Z = 0.073
