
===========================================
===========================================
Starting case: Ar: Te = 0.398 eV, Ti = 0.398 eV 

T[K]:  4619.952042609916
________________________
Generating NPA
T:  0.014630510154162377
Using More TF fit for initial Zstar = 0.482
	Intializing grid
Initializing, True
Initializing
	Creating Integral Equation Solver
Intialized Potentials and Densities
Initialized
Time to setup correlation sphere (IS) model: 1.293e+00 [s], time so far: 1.293e+00 [s]
Beginning self-consistent electron solver.
_________________________________
__________________________________________
TF Iteration 0
	μ = -1.140804474e+00, change: 4.937849092e+01 (converged=False)
	φe Err =  3.885e-11, φe change =  9.680e-01
	ne Err =  8.689e-02, ne change =  4.032e-06
	Q =  0.000e+00 -> -2.732e+01, 
	Zstar guess =  4.818e-01. Current Zstar:  4.818e-01 (converged=True)
	Change =  1.941e+00
__________________________________________
TF Iteration 1
	μ = -1.140804474e+00, change: 0.000000000e+00 (converged=True)
	φe Err =  4.147e-11, φe change =  4.793e-02
	ne Err =  1.722e-01, ne change =  7.906e-06
	Q = -2.732e+01 -> -1.973e+01, 
	Zstar guess =  4.818e-01. Current Zstar:  4.818e-01 (converged=True)
	Change =  5.388e-02
__________________________________________
TF Iteration 2
	μ = -1.140804474e+00, change: 0.000000000e+00 (converged=True)
	φe Err =  4.039e-11, φe change =  1.550e-02
	ne Err =  1.190e-01, ne change =  3.189e-06
	Q = -1.973e+01 -> -1.385e+01, 
	Zstar guess =  4.818e-01. Current Zstar:  4.818e-01 (converged=True)
	Change =  1.545e-02
__________________________________________
TF Iteration 3
	μ = -1.140804474e+00, change: 0.000000000e+00 (converged=True)
	φe Err =  3.977e-11, φe change =  1.678e-02
	ne Err =  7.344e-02, ne change =  7.009e-07
	Q = -1.385e+01 -> -9.468e+00, 
	Zstar guess =  4.818e-01. Current Zstar:  4.818e-01 (converged=True)
	Change =  1.811e-02
__________________________________________
TF Iteration 4
	μ = -1.140804474e+00, change: 0.000000000e+00 (converged=True)
	φe Err =  3.885e-11, φe change =  1.044e-02
	ne Err =  5.300e-02, ne change =  2.414e-06
	Q = -9.468e+00 -> -6.299e+00, 
	Zstar guess =  4.818e-01. Current Zstar:  4.818e-01 (converged=True)
	Change =  1.166e-02
__________________________________________
TF Iteration 5
	μ = -1.140804474e+00, change: 0.000000000e+00 (converged=True)
	φe Err =  4.068e-11, φe change =  4.505e-03
	ne Err =  4.706e-02, ne change =  2.612e-06
	Q = -6.299e+00 -> -4.025e+00, 
	Zstar guess =  4.818e-01. Current Zstar:  4.818e-01 (converged=True)
	Change =  5.105e-03
__________________________________________
TF Iteration 6
	μ = -1.140804474e+00, change: 0.000000000e+00 (converged=True)
	φe Err =  3.888e-11, φe change =  1.607e-03
	ne Err =  4.142e-02, ne change =  2.074e-06
	Q = -4.025e+00 -> -2.366e+00, 
	Zstar guess =  4.818e-01. Current Zstar:  4.818e-01 (converged=True)
	Change =  9.371e-04
__________________________________________
TF Iteration 7
	μ = -1.140804474e+00, change: 0.000000000e+00 (converged=True)
	φe Err =  3.769e-11, φe change =  1.701e-03
	ne Err =  3.395e-02, ne change =  1.379e-06
	Q = -2.366e+00 -> -1.118e+00, 
	Zstar guess =  4.818e-01. Current Zstar:  4.818e-01 (converged=True)
	Change =  8.523e-04
__________________________________________
TF Iteration 8
	μ = -1.140804474e+00, change: 0.000000000e+00 (converged=True)
	φe Err =  3.826e-11, φe change =  1.655e-03
	ne Err =  2.659e-02, ne change =  8.038e-07
	Q = -1.118e+00 -> -1.566e-01, 
	Zstar guess =  4.818e-01. Current Zstar:  4.818e-01 (converged=True)
	Change =  1.199e-03
__________________________________________
TF Iteration 9
	μ = -1.140804474e+00, change: 0.000000000e+00 (converged=True)
	φe Err =  3.756e-11, φe change =  1.276e-03
	ne Err =  2.052e-02, ne change =  4.116e-07
	Q = -1.566e-01 ->  5.950e-01, 
	Zstar guess =  4.818e-01. Current Zstar:  4.818e-01 (converged=True)
	Change =  9.792e-04
__________________________________________
TF Iteration 25
	μ = -4.721728187e-01, change: 0.000000000e+00 (converged=True)
	φe Err =  4.007e-11, φe change =  2.043e-04
	ne Err =  7.596e-04, ne change =  1.686e-09
	Q =  2.025e+00 ->  2.043e+00, 
	Zstar guess =  4.818e-01. Current Zstar:  4.818e-01 (converged=True)
	Change =  2.205e-04
__________________________________________
TF Iteration 50
	μ = -1.806712476e-01, change: 2.665995216e-01 (converged=False)
	φe Err =  3.700e-11, φe change =  6.292e-07
	ne Err =  1.010e-02, ne change =  9.854e-10
	Q =  1.459e+00 ->  1.459e+00, 
	Zstar guess =  4.818e-01. Current Zstar:  4.818e-01 (converged=True)
	Change =  2.150e-01
__________________________________________
TF Iteration 75
	μ = -9.989777367e-02, change: 0.000000000e+00 (converged=True)
	φe Err =  3.830e-11, φe change =  3.921e-05
	ne Err =  1.242e-04, ne change =  8.327e-09
	Q =  8.493e-01 ->  8.470e-01, 
	Zstar guess =  4.818e-01. Current Zstar:  4.818e-01 (converged=True)
	Change =  4.327e-05
__________________________________________
TF Iteration 100
	μ = -4.773008864e-02, change: 1.934368582e-01 (converged=False)
	φe Err =  4.071e-11, φe change =  2.497e-07
	ne Err =  2.133e-03, ne change =  5.435e-11
	Q =  5.382e-01 ->  5.374e-01, 
	Zstar guess =  4.818e-01. Current Zstar:  4.818e-01 (converged=True)
	Change =  1.506e-01
__________________________________________
TF Iteration 125
	μ = -3.491943058e-02, change: 0.000000000e+00 (converged=True)
	φe Err =  3.757e-11, φe change =  7.302e-06
	ne Err =  6.486e-05, ne change =  1.943e-09
	Q =  2.187e-01 ->  2.150e-01, 
	Zstar guess =  4.818e-01. Current Zstar:  4.818e-01 (converged=True)
	Change =  8.045e-06
__________________________________________
TF Iteration 150
	μ = -2.788570112e-02, change: 4.936196996e-02 (converged=False)
	φe Err =  3.846e-11, φe change =  4.312e-08
	ne Err =  2.904e-04, ne change =  5.094e-12
	Q =  9.568e-02 ->  9.511e-02, 
	Zstar guess =  4.818e-01. Current Zstar:  4.818e-01 (converged=True)
	Change =  3.578e-02
__________________________________________
TF Iteration 175
	μ = -2.632373820e-02, change: 0.000000000e+00 (converged=True)
	φe Err =  3.974e-11, φe change =  9.335e-07
	ne Err =  1.158e-05, ne change =  2.487e-10
	Q =  2.985e-02 ->  2.916e-02, 
	Zstar guess =  4.818e-01. Current Zstar:  4.818e-01 (converged=True)
	Change =  1.027e-06
__________________________________________
TF Iteration 200
	μ = -2.549013140e-02, change: 6.636053663e-03 (converged=False)
	φe Err =  4.159e-11, φe change =  5.299e-09
	ne Err =  3.474e-05, ne change =  8.465e-13
	Q =  1.184e-02 ->  1.175e-02, 
	Zstar guess =  4.818e-01. Current Zstar:  4.818e-01 (converged=True)
	Change =  4.708e-03
__________________________________________
TF Iteration 225
	μ = -2.530717794e-02, change: 0.000000000e+00 (converged=True)
	φe Err =  4.112e-11, φe change =  1.100e-07
	ne Err =  1.425e-06, ne change =  2.931e-11
	Q =  3.548e-03 ->  3.463e-03, 
	Zstar guess =  4.818e-01. Current Zstar:  4.818e-01 (converged=True)
	Change =  1.210e-07
__________________________________________
TF Iteration 250
	μ = -2.520980790e-02, change: 7.879552075e-04 (converged=False)
	φe Err =  3.812e-11, φe change =  6.200e-10
	ne Err =  4.065e-06, ne change =  1.025e-13
	Q =  1.390e-03 ->  1.380e-03, 
	Zstar guess =  4.818e-01. Current Zstar:  4.818e-01 (converged=True)
	Change =  5.574e-04
__________________________________________
TF Iteration 275
	μ = -2.518845720e-02, change: 0.000000000e+00 (converged=True)
	φe Err =  3.923e-11, φe change =  1.285e-08
	ne Err =  1.673e-07, ne change =  3.420e-12
	Q =  4.147e-04 ->  4.047e-04, 
	Zstar guess =  4.818e-01. Current Zstar:  4.818e-01 (converged=True)
	Change =  1.413e-08
__________________________________________
TF Iteration 300
	μ = -2.517710557e-02, change: 9.197850980e-05 (converged=False)
	φe Err =  3.938e-11, φe change =  6.982e-11
	ne Err =  4.737e-07, ne change =  1.060e-14
	Q =  1.621e-04 ->  1.610e-04, 
	Zstar guess =  4.818e-01. Current Zstar:  4.818e-01 (converged=True)
	Change =  6.504e-05
__________________________________________
TF Iteration 325
	μ = -2.517461994e-02, change: 0.000000000e+00 (converged=True)
	φe Err =  3.751e-11, φe change =  1.500e-09
	ne Err =  1.954e-08, ne change =  4.019e-13
	Q =  4.830e-05 ->  4.713e-05, 
	Zstar guess =  4.818e-01. Current Zstar:  4.818e-01 (converged=True)
	Change =  1.650e-09
__________________________________________
TF Iteration 350
	μ = -2.517329935e-02, change: 1.070108561e-05 (converged=False)
	φe Err =  3.908e-11, φe change =  9.844e-12
	ne Err =  5.511e-08, ne change =  3.103e-15
	Q =  1.886e-05 ->  1.873e-05, 
	Zstar guess =  4.818e-01. Current Zstar:  4.818e-01 (converged=True)
	Change =  7.567e-06
__________________________________________
TF Iteration 375
	μ = -2.517301024e-02, change: 0.000000000e+00 (converged=True)
	φe Err =  4.096e-11, φe change =  1.677e-10
	ne Err =  2.272e-09, ne change =  4.209e-14
	Q =  5.618e-06 ->  5.482e-06, 
	Zstar guess =  4.818e-01. Current Zstar:  4.818e-01 (converged=True)
	Change =  1.837e-10
__________________________________________
TF Iteration 400
	μ = -2.517285664e-02, change: 1.244718865e-06 (converged=True)
	φe Err =  3.897e-11, φe change =  5.545e-12
	ne Err =  6.410e-09, ne change =  1.540e-15
	Q =  2.194e-06 ->  2.178e-06, 
	Zstar guess =  4.818e-01. Current Zstar:  4.818e-01 (converged=True)
	Change =  8.802e-07
__________________________________________
TF Iteration 425
	μ = -2.517282301e-02, change: 0.000000000e+00 (converged=True)
	φe Err =  3.937e-11, φe change =  2.045e-11
	ne Err =  2.643e-10, ne change =  5.726e-15
	Q =  6.534e-07 ->  6.376e-07, 
	Zstar guess =  4.818e-01. Current Zstar:  4.818e-01 (converged=True)
	Change =  2.247e-11
__________________________________________
TF Iteration 430
	μ = -2.517282301e-02, change: 0.000000000e+00 (converged=True)
	φe Err =  3.873e-11, φe change =  2.849e-12
	ne Err =  8.760e-11, ne change =  2.575e-15
	Q =  6.087e-07 ->  6.034e-07, 
	Zstar guess =  4.818e-01. Current Zstar:  4.818e-01 (converged=True)
	Change =  1.581e-12
	-------------------
	Solving IET.
0: Initial condition Total Error: 1.381e+01
QUIT: Total error infinite.
Exiting status 1, reverting to best index so far: 12
Final iter:21, Total Error: 4.003e+00
	-------------------
	Solving IET.
0: Initial condition Total Error: 1.384e+01
Exiting status 0, reverting to best index so far: 353
Final iter:354, Total Error: 9.328e-13
Time to solve CS model: 6.077e+01 [s], time so far: 6.207e+01 [s]
CS model saved.
Ee_pot_density = -1.166e-01 [au], Ee_K = 5.857e-02 [au], Ee_tot = -5.808e-02 [au]
P_e = 5.709e-07 [au], 1.680e-04 [Mbar]
Virial if 6.330e+02 = 6.304e+02 --->  off by 4.139e-01 % 

βEe_pot/Z = -4787.143, βEe_K/Z = 2403.513, βEe_tot/Z = -2383.630
βP_e Ω/Z = 0.023
