
===========================================
===========================================
Starting case: Ar: Te = 0.029 eV, Ti = 0.029 eV 

T[K]:  335.4855039843384
________________________
Generating NPA
T:  0.0010624188362449583
Using More TF fit for initial Zstar = 0.226
	Intializing grid
Initializing, True
Initializing
	Creating Integral Equation Solver
Intialized Potentials and Densities
Initialized
Time to setup correlation sphere (IS) model: 2.881e+00 [s], time so far: 2.881e+00 [s]
Beginning self-consistent electron solver.
_________________________________
__________________________________________
TF Iteration 0
	μ = -7.199325970e-01, change: 2.163077205e+02 (converged=False)
	φe Err =  3.646e-11, φe change =  9.350e-01
	ne Err =  4.564e-02, ne change =  3.162e-06
	Q =  0.000e+00 -> -1.277e+01, 
	Zstar guess =  2.264e-01. Current Zstar:  2.264e-01 (converged=True)
	Change =  1.926e+00
__________________________________________
TF Iteration 1
	μ = -7.199325970e-01, change: 0.000000000e+00 (converged=True)
	φe Err =  3.975e-11, φe change =  3.077e-02
	ne Err =  1.195e-01, ne change =  4.669e-06
	Q = -1.277e+01 -> -8.393e+00, 
	Zstar guess =  2.264e-01. Current Zstar:  2.264e-01 (converged=True)
	Change =  3.439e-02
__________________________________________
TF Iteration 2
	μ = -7.199325970e-01, change: 0.000000000e+00 (converged=True)
	φe Err =  3.833e-11, φe change =  1.262e-02
	ne Err =  7.401e-02, ne change =  1.255e-06
	Q = -8.393e+00 -> -5.153e+00, 
	Zstar guess =  2.264e-01. Current Zstar:  2.264e-01 (converged=True)
	Change =  1.308e-02
__________________________________________
TF Iteration 3
	μ = -7.199325970e-01, change: 0.000000000e+00 (converged=True)
	φe Err =  3.796e-11, φe change =  1.091e-02
	ne Err =  4.112e-02, ne change =  1.088e-06
	Q = -5.153e+00 -> -2.936e+00, 
	Zstar guess =  2.264e-01. Current Zstar:  2.264e-01 (converged=True)
	Change =  1.190e-02
__________________________________________
TF Iteration 4
	μ = -7.199325970e-01, change: 0.000000000e+00 (converged=True)
	φe Err =  3.984e-11, φe change =  5.039e-03
	ne Err =  3.212e-02, ne change =  1.735e-06
	Q = -2.936e+00 -> -1.479e+00, 
	Zstar guess =  2.264e-01. Current Zstar:  2.264e-01 (converged=True)
	Change =  5.687e-03
__________________________________________
TF Iteration 5
	μ = -7.199325970e-01, change: 0.000000000e+00 (converged=True)
	φe Err =  3.803e-11, φe change =  1.269e-03
	ne Err =  2.874e-02, ne change =  1.476e-06
	Q = -1.479e+00 -> -5.009e-01, 
	Zstar guess =  2.264e-01. Current Zstar:  2.264e-01 (converged=True)
	Change =  1.172e-03
__________________________________________
TF Iteration 6
	μ = -7.199325970e-01, change: 0.000000000e+00 (converged=True)
	φe Err =  3.951e-11, φe change =  1.220e-03
	ne Err =  2.325e-02, ne change =  9.684e-07
	Q = -5.009e-01 ->  2.010e-01, 
	Zstar guess =  2.264e-01. Current Zstar:  2.264e-01 (converged=True)
	Change =  7.421e-04
__________________________________________
TF Iteration 7
	μ = -7.199325970e-01, change: 0.000000000e+00 (converged=True)
	φe Err =  4.046e-11, φe change =  1.250e-03
	ne Err =  1.758e-02, ne change =  5.413e-07
	Q =  2.010e-01 ->  7.343e-01, 
	Zstar guess =  2.264e-01. Current Zstar:  2.264e-01 (converged=True)
	Change =  1.032e-03
__________________________________________
TF Iteration 8
	μ = -7.199325970e-01, change: 0.000000000e+00 (converged=True)
	φe Err =  3.859e-11, φe change =  8.967e-04
	ne Err =  1.315e-02, ne change =  2.686e-07
	Q =  7.343e-01 ->  1.149e+00, 
	Zstar guess =  2.264e-01. Current Zstar:  2.264e-01 (converged=True)
	Change =  7.625e-04
__________________________________________
TF Iteration 9
	μ = -7.199325970e-01, change: 0.000000000e+00 (converged=True)
	φe Err =  4.075e-11, φe change =  5.554e-04
	ne Err =  9.999e-03, ne change =  1.196e-07
	Q =  1.149e+00 ->  1.472e+00, 
	Zstar guess =  2.264e-01. Current Zstar:  2.264e-01 (converged=True)
	Change =  4.562e-04
__________________________________________
TF Iteration 25
	μ = -3.315498912e-01, change: 0.000000000e+00 (converged=True)
	φe Err =  3.738e-11, φe change =  1.406e-04
	ne Err =  4.534e-04, ne change =  1.097e-08
	Q =  1.704e+00 ->  1.711e+00, 
	Zstar guess =  2.264e-01. Current Zstar:  2.264e-01 (converged=True)
	Change =  1.526e-04
__________________________________________
TF Iteration 50
	μ = -1.276083941e-01, change: 2.698261530e-01 (converged=False)
	φe Err =  3.989e-11, φe change =  5.600e-07
	ne Err =  7.846e-03, ne change =  6.286e-10
	Q =  1.219e+00 ->  1.219e+00, 
	Zstar guess =  2.264e-01. Current Zstar:  2.264e-01 (converged=True)
	Change =  2.179e-01
__________________________________________
TF Iteration 75
	μ = -6.770598569e-02, change: 0.000000000e+00 (converged=True)
	φe Err =  4.070e-11, φe change =  2.729e-05
	ne Err =  1.349e-04, ne change =  7.481e-09
	Q =  7.346e-01 ->  7.327e-01, 
	Zstar guess =  2.264e-01. Current Zstar:  2.264e-01 (converged=True)
	Change =  3.043e-05
__________________________________________
TF Iteration 100
	μ = -2.441583833e-02, change: 2.993476513e-01 (converged=False)
	φe Err =  3.999e-11, φe change =  8.308e-08
	ne Err =  2.243e-03, ne change =  1.639e-11
	Q =  5.196e-01 ->  5.196e-01, 
	Zstar guess =  2.264e-01. Current Zstar:  2.264e-01 (converged=True)
	Change =  2.452e-01
__________________________________________
TF Iteration 125
	μ = -1.094185936e-02, change: 0.000000000e+00 (converged=True)
	φe Err =  4.129e-11, φe change =  6.711e-06
	ne Err =  6.675e-05, ne change =  2.818e-09
	Q =  3.035e-01 ->  3.026e-01, 
	Zstar guess =  2.264e-01. Current Zstar:  2.264e-01 (converged=True)
	Change =  7.547e-06
__________________________________________
TF Iteration 150
	μ = -1.649142072e-03, change: 5.603635190e-01 (converged=False)
	φe Err =  3.983e-11, φe change =  9.541e-08
	ne Err =  5.560e-04, ne change =  2.166e-11
	Q =  1.963e-01 ->  1.961e-01, 
	Zstar guess =  2.264e-01. Current Zstar:  2.264e-01 (converged=True)
	Change =  5.130e-01
__________________________________________
TF Iteration 175
	μ = 7.455389757e-04, change: 0.000000000e+00 (converged=True)
	φe Err =  4.097e-11, φe change =  1.348e-06
	ne Err =  2.679e-05, ne change =  5.891e-10
	Q =  8.264e-02 ->  8.140e-02, 
	Zstar guess =  2.264e-01. Current Zstar:  2.264e-01 (converged=True)
	Change =  1.508e-06
__________________________________________
TF Iteration 200
	μ = 2.094363536e-03, change: 1.556679627e-01 (converged=False)
	φe Err =  4.028e-11, φe change =  2.138e-08
	ne Err =  8.719e-05, ne change =  4.945e-12
	Q =  3.664e-02 ->  3.644e-02, 
	Zstar guess =  2.264e-01. Current Zstar:  2.264e-01 (converged=True)
	Change =  1.019e-01
__________________________________________
TF Iteration 225
	μ = 2.404528970e-03, change: 0.000000000e+00 (converged=True)
	φe Err =  3.731e-11, φe change =  1.787e-07
	ne Err =  5.100e-06, ne change =  7.774e-11
	Q =  1.173e-02 ->  1.148e-02, 
	Zstar guess =  2.264e-01. Current Zstar:  2.264e-01 (converged=True)
	Change =  1.999e-07
__________________________________________
TF Iteration 250
	μ = 2.575621830e-03, change: 1.401575318e-02 (converged=False)
	φe Err =  4.007e-11, φe change =  2.826e-09
	ne Err =  1.131e-05, ne change =  6.491e-13
	Q =  4.788e-03 ->  4.757e-03, 
	Zstar guess =  2.264e-01. Current Zstar:  2.264e-01 (converged=True)
	Change =  9.841e-03
__________________________________________
TF Iteration 275
	μ = 2.614653788e-03, change: 0.000000000e+00 (converged=True)
	φe Err =  3.838e-11, φe change =  2.256e-08
	ne Err =  6.670e-07, ne change =  9.803e-12
	Q =  1.491e-03 ->  1.458e-03, 
	Zstar guess =  2.264e-01. Current Zstar:  2.264e-01 (converged=True)
	Change =  2.523e-08
__________________________________________
TF Iteration 300
	μ = 2.636136432e-03, change: 1.697469675e-03 (converged=False)
	φe Err =  3.815e-11, φe change =  3.543e-10
	ne Err =  1.424e-06, ne change =  8.331e-14
	Q =  6.032e-04 ->  5.993e-04, 
	Zstar guess =  2.264e-01. Current Zstar:  2.264e-01 (converged=True)
	Change =  1.199e-03
__________________________________________
TF Iteration 325
	μ = 2.641032656e-03, change: 0.000000000e+00 (converged=True)
	φe Err =  3.867e-11, φe change =  2.832e-09
	ne Err =  8.406e-08, ne change =  1.231e-12
	Q =  1.872e-04 ->  1.831e-04, 
	Zstar guess =  2.264e-01. Current Zstar:  2.264e-01 (converged=True)
	Change =  3.168e-09
__________________________________________
TF Iteration 350
	μ = 2.643726735e-03, change: 2.119343242e-04 (converged=False)
	φe Err =  3.949e-11, φe change =  4.380e-11
	ne Err =  1.786e-07, ne change =  1.037e-14
	Q =  7.568e-05 ->  7.519e-05, 
	Zstar guess =  2.264e-01. Current Zstar:  2.264e-01 (converged=True)
	Change =  1.498e-04
__________________________________________
TF Iteration 375
	μ = 2.644340676e-03, change: 0.000000000e+00 (converged=True)
	φe Err =  3.955e-11, φe change =  3.551e-10
	ne Err =  1.055e-08, ne change =  1.547e-13
	Q =  2.348e-05 ->  2.297e-05, 
	Zstar guess =  2.264e-01. Current Zstar:  2.264e-01 (converged=True)
	Change =  3.971e-10
__________________________________________
TF Iteration 400
	μ = 2.644678485e-03, change: 2.656016106e-05 (converged=False)
	φe Err =  3.882e-11, φe change =  7.115e-12
	ne Err =  2.240e-08, ne change =  1.661e-15
	Q =  9.490e-06 ->  9.429e-06, 
	Zstar guess =  2.264e-01. Current Zstar:  2.264e-01 (converged=True)
	Change =  1.878e-05
__________________________________________
TF Iteration 425
	μ = 2.644755469e-03, change: 0.000000000e+00 (converged=True)
	φe Err =  4.108e-11, φe change =  4.595e-11
	ne Err =  1.323e-09, ne change =  1.998e-14
	Q =  2.944e-06 ->  2.880e-06, 
	Zstar guess =  2.264e-01. Current Zstar:  2.264e-01 (converged=True)
	Change =  5.141e-11
__________________________________________
TF Iteration 450
	μ = 2.644797828e-03, change: 3.330202217e-06 (converged=True)
	φe Err =  4.004e-11, φe change =  1.246e-11
	ne Err =  2.808e-09, ne change =  3.366e-15
	Q =  1.190e-06 ->  1.182e-06, 
	Zstar guess =  2.264e-01. Current Zstar:  2.264e-01 (converged=True)
	Change =  2.355e-06
__________________________________________
TF Iteration 470
	μ = 2.644803642e-03, change: 0.000000000e+00 (converged=True)
	φe Err =  3.984e-11, φe change =  2.692e-12
	ne Err =  8.436e-11, ne change =  1.077e-15
	Q =  5.229e-07 ->  5.186e-07, 
	Zstar guess =  2.264e-01. Current Zstar:  2.264e-01 (converged=True)
	Change =  1.649e-12
	-------------------
	Solving IET.
0: Initial condition Total Error: 7.189e+01
Exiting status 0, reverting to best index so far: 793
Final iter:794, Total Error: 9.727e-13
	-------------------
	Solving IET.
0: Initial condition Total Error: 7.190e+01
Exiting status 0, reverting to best index so far: 765
Final iter:766, Total Error: 9.726e-13
Time to solve CS model: 6.651e+01 [s], time so far: 6.939e+01 [s]
CS model saved.
Ee_pot_density = -1.166e-01 [au], Ee_K = 5.857e-02 [au], Ee_tot = -5.808e-02 [au]
P_e = 2.677e-08 [au], 7.877e-06 [Mbar]
Virial if 6.330e+02 = 6.304e+02 --->  off by 4.139e-01 % 

βEe_pot/Z = -65924.973, βEe_K/Z = 33098.930, βEe_tot/Z = -32826.043
βP_e Ω/Z = 0.015
