
===========================================
===========================================
Starting case: Ar: Te = 0.212 eV, Ti = 0.212 eV 

T[K]:  2457.2112819857543
________________________
Generating NPA
T:  0.0077815211674158
Using More TF fit for initial Zstar = 0.368
	Intializing grid
Initializing, True
Initializing
	Creating Integral Equation Solver
Intialized Potentials and Densities
Initialized
Time to setup correlation sphere (IS) model: 2.504e+00 [s], time so far: 2.504e+00 [s]
Beginning self-consistent electron solver.
_________________________________
__________________________________________
TF Iteration 0
	μ = -1.006866223e+00, change: 1.601440231e+02 (converged=False)
	φe Err =  3.685e-11, φe change =  9.595e-01
	ne Err =  7.351e-02, ne change =  3.777e-06
	Q =  0.000e+00 -> -2.272e+01, 
	Zstar guess =  3.679e-01. Current Zstar:  3.679e-01 (converged=True)
	Change =  1.944e+00
__________________________________________
TF Iteration 1
	μ = -1.006866223e+00, change: 0.000000000e+00 (converged=True)
	φe Err =  3.926e-11, φe change =  4.261e-02
	ne Err =  1.564e-01, ne change =  6.899e-06
	Q = -2.272e+01 -> -1.613e+01, 
	Zstar guess =  3.679e-01. Current Zstar:  3.679e-01 (converged=True)
	Change =  4.784e-02
__________________________________________
TF Iteration 2
	μ = -1.006866223e+00, change: 0.000000000e+00 (converged=True)
	φe Err =  4.115e-11, φe change =  1.480e-02
	ne Err =  1.053e-01, ne change =  2.547e-06
	Q = -1.613e+01 -> -1.107e+01, 
	Zstar guess =  3.679e-01. Current Zstar:  3.679e-01 (converged=True)
	Change =  1.495e-02
__________________________________________
TF Iteration 3
	μ = -1.006866223e+00, change: 0.000000000e+00 (converged=True)
	φe Err =  3.770e-11, φe change =  1.509e-02
	ne Err =  6.323e-02, ne change =  8.702e-07
	Q = -1.107e+01 -> -7.359e+00, 
	Zstar guess =  3.679e-01. Current Zstar:  3.679e-01 (converged=True)
	Change =  1.633e-02
__________________________________________
TF Iteration 4
	μ = -1.006866223e+00, change: 0.000000000e+00 (converged=True)
	φe Err =  3.771e-11, φe change =  8.766e-03
	ne Err =  4.634e-02, ne change =  2.243e-06
	Q = -7.359e+00 -> -4.726e+00, 
	Zstar guess =  3.679e-01. Current Zstar:  3.679e-01 (converged=True)
	Change =  9.818e-03
__________________________________________
TF Iteration 5
	μ = -1.006866223e+00, change: 0.000000000e+00 (converged=True)
	φe Err =  3.886e-11, φe change =  3.365e-03
	ne Err =  4.162e-02, ne change =  2.271e-06
	Q = -4.726e+00 -> -2.866e+00, 
	Zstar guess =  3.679e-01. Current Zstar:  3.679e-01 (converged=True)
	Change =  3.777e-03
__________________________________________
TF Iteration 6
	μ = -1.006866223e+00, change: 0.000000000e+00 (converged=True)
	φe Err =  4.087e-11, φe change =  1.339e-03
	ne Err =  3.603e-02, ne change =  1.715e-06
	Q = -2.866e+00 -> -1.516e+00, 
	Zstar guess =  3.679e-01. Current Zstar:  3.679e-01 (converged=True)
	Change =  2.684e-04
__________________________________________
TF Iteration 7
	μ = -1.006866223e+00, change: 0.000000000e+00 (converged=True)
	φe Err =  3.755e-11, φe change =  1.616e-03
	ne Err =  2.893e-02, ne change =  1.088e-06
	Q = -1.516e+00 -> -4.998e-01, 
	Zstar guess =  3.679e-01. Current Zstar:  3.679e-01 (converged=True)
	Change =  1.022e-03
__________________________________________
TF Iteration 8
	μ = -1.006866223e+00, change: 0.000000000e+00 (converged=True)
	φe Err =  4.001e-11, φe change =  1.453e-03
	ne Err =  2.234e-02, ne change =  6.035e-07
	Q = -4.998e-01 ->  2.854e-01, 
	Zstar guess =  3.679e-01. Current Zstar:  3.679e-01 (converged=True)
	Change =  1.120e-03
__________________________________________
TF Iteration 9
	μ = -1.006866223e+00, change: 0.000000000e+00 (converged=True)
	φe Err =  4.021e-11, φe change =  1.055e-03
	ne Err =  1.714e-02, ne change =  2.916e-07
	Q =  2.854e-01 ->  8.993e-01, 
	Zstar guess =  3.679e-01. Current Zstar:  3.679e-01 (converged=True)
	Change =  8.324e-04
__________________________________________
TF Iteration 25
	μ = -4.298866094e-01, change: 0.000000000e+00 (converged=True)
	φe Err =  3.941e-11, φe change =  1.854e-04
	ne Err =  6.712e-04, ne change =  4.848e-09
	Q =  1.938e+00 ->  1.952e+00, 
	Zstar guess =  3.679e-01. Current Zstar:  3.679e-01 (converged=True)
	Change =  2.004e-04
__________________________________________
TF Iteration 50
	μ = -1.639944205e-01, change: 2.694223284e-01 (converged=False)
	φe Err =  3.799e-11, φe change =  6.080e-07
	ne Err =  9.545e-03, ne change =  8.787e-10
	Q =  1.395e+00 ->  1.395e+00, 
	Zstar guess =  3.679e-01. Current Zstar:  3.679e-01 (converged=True)
	Change =  2.175e-01
__________________________________________
TF Iteration 75
	μ = -8.832978133e-02, change: 0.000000000e+00 (converged=True)
	φe Err =  4.028e-11, φe change =  3.524e-05
	ne Err =  1.314e-04, ne change =  8.313e-09
	Q =  8.307e-01 ->  8.288e-01, 
	Zstar guess =  3.679e-01. Current Zstar:  3.679e-01 (converged=True)
	Change =  3.908e-05
__________________________________________
TF Iteration 100
	μ = -3.563811676e-02, change: 2.565443933e-01 (converged=False)
	φe Err =  4.040e-11, φe change =  1.638e-07
	ne Err =  2.450e-03, ne change =  4.090e-11
	Q =  5.733e-01 ->  5.731e-01, 
	Zstar guess =  3.679e-01. Current Zstar:  3.679e-01 (converged=True)
	Change =  2.059e-01
__________________________________________
TF Iteration 125
	μ = -2.084252947e-02, change: 0.000000000e+00 (converged=True)
	φe Err =  4.040e-11, φe change =  7.870e-06
	ne Err =  6.815e-05, ne change =  2.645e-09
	Q =  2.877e-01 ->  2.849e-01, 
	Zstar guess =  3.679e-01. Current Zstar:  3.679e-01 (converged=True)
	Change =  8.775e-06
__________________________________________
TF Iteration 150
	μ = -1.194629354e-02, change: 1.375007547e-01 (converged=False)
	φe Err =  4.066e-11, φe change =  2.495e-08
	ne Err =  4.255e-04, ne change =  1.631e-11
	Q =  1.462e-01 ->  1.456e-01, 
	Zstar guess =  3.679e-01. Current Zstar:  3.679e-01 (converged=True)
	Change =  1.041e-01
__________________________________________
TF Iteration 175
	μ = -9.814682046e-03, change: 0.000000000e+00 (converged=True)
	φe Err =  3.968e-11, φe change =  1.226e-06
	ne Err =  1.843e-05, ne change =  4.157e-10
	Q =  5.102e-02 ->  4.999e-02, 
	Zstar guess =  3.679e-01. Current Zstar:  3.679e-01 (converged=True)
	Change =  1.364e-06
__________________________________________
TF Iteration 200
	μ = -8.611484568e-03, change: 2.854884330e-02 (converged=False)
	φe Err =  3.797e-11, φe change =  3.846e-09
	ne Err =  5.890e-05, ne change =  2.982e-12
	Q =  2.165e-02 ->  2.152e-02, 
	Zstar guess =  3.679e-01. Current Zstar:  3.679e-01 (converged=True)
	Change =  2.048e-02
__________________________________________
TF Iteration 225
	μ = -8.330962220e-03, change: 0.000000000e+00 (converged=True)
	φe Err =  3.902e-11, φe change =  1.635e-07
	ne Err =  2.721e-06, ne change =  5.535e-11
	Q =  6.940e-03 ->  6.788e-03, 
	Zstar guess =  3.679e-01. Current Zstar:  3.679e-01 (converged=True)
	Change =  1.818e-07
__________________________________________
TF Iteration 250
	μ = -8.173861834e-03, change: 4.017665107e-03 (converged=False)
	φe Err =  4.050e-11, φe change =  5.112e-10
	ne Err =  7.725e-06, ne change =  4.028e-13
	Q =  2.863e-03 ->  2.845e-03, 
	Zstar guess =  3.679e-01. Current Zstar:  3.679e-01 (converged=True)
	Change =  2.847e-03
__________________________________________
TF Iteration 275
	μ = -8.137362149e-03, change: 0.000000000e+00 (converged=True)
	φe Err =  3.820e-11, φe change =  2.131e-08
	ne Err =  3.597e-07, ne change =  7.212e-12
	Q =  9.070e-04 ->  8.869e-04, 
	Zstar guess =  3.679e-01. Current Zstar:  3.679e-01 (converged=True)
	Change =  2.369e-08
__________________________________________
TF Iteration 300
	μ = -8.116941159e-03, change: 5.276226591e-04 (converged=False)
	φe Err =  3.896e-11, φe change =  6.625e-11
	ne Err =  1.005e-06, ne change =  5.342e-14
	Q =  3.727e-04 ->  3.703e-04, 
	Zstar guess =  3.679e-01. Current Zstar:  3.679e-01 (converged=True)
	Change =  3.732e-04
__________________________________________
TF Iteration 325
	μ = -8.112198081e-03, change: 0.000000000e+00 (converged=True)
	φe Err =  3.871e-11, φe change =  2.768e-09
	ne Err =  4.682e-08, ne change =  9.397e-13
	Q =  1.179e-04 ->  1.153e-04, 
	Zstar guess =  3.679e-01. Current Zstar:  3.679e-01 (converged=True)
	Change =  3.078e-09
__________________________________________
TF Iteration 350
	μ = -8.109544594e-03, change: 6.864857128e-05 (converged=False)
	φe Err =  3.994e-11, φe change =  9.302e-12
	ne Err =  1.306e-07, ne change =  4.682e-15
	Q =  4.844e-05 ->  4.813e-05, 
	Zstar guess =  3.679e-01. Current Zstar:  3.679e-01 (converged=True)
	Change =  4.854e-05
__________________________________________
TF Iteration 375
	μ = -8.108928293e-03, change: 0.000000000e+00 (converged=True)
	φe Err =  3.856e-11, φe change =  3.600e-10
	ne Err =  6.084e-09, ne change =  1.210e-13
	Q =  1.532e-05 ->  1.498e-05, 
	Zstar guess =  3.679e-01. Current Zstar:  3.679e-01 (converged=True)
	Change =  4.003e-10
__________________________________________
TF Iteration 400
	μ = -8.108583494e-03, change: 8.921961609e-06 (converged=True)
	φe Err =  3.742e-11, φe change =  6.933e-12
	ne Err =  1.697e-08, ne change =  2.823e-15
	Q =  6.294e-06 ->  6.254e-06, 
	Zstar guess =  3.679e-01. Current Zstar:  3.679e-01 (converged=True)
	Change =  6.309e-06
__________________________________________
TF Iteration 425
	μ = -8.108503410e-03, change: 0.000000000e+00 (converged=True)
	φe Err =  4.138e-11, φe change =  4.920e-11
	ne Err =  7.905e-10, ne change =  1.503e-14
	Q =  1.991e-06 ->  1.947e-06, 
	Zstar guess =  3.679e-01. Current Zstar:  3.679e-01 (converged=True)
	Change =  5.448e-11
__________________________________________
TF Iteration 450
	μ = -8.108458605e-03, change: 1.159379246e-06 (converged=True)
	φe Err =  3.846e-11, φe change =  3.195e-12
	ne Err =  2.205e-09, ne change =  2.729e-15
	Q =  8.179e-07 ->  8.127e-07, 
	Zstar guess =  3.679e-01. Current Zstar:  3.679e-01 (converged=True)
	Change =  8.198e-07
__________________________________________
TF Iteration 459
	μ = -8.108458605e-03, change: 0.000000000e+00 (converged=True)
	φe Err =  3.887e-11, φe change =  8.242e-12
	ne Err =  9.696e-11, ne change =  1.412e-15
	Q =  5.539e-07 ->  5.483e-07, 
	Zstar guess =  3.679e-01. Current Zstar:  3.679e-01 (converged=True)
	Change =  5.232e-12
	-------------------
	Solving IET.
0: Initial condition Total Error: 1.632e+01
QUIT: Last 10 iterations error has been increasing
Exiting status 2, reverting to best index so far: 301
Final iter:310, Total Error: 5.377e-03
	-------------------
	Solving IET.
0: Initial condition Total Error: 1.812e+01
Exiting status 0, reverting to best index so far: 974
Final iter:975, Total Error: 9.859e-13
Time to solve CS model: 7.118e+01 [s], time so far: 7.368e+01 [s]
CS model saved.
Ee_pot_density = -1.166e-01 [au], Ee_K = 5.857e-02 [au], Ee_tot = -5.808e-02 [au]
P_e = 2.260e-07 [au], 6.649e-05 [Mbar]
Virial if 6.330e+02 = 6.304e+02 --->  off by 4.139e-01 % 

βEe_pot/Z = -9000.738, βEe_K/Z = 4519.021, βEe_tot/Z = -4481.717
βP_e Ω/Z = 0.017
