
===========================================
===========================================
Starting case: Ar: Te = 1.002 eV, Ti = 1.002 eV 

T[K]:  11624.758978237098
________________________
Generating NPA
T:  0.03681340254231475
Using More TF fit for initial Zstar = 0.772
	Intializing grid
Initializing, True
Initializing
	Creating Integral Equation Solver
Intialized Potentials and Densities
Initialized
Time to setup correlation sphere (IS) model: 2.937e+00 [s], time so far: 2.937e+00 [s]
Beginning self-consistent electron solver.
_________________________________
__________________________________________
TF Iteration 0
	μ = -1.339095573e+00, change: 1.353411941e+01 (converged=False)
	φe Err =  3.917e-11, φe change =  9.778e-01
	ne Err =  9.823e-02, ne change =  4.308e-06
	Q =  0.000e+00 -> -3.022e+01, 
	Zstar guess =  7.716e-01. Current Zstar:  7.716e-01 (converged=True)
	Change =  1.902e+00
__________________________________________
TF Iteration 1
	μ = -1.339095573e+00, change: 0.000000000e+00 (converged=True)
	φe Err =  3.994e-11, φe change =  5.356e-02
	ne Err =  1.874e-01, ne change =  8.973e-06
	Q = -3.022e+01 -> -2.198e+01, 
	Zstar guess =  7.716e-01. Current Zstar:  7.716e-01 (converged=True)
	Change =  6.027e-02
__________________________________________
TF Iteration 2
	μ = -1.339095573e+00, change: 0.000000000e+00 (converged=True)
	φe Err =  4.011e-11, φe change =  1.617e-02
	ne Err =  1.320e-01, ne change =  3.886e-06
	Q = -2.198e+01 -> -1.556e+01, 
	Zstar guess =  7.716e-01. Current Zstar:  7.716e-01 (converged=True)
	Change =  1.592e-02
__________________________________________
TF Iteration 3
	μ = -1.339095573e+00, change: 0.000000000e+00 (converged=True)
	φe Err =  3.695e-11, φe change =  1.842e-02
	ne Err =  8.322e-02, ne change =  4.878e-07
	Q = -1.556e+01 -> -1.073e+01, 
	Zstar guess =  7.716e-01. Current Zstar:  7.716e-01 (converged=True)
	Change =  1.981e-02
__________________________________________
TF Iteration 4
	μ = -1.339095573e+00, change: 0.000000000e+00 (converged=True)
	φe Err =  3.793e-11, φe change =  1.210e-02
	ne Err =  5.924e-02, ne change =  2.543e-06
	Q = -1.073e+01 -> -7.197e+00, 
	Zstar guess =  7.716e-01. Current Zstar:  7.716e-01 (converged=True)
	Change =  1.347e-02
__________________________________________
TF Iteration 5
	μ = -1.339095573e+00, change: 0.000000000e+00 (converged=True)
	φe Err =  3.745e-11, φe change =  5.709e-03
	ne Err =  5.180e-02, ne change =  2.931e-06
	Q = -7.197e+00 -> -4.640e+00, 
	Zstar guess =  7.716e-01. Current Zstar:  7.716e-01 (converged=True)
	Change =  6.486e-03
__________________________________________
TF Iteration 6
	μ = -1.339095573e+00, change: 0.000000000e+00 (converged=True)
	φe Err =  3.788e-11, φe change =  2.048e-03
	ne Err =  4.605e-02, ne change =  2.438e-06
	Q = -4.640e+00 -> -2.770e+00, 
	Zstar guess =  7.716e-01. Current Zstar:  7.716e-01 (converged=True)
	Change =  1.718e-03
__________________________________________
TF Iteration 7
	μ = -1.339095573e+00, change: 0.000000000e+00 (converged=True)
	φe Err =  3.999e-11, φe change =  1.739e-03
	ne Err =  3.840e-02, ne change =  1.695e-06
	Q = -2.770e+00 -> -1.366e+00, 
	Zstar guess =  7.716e-01. Current Zstar:  7.716e-01 (converged=True)
	Change =  5.713e-04
__________________________________________
TF Iteration 8
	μ = -1.339095573e+00, change: 0.000000000e+00 (converged=True)
	φe Err =  3.632e-11, φe change =  1.803e-03
	ne Err =  3.047e-02, ne change =  1.036e-06
	Q = -1.366e+00 -> -2.879e-01, 
	Zstar guess =  7.716e-01. Current Zstar:  7.716e-01 (converged=True)
	Change =  1.204e-03
__________________________________________
TF Iteration 9
	μ = -1.339095573e+00, change: 0.000000000e+00 (converged=True)
	φe Err =  3.858e-11, φe change =  1.471e-03
	ne Err =  2.368e-02, ne change =  5.631e-07
	Q = -2.879e-01 ->  5.533e-01, 
	Zstar guess =  7.716e-01. Current Zstar:  7.716e-01 (converged=True)
	Change =  1.092e-03
__________________________________________
TF Iteration 25
	μ = -5.422773278e-01, change: 0.000000000e+00 (converged=True)
	φe Err =  3.886e-11, φe change =  2.324e-04
	ne Err =  7.943e-04, ne change =  5.887e-09
	Q =  2.159e+00 ->  2.180e+00, 
	Zstar guess =  7.716e-01. Current Zstar:  7.716e-01 (converged=True)
	Change =  2.501e-04
__________________________________________
TF Iteration 50
	μ = -2.198948041e-01, change: 2.394846835e-01 (converged=False)
	φe Err =  4.011e-11, φe change =  7.763e-07
	ne Err =  9.936e-03, ne change =  1.180e-09
	Q =  1.518e+00 ->  1.518e+00, 
	Zstar guess =  7.716e-01. Current Zstar:  7.716e-01 (converged=True)
	Change =  1.906e-01
__________________________________________
TF Iteration 75
	μ = -1.444778038e-01, change: 0.000000000e+00 (converged=True)
	φe Err =  4.062e-11, φe change =  4.103e-05
	ne Err =  1.611e-04, ne change =  5.795e-09
	Q =  7.112e-01 ->  7.024e-01, 
	Zstar guess =  7.716e-01. Current Zstar:  7.716e-01 (converged=True)
	Change =  4.429e-05
__________________________________________
TF Iteration 100
	μ = -1.070618102e-01, change: 6.279081069e-02 (converged=False)
	φe Err =  4.081e-11, φe change =  3.444e-07
	ne Err =  1.140e-03, ne change =  1.077e-10
	Q =  3.122e-01 ->  3.103e-01, 
	Zstar guess =  7.716e-01. Current Zstar:  7.716e-01 (converged=True)
	Change =  4.582e-02
__________________________________________
TF Iteration 125
	μ = -9.993568379e-02, change: 0.000000000e+00 (converged=True)
	φe Err =  3.939e-11, φe change =  4.325e-06
	ne Err =  3.644e-05, ne change =  6.473e-10
	Q =  8.686e-02 ->  8.448e-02, 
	Zstar guess =  7.716e-01. Current Zstar:  7.716e-01 (converged=True)
	Change =  4.639e-06
__________________________________________
TF Iteration 150
	μ = -9.663127654e-02, change: 6.413495970e-03 (converged=False)
	φe Err =  3.994e-11, φe change =  3.585e-08
	ne Err =  1.016e-04, ne change =  8.609e-12
	Q =  3.028e-02 ->  3.003e-02, 
	Zstar guess =  7.716e-01. Current Zstar:  7.716e-01 (converged=True)
	Change =  4.550e-03
__________________________________________
TF Iteration 175
	μ = -9.601610914e-02, change: 0.000000000e+00 (converged=True)
	φe Err =  3.977e-11, φe change =  3.779e-07
	ne Err =  3.460e-06, ne change =  5.662e-11
	Q =  7.718e-03 ->  7.491e-03, 
	Zstar guess =  7.716e-01. Current Zstar:  7.716e-01 (converged=True)
	Change =  4.050e-07
__________________________________________
TF Iteration 200
	μ = -9.573230598e-02, change: 5.585600559e-04 (converged=False)
	φe Err =  4.134e-11, φe change =  3.124e-09
	ne Err =  8.739e-06, ne change =  7.318e-13
	Q =  2.624e-03 ->  2.602e-03, 
	Zstar guess =  7.716e-01. Current Zstar:  7.716e-01 (converged=True)
	Change =  3.951e-04
__________________________________________
TF Iteration 225
	μ = -9.567952643e-02, change: 0.000000000e+00 (converged=True)
	φe Err =  4.044e-11, φe change =  3.247e-08
	ne Err =  2.985e-07, ne change =  4.863e-12
	Q =  6.638e-04 ->  6.442e-04, 
	Zstar guess =  7.716e-01. Current Zstar:  7.716e-01 (converged=True)
	Change =  3.479e-08
__________________________________________
TF Iteration 250
	μ = -9.565516608e-02, change: 4.801375587e-05 (converged=False)
	φe Err =  3.973e-11, φe change =  2.712e-10
	ne Err =  7.504e-07, ne change =  6.289e-14
	Q =  2.254e-04 ->  2.235e-04, 
	Zstar guess =  7.716e-01. Current Zstar:  7.716e-01 (converged=True)
	Change =  3.395e-05
__________________________________________
TF Iteration 275
	μ = -9.565063484e-02, change: 0.000000000e+00 (converged=True)
	φe Err =  3.855e-11, φe change =  2.791e-09
	ne Err =  2.563e-08, ne change =  4.175e-13
	Q =  5.699e-05 ->  5.531e-05, 
	Zstar guess =  7.716e-01. Current Zstar:  7.716e-01 (converged=True)
	Change =  2.990e-09
__________________________________________
TF Iteration 300
	μ = -9.564854332e-02, change: 4.122802146e-06 (converged=True)
	φe Err =  3.886e-11, φe change =  2.304e-11
	ne Err =  6.442e-08, ne change =  5.032e-15
	Q =  1.935e-05 ->  1.919e-05, 
	Zstar guess =  7.716e-01. Current Zstar:  7.716e-01 (converged=True)
	Change =  2.915e-06
__________________________________________
TF Iteration 325
	μ = -9.564815428e-02, change: 0.000000000e+00 (converged=True)
	φe Err =  3.802e-11, φe change =  2.417e-10
	ne Err =  2.201e-09, ne change =  3.504e-14
	Q =  4.893e-06 ->  4.749e-06, 
	Zstar guess =  7.716e-01. Current Zstar:  7.716e-01 (converged=True)
	Change =  2.589e-10
__________________________________________
TF Iteration 350
	μ = -9.564797470e-02, change: 3.539771779e-07 (converged=True)
	φe Err =  3.805e-11, φe change =  3.938e-12
	ne Err =  5.531e-09, ne change =  5.783e-16
	Q =  1.662e-06 ->  1.647e-06, 
	Zstar guess =  7.716e-01. Current Zstar:  7.716e-01 (converged=True)
	Change =  2.503e-07
__________________________________________
TF Iteration 375
	μ = -9.564794130e-02, change: 0.000000000e+00 (converged=True)
	φe Err =  3.885e-11, φe change =  1.927e-11
	ne Err =  1.889e-10, ne change =  1.741e-15
	Q =  4.201e-07 ->  4.077e-07, 
	Zstar guess =  7.716e-01. Current Zstar:  7.716e-01 (converged=True)
	Change =  2.042e-11
__________________________________________
TF Iteration 379
	μ = -9.564794130e-02, change: 0.000000000e+00 (converged=True)
	φe Err =  3.858e-11, φe change =  2.904e-12
	ne Err =  8.343e-11, ne change =  2.866e-15
	Q =  3.906e-07 ->  3.851e-07, 
	Zstar guess =  7.716e-01. Current Zstar:  7.716e-01 (converged=True)
	Change =  4.987e-13
	-------------------
	Solving IET.
0: Initial condition Total Error: 1.352e+01
Exiting status 0, reverting to best index so far: 288
Final iter:289, Total Error: 9.520e-13
	-------------------
	Solving IET.
0: Initial condition Total Error: 1.353e+01
Exiting status 0, reverting to best index so far: 288
Final iter:289, Total Error: 9.925e-13
Time to solve CS model: 4.690e+01 [s], time so far: 4.984e+01 [s]
CS model saved.
Ee_pot_density = -1.166e-01 [au], Ee_K = 5.856e-02 [au], Ee_tot = -5.807e-02 [au]
P_e = 2.425e-06 [au], 7.136e-04 [Mbar]
Virial if 6.329e+02 = 6.303e+02 --->  off by 4.139e-01 % 

βEe_pot/Z = -1902.351, βEe_K/Z = 955.172, βEe_tot/Z = -947.179
βP_e Ω/Z = 0.040
