
===========================================
===========================================
Starting case: Ar: Te = 0.130 eV, Ti = 0.130 eV 

T[K]:  1511.9007953103285
________________________
Generating NPA
T:  0.00478790250068871
Using More TF fit for initial Zstar = 0.310
	Intializing grid
Initializing, True
Initializing
	Creating Integral Equation Solver
Intialized Potentials and Densities
Initialized
Time to setup correlation sphere (IS) model: 1.931e+00 [s], time so far: 1.931e+00 [s]
Beginning self-consistent electron solver.
_________________________________
__________________________________________
TF Iteration 0
	μ = -9.084577252e-01, change: 1.329986228e+03 (converged=False)
	φe Err =  4.052e-11, φe change =  9.522e-01
	ne Err =  6.337e-02, ne change =  3.572e-06
	Q =  0.000e+00 -> -1.912e+01, 
	Zstar guess =  3.104e-01. Current Zstar:  3.104e-01 (converged=True)
	Change =  1.941e+00
__________________________________________
TF Iteration 1
	μ = -9.084577252e-01, change: 0.000000000e+00 (converged=True)
	φe Err =  3.988e-11, φe change =  3.852e-02
	ne Err =  1.439e-01, ne change =  6.127e-06
	Q = -1.912e+01 -> -1.332e+01, 
	Zstar guess =  3.104e-01. Current Zstar:  3.104e-01 (converged=True)
	Change =  4.319e-02
__________________________________________
TF Iteration 2
	μ = -9.084577252e-01, change: 0.000000000e+00 (converged=True)
	φe Err =  4.107e-11, φe change =  1.416e-02
	ne Err =  9.455e-02, ne change =  2.077e-06
	Q = -1.332e+01 -> -8.901e+00, 
	Zstar guess =  3.104e-01. Current Zstar:  3.104e-01 (converged=True)
	Change =  1.444e-02
__________________________________________
TF Iteration 3
	μ = -9.084577252e-01, change: 0.000000000e+00 (converged=True)
	φe Err =  3.928e-11, φe change =  1.371e-02
	ne Err =  5.542e-02, ne change =  9.724e-07
	Q = -8.901e+00 -> -5.722e+00, 
	Zstar guess =  3.104e-01. Current Zstar:  3.104e-01 (converged=True)
	Change =  1.488e-02
__________________________________________
TF Iteration 4
	μ = -9.084577252e-01, change: 0.000000000e+00 (converged=True)
	φe Err =  3.845e-11, φe change =  7.467e-03
	ne Err =  4.131e-02, ne change =  2.086e-06
	Q = -5.722e+00 -> -3.511e+00, 
	Zstar guess =  3.104e-01. Current Zstar:  3.104e-01 (converged=True)
	Change =  8.384e-03
__________________________________________
TF Iteration 5
	μ = -9.084577252e-01, change: 0.000000000e+00 (converged=True)
	φe Err =  3.983e-11, φe change =  2.549e-03
	ne Err =  3.727e-02, ne change =  1.999e-06
	Q = -3.511e+00 -> -1.972e+00, 
	Zstar guess =  3.104e-01. Current Zstar:  3.104e-01 (converged=True)
	Change =  2.807e-03
__________________________________________
TF Iteration 6
	μ = -9.084577252e-01, change: 0.000000000e+00 (converged=True)
	φe Err =  3.921e-11, φe change =  1.251e-03
	ne Err =  3.169e-02, ne change =  1.444e-06
	Q = -1.972e+00 -> -8.606e-01, 
	Zstar guess =  3.104e-01. Current Zstar:  3.104e-01 (converged=True)
	Change =  1.687e-04
__________________________________________
TF Iteration 7
	μ = -9.084577252e-01, change: 0.000000000e+00 (converged=True)
	φe Err =  3.812e-11, φe change =  1.521e-03
	ne Err =  2.498e-02, ne change =  8.796e-07
	Q = -8.606e-01 -> -2.265e-02, 
	Zstar guess =  3.104e-01. Current Zstar:  3.104e-01 (converged=True)
	Change =  1.084e-03
__________________________________________
TF Iteration 8
	μ = -9.084577252e-01, change: 0.000000000e+00 (converged=True)
	φe Err =  3.866e-11, φe change =  1.274e-03
	ne Err =  1.907e-02, ne change =  4.686e-07
	Q = -2.265e-02 ->  6.261e-01, 
	Zstar guess =  3.104e-01. Current Zstar:  3.104e-01 (converged=True)
	Change =  1.022e-03
__________________________________________
TF Iteration 9
	μ = -9.084577252e-01, change: 0.000000000e+00 (converged=True)
	φe Err =  4.015e-11, φe change =  8.799e-04
	ne Err =  1.457e-02, ne change =  2.166e-07
	Q =  6.261e-01 ->  1.133e+00, 
	Zstar guess =  3.104e-01. Current Zstar:  3.104e-01 (converged=True)
	Change =  7.066e-04
__________________________________________
TF Iteration 25
	μ = -3.978808707e-01, change: 0.000000000e+00 (converged=True)
	φe Err =  3.986e-11, φe change =  1.708e-04
	ne Err =  5.964e-04, ne change =  7.238e-09
	Q =  1.867e+00 ->  1.879e+00, 
	Zstar guess =  3.104e-01. Current Zstar:  3.104e-01 (converged=True)
	Change =  1.848e-04
__________________________________________
TF Iteration 50
	μ = -1.520941272e-01, change: 2.698804578e-01 (converged=False)
	φe Err =  4.002e-11, φe change =  5.957e-07
	ne Err =  9.026e-03, ne change =  7.976e-10
	Q =  1.341e+00 ->  1.341e+00, 
	Zstar guess =  3.104e-01. Current Zstar:  3.104e-01 (converged=True)
	Change =  2.180e-01
__________________________________________
TF Iteration 75
	μ = -8.132378067e-02, change: 0.000000000e+00 (converged=True)
	φe Err =  3.873e-11, φe change =  3.253e-05
	ne Err =  1.350e-04, ne change =  8.101e-09
	Q =  8.034e-01 ->  8.015e-01, 
	Zstar guess =  3.104e-01. Current Zstar:  3.104e-01 (converged=True)
	Change =  3.615e-05
__________________________________________
TF Iteration 100
	μ = -3.100177014e-02, change: 2.787823159e-01 (converged=False)
	φe Err =  4.215e-11, φe change =  1.294e-07
	ne Err =  2.465e-03, ne change =  3.334e-11
	Q =  5.640e-01 ->  5.639e-01, 
	Zstar guess =  3.104e-01. Current Zstar:  3.104e-01 (converged=True)
	Change =  2.261e-01
__________________________________________
TF Iteration 125
	μ = -1.600867735e-02, change: 0.000000000e+00 (converged=True)
	φe Err =  3.915e-11, φe change =  7.685e-06
	ne Err =  6.793e-05, ne change =  2.883e-09
	Q =  3.099e-01 ->  3.080e-01, 
	Zstar guess =  3.104e-01. Current Zstar:  3.104e-01 (converged=True)
	Change =  8.611e-06
__________________________________________
TF Iteration 150
	μ = -6.467146993e-03, change: 2.439784187e-01 (converged=False)
	φe Err =  3.905e-11, φe change =  4.204e-08
	ne Err =  4.968e-04, ne change =  2.069e-11
	Q =  1.738e-01 ->  1.733e-01, 
	Zstar guess =  3.104e-01. Current Zstar:  3.104e-01 (converged=True)
	Change =  1.946e-01
__________________________________________
TF Iteration 175
	μ = -4.091863638e-03, change: 0.000000000e+00 (converged=True)
	φe Err =  4.052e-11, φe change =  1.341e-06
	ne Err =  2.243e-05, ne change =  5.129e-10
	Q =  6.512e-02 ->  6.395e-02, 
	Zstar guess =  3.104e-01. Current Zstar:  3.104e-01 (converged=True)
	Change =  1.498e-06
__________________________________________
TF Iteration 200
	μ = -2.721638330e-03, change: 9.664870245e-02 (converged=False)
	φe Err =  3.973e-11, φe change =  8.695e-09
	ne Err =  7.412e-05, ne change =  4.194e-12
	Q =  2.862e-02 ->  2.845e-02, 
	Zstar guess =  3.104e-01. Current Zstar:  3.104e-01 (converged=True)
	Change =  7.172e-02
__________________________________________
TF Iteration 225
	μ = -2.395452745e-03, change: 0.000000000e+00 (converged=True)
	φe Err =  3.954e-11, φe change =  1.876e-07
	ne Err =  3.702e-06, ne change =  7.159e-11
	Q =  9.421e-03 ->  9.224e-03, 
	Zstar guess =  3.104e-01. Current Zstar:  3.104e-01 (converged=True)
	Change =  2.094e-07
__________________________________________
TF Iteration 250
	μ = -2.209678480e-03, change: 1.749064984e-02 (converged=False)
	φe Err =  3.777e-11, φe change =  1.239e-09
	ne Err =  1.014e-05, ne change =  5.884e-13
	Q =  3.958e-03 ->  3.934e-03, 
	Zstar guess =  3.104e-01. Current Zstar:  3.104e-01 (converged=True)
	Change =  1.248e-02
__________________________________________
TF Iteration 275
	μ = -2.165703907e-03, change: 0.000000000e+00 (converged=True)
	φe Err =  4.096e-11, φe change =  2.535e-08
	ne Err =  5.120e-07, ne change =  9.673e-12
	Q =  1.279e-03 ->  1.252e-03, 
	Zstar guess =  3.104e-01. Current Zstar:  3.104e-01 (converged=True)
	Change =  2.831e-08
__________________________________________
TF Iteration 300
	μ = -2.140700331e-03, change: 2.466049192e-03 (converged=False)
	φe Err =  3.843e-11, φe change =  1.667e-10
	ne Err =  1.366e-06, ne change =  8.074e-14
	Q =  5.342e-04 ->  5.309e-04, 
	Zstar guess =  3.104e-01. Current Zstar:  3.104e-01 (converged=True)
	Change =  1.746e-03
__________________________________________
TF Iteration 325
	μ = -2.134785772e-03, change: 0.000000000e+00 (converged=True)
	φe Err =  3.928e-11, φe change =  3.413e-09
	ne Err =  6.911e-08, ne change =  1.301e-12
	Q =  1.722e-04 ->  1.685e-04, 
	Zstar guess =  3.104e-01. Current Zstar:  3.104e-01 (converged=True)
	Change =  3.810e-09
__________________________________________
TF Iteration 350
	μ = -2.131423903e-03, change: 3.336744162e-04 (converged=False)
	φe Err =  3.927e-11, φe change =  2.176e-11
	ne Err =  1.837e-07, ne change =  1.008e-14
	Q =  7.185e-05 ->  7.140e-05, 
	Zstar guess =  3.104e-01. Current Zstar:  3.104e-01 (converged=True)
	Change =  2.360e-04
__________________________________________
TF Iteration 375
	μ = -2.130628845e-03, change: 0.000000000e+00 (converged=True)
	φe Err =  3.940e-11, φe change =  4.559e-10
	ne Err =  9.293e-09, ne change =  1.719e-13
	Q =  2.315e-05 ->  2.266e-05, 
	Zstar guess =  3.104e-01. Current Zstar:  3.104e-01 (converged=True)
	Change =  5.088e-10
__________________________________________
TF Iteration 400
	μ = -2.130176942e-03, change: 4.489151109e-05 (converged=False)
	φe Err =  3.873e-11, φe change =  2.885e-12
	ne Err =  2.470e-08, ne change =  7.872e-16
	Q =  9.658e-06 ->  9.598e-06, 
	Zstar guess =  3.104e-01. Current Zstar:  3.104e-01 (converged=True)
	Change =  3.174e-05
__________________________________________
TF Iteration 425
	μ = -2.130070074e-03, change: 0.000000000e+00 (converged=True)
	φe Err =  3.775e-11, φe change =  5.816e-11
	ne Err =  1.249e-09, ne change =  2.044e-14
	Q =  3.112e-06 ->  3.046e-06, 
	Zstar guess =  3.104e-01. Current Zstar:  3.104e-01 (converged=True)
	Change =  6.350e-11
__________________________________________
TF Iteration 450
	μ = -2.130009332e-03, change: 6.034717466e-06 (converged=True)
	φe Err =  3.989e-11, φe change =  8.567e-12
	ne Err =  3.319e-09, ne change =  5.057e-15
	Q =  1.298e-06 ->  1.290e-06, 
	Zstar guess =  3.104e-01. Current Zstar:  3.104e-01 (converged=True)
	Change =  4.267e-06
__________________________________________
TF Iteration 470
	μ = -2.130000727e-03, change: 0.000000000e+00 (converged=True)
	φe Err =  4.120e-11, φe change =  1.496e-11
	ne Err =  8.137e-11, ne change =  3.739e-15
	Q =  5.863e-07 ->  5.817e-07, 
	Zstar guess =  3.104e-01. Current Zstar:  3.104e-01 (converged=True)
	Change =  6.536e-12
	-------------------
	Solving IET.
0: Initial condition Total Error: 2.051e+01
QUIT: Total error infinite.
Exiting status 1, reverting to best index so far: 17
Final iter:21, Total Error: 8.091e+00
	-------------------
	Solving IET.
0: Initial condition Total Error: 2.027e+01
QUIT: Total error infinite.
Exiting status 1, reverting to best index so far: 1
Final iter:21, Total Error: 1.821e+01
Time to solve CS model: 7.694e+01 [s], time so far: 7.887e+01 [s]
CS model saved.
Ee_pot_density = -1.166e-01 [au], Ee_K = 5.857e-02 [au], Ee_tot = -5.808e-02 [au]
P_e = 1.171e-07 [au], 3.445e-05 [Mbar]
Virial if 6.330e+02 = 6.304e+02 --->  off by 4.139e-01 % 

βEe_pot/Z = -14628.480, βEe_K/Z = 7344.534, βEe_tot/Z = -7283.946
βP_e Ω/Z = 0.015
