
===========================================
===========================================
Starting case: Ar: Te = 1.628 eV, Ti = 1.628 eV 

T[K]:  18893.097351553643
________________________
Generating NPA
T:  0.05983084891273684
Using More TF fit for initial Zstar = 1.014
	Intializing grid
Initializing, True
Initializing
	Creating Integral Equation Solver
Intialized Potentials and Densities
Initialized
Time to setup correlation sphere (IS) model: 1.127e+00 [s], time so far: 1.127e+00 [s]
Beginning self-consistent electron solver.
_________________________________
__________________________________________
TF Iteration 0
	μ = -1.454997624e+00, change: 7.192602398e+00 (converged=False)
	φe Err =  3.893e-11, φe change =  9.819e-01
	ne Err =  9.499e-02, ne change =  4.366e-06
	Q =  0.000e+00 -> -2.807e+01, 
	Zstar guess =  1.014e+00. Current Zstar:  1.014e+00 (converged=True)
	Change =  1.849e+00
__________________________________________
TF Iteration 1
	μ = -1.454997624e+00, change: 0.000000000e+00 (converged=True)
	φe Err =  3.917e-11, φe change =  5.428e-02
	ne Err =  1.876e-01, ne change =  9.110e-06
	Q = -2.807e+01 -> -2.025e+01, 
	Zstar guess =  1.014e+00. Current Zstar:  1.014e+00 (converged=True)
	Change =  6.107e-02
__________________________________________
TF Iteration 2
	μ = -1.454997624e+00, change: 0.000000000e+00 (converged=True)
	φe Err =  4.006e-11, φe change =  1.635e-02
	ne Err =  1.320e-01, ne change =  3.961e-06
	Q = -2.025e+01 -> -1.417e+01, 
	Zstar guess =  1.014e+00. Current Zstar:  1.014e+00 (converged=True)
	Change =  1.610e-02
__________________________________________
TF Iteration 3
	μ = -1.454997624e+00, change: 0.000000000e+00 (converged=True)
	φe Err =  3.857e-11, φe change =  1.855e-02
	ne Err =  8.287e-02, ne change =  4.536e-07
	Q = -1.417e+01 -> -9.608e+00, 
	Zstar guess =  1.014e+00. Current Zstar:  1.014e+00 (converged=True)
	Change =  1.994e-02
__________________________________________
TF Iteration 4
	μ = -1.454997624e+00, change: 0.000000000e+00 (converged=True)
	φe Err =  3.864e-11, φe change =  1.217e-02
	ne Err =  5.861e-02, ne change =  2.526e-06
	Q = -9.608e+00 -> -6.284e+00, 
	Zstar guess =  1.014e+00. Current Zstar:  1.014e+00 (converged=True)
	Change =  1.354e-02
__________________________________________
TF Iteration 5
	μ = -1.454997624e+00, change: 0.000000000e+00 (converged=True)
	φe Err =  3.825e-11, φe change =  5.765e-03
	ne Err =  5.105e-02, ne change =  2.931e-06
	Q = -6.284e+00 -> -3.888e+00, 
	Zstar guess =  1.014e+00. Current Zstar:  1.014e+00 (converged=True)
	Change =  6.548e-03
__________________________________________
TF Iteration 6
	μ = -1.454997624e+00, change: 0.000000000e+00 (converged=True)
	φe Err =  3.891e-11, φe change =  2.063e-03
	ne Err =  4.537e-02, ne change =  2.450e-06
	Q = -3.888e+00 -> -2.143e+00, 
	Zstar guess =  1.014e+00. Current Zstar:  1.014e+00 (converged=True)
	Change =  1.779e-03
__________________________________________
TF Iteration 7
	μ = -1.454997624e+00, change: 0.000000000e+00 (converged=True)
	φe Err =  3.877e-11, φe change =  1.697e-03
	ne Err =  3.786e-02, ne change =  1.715e-06
	Q = -2.143e+00 -> -8.374e-01, 
	Zstar guess =  1.014e+00. Current Zstar:  1.014e+00 (converged=True)
	Change =  5.203e-04
__________________________________________
TF Iteration 8
	μ = -1.454997624e+00, change: 0.000000000e+00 (converged=True)
	φe Err =  3.868e-11, φe change =  1.770e-03
	ne Err =  3.006e-02, ne change =  1.059e-06
	Q = -8.374e-01 ->  1.637e-01, 
	Zstar guess =  1.014e+00. Current Zstar:  1.014e+00 (converged=True)
	Change =  1.172e-03
__________________________________________
TF Iteration 9
	μ = -1.454997624e+00, change: 0.000000000e+00 (converged=True)
	φe Err =  3.862e-11, φe change =  1.454e-03
	ne Err =  2.336e-02, ne change =  5.843e-07
	Q =  1.637e-01 ->  9.437e-01, 
	Zstar guess =  1.014e+00. Current Zstar:  1.014e+00 (converged=True)
	Change =  1.078e-03
__________________________________________
TF Iteration 25
	μ = -5.974286630e-01, change: 0.000000000e+00 (converged=True)
	φe Err =  3.796e-11, φe change =  2.500e-04
	ne Err =  7.291e-04, ne change =  9.982e-09
	Q =  2.246e+00 ->  2.265e+00, 
	Zstar guess =  1.014e+00. Current Zstar:  1.014e+00 (converged=True)
	Change =  2.678e-04
__________________________________________
TF Iteration 50
	μ = -2.739367217e-01, change: 1.874477491e-01 (converged=False)
	φe Err =  4.038e-11, φe change =  1.102e-06
	ne Err =  8.391e-03, ne change =  1.366e-09
	Q =  1.457e+00 ->  1.455e+00, 
	Zstar guess =  1.014e+00. Current Zstar:  1.014e+00 (converged=True)
	Change =  1.455e-01
__________________________________________
TF Iteration 75
	μ = -2.131788473e-01, change: 0.000000000e+00 (converged=True)
	φe Err =  3.781e-11, φe change =  3.375e-05
	ne Err =  1.855e-04, ne change =  2.863e-09
	Q =  5.029e-01 ->  4.911e-01, 
	Zstar guess =  1.014e+00. Current Zstar:  1.014e+00 (converged=True)
	Change =  3.574e-05
__________________________________________
TF Iteration 100
	μ = -1.875526895e-01, change: 2.366635849e-02 (converged=False)
	φe Err =  3.901e-11, φe change =  2.634e-07
	ne Err =  6.434e-04, ne change =  1.212e-10
	Q =  1.739e-01 ->  1.724e-01, 
	Zstar guess =  1.014e+00. Current Zstar:  1.014e+00 (converged=True)
	Change =  1.693e-02
__________________________________________
TF Iteration 125
	μ = -1.833544755e-01, change: 0.000000000e+00 (converged=True)
	φe Err =  3.840e-11, φe change =  2.477e-06
	ne Err =  1.983e-05, ne change =  2.163e-10
	Q =  4.010e-02 ->  3.877e-02, 
	Zstar guess =  1.014e+00. Current Zstar:  1.014e+00 (converged=True)
	Change =  2.611e-06
__________________________________________
TF Iteration 150
	μ = -1.816222652e-01, change: 1.680003057e-03 (converged=False)
	φe Err =  3.924e-11, φe change =  1.925e-08
	ne Err =  4.371e-05, ne change =  8.242e-12
	Q =  1.226e-02 ->  1.214e-02, 
	Zstar guess =  1.014e+00. Current Zstar:  1.014e+00 (converged=True)
	Change =  1.189e-03
__________________________________________
TF Iteration 175
	μ = -1.813407302e-01, change: 0.000000000e+00 (converged=True)
	φe Err =  3.794e-11, φe change =  1.669e-07
	ne Err =  1.376e-06, ne change =  1.459e-11
	Q =  2.719e-03 ->  2.627e-03, 
	Zstar guess =  1.014e+00. Current Zstar:  1.014e+00 (converged=True)
	Change =  1.759e-07
__________________________________________
TF Iteration 200
	μ = -1.812248089e-01, change: 1.128579199e-04 (converged=False)
	φe Err =  3.952e-11, φe change =  1.295e-09
	ne Err =  2.927e-06, ne change =  5.514e-13
	Q =  8.226e-04 ->  8.142e-04, 
	Zstar guess =  1.014e+00. Current Zstar:  1.014e+00 (converged=True)
	Change =  7.981e-05
__________________________________________
TF Iteration 225
	μ = -1.812059631e-01, change: 0.000000000e+00 (converged=True)
	φe Err =  4.054e-11, φe change =  1.117e-08
	ne Err =  9.219e-08, ne change =  9.736e-13
	Q =  1.821e-04 ->  1.759e-04, 
	Zstar guess =  1.014e+00. Current Zstar:  1.014e+00 (converged=True)
	Change =  1.177e-08
__________________________________________
TF Iteration 250
	μ = -1.811982040e-01, change: 7.556688072e-06 (converged=True)
	φe Err =  3.832e-11, φe change =  8.817e-11
	ne Err =  1.960e-07, ne change =  3.906e-14
	Q =  5.507e-05 ->  5.451e-05, 
	Zstar guess =  1.014e+00. Current Zstar:  1.014e+00 (converged=True)
	Change =  5.343e-06
__________________________________________
TF Iteration 275
	μ = -1.811969424e-01, change: 0.000000000e+00 (converged=True)
	φe Err =  3.820e-11, φe change =  7.519e-10
	ne Err =  6.172e-09, ne change =  6.664e-14
	Q =  1.219e-05 ->  1.178e-05, 
	Zstar guess =  1.014e+00. Current Zstar:  1.014e+00 (converged=True)
	Change =  7.922e-10
__________________________________________
TF Iteration 300
	μ = -1.811964230e-01, change: 5.058912306e-07 (converged=True)
	φe Err =  4.006e-11, φe change =  6.069e-12
	ne Err =  1.312e-08, ne change =  2.286e-15
	Q =  3.687e-06 ->  3.649e-06, 
	Zstar guess =  1.014e+00. Current Zstar:  1.014e+00 (converged=True)
	Change =  3.577e-07
__________________________________________
TF Iteration 325
	μ = -1.811963385e-01, change: 0.000000000e+00 (converged=True)
	φe Err =  3.911e-11, φe change =  4.816e-11
	ne Err =  4.132e-10, ne change =  4.787e-15
	Q =  8.163e-07 ->  7.885e-07, 
	Zstar guess =  1.014e+00. Current Zstar:  1.014e+00 (converged=True)
	Change =  5.057e-11
__________________________________________
TF Iteration 340
	μ = -1.811963204e-01, change: 0.000000000e+00 (converged=True)
	φe Err =  3.978e-11, φe change =  7.086e-12
	ne Err =  8.212e-11, ne change =  5.041e-16
	Q =  4.295e-07 ->  4.239e-07, 
	Zstar guess =  1.014e+00. Current Zstar:  1.014e+00 (converged=True)
	Change =  4.058e-12
	-------------------
	Solving IET.
0: Initial condition Total Error: 1.427e+01
Exiting status 0, reverting to best index so far: 289
Final iter:290, Total Error: 9.925e-13
	-------------------
	Solving IET.
0: Initial condition Total Error: 1.428e+01
Exiting status 0, reverting to best index so far: 290
Final iter:291, Total Error: 9.345e-13
Time to solve CS model: 4.437e+01 [s], time so far: 4.550e+01 [s]
CS model saved.
Ee_pot_density = -1.166e-01 [au], Ee_K = 5.856e-02 [au], Ee_tot = -5.806e-02 [au]
P_e = 5.335e-06 [au], 1.570e-03 [Mbar]
Virial if 6.329e+02 = 6.303e+02 --->  off by 4.139e-01 % 

βEe_pot/Z = -1170.332, βEe_K/Z = 587.669, βEe_tot/Z = -582.663
βP_e Ω/Z = 0.054
