
===========================================
===========================================
Starting case: Ar: Te = 0.786 eV, Ti = 0.786 eV 

T[K]:  9118.519992329273
________________________
Generating NPA
T:  0.0288766199536869
Using More TF fit for initial Zstar = 0.677
	Intializing grid
Initializing, True
Initializing
	Creating Integral Equation Solver
Intialized Potentials and Densities
Initialized
Time to setup correlation sphere (IS) model: 1.806e+00 [s], time so far: 1.806e+00 [s]
Beginning self-consistent electron solver.
_________________________________
__________________________________________
TF Iteration 0
	μ = -1.285739132e+00, change: 1.868358771e+01 (converged=False)
	φe Err =  4.094e-11, φe change =  9.755e-01
	ne Err =  9.696e-02, ne change =  4.251e-06
	Q =  0.000e+00 -> -3.019e+01, 
	Zstar guess =  6.769e-01. Current Zstar:  6.769e-01 (converged=True)
	Change =  1.918e+00
__________________________________________
TF Iteration 1
	μ = -1.285739132e+00, change: 0.000000000e+00 (converged=True)
	φe Err =  4.168e-11, φe change =  5.250e-02
	ne Err =  1.849e-01, ne change =  8.771e-06
	Q = -3.019e+01 -> -2.197e+01, 
	Zstar guess =  6.769e-01. Current Zstar:  6.769e-01 (converged=True)
	Change =  5.907e-02
__________________________________________
TF Iteration 2
	μ = -1.285739132e+00, change: 0.000000000e+00 (converged=True)
	φe Err =  3.850e-11, φe change =  1.603e-02
	ne Err =  1.299e-01, ne change =  3.756e-06
	Q = -2.197e+01 -> -1.556e+01, 
	Zstar guess =  6.769e-01. Current Zstar:  6.769e-01 (converged=True)
	Change =  1.582e-02
__________________________________________
TF Iteration 3
	μ = -1.285739132e+00, change: 0.000000000e+00 (converged=True)
	φe Err =  4.055e-11, φe change =  1.813e-02
	ne Err =  8.168e-02, ne change =  5.300e-07
	Q = -1.556e+01 -> -1.076e+01, 
	Zstar guess =  6.769e-01. Current Zstar:  6.769e-01 (converged=True)
	Change =  1.951e-02
__________________________________________
TF Iteration 4
	μ = -1.285739132e+00, change: 0.000000000e+00 (converged=True)
	φe Err =  3.826e-11, φe change =  1.181e-02
	ne Err =  5.833e-02, ne change =  2.526e-06
	Q = -1.076e+01 -> -7.239e+00, 
	Zstar guess =  6.769e-01. Current Zstar:  6.769e-01 (converged=True)
	Change =  1.316e-02
__________________________________________
TF Iteration 5
	μ = -1.285739132e+00, change: 0.000000000e+00 (converged=True)
	φe Err =  3.795e-11, φe change =  5.498e-03
	ne Err =  5.117e-02, ne change =  2.879e-06
	Q = -7.239e+00 -> -4.694e+00, 
	Zstar guess =  6.769e-01. Current Zstar:  6.769e-01 (converged=True)
	Change =  6.245e-03
__________________________________________
TF Iteration 6
	μ = -1.285739132e+00, change: 0.000000000e+00 (converged=True)
	φe Err =  3.892e-11, φe change =  1.962e-03
	ne Err =  4.543e-02, ne change =  2.375e-06
	Q = -4.694e+00 -> -2.831e+00, 
	Zstar guess =  6.769e-01. Current Zstar:  6.769e-01 (converged=True)
	Change =  1.573e-03
__________________________________________
TF Iteration 7
	μ = -1.285739132e+00, change: 0.000000000e+00 (converged=True)
	φe Err =  3.775e-11, φe change =  1.741e-03
	ne Err =  3.778e-02, ne change =  1.638e-06
	Q = -2.831e+00 -> -1.433e+00, 
	Zstar guess =  6.769e-01. Current Zstar:  6.769e-01 (converged=True)
	Change =  6.321e-04
__________________________________________
TF Iteration 8
	μ = -1.285739132e+00, change: 0.000000000e+00 (converged=True)
	φe Err =  3.785e-11, φe change =  1.786e-03
	ne Err =  2.991e-02, ne change =  9.922e-07
	Q = -1.433e+00 -> -3.573e-01, 
	Zstar guess =  6.769e-01. Current Zstar:  6.769e-01 (converged=True)
	Change =  1.213e-03
__________________________________________
TF Iteration 9
	μ = -1.285739132e+00, change: 0.000000000e+00 (converged=True)
	φe Err =  3.771e-11, φe change =  1.442e-03
	ne Err =  2.322e-02, ne change =  5.328e-07
	Q = -3.573e-01 ->  4.822e-01, 
	Zstar guess =  6.769e-01. Current Zstar:  6.769e-01 (converged=True)
	Change =  1.078e-03
__________________________________________
TF Iteration 25
	μ = -5.213026172e-01, change: 0.000000000e+00 (converged=True)
	φe Err =  3.856e-11, φe change =  2.246e-04
	ne Err =  8.025e-04, ne change =  4.158e-09
	Q =  2.120e+00 ->  2.141e+00, 
	Zstar guess =  6.769e-01. Current Zstar:  6.769e-01 (converged=True)
	Change =  2.420e-04
__________________________________________
TF Iteration 50
	μ = -2.053665356e-01, change: 2.526585243e-01 (converged=False)
	φe Err =  4.066e-11, φe change =  7.033e-07
	ne Err =  1.022e-02, ne change =  1.117e-09
	Q =  1.511e+00 ->  1.511e+00, 
	Zstar guess =  6.769e-01. Current Zstar:  6.769e-01 (converged=True)
	Change =  2.024e-01
__________________________________________
TF Iteration 75
	μ = -1.258067855e-01, change: 0.000000000e+00 (converged=True)
	φe Err =  3.993e-11, φe change =  4.204e-05
	ne Err =  1.403e-04, ne change =  6.952e-09
	Q =  7.820e-01 ->  7.757e-01, 
	Zstar guess =  6.769e-01. Current Zstar:  6.769e-01 (converged=True)
	Change =  4.574e-05
__________________________________________
TF Iteration 100
	μ = -8.299779737e-02, change: 9.304251595e-02 (converged=False)
	φe Err =  4.001e-11, φe change =  3.469e-07
	ne Err =  1.422e-03, ne change =  9.178e-11
	Q =  3.863e-01 ->  3.844e-01, 
	Zstar guess =  6.769e-01. Current Zstar:  6.769e-01 (converged=True)
	Change =  6.892e-02
__________________________________________
TF Iteration 125
	μ = -7.425623183e-02, change: 0.000000000e+00 (converged=True)
	φe Err =  3.723e-11, φe change =  5.279e-06
	ne Err =  4.571e-05, ne change =  9.527e-10
	Q =  1.184e-01 ->  1.155e-01, 
	Zstar guess =  6.769e-01. Current Zstar:  6.769e-01 (converged=True)
	Change =  5.706e-06
__________________________________________
TF Iteration 150
	μ = -6.999506772e-02, change: 1.166728176e-02 (converged=False)
	φe Err =  3.836e-11, φe change =  4.291e-08
	ne Err =  1.429e-04, ne change =  6.696e-12
	Q =  4.389e-02 ->  4.355e-02, 
	Zstar guess =  6.769e-01. Current Zstar:  6.769e-01 (converged=True)
	Change =  8.298e-03
__________________________________________
TF Iteration 175
	μ = -6.915637147e-02, change: 0.000000000e+00 (converged=True)
	φe Err =  3.911e-11, φe change =  5.162e-07
	ne Err =  5.066e-06, ne change =  9.324e-11
	Q =  1.187e-02 ->  1.155e-02, 
	Zstar guess =  6.769e-01. Current Zstar:  6.769e-01 (converged=True)
	Change =  5.574e-07
__________________________________________
TF Iteration 200
	μ = -6.875113376e-02, change: 1.138903453e-03 (converged=False)
	φe Err =  3.956e-11, φe change =  4.164e-09
	ne Err =  1.363e-05, ne change =  6.123e-13
	Q =  4.233e-03 ->  4.199e-03, 
	Zstar guess =  6.769e-01. Current Zstar:  6.769e-01 (converged=True)
	Change =  8.058e-04
__________________________________________
TF Iteration 225
	μ = -6.867165353e-02, change: 0.000000000e+00 (converged=True)
	φe Err =  4.032e-11, φe change =  4.900e-08
	ne Err =  4.875e-07, ne change =  8.851e-12
	Q =  1.130e-03 ->  1.098e-03, 
	Zstar guess =  6.769e-01. Current Zstar:  6.769e-01 (converged=True)
	Change =  5.291e-08
__________________________________________
TF Iteration 250
	μ = -6.863324832e-02, change: 1.082616822e-04 (converged=False)
	φe Err =  3.967e-11, φe change =  3.974e-10
	ne Err =  1.292e-06, ne change =  5.675e-14
	Q =  4.018e-04 ->  3.985e-04, 
	Zstar guess =  6.769e-01. Current Zstar:  6.769e-01 (converged=True)
	Change =  7.656e-05
__________________________________________
TF Iteration 275
	μ = -6.862571333e-02, change: 0.000000000e+00 (converged=True)
	φe Err =  3.912e-11, φe change =  4.642e-09
	ne Err =  4.626e-08, ne change =  8.344e-13
	Q =  1.071e-04 ->  1.042e-04, 
	Zstar guess =  6.769e-01. Current Zstar:  6.769e-01 (converged=True)
	Change =  5.013e-09
__________________________________________
TF Iteration 300
	μ = -6.862207231e-02, change: 1.026698063e-05 (converged=False)
	φe Err =  3.901e-11, φe change =  4.176e-11
	ne Err =  1.225e-07, ne change =  4.870e-15
	Q =  3.809e-05 ->  3.778e-05, 
	Zstar guess =  6.769e-01. Current Zstar:  6.769e-01 (converged=True)
	Change =  7.260e-06
__________________________________________
TF Iteration 325
	μ = -6.862135791e-02, change: 0.000000000e+00 (converged=True)
	φe Err =  3.965e-11, φe change =  4.445e-10
	ne Err =  4.386e-09, ne change =  8.121e-14
	Q =  1.016e-05 ->  9.877e-06, 
	Zstar guess =  6.769e-01. Current Zstar:  6.769e-01 (converged=True)
	Change =  4.799e-10
__________________________________________
TF Iteration 350
	μ = -6.862101270e-02, change: 9.734443939e-07 (converged=True)
	φe Err =  3.875e-11, φe change =  4.135e-12
	ne Err =  1.161e-08, ne change =  3.518e-15
	Q =  3.612e-06 ->  3.582e-06, 
	Zstar guess =  6.769e-01. Current Zstar:  6.769e-01 (converged=True)
	Change =  6.883e-07
__________________________________________
TF Iteration 375
	μ = -6.862094497e-02, change: 0.000000000e+00 (converged=True)
	φe Err =  4.050e-11, φe change =  4.185e-11
	ne Err =  4.159e-10, ne change =  9.261e-15
	Q =  9.631e-07 ->  9.364e-07, 
	Zstar guess =  6.769e-01. Current Zstar:  6.769e-01 (converged=True)
	Change =  4.518e-11
__________________________________________
TF Iteration 390
	μ = -6.862092872e-02, change: 0.000000000e+00 (converged=True)
	φe Err =  3.932e-11, φe change =  3.150e-12
	ne Err =  8.828e-11, ne change =  9.257e-16
	Q =  5.542e-07 ->  5.485e-07, 
	Zstar guess =  6.769e-01. Current Zstar:  6.769e-01 (converged=True)
	Change =  2.103e-12
	-------------------
	Solving IET.
0: Initial condition Total Error: 1.335e+01
Exiting status 0, reverting to best index so far: 287
Final iter:288, Total Error: 9.885e-13
	-------------------
	Solving IET.
0: Initial condition Total Error: 1.336e+01
Exiting status 0, reverting to best index so far: 288
Final iter:289, Total Error: 9.424e-13
Time to solve CS model: 3.950e+01 [s], time so far: 4.130e+01 [s]
CS model saved.
Ee_pot_density = -1.166e-01 [au], Ee_K = 5.856e-02 [au], Ee_tot = -5.808e-02 [au]
P_e = 1.645e-06 [au], 4.839e-04 [Mbar]
Virial if 6.329e+02 = 6.303e+02 --->  off by 4.139e-01 % 

βEe_pot/Z = -2425.309, βEe_K/Z = 1217.725, βEe_tot/Z = -1207.584
βP_e Ω/Z = 0.034
