
===========================================
===========================================
Starting case: Ar: Te = 0.107 eV, Ti = 0.107 eV 

T[K]:  1244.9606176094333
________________________
Generating NPA
T:  0.003942553686591375
Using More TF fit for initial Zstar = 0.293
	Intializing grid
Initializing, True
Initializing
	Creating Integral Equation Solver
Intialized Potentials and Densities
Initialized
Time to setup correlation sphere (IS) model: 1.441e+00 [s], time so far: 1.441e+00 [s]
Beginning self-consistent electron solver.
_________________________________
__________________________________________
TF Iteration 0
	μ = -8.722990398e-01, change: 1.449180798e+03 (converged=False)
	φe Err =  4.007e-11, φe change =  9.492e-01
	ne Err =  5.975e-02, ne change =  3.495e-06
	Q =  0.000e+00 -> -1.782e+01, 
	Zstar guess =  2.929e-01. Current Zstar:  2.929e-01 (converged=True)
	Change =  1.939e+00
__________________________________________
TF Iteration 1
	μ = -8.722990398e-01, change: 0.000000000e+00 (converged=True)
	φe Err =  3.937e-11, φe change =  3.701e-02
	ne Err =  1.393e-01, ne change =  5.844e-06
	Q = -1.782e+01 -> -1.231e+01, 
	Zstar guess =  2.929e-01. Current Zstar:  2.929e-01 (converged=True)
	Change =  4.148e-02
__________________________________________
TF Iteration 2
	μ = -8.722990398e-01, change: 0.000000000e+00 (converged=True)
	φe Err =  3.981e-11, φe change =  1.390e-02
	ne Err =  9.059e-02, ne change =  1.910e-06
	Q = -1.231e+01 -> -8.128e+00, 
	Zstar guess =  2.929e-01. Current Zstar:  2.929e-01 (converged=True)
	Change =  1.422e-02
__________________________________________
TF Iteration 3
	μ = -8.722990398e-01, change: 0.000000000e+00 (converged=True)
	φe Err =  3.881e-11, φe change =  1.318e-02
	ne Err =  5.259e-02, ne change =  1.003e-06
	Q = -8.128e+00 -> -5.142e+00, 
	Zstar guess =  2.929e-01. Current Zstar:  2.929e-01 (converged=True)
	Change =  1.432e-02
__________________________________________
TF Iteration 4
	μ = -8.722990398e-01, change: 0.000000000e+00 (converged=True)
	φe Err =  3.876e-11, φe change =  6.991e-03
	ne Err =  3.949e-02, ne change =  2.024e-06
	Q = -5.142e+00 -> -3.084e+00, 
	Zstar guess =  2.929e-01. Current Zstar:  2.929e-01 (converged=True)
	Change =  7.856e-03
__________________________________________
TF Iteration 5
	μ = -8.722990398e-01, change: 0.000000000e+00 (converged=True)
	φe Err =  3.723e-11, φe change =  2.268e-03
	ne Err =  3.564e-02, ne change =  1.897e-06
	Q = -3.084e+00 -> -1.659e+00, 
	Zstar guess =  2.929e-01. Current Zstar:  2.929e-01 (converged=True)
	Change =  2.466e-03
__________________________________________
TF Iteration 6
	μ = -8.722990398e-01, change: 0.000000000e+00 (converged=True)
	φe Err =  3.940e-11, φe change =  1.237e-03
	ne Err =  3.007e-02, ne change =  1.348e-06
	Q = -1.659e+00 -> -6.324e-01, 
	Zstar guess =  2.929e-01. Current Zstar:  2.929e-01 (converged=True)
	Change =  3.065e-04
__________________________________________
TF Iteration 7
	μ = -8.722990398e-01, change: 0.000000000e+00 (converged=True)
	φe Err =  3.893e-11, φe change =  1.479e-03
	ne Err =  2.353e-02, ne change =  8.077e-07
	Q = -6.324e-01 ->  1.423e-01, 
	Zstar guess =  2.929e-01. Current Zstar:  2.929e-01 (converged=True)
	Change =  1.091e-03
__________________________________________
TF Iteration 8
	μ = -8.722990398e-01, change: 0.000000000e+00 (converged=True)
	φe Err =  3.881e-11, φe change =  1.204e-03
	ne Err =  1.789e-02, ne change =  4.238e-07
	Q =  1.423e-01 ->  7.427e-01, 
	Zstar guess =  2.929e-01. Current Zstar:  2.929e-01 (converged=True)
	Change =  9.787e-04
__________________________________________
TF Iteration 9
	μ = -8.722990398e-01, change: 0.000000000e+00 (converged=True)
	φe Err =  4.085e-11, φe change =  8.156e-04
	ne Err =  1.365e-02, ne change =  1.930e-07
	Q =  7.427e-01 ->  1.212e+00, 
	Zstar guess =  2.929e-01. Current Zstar:  2.929e-01 (converged=True)
	Change =  6.586e-04
__________________________________________
TF Iteration 25
	μ = -3.857199607e-01, change: 0.000000000e+00 (converged=True)
	φe Err =  3.990e-11, φe change =  1.653e-04
	ne Err =  5.685e-04, ne change =  8.048e-09
	Q =  1.839e+00 ->  1.850e+00, 
	Zstar guess =  2.929e-01. Current Zstar:  2.929e-01 (converged=True)
	Change =  1.789e-04
__________________________________________
TF Iteration 50
	μ = -1.476130034e-01, change: 2.699163489e-01 (converged=False)
	φe Err =  3.761e-11, φe change =  5.905e-07
	ne Err =  8.818e-03, ne change =  7.668e-10
	Q =  1.320e+00 ->  1.320e+00, 
	Zstar guess =  2.929e-01. Current Zstar:  2.929e-01 (converged=True)
	Change =  2.180e-01
__________________________________________
TF Iteration 75
	μ = -7.878676990e-02, change: 0.000000000e+00 (converged=True)
	φe Err =  3.991e-11, φe change =  3.155e-05
	ne Err =  1.357e-04, ne change =  8.001e-09
	Q =  7.918e-01 ->  7.898e-01, 
	Zstar guess =  2.929e-01. Current Zstar:  2.929e-01 (converged=True)
	Change =  3.508e-05
__________________________________________
TF Iteration 100
	μ = -2.962626301e-02, change: 2.840381782e-01 (converged=False)
	φe Err =  3.959e-11, φe change =  1.195e-07
	ne Err =  2.441e-03, ne change =  3.032e-11
	Q =  5.574e-01 ->  5.574e-01, 
	Zstar guess =  2.929e-01. Current Zstar:  2.929e-01 (converged=True)
	Change =  2.309e-01
__________________________________________
TF Iteration 125
	μ = -1.477075769e-02, change: 0.000000000e+00 (converged=True)
	φe Err =  3.975e-11, φe change =  7.542e-06
	ne Err =  6.788e-05, ne change =  2.915e-09
	Q =  3.127e-01 ->  3.111e-01, 
	Zstar guess =  2.929e-01. Current Zstar:  2.929e-01 (converged=True)
	Change =  8.461e-06
__________________________________________
TF Iteration 150
	μ = -5.140209963e-03, change: 2.920811407e-01 (converged=False)
	φe Err =  4.063e-11, φe change =  5.270e-08
	ne Err =  5.155e-04, ne change =  2.148e-11
	Q =  1.812e-01 ->  1.807e-01, 
	Zstar guess =  2.929e-01. Current Zstar:  2.929e-01 (converged=True)
	Change =  2.384e-01
__________________________________________
TF Iteration 175
	μ = -2.716873411e-03, change: 0.000000000e+00 (converged=True)
	φe Err =  4.004e-11, φe change =  1.362e-06
	ne Err =  2.356e-05, ne change =  5.396e-10
	Q =  6.953e-02 ->  6.832e-02, 
	Zstar guess =  2.929e-01. Current Zstar:  2.929e-01 (converged=True)
	Change =  1.523e-06
__________________________________________
TF Iteration 200
	μ = -1.313653032e-03, change: 1.852140569e-01 (converged=False)
	φe Err =  3.895e-11, φe change =  1.131e-08
	ne Err =  7.854e-05, ne change =  4.492e-12
	Q =  3.084e-02 ->  3.067e-02, 
	Zstar guess =  2.929e-01. Current Zstar:  2.929e-01 (converged=True)
	Change =  1.436e-01
__________________________________________
TF Iteration 225
	μ = -9.787462308e-04, change: 0.000000000e+00 (converged=True)
	φe Err =  3.956e-11, φe change =  1.922e-07
	ne Err =  4.032e-06, ne change =  7.590e-11
	Q =  1.020e-02 ->  9.991e-03, 
	Zstar guess =  2.929e-01. Current Zstar:  2.929e-01 (converged=True)
	Change =  2.148e-07
__________________________________________
TF Iteration 250
	μ = -7.876839402e-04, change: 4.889069974e-02 (converged=False)
	φe Err =  3.894e-11, φe change =  1.621e-09
	ne Err =  1.081e-05, ne change =  6.356e-13
	Q =  4.296e-03 ->  4.270e-03, 
	Zstar guess =  2.929e-01. Current Zstar:  2.929e-01 (converged=True)
	Change =  3.543e-02
__________________________________________
TF Iteration 275
	μ = -7.423810371e-04, change: 0.000000000e+00 (converged=True)
	φe Err =  3.757e-11, φe change =  2.607e-08
	ne Err =  5.619e-07, ne change =  1.029e-11
	Q =  1.391e-03 ->  1.362e-03, 
	Zstar guess =  2.929e-01. Current Zstar:  2.929e-01 (converged=True)
	Change =  2.913e-08
__________________________________________
TF Iteration 300
	μ = -7.165866305e-04, change: 7.566365239e-03 (converged=False)
	φe Err =  3.898e-11, φe change =  2.173e-10
	ne Err =  1.462e-06, ne change =  8.900e-14
	Q =  5.819e-04 ->  5.783e-04, 
	Zstar guess =  2.929e-01. Current Zstar:  2.929e-01 (converged=True)
	Change =  5.371e-03
__________________________________________
TF Iteration 325
	μ = -7.104757282e-04, change: 0.000000000e+00 (converged=True)
	φe Err =  3.733e-11, φe change =  3.518e-09
	ne Err =  7.609e-08, ne change =  1.387e-12
	Q =  1.879e-04 ->  1.839e-04, 
	Zstar guess =  2.929e-01. Current Zstar:  2.929e-01 (converged=True)
	Change =  3.931e-09
__________________________________________
TF Iteration 350
	μ = -7.069971333e-04, change: 1.040967497e-03 (converged=False)
	φe Err =  3.914e-11, φe change =  3.589e-11
	ne Err =  1.972e-07, ne change =  8.730e-15
	Q =  7.850e-05 ->  7.802e-05, 
	Zstar guess =  2.929e-01. Current Zstar:  2.929e-01 (converged=True)
	Change =  7.365e-04
__________________________________________
TF Iteration 375
	μ = -7.061731181e-04, change: 0.000000000e+00 (converged=True)
	φe Err =  3.964e-11, φe change =  4.735e-10
	ne Err =  1.027e-08, ne change =  1.867e-13
	Q =  2.534e-05 ->  2.480e-05, 
	Zstar guess =  2.929e-01. Current Zstar:  2.929e-01 (converged=True)
	Change =  5.290e-10
__________________________________________
TF Iteration 400
	μ = -7.057040808e-04, change: 1.407397171e-04 (converged=False)
	φe Err =  3.976e-11, φe change =  1.297e-11
	ne Err =  2.659e-08, ne change =  2.240e-15
	Q =  1.059e-05 ->  1.052e-05, 
	Zstar guess =  2.929e-01. Current Zstar:  2.929e-01 (converged=True)
	Change =  9.953e-05
__________________________________________
TF Iteration 425
	μ = -7.055929834e-04, change: 0.000000000e+00 (converged=True)
	φe Err =  3.892e-11, φe change =  6.235e-11
	ne Err =  1.385e-09, ne change =  2.461e-14
	Q =  3.417e-06 ->  3.344e-06, 
	Zstar guess =  2.929e-01. Current Zstar:  2.929e-01 (converged=True)
	Change =  6.937e-11
__________________________________________
TF Iteration 450
	μ = -7.055297423e-04, change: 1.898334392e-05 (converged=False)
	φe Err =  3.903e-11, φe change =  5.524e-12
	ne Err =  3.585e-09, ne change =  1.404e-15
	Q =  1.427e-06 ->  1.418e-06, 
	Zstar guess =  2.929e-01. Current Zstar:  2.929e-01 (converged=True)
	Change =  1.342e-05
__________________________________________
TF Iteration 470
	μ = -7.055207713e-04, change: 0.000000000e+00 (converged=True)
	φe Err =  4.019e-11, φe change =  2.606e-12
	ne Err =  9.060e-11, ne change =  1.112e-15
	Q =  6.453e-07 ->  6.403e-07, 
	Zstar guess =  2.929e-01. Current Zstar:  2.929e-01 (converged=True)
	Change =  8.427e-13
	-------------------
	Solving IET.
0: Initial condition Total Error: 2.319e+01
Exiting status 0, reverting to best index so far: 414
Final iter:415, Total Error: 9.894e-13
	-------------------
	Solving IET.
0: Initial condition Total Error: 2.296e+01
Exiting status 0, reverting to best index so far: 386
Final iter:387, Total Error: 9.475e-13
Time to solve CS model: 6.893e+01 [s], time so far: 7.037e+01 [s]
CS model saved.
Ee_pot_density = -1.166e-01 [au], Ee_K = 5.857e-02 [au], Ee_tot = -5.808e-02 [au]
P_e = 9.167e-08 [au], 2.697e-05 [Mbar]
Virial if 6.330e+02 = 6.304e+02 --->  off by 4.139e-01 % 

βEe_pot/Z = -17765.085, βEe_K/Z = 8919.326, βEe_tot/Z = -8845.759
βP_e Ω/Z = 0.014
