
===========================================
===========================================
Starting case: Ar: Te = 0.033 eV, Ti = 0.033 eV 

T[K]:  388.1052530469843
________________________
Generating NPA
T:  0.001229055581793427
Using More TF fit for initial Zstar = 0.231
	Intializing grid
Initializing, True
Initializing
	Creating Integral Equation Solver
Intialized Potentials and Densities
Initialized
Time to setup correlation sphere (IS) model: 1.698e+00 [s], time so far: 1.699e+00 [s]
Beginning self-consistent electron solver.
_________________________________
__________________________________________
TF Iteration 0
	μ = -7.285015066e-01, change: 2.227594912e+02 (converged=False)
	φe Err =  4.017e-11, φe change =  9.359e-01
	ne Err =  4.638e-02, ne change =  3.179e-06
	Q =  0.000e+00 -> -1.303e+01, 
	Zstar guess =  2.307e-01. Current Zstar:  2.307e-01 (converged=True)
	Change =  1.927e+00
__________________________________________
TF Iteration 1
	μ = -7.285015066e-01, change: 0.000000000e+00 (converged=True)
	φe Err =  4.103e-11, φe change =  3.112e-02
	ne Err =  1.206e-01, ne change =  4.735e-06
	Q = -1.303e+01 -> -8.598e+00, 
	Zstar guess =  2.307e-01. Current Zstar:  2.307e-01 (converged=True)
	Change =  3.478e-02
__________________________________________
TF Iteration 2
	μ = -7.285015066e-01, change: 0.000000000e+00 (converged=True)
	φe Err =  3.890e-11, φe change =  1.270e-02
	ne Err =  7.494e-02, ne change =  1.290e-06
	Q = -8.598e+00 -> -5.307e+00, 
	Zstar guess =  2.307e-01. Current Zstar:  2.307e-01 (converged=True)
	Change =  1.316e-02
__________________________________________
TF Iteration 3
	μ = -7.285015066e-01, change: 0.000000000e+00 (converged=True)
	φe Err =  4.030e-11, φe change =  1.104e-02
	ne Err =  4.175e-02, ne change =  1.085e-06
	Q = -5.307e+00 -> -3.048e+00, 
	Zstar guess =  2.307e-01. Current Zstar:  2.307e-01 (converged=True)
	Change =  1.204e-02
__________________________________________
TF Iteration 4
	μ = -7.285015066e-01, change: 0.000000000e+00 (converged=True)
	φe Err =  3.899e-11, φe change =  5.145e-03
	ne Err =  3.252e-02, ne change =  1.752e-06
	Q = -3.048e+00 -> -1.560e+00, 
	Zstar guess =  2.307e-01. Current Zstar:  2.307e-01 (converged=True)
	Change =  5.805e-03
__________________________________________
TF Iteration 5
	μ = -7.285015066e-01, change: 0.000000000e+00 (converged=True)
	φe Err =  3.849e-11, φe change =  1.315e-03
	ne Err =  2.913e-02, ne change =  1.499e-06
	Q = -1.560e+00 -> -5.585e-01, 
	Zstar guess =  2.307e-01. Current Zstar:  2.307e-01 (converged=True)
	Change =  1.238e-03
__________________________________________
TF Iteration 6
	μ = -7.285015066e-01, change: 0.000000000e+00 (converged=True)
	φe Err =  3.941e-11, φe change =  1.221e-03
	ne Err =  2.363e-02, ne change =  9.878e-07
	Q = -5.585e-01 ->  1.602e-01, 
	Zstar guess =  2.307e-01. Current Zstar:  2.307e-01 (converged=True)
	Change =  7.241e-04
__________________________________________
TF Iteration 7
	μ = -7.285015066e-01, change: 0.000000000e+00 (converged=True)
	φe Err =  3.872e-11, φe change =  1.265e-03
	ne Err =  1.791e-02, ne change =  5.542e-07
	Q =  1.602e-01 ->  7.058e-01, 
	Zstar guess =  2.307e-01. Current Zstar:  2.307e-01 (converged=True)
	Change =  1.039e-03
__________________________________________
TF Iteration 8
	μ = -7.285015066e-01, change: 0.000000000e+00 (converged=True)
	φe Err =  3.753e-11, φe change =  9.143e-04
	ne Err =  1.340e-02, ne change =  2.755e-07
	Q =  7.058e-01 ->  1.130e+00, 
	Zstar guess =  2.307e-01. Current Zstar:  2.307e-01 (converged=True)
	Change =  7.758e-04
__________________________________________
TF Iteration 9
	μ = -7.285015066e-01, change: 0.000000000e+00 (converged=True)
	φe Err =  3.915e-11, φe change =  5.694e-04
	ne Err =  1.019e-02, ne change =  1.224e-07
	Q =  1.130e+00 ->  1.461e+00, 
	Zstar guess =  2.307e-01. Current Zstar:  2.307e-01 (converged=True)
	Change =  4.673e-04
__________________________________________
TF Iteration 25
	μ = -3.347296978e-01, change: 0.000000000e+00 (converged=True)
	φe Err =  4.037e-11, φe change =  1.421e-04
	ne Err =  4.596e-04, ne change =  1.082e-08
	Q =  1.713e+00 ->  1.720e+00, 
	Zstar guess =  2.307e-01. Current Zstar:  2.307e-01 (converged=True)
	Change =  1.541e-04
__________________________________________
TF Iteration 50
	μ = -1.287889851e-01, change: 2.698322314e-01 (converged=False)
	φe Err =  4.013e-11, φe change =  5.621e-07
	ne Err =  7.905e-03, ne change =  6.367e-10
	Q =  1.225e+00 ->  1.226e+00, 
	Zstar guess =  2.307e-01. Current Zstar:  2.307e-01 (converged=True)
	Change =  2.179e-01
__________________________________________
TF Iteration 75
	μ = -6.835453907e-02, change: 0.000000000e+00 (converged=True)
	φe Err =  3.774e-11, φe change =  2.754e-05
	ne Err =  1.351e-04, ne change =  7.514e-09
	Q =  7.382e-01 ->  7.362e-01, 
	Zstar guess =  2.307e-01. Current Zstar:  2.307e-01 (converged=True)
	Change =  3.070e-05
__________________________________________
TF Iteration 100
	μ = -2.470106926e-02, change: 2.986169135e-01 (converged=False)
	φe Err =  3.919e-11, φe change =  8.500e-08
	ne Err =  2.257e-03, ne change =  1.723e-11
	Q =  5.221e-01 ->  5.221e-01, 
	Zstar guess =  2.307e-01. Current Zstar:  2.307e-01 (converged=True)
	Change =  2.445e-01
__________________________________________
TF Iteration 125
	μ = -1.112426392e-02, change: 0.000000000e+00 (converged=True)
	φe Err =  4.052e-11, φe change =  6.764e-06
	ne Err =  6.684e-05, ne change =  2.831e-09
	Q =  3.047e-01 ->  3.038e-01, 
	Zstar guess =  2.307e-01. Current Zstar:  2.307e-01 (converged=True)
	Change =  7.607e-06
__________________________________________
TF Iteration 150
	μ = -1.786627559e-03, change: 5.412844115e-01 (converged=False)
	φe Err =  3.928e-11, φe change =  9.330e-08
	ne Err =  5.548e-04, ne change =  2.175e-11
	Q =  1.961e-01 ->  1.959e-01, 
	Zstar guess =  2.307e-01. Current Zstar:  2.307e-01 (converged=True)
	Change =  4.920e-01
__________________________________________
TF Iteration 175
	μ = 6.195710161e-04, change: 0.000000000e+00 (converged=True)
	φe Err =  3.997e-11, φe change =  1.353e-06
	ne Err =  2.658e-05, ne change =  5.894e-10
	Q =  8.212e-02 ->  8.088e-02, 
	Zstar guess =  2.307e-01. Current Zstar:  2.307e-01 (converged=True)
	Change =  1.515e-06
__________________________________________
TF Iteration 200
	μ = 1.982239613e-03, change: 1.684744854e-01 (converged=False)
	φe Err =  3.910e-11, φe change =  2.101e-08
	ne Err =  8.731e-05, ne change =  4.956e-12
	Q =  3.656e-02 ->  3.636e-02, 
	Zstar guess =  2.307e-01. Current Zstar:  2.307e-01 (converged=True)
	Change =  1.095e-01
__________________________________________
TF Iteration 225
	μ = 2.297392837e-03, change: 0.000000000e+00 (converged=True)
	φe Err =  3.751e-11, φe change =  1.815e-07
	ne Err =  5.061e-06, ne change =  7.868e-11
	Q =  1.178e-02 ->  1.153e-02, 
	Zstar guess =  2.307e-01. Current Zstar:  2.307e-01 (converged=True)
	Change =  2.030e-07
__________________________________________
TF Iteration 250
	μ = 2.472066706e-03, change: 1.496051919e-02 (converged=False)
	φe Err =  3.773e-11, φe change =  2.808e-09
	ne Err =  1.144e-05, ne change =  6.606e-13
	Q =  4.830e-03 ->  4.800e-03, 
	Zstar guess =  2.307e-01. Current Zstar:  2.307e-01 (converged=True)
	Change =  1.050e-02
__________________________________________
TF Iteration 275
	μ = 2.512129299e-03, change: 0.000000000e+00 (converged=True)
	φe Err =  3.739e-11, φe change =  2.314e-08
	ne Err =  6.694e-07, ne change =  1.003e-11
	Q =  1.512e-03 ->  1.480e-03, 
	Zstar guess =  2.307e-01. Current Zstar:  2.307e-01 (converged=True)
	Change =  2.588e-08
__________________________________________
TF Iteration 300
	μ = 2.534282105e-03, change: 1.825615491e-03 (converged=False)
	φe Err =  3.960e-11, φe change =  3.641e-10
	ne Err =  1.455e-06, ne change =  7.922e-14
	Q =  6.148e-04 ->  6.109e-04, 
	Zstar guess =  2.307e-01. Current Zstar:  2.307e-01 (converged=True)
	Change =  1.290e-03
__________________________________________
TF Iteration 325
	μ = 2.539357762e-03, change: 0.000000000e+00 (converged=True)
	φe Err =  3.958e-11, φe change =  2.939e-09
	ne Err =  8.521e-08, ne change =  1.274e-12
	Q =  1.918e-04 ->  1.877e-04, 
	Zstar guess =  2.307e-01. Current Zstar:  2.307e-01 (converged=True)
	Change =  3.287e-09
__________________________________________
TF Iteration 350
	μ = 2.542163518e-03, change: 2.301188085e-04 (converged=False)
	φe Err =  3.963e-11, φe change =  4.761e-11
	ne Err =  1.843e-07, ne change =  8.252e-15
	Q =  7.790e-05 ->  7.740e-05, 
	Zstar guess =  2.307e-01. Current Zstar:  2.307e-01 (converged=True)
	Change =  1.627e-04
__________________________________________
TF Iteration 375
	μ = 2.542806277e-03, change: 0.000000000e+00 (converged=True)
	φe Err =  3.896e-11, φe change =  3.719e-10
	ne Err =  1.080e-08, ne change =  1.601e-13
	Q =  2.430e-05 ->  2.377e-05, 
	Zstar guess =  2.307e-01. Current Zstar:  2.307e-01 (converged=True)
	Change =  4.160e-10
__________________________________________
TF Iteration 400
	μ = 2.543161557e-03, change: 2.912060683e-05 (converged=False)
	φe Err =  3.973e-11, φe change =  9.273e-12
	ne Err =  2.334e-08, ne change =  1.059e-15
	Q =  9.864e-06 ->  9.801e-06, 
	Zstar guess =  2.307e-01. Current Zstar:  2.307e-01 (converged=True)
	Change =  2.059e-05
__________________________________________
TF Iteration 425
	μ = 2.543242943e-03, change: 0.000000000e+00 (converged=True)
	φe Err =  4.092e-11, φe change =  4.493e-11
	ne Err =  1.367e-09, ne change =  1.638e-14
	Q =  3.077e-06 ->  3.010e-06, 
	Zstar guess =  2.307e-01. Current Zstar:  2.307e-01 (converged=True)
	Change =  4.940e-11
__________________________________________
TF Iteration 450
	μ = 2.543287928e-03, change: 3.686951455e-06 (converged=True)
	φe Err =  3.913e-11, φe change =  3.405e-12
	ne Err =  2.955e-09, ne change =  3.434e-15
	Q =  1.249e-06 ->  1.241e-06, 
	Zstar guess =  2.307e-01. Current Zstar:  2.307e-01 (converged=True)
	Change =  2.607e-06
__________________________________________
TF Iteration 470
	μ = 2.543294131e-03, change: 0.000000000e+00 (converged=True)
	φe Err =  3.894e-11, φe change =  4.308e-12
	ne Err =  8.765e-11, ne change =  8.246e-16
	Q =  5.509e-07 ->  5.465e-07, 
	Zstar guess =  2.307e-01. Current Zstar:  2.307e-01 (converged=True)
	Change =  1.475e-12
	-------------------
	Solving IET.
0: Initial condition Total Error: 6.206e+01
Exiting status 0, reverting to best index so far: 821
Final iter:822, Total Error: 9.973e-13
	-------------------
	Solving IET.
0: Initial condition Total Error: 6.208e+01
Exiting status 0, reverting to best index so far: 803
Final iter:804, Total Error: 9.983e-13
Time to solve CS model: 6.324e+01 [s], time so far: 6.494e+01 [s]
CS model saved.
Ee_pot_density = -1.166e-01 [au], Ee_K = 5.857e-02 [au], Ee_tot = -5.808e-02 [au]
P_e = 2.935e-08 [au], 8.636e-06 [Mbar]
Virial if 6.330e+02 = 6.304e+02 --->  off by 4.139e-01 % 

βEe_pot/Z = -56986.788, βEe_K/Z = 28611.340, βEe_tot/Z = -28375.448
βP_e Ω/Z = 0.014
