
===========================================
===========================================
Starting case: Ar: Te = 0.076 eV, Ti = 0.076 eV 

T[K]:  886.1600552844961
________________________
Generating NPA
T:  0.0028063004913204044
Using More TF fit for initial Zstar = 0.268
	Intializing grid
Initializing, True
Initializing
	Creating Integral Equation Solver
Intialized Potentials and Densities
Initialized
Time to setup correlation sphere (IS) model: 2.317e+00 [s], time so far: 2.317e+00 [s]
Beginning self-consistent electron solver.
_________________________________
__________________________________________
TF Iteration 0
	μ = -8.161726061e-01, change: 3.996567227e+02 (converged=False)
	φe Err =  4.037e-11, φe change =  9.444e-01
	ne Err =  5.432e-02, ne change =  3.373e-06
	Q =  0.000e+00 -> -1.588e+01, 
	Zstar guess =  2.681e-01. Current Zstar:  2.681e-01 (converged=True)
	Change =  1.935e+00
__________________________________________
TF Iteration 1
	μ = -8.161726061e-01, change: 0.000000000e+00 (converged=True)
	φe Err =  4.201e-11, φe change =  3.469e-02
	ne Err =  1.320e-01, ne change =  5.407e-06
	Q = -1.588e+01 -> -1.080e+01, 
	Zstar guess =  2.681e-01. Current Zstar:  2.681e-01 (converged=True)
	Change =  3.884e-02
__________________________________________
TF Iteration 2
	μ = -8.161726061e-01, change: 0.000000000e+00 (converged=True)
	φe Err =  3.933e-11, φe change =  1.346e-02
	ne Err =  8.445e-02, ne change =  1.659e-06
	Q = -1.080e+01 -> -6.974e+00, 
	Zstar guess =  2.681e-01. Current Zstar:  2.681e-01 (converged=True)
	Change =  1.384e-02
__________________________________________
TF Iteration 3
	μ = -8.161726061e-01, change: 0.000000000e+00 (converged=True)
	φe Err =  3.918e-11, φe change =  1.235e-02
	ne Err =  4.827e-02, ne change =  1.043e-06
	Q = -6.974e+00 -> -4.281e+00, 
	Zstar guess =  2.681e-01. Current Zstar:  2.681e-01 (converged=True)
	Change =  1.345e-02
__________________________________________
TF Iteration 4
	μ = -8.161726061e-01, change: 0.000000000e+00 (converged=True)
	φe Err =  3.983e-11, φe change =  6.258e-03
	ne Err =  3.671e-02, ne change =  1.921e-06
	Q = -4.281e+00 -> -2.452e+00, 
	Zstar guess =  2.681e-01. Current Zstar:  2.681e-01 (converged=True)
	Change =  7.044e-03
__________________________________________
TF Iteration 5
	μ = -8.161726061e-01, change: 0.000000000e+00 (converged=True)
	φe Err =  4.030e-11, φe change =  1.861e-03
	ne Err =  3.311e-02, ne change =  1.741e-06
	Q = -2.452e+00 -> -1.200e+00, 
	Zstar guess =  2.681e-01. Current Zstar:  2.681e-01 (converged=True)
	Change =  1.960e-03
__________________________________________
TF Iteration 6
	μ = -8.161726061e-01, change: 0.000000000e+00 (converged=True)
	φe Err =  3.864e-11, φe change =  1.228e-03
	ne Err =  2.755e-02, ne change =  1.202e-06
	Q = -1.200e+00 -> -2.995e-01, 
	Zstar guess =  2.681e-01. Current Zstar:  2.681e-01 (converged=True)
	Change =  4.951e-04
__________________________________________
TF Iteration 7
	μ = -8.161726061e-01, change: 0.000000000e+00 (converged=True)
	φe Err =  3.795e-11, φe change =  1.403e-03
	ne Err =  2.130e-02, ne change =  7.022e-07
	Q = -2.995e-01 ->  3.813e-01, 
	Zstar guess =  2.681e-01. Current Zstar:  2.681e-01 (converged=True)
	Change =  1.086e-03
__________________________________________
TF Iteration 8
	μ = -8.161726061e-01, change: 0.000000000e+00 (converged=True)
	φe Err =  3.936e-11, φe change =  1.093e-03
	ne Err =  1.609e-02, ne change =  3.601e-07
	Q =  3.813e-01 ->  9.095e-01, 
	Zstar guess =  2.681e-01. Current Zstar:  2.681e-01 (converged=True)
	Change =  9.046e-04
__________________________________________
TF Iteration 9
	μ = -8.161726061e-01, change: 0.000000000e+00 (converged=True)
	φe Err =  4.001e-11, φe change =  7.171e-04
	ne Err =  1.226e-02, ne change =  1.610e-07
	Q =  9.095e-01 ->  1.322e+00, 
	Zstar guess =  2.681e-01. Current Zstar:  2.681e-01 (converged=True)
	Change =  5.835e-04
__________________________________________
TF Iteration 25
	μ = -3.663379031e-01, change: 0.000000000e+00 (converged=True)
	φe Err =  3.899e-11, φe change =  1.564e-04
	ne Err =  5.254e-04, ne change =  9.218e-09
	Q =  1.792e+00 ->  1.802e+00, 
	Zstar guess =  2.681e-01. Current Zstar:  2.681e-01 (converged=True)
	Change =  1.694e-04
__________________________________________
TF Iteration 50
	μ = -1.404746578e-01, change: 2.699052979e-01 (converged=False)
	φe Err =  3.848e-11, φe change =  5.812e-07
	ne Err =  8.478e-03, ne change =  7.174e-10
	Q =  1.285e+00 ->  1.285e+00, 
	Zstar guess =  2.681e-01. Current Zstar:  2.681e-01 (converged=True)
	Change =  2.180e-01
__________________________________________
TF Iteration 75
	μ = -7.480158539e-02, change: 0.000000000e+00 (converged=True)
	φe Err =  3.900e-11, φe change =  3.001e-05
	ne Err =  1.361e-04, ne change =  7.829e-09
	Q =  7.722e-01 ->  7.703e-01, 
	Zstar guess =  2.681e-01. Current Zstar:  2.681e-01 (converged=True)
	Change =  3.340e-05
__________________________________________
TF Iteration 100
	μ = -2.764465088e-02, change: 2.905293652e-01 (converged=False)
	φe Err =  3.906e-11, φe change =  1.054e-07
	ne Err =  2.383e-03, ne change =  2.543e-11
	Q =  5.452e-01 ->  5.451e-01, 
	Zstar guess =  2.681e-01. Current Zstar:  2.681e-01 (converged=True)
	Change =  2.370e-01
__________________________________________
TF Iteration 125
	μ = -1.317037716e-02, change: 0.000000000e+00 (converged=True)
	φe Err =  4.049e-11, φe change =  7.270e-06
	ne Err =  6.767e-05, ne change =  2.918e-09
	Q =  3.126e-01 ->  3.114e-01, 
	Zstar guess =  2.681e-01. Current Zstar:  2.681e-01 (converged=True)
	Change =  8.166e-06
__________________________________________
TF Iteration 150
	μ = -3.540673451e-03, change: 3.768511045e-01 (converged=False)
	φe Err =  3.897e-11, φe change =  6.948e-08
	ne Err =  5.368e-04, ne change =  2.204e-11
	Q =  1.896e-01 ->  1.893e-01, 
	Zstar guess =  2.681e-01. Current Zstar:  2.681e-01 (converged=True)
	Change =  3.198e-01
__________________________________________
TF Iteration 175
	μ = -1.085316876e-03, change: 0.000000000e+00 (converged=True)
	φe Err =  3.848e-11, φe change =  1.376e-06
	ne Err =  2.494e-05, ne change =  5.701e-10
	Q =  7.537e-02 ->  7.415e-02, 
	Zstar guess =  2.681e-01. Current Zstar:  2.681e-01 (converged=True)
	Change =  1.540e-06
__________________________________________
TF Iteration 200
	μ = 3.369593462e-04, change: 8.750127102e+00 (converged=False)
	φe Err =  4.064e-11, φe change =  1.547e-08
	ne Err =  8.383e-05, ne change =  4.806e-12
	Q =  3.377e-02 ->  3.358e-02, 
	Zstar guess =  2.681e-01. Current Zstar:  2.681e-01 (converged=True)
	Change =  8.928e-01
__________________________________________
TF Iteration 225
	μ = 6.755842688e-04, change: 0.000000000e+00 (converged=True)
	φe Err =  3.924e-11, φe change =  1.942e-07
	ne Err =  4.494e-06, ne change =  8.017e-11
	Q =  1.118e-02 ->  1.095e-02, 
	Zstar guess =  2.681e-01. Current Zstar:  2.681e-01 (converged=True)
	Change =  2.171e-07
__________________________________________
TF Iteration 250
	μ = 8.681799551e-04, change: 4.924060493e-02 (converged=False)
	φe Err =  4.013e-11, φe change =  2.198e-09
	ne Err =  1.152e-05, ne change =  6.792e-13
	Q =  4.699e-03 ->  4.671e-03, 
	Zstar guess =  2.681e-01. Current Zstar:  2.681e-01 (converged=True)
	Change =  3.397e-02
__________________________________________
TF Iteration 275
	μ = 9.136755039e-04, change: 0.000000000e+00 (converged=True)
	φe Err =  4.025e-11, φe change =  2.617e-08
	ne Err =  6.260e-07, ne change =  1.080e-11
	Q =  1.516e-03 ->  1.485e-03, 
	Zstar guess =  2.681e-01. Current Zstar:  2.681e-01 (converged=True)
	Change =  2.927e-08
__________________________________________
TF Iteration 300
	μ = 9.394913782e-04, change: 5.843178739e-03 (converged=False)
	φe Err =  3.931e-11, φe change =  2.931e-10
	ne Err =  1.548e-06, ne change =  9.395e-14
	Q =  6.322e-04 ->  6.283e-04, 
	Zstar guess =  2.681e-01. Current Zstar:  2.681e-01 (converged=True)
	Change =  4.120e-03
__________________________________________
TF Iteration 325
	μ = 9.455834419e-04, change: 0.000000000e+00 (converged=True)
	φe Err =  3.904e-11, φe change =  3.506e-09
	ne Err =  8.422e-08, ne change =  1.449e-12
	Q =  2.033e-04 ->  1.990e-04, 
	Zstar guess =  2.681e-01. Current Zstar:  2.681e-01 (converged=True)
	Change =  3.921e-09
__________________________________________
TF Iteration 350
	μ = 9.490393147e-04, change: 7.703632192e-04 (converged=False)
	φe Err =  3.664e-11, φe change =  4.246e-11
	ne Err =  2.073e-07, ne change =  1.264e-14
	Q =  8.467e-05 ->  8.415e-05, 
	Zstar guess =  2.681e-01. Current Zstar:  2.681e-01 (converged=True)
	Change =  5.445e-04
__________________________________________
TF Iteration 375
	μ = 9.498547148e-04, change: 0.000000000e+00 (converged=True)
	φe Err =  4.022e-11, φe change =  4.686e-10
	ne Err =  1.128e-08, ne change =  1.935e-13
	Q =  2.722e-05 ->  2.665e-05, 
	Zstar guess =  2.681e-01. Current Zstar:  2.681e-01 (converged=True)
	Change =  5.239e-10
__________________________________________
TF Iteration 400
	μ = 9.503172440e-04, change: 1.028963187e-04 (converged=False)
	φe Err =  3.942e-11, φe change =  1.143e-11
	ne Err =  2.775e-08, ne change =  1.347e-15
	Q =  1.133e-05 ->  1.126e-05, 
	Zstar guess =  2.681e-01. Current Zstar:  2.681e-01 (converged=True)
	Change =  7.275e-05
__________________________________________
TF Iteration 425
	μ = 9.504263763e-04, change: 0.000000000e+00 (converged=True)
	φe Err =  3.942e-11, φe change =  6.095e-11
	ne Err =  1.510e-09, ne change =  2.453e-14
	Q =  3.643e-06 ->  3.566e-06, 
	Zstar guess =  2.681e-01. Current Zstar:  2.681e-01 (converged=True)
	Change =  6.773e-11
__________________________________________
TF Iteration 450
	μ = 9.504882809e-04, change: 1.376780446e-05 (converged=False)
	φe Err =  3.872e-11, φe change =  4.785e-12
	ne Err =  3.714e-09, ne change =  1.182e-15
	Q =  1.517e-06 ->  1.507e-06, 
	Zstar guess =  2.681e-01. Current Zstar:  2.681e-01 (converged=True)
	Change =  9.735e-06
__________________________________________
TF Iteration 470
	μ = 9.504970332e-04, change: 0.000000000e+00 (converged=True)
	φe Err =  3.813e-11, φe change =  2.475e-12
	ne Err =  9.896e-11, ne change =  8.761e-16
	Q =  6.838e-07 ->  6.785e-07, 
	Zstar guess =  2.681e-01. Current Zstar:  2.681e-01 (converged=True)
	Change =  5.896e-13
	-------------------
	Solving IET.
0: Initial condition Total Error: 2.907e+01
QUIT: Total error infinite.
Exiting status 1, reverting to best index so far: 1
Final iter:21, Total Error: 2.625e+01
	-------------------
	Solving IET.
0: Initial condition Total Error: 2.911e+01
Exiting status 0, reverting to best index so far: 391
Final iter:392, Total Error: 9.676e-13
Time to solve CS model: 5.695e+01 [s], time so far: 5.927e+01 [s]
CS model saved.
Ee_pot_density = -1.166e-01 [au], Ee_K = 5.857e-02 [au], Ee_tot = -5.808e-02 [au]
P_e = 6.164e-08 [au], 1.814e-05 [Mbar]
Virial if 6.330e+02 = 6.304e+02 --->  off by 4.139e-01 % 

βEe_pot/Z = -24958.079, βEe_K/Z = 12530.706, βEe_tot/Z = -12427.373
βP_e Ω/Z = 0.013
