
===========================================
===========================================
Starting case: Ar: Te = 1.104 eV, Ti = 1.104 eV 

T[K]:  12810.550660275081
________________________
Generating NPA
T:  0.04056857945427622
Using More TF fit for initial Zstar = 0.814
	Intializing grid
Initializing, True
Initializing
	Creating Integral Equation Solver
Intialized Potentials and Densities
Initialized
Time to setup correlation sphere (IS) model: 2.632e+00 [s], time so far: 2.633e+00 [s]
Beginning self-consistent electron solver.
_________________________________
__________________________________________
TF Iteration 0
	μ = -1.361048938e+00, change: 1.191646553e+01 (converged=False)
	φe Err =  3.827e-11, φe change =  9.787e-01
	ne Err =  9.825e-02, ne change =  4.325e-06
	Q =  0.000e+00 -> -3.004e+01, 
	Zstar guess =  8.140e-01. Current Zstar:  8.140e-01 (converged=True)
	Change =  1.894e+00
__________________________________________
TF Iteration 1
	μ = -1.361048938e+00, change: 0.000000000e+00 (converged=True)
	φe Err =  3.986e-11, φe change =  5.387e-02
	ne Err =  1.880e-01, ne change =  9.032e-06
	Q = -3.004e+01 -> -2.183e+01, 
	Zstar guess =  8.140e-01. Current Zstar:  8.140e-01 (converged=True)
	Change =  6.062e-02
__________________________________________
TF Iteration 2
	μ = -1.361048938e+00, change: 0.000000000e+00 (converged=True)
	φe Err =  4.020e-11, φe change =  1.621e-02
	ne Err =  1.325e-01, ne change =  3.923e-06
	Q = -2.183e+01 -> -1.543e+01, 
	Zstar guess =  8.140e-01. Current Zstar:  8.140e-01 (converged=True)
	Change =  1.596e-02
__________________________________________
TF Iteration 3
	μ = -1.361048938e+00, change: 0.000000000e+00 (converged=True)
	φe Err =  3.917e-11, φe change =  1.850e-02
	ne Err =  8.355e-02, ne change =  4.749e-07
	Q = -1.543e+01 -> -1.062e+01, 
	Zstar guess =  8.140e-01. Current Zstar:  8.140e-01 (converged=True)
	Change =  1.989e-02
__________________________________________
TF Iteration 4
	μ = -1.361048938e+00, change: 0.000000000e+00 (converged=True)
	φe Err =  3.758e-11, φe change =  1.217e-02
	ne Err =  5.940e-02, ne change =  2.545e-06
	Q = -1.062e+01 -> -7.107e+00, 
	Zstar guess =  8.140e-01. Current Zstar:  8.140e-01 (converged=True)
	Change =  1.354e-02
__________________________________________
TF Iteration 5
	μ = -1.361048938e+00, change: 0.000000000e+00 (converged=True)
	φe Err =  3.872e-11, φe change =  5.763e-03
	ne Err =  5.189e-02, ne change =  2.943e-06
	Q = -7.107e+00 -> -4.562e+00, 
	Zstar guess =  8.140e-01. Current Zstar:  8.140e-01 (converged=True)
	Change =  6.548e-03
__________________________________________
TF Iteration 6
	μ = -1.361048938e+00, change: 0.000000000e+00 (converged=True)
	φe Err =  3.872e-11, φe change =  2.070e-03
	ne Err =  4.614e-02, ne change =  2.453e-06
	Q = -4.562e+00 -> -2.700e+00, 
	Zstar guess =  8.140e-01. Current Zstar:  8.140e-01 (converged=True)
	Change =  1.757e-03
__________________________________________
TF Iteration 7
	μ = -1.361048938e+00, change: 0.000000000e+00 (converged=True)
	φe Err =  3.913e-11, φe change =  1.735e-03
	ne Err =  3.850e-02, ne change =  1.710e-06
	Q = -2.700e+00 -> -1.305e+00, 
	Zstar guess =  8.140e-01. Current Zstar:  8.140e-01 (converged=True)
	Change =  5.526e-04
__________________________________________
TF Iteration 8
	μ = -1.361048938e+00, change: 0.000000000e+00 (converged=True)
	φe Err =  3.991e-11, φe change =  1.804e-03
	ne Err =  3.057e-02, ne change =  1.048e-06
	Q = -1.305e+00 -> -2.326e-01, 
	Zstar guess =  8.140e-01. Current Zstar:  8.140e-01 (converged=True)
	Change =  1.199e-03
__________________________________________
TF Iteration 9
	μ = -1.361048938e+00, change: 0.000000000e+00 (converged=True)
	φe Err =  3.846e-11, φe change =  1.476e-03
	ne Err =  2.376e-02, ne change =  5.720e-07
	Q = -2.326e-01 ->  6.035e-01, 
	Zstar guess =  8.140e-01. Current Zstar:  8.140e-01 (converged=True)
	Change =  1.094e-03
__________________________________________
TF Iteration 25
	μ = -5.516160836e-01, change: 0.000000000e+00 (converged=True)
	φe Err =  4.014e-11, φe change =  2.357e-04
	ne Err =  7.866e-04, ne change =  6.629e-09
	Q =  2.175e+00 ->  2.196e+00, 
	Zstar guess =  8.140e-01. Current Zstar:  8.140e-01 (converged=True)
	Change =  2.534e-04
__________________________________________
TF Iteration 50
	μ = -2.274367374e-01, change: 2.320278197e-01 (converged=False)
	φe Err =  3.910e-11, φe change =  8.199e-07
	ne Err =  9.739e-03, ne change =  1.210e-09
	Q =  1.517e+00 ->  1.516e+00, 
	Zstar guess =  8.140e-01. Current Zstar:  8.140e-01 (converged=True)
	Change =  1.840e-01
__________________________________________
TF Iteration 75
	μ = -1.543368565e-01, change: 0.000000000e+00 (converged=True)
	φe Err =  3.999e-11, φe change =  4.013e-05
	ne Err =  1.695e-04, ne change =  5.246e-09
	Q =  6.753e-01 ->  6.656e-01, 
	Zstar guess =  8.140e-01. Current Zstar:  8.140e-01 (converged=True)
	Change =  4.316e-05
__________________________________________
TF Iteration 100
	μ = -1.192397154e-01, change: 5.266249679e-02 (converged=False)
	φe Err =  3.989e-11, φe change =  3.355e-07
	ne Err =  1.031e-03, ne change =  1.129e-10
	Q =  2.825e-01 ->  2.806e-01, 
	Zstar guess =  8.140e-01. Current Zstar:  8.140e-01 (converged=True)
	Change =  3.823e-02
__________________________________________
TF Iteration 125
	μ = -1.127439310e-01, change: 0.000000000e+00 (converged=True)
	φe Err =  3.836e-11, φe change =  3.939e-06
	ne Err =  3.278e-05, ne change =  5.408e-10
	Q =  7.566e-02 ->  7.350e-02, 
	Zstar guess =  8.140e-01. Current Zstar:  8.140e-01 (converged=True)
	Change =  4.210e-06
__________________________________________
TF Iteration 150
	μ = -1.097957140e-01, change: 4.983500969e-03 (converged=False)
	φe Err =  3.759e-11, φe change =  3.254e-08
	ne Err =  8.736e-05, ne change =  8.943e-12
	Q =  2.572e-02 ->  2.550e-02, 
	Zstar guess =  8.140e-01. Current Zstar:  8.140e-01 (converged=True)
	Change =  3.533e-03
__________________________________________
TF Iteration 175
	μ = -1.092597982e-01, change: 0.000000000e+00 (converged=True)
	φe Err =  3.947e-11, φe change =  3.281e-07
	ne Err =  2.929e-06, ne change =  4.509e-11
	Q =  6.394e-03 ->  6.201e-03, 
	Zstar guess =  8.140e-01. Current Zstar:  8.140e-01 (converged=True)
	Change =  3.505e-07
__________________________________________
TF Iteration 200
	μ = -1.090177920e-01, change: 4.132738384e-04 (converged=False)
	φe Err =  4.024e-11, φe change =  2.701e-09
	ne Err =  7.178e-06, ne change =  7.317e-13
	Q =  2.127e-03 ->  2.108e-03, 
	Zstar guess =  8.140e-01. Current Zstar:  8.140e-01 (converged=True)
	Change =  2.923e-04
__________________________________________
TF Iteration 225
	μ = -1.089738921e-01, change: 0.000000000e+00 (converged=True)
	φe Err =  3.804e-11, φe change =  2.692e-08
	ne Err =  2.412e-07, ne change =  3.702e-12
	Q =  5.248e-04 ->  5.089e-04, 
	Zstar guess =  8.140e-01. Current Zstar:  8.140e-01 (converged=True)
	Change =  2.875e-08
__________________________________________
TF Iteration 250
	μ = -1.089540567e-01, change: 3.390499193e-05 (converged=False)
	φe Err =  3.922e-11, φe change =  2.219e-10
	ne Err =  5.884e-07, ne change =  6.198e-14
	Q =  1.744e-04 ->  1.729e-04, 
	Zstar guess =  8.140e-01. Current Zstar:  8.140e-01 (converged=True)
	Change =  2.398e-05
__________________________________________
TF Iteration 275
	μ = -1.089504585e-01, change: 0.000000000e+00 (converged=True)
	φe Err =  4.113e-11, φe change =  2.206e-09
	ne Err =  1.977e-08, ne change =  3.015e-13
	Q =  4.302e-05 ->  4.172e-05, 
	Zstar guess =  8.140e-01. Current Zstar:  8.140e-01 (converged=True)
	Change =  2.356e-09
__________________________________________
TF Iteration 300
	μ = -1.089488328e-01, change: 2.779245719e-06 (converged=True)
	φe Err =  4.078e-11, φe change =  1.671e-11
	ne Err =  4.823e-08, ne change =  8.789e-15
	Q =  1.430e-05 ->  1.417e-05, 
	Zstar guess =  8.140e-01. Current Zstar:  8.140e-01 (converged=True)
	Change =  1.965e-06
__________________________________________
TF Iteration 325
	μ = -1.089485378e-01, change: 0.000000000e+00 (converged=True)
	φe Err =  3.864e-11, φe change =  1.831e-10
	ne Err =  1.620e-09, ne change =  2.536e-14
	Q =  3.526e-06 ->  3.419e-06, 
	Zstar guess =  8.140e-01. Current Zstar:  8.140e-01 (converged=True)
	Change =  1.955e-10
__________________________________________
TF Iteration 350
	μ = -1.089484046e-01, change: 2.278024097e-07 (converged=True)
	φe Err =  3.816e-11, φe change =  1.466e-12
	ne Err =  3.953e-09, ne change =  3.322e-15
	Q =  1.172e-06 ->  1.161e-06, 
	Zstar guess =  8.140e-01. Current Zstar:  8.140e-01 (converged=True)
	Change =  1.611e-07
__________________________________________
TF Iteration 369
	μ = -1.089483895e-01, change: 0.000000000e+00 (converged=True)
	φe Err =  3.958e-11, φe change =  6.952e-12
	ne Err =  9.690e-11, ne change =  5.169e-15
	Q =  4.422e-07 ->  4.358e-07, 
	Zstar guess =  8.140e-01. Current Zstar:  8.140e-01 (converged=True)
	Change =  1.081e-12
	-------------------
	Solving IET.
0: Initial condition Total Error: 1.363e+01
Exiting status 0, reverting to best index so far: 288
Final iter:289, Total Error: 9.772e-13
	-------------------
	Solving IET.
0: Initial condition Total Error: 1.363e+01
Exiting status 0, reverting to best index so far: 289
Final iter:290, Total Error: 9.159e-13
Time to solve CS model: 4.682e+01 [s], time so far: 4.946e+01 [s]
CS model saved.
Ee_pot_density = -1.166e-01 [au], Ee_K = 5.856e-02 [au], Ee_tot = -5.807e-02 [au]
P_e = 2.836e-06 [au], 8.345e-04 [Mbar]
Virial if 6.329e+02 = 6.303e+02 --->  off by 4.139e-01 % 

βEe_pot/Z = -1726.228, βEe_K/Z = 866.750, βEe_tot/Z = -859.478
βP_e Ω/Z = 0.042
