
===========================================
===========================================
Starting case: Ar: Te = 0.245 eV, Ti = 0.245 eV 

T[K]:  2842.6164321827346
________________________
Generating NPA
T:  0.009002026036604438
Using More TF fit for initial Zstar = 0.390
	Intializing grid
Initializing, True
Initializing
	Creating Integral Equation Solver
Intialized Potentials and Densities
Initialized
Time to setup correlation sphere (IS) model: 2.581e+00 [s], time so far: 2.581e+00 [s]
Beginning self-consistent electron solver.
_________________________________
__________________________________________
TF Iteration 0
	μ = -1.037581944e+00, change: 1.161065155e+02 (converged=False)
	φe Err =  4.074e-11, φe change =  9.616e-01
	ne Err =  7.669e-02, ne change =  3.838e-06
	Q =  0.000e+00 -> -2.384e+01, 
	Zstar guess =  3.897e-01. Current Zstar:  3.897e-01 (converged=True)
	Change =  1.944e+00
__________________________________________
TF Iteration 1
	μ = -1.037581944e+00, change: 0.000000000e+00 (converged=True)
	φe Err =  4.171e-11, φe change =  4.387e-02
	ne Err =  1.602e-01, ne change =  7.138e-06
	Q = -2.384e+01 -> -1.701e+01, 
	Zstar guess =  3.897e-01. Current Zstar:  3.897e-01 (converged=True)
	Change =  4.927e-02
__________________________________________
TF Iteration 2
	μ = -1.037581944e+00, change: 0.000000000e+00 (converged=True)
	φe Err =  3.816e-11, φe change =  1.498e-02
	ne Err =  1.086e-01, ne change =  2.697e-06
	Q = -1.701e+01 -> -1.174e+01, 
	Zstar guess =  3.897e-01. Current Zstar:  3.897e-01 (converged=True)
	Change =  1.508e-02
__________________________________________
TF Iteration 3
	μ = -1.037581944e+00, change: 0.000000000e+00 (converged=True)
	φe Err =  3.905e-11, φe change =  1.550e-02
	ne Err =  6.565e-02, ne change =  8.332e-07
	Q = -1.174e+01 -> -7.871e+00, 
	Zstar guess =  3.897e-01. Current Zstar:  3.897e-01 (converged=True)
	Change =  1.676e-02
__________________________________________
TF Iteration 4
	μ = -1.037581944e+00, change: 0.000000000e+00 (converged=True)
	φe Err =  3.766e-11, φe change =  9.165e-03
	ne Err =  4.792e-02, ne change =  2.286e-06
	Q = -7.871e+00 -> -5.108e+00, 
	Zstar guess =  3.897e-01. Current Zstar:  3.897e-01 (converged=True)
	Change =  1.026e-02
__________________________________________
TF Iteration 5
	μ = -1.037581944e+00, change: 0.000000000e+00 (converged=True)
	φe Err =  3.747e-11, φe change =  3.629e-03
	ne Err =  4.293e-02, ne change =  2.353e-06
	Q = -5.108e+00 -> -3.147e+00, 
	Zstar guess =  3.897e-01. Current Zstar:  3.897e-01 (converged=True)
	Change =  4.086e-03
__________________________________________
TF Iteration 6
	μ = -1.037581944e+00, change: 0.000000000e+00 (converged=True)
	φe Err =  3.843e-11, φe change =  1.386e-03
	ne Err =  3.734e-02, ne change =  1.799e-06
	Q = -3.147e+00 -> -1.723e+00, 
	Zstar guess =  3.897e-01. Current Zstar:  3.897e-01 (converged=True)
	Change =  4.170e-04
__________________________________________
TF Iteration 7
	μ = -1.037581944e+00, change: 0.000000000e+00 (converged=True)
	φe Err =  3.878e-11, φe change =  1.640e-03
	ne Err =  3.014e-02, ne change =  1.155e-06
	Q = -1.723e+00 -> -6.509e-01, 
	Zstar guess =  3.897e-01. Current Zstar:  3.897e-01 (converged=True)
	Change =  9.908e-04
__________________________________________
TF Iteration 8
	μ = -1.037581944e+00, change: 0.000000000e+00 (converged=True)
	φe Err =  3.658e-11, φe change =  1.504e-03
	ne Err =  2.335e-02, ne change =  6.485e-07
	Q = -6.509e-01 ->  1.770e-01, 
	Zstar guess =  3.897e-01. Current Zstar:  3.897e-01 (converged=True)
	Change =  1.144e-03
__________________________________________
TF Iteration 9
	μ = -1.037581944e+00, change: 0.000000000e+00 (converged=True)
	φe Err =  3.766e-11, φe change =  1.108e-03
	ne Err =  1.794e-02, ne change =  3.178e-07
	Q =  1.770e-01 ->  8.242e-01, 
	Zstar guess =  3.897e-01. Current Zstar:  3.897e-01 (converged=True)
	Change =  8.693e-04
__________________________________________
TF Iteration 25
	μ = -4.396297049e-01, change: 0.000000000e+00 (converged=True)
	φe Err =  3.729e-11, φe change =  1.898e-04
	ne Err =  6.935e-04, ne change =  4.060e-09
	Q =  1.958e+00 ->  1.974e+00, 
	Zstar guess =  3.897e-01. Current Zstar:  3.897e-01 (converged=True)
	Change =  2.051e-04
__________________________________________
TF Iteration 50
	μ = -1.676900836e-01, change: 2.690933740e-01 (converged=False)
	φe Err =  3.872e-11, φe change =  6.121e-07
	ne Err =  9.690e-03, ne change =  9.030e-10
	Q =  1.410e+00 ->  1.410e+00, 
	Zstar guess =  3.897e-01. Current Zstar:  3.897e-01 (converged=True)
	Change =  2.172e-01
__________________________________________
TF Iteration 75
	μ = -9.064537683e-02, change: 0.000000000e+00 (converged=True)
	φe Err =  3.901e-11, φe change =  3.611e-05
	ne Err =  1.298e-04, ne change =  8.356e-09
	Q =  8.376e-01 ->  8.356e-01, 
	Zstar guess =  3.897e-01. Current Zstar:  3.897e-01 (converged=True)
	Change =  4.002e-05
__________________________________________
TF Iteration 100
	μ = -3.757308205e-02, change: 2.460153213e-01 (converged=False)
	φe Err =  3.759e-11, φe change =  1.786e-07
	ne Err =  2.412e-03, ne change =  4.322e-11
	Q =  5.719e-01 ->  5.716e-01, 
	Zstar guess =  3.897e-01. Current Zstar:  3.897e-01 (converged=True)
	Change =  1.964e-01
__________________________________________
TF Iteration 125
	μ = -2.304602858e-02, change: 0.000000000e+00 (converged=True)
	φe Err =  4.005e-11, φe change =  7.841e-06
	ne Err =  6.812e-05, ne change =  2.521e-09
	Q =  2.758e-01 ->  2.727e-01, 
	Zstar guess =  3.897e-01. Current Zstar:  3.897e-01 (converged=True)
	Change =  8.724e-06
__________________________________________
TF Iteration 150
	μ = -1.447955719e-02, change: 1.116362515e-01 (converged=False)
	φe Err =  3.927e-11, φe change =  2.713e-08
	ne Err =  3.976e-04, ne change =  1.421e-11
	Q =  1.356e-01 ->  1.350e-01, 
	Zstar guess =  3.897e-01. Current Zstar:  3.897e-01 (converged=True)
	Change =  8.346e-02
__________________________________________
TF Iteration 175
	μ = -1.245712170e-02, change: 0.000000000e+00 (converged=True)
	φe Err =  3.721e-11, φe change =  1.173e-06
	ne Err =  1.695e-05, ne change =  3.794e-10
	Q =  4.618e-02 ->  4.522e-02, 
	Zstar guess =  3.897e-01. Current Zstar:  3.897e-01 (converged=True)
	Change =  1.302e-06
__________________________________________
TF Iteration 200
	μ = -1.132700052e-02, change: 2.045231844e-02 (converged=False)
	φe Err =  3.939e-11, φe change =  3.747e-09
	ne Err =  5.347e-05, ne change =  2.505e-12
	Q =  1.934e-02 ->  1.922e-02, 
	Zstar guess =  3.897e-01. Current Zstar:  3.897e-01 (converged=True)
	Change =  1.461e-02
__________________________________________
TF Iteration 225
	μ = -1.106626810e-02, change: 0.000000000e+00 (converged=True)
	φe Err =  4.049e-11, φe change =  1.529e-07
	ne Err =  2.408e-06, ne change =  4.941e-11
	Q =  6.123e-03 ->  5.986e-03, 
	Zstar guess =  3.897e-01. Current Zstar:  3.897e-01 (converged=True)
	Change =  1.697e-07
__________________________________________
TF Iteration 250
	μ = -1.092153370e-02, change: 2.760247602e-03 (converged=False)
	φe Err =  4.062e-11, φe change =  4.838e-10
	ne Err =  6.871e-06, ne change =  3.327e-13
	Q =  2.503e-03 ->  2.486e-03, 
	Zstar guess =  3.897e-01. Current Zstar:  3.897e-01 (converged=True)
	Change =  1.954e-03
__________________________________________
TF Iteration 275
	μ = -1.088823549e-02, change: 0.000000000e+00 (converged=True)
	φe Err =  4.069e-11, φe change =  1.956e-08
	ne Err =  3.113e-07, ne change =  6.320e-12
	Q =  7.847e-04 ->  7.671e-04, 
	Zstar guess =  3.897e-01. Current Zstar:  3.897e-01 (converged=True)
	Change =  2.171e-08
__________________________________________
TF Iteration 300
	μ = -1.086976183e-02, change: 3.548332111e-04 (converged=False)
	φe Err =  3.898e-11, φe change =  6.161e-11
	ne Err =  8.775e-07, ne change =  4.337e-14
	Q =  3.198e-04 ->  3.177e-04, 
	Zstar guess =  3.897e-01. Current Zstar:  3.897e-01 (converged=True)
	Change =  2.509e-04
__________________________________________
TF Iteration 325
	μ = -1.086551235e-02, change: 0.000000000e+00 (converged=True)
	φe Err =  4.106e-11, φe change =  2.498e-09
	ne Err =  3.978e-08, ne change =  8.067e-13
	Q =  1.002e-04 ->  9.793e-05, 
	Zstar guess =  3.897e-01. Current Zstar:  3.897e-01 (converged=True)
	Change =  2.771e-09
__________________________________________
TF Iteration 350
	μ = -1.086315495e-02, change: 4.532045169e-05 (converged=False)
	φe Err =  4.187e-11, φe change =  1.208e-11
	ne Err =  1.120e-07, ne change =  2.874e-15
	Q =  4.082e-05 ->  4.055e-05, 
	Zstar guess =  3.897e-01. Current Zstar:  3.897e-01 (converged=True)
	Change =  3.205e-05
__________________________________________
TF Iteration 375
	μ = -1.086261272e-02, change: 0.000000000e+00 (converged=True)
	φe Err =  4.028e-11, φe change =  3.155e-10
	ne Err =  5.077e-09, ne change =  1.016e-13
	Q =  1.279e-05 ->  1.250e-05, 
	Zstar guess =  3.897e-01. Current Zstar:  3.897e-01 (converged=True)
	Change =  3.499e-10
__________________________________________
TF Iteration 400
	μ = -1.086231193e-02, change: 5.783367514e-06 (converged=True)
	φe Err =  3.988e-11, φe change =  1.959e-12
	ne Err =  1.429e-08, ne change =  2.086e-15
	Q =  5.209e-06 ->  5.175e-06, 
	Zstar guess =  3.897e-01. Current Zstar:  3.897e-01 (converged=True)
	Change =  4.089e-06
__________________________________________
TF Iteration 425
	μ = -1.086224274e-02, change: 0.000000000e+00 (converged=True)
	φe Err =  4.008e-11, φe change =  3.930e-11
	ne Err =  6.479e-10, ne change =  1.230e-14
	Q =  1.631e-06 ->  1.595e-06, 
	Zstar guess =  3.897e-01. Current Zstar:  3.897e-01 (converged=True)
	Change =  4.342e-11
__________________________________________
TF Iteration 450
	μ = -1.086221237e-02, change: 0.000000000e+00 (converged=True)
	φe Err =  3.794e-11, φe change =  5.225e-12
	ne Err =  9.259e-11, ne change =  7.414e-16
	Q =  6.701e-07 ->  6.646e-07, 
	Zstar guess =  3.897e-01. Current Zstar:  3.897e-01 (converged=True)
	Change =  2.515e-12
	-------------------
	Solving IET.
0: Initial condition Total Error: 1.535e+01
Warning: HNC_solver did not converge within the specified number of iterations.
Exiting status 1, reverting to best index so far: 10001
Final iter:10001, Total Error: 3.145e-03
	-------------------
	Solving IET.
0: Initial condition Total Error: 1.536e+01
QUIT: Total error infinite.
Exiting status 1, reverting to best index so far: 4
Final iter:21, Total Error: 1.025e+01
Time to solve CS model: 8.236e+01 [s], time so far: 8.494e+01 [s]
CS model saved.
Ee_pot_density = -1.166e-01 [au], Ee_K = 5.857e-02 [au], Ee_tot = -5.808e-02 [au]
P_e = 2.781e-07 [au], 8.183e-05 [Mbar]
Virial if 6.330e+02 = 6.304e+02 --->  off by 4.139e-01 % 

βEe_pot/Z = -7780.390, βEe_K/Z = 3906.323, βEe_tot/Z = -3874.067
βP_e Ω/Z = 0.019
