
===========================================
===========================================
Starting case: Ar: Te = 2.287 eV, Ti = 2.287 eV 

T[K]:  26542.79213679294
________________________
Generating NPA
T:  0.08405597856764577
Using More TF fit for initial Zstar = 1.237
	Intializing grid
Initializing, True
Initializing
	Creating Integral Equation Solver
Intialized Potentials and Densities
Initialized
Time to setup correlation sphere (IS) model: 1.055e+00 [s], time so far: 1.055e+00 [s]
Beginning self-consistent electron solver.
_________________________________
__________________________________________
TF Iteration 0
	μ = -1.551160386e+00, change: 4.618630834e+00 (converged=False)
	φe Err =  3.983e-11, φe change =  9.844e-01
	ne Err =  8.697e-02, ne change =  4.349e-06
	Q =  0.000e+00 -> -2.471e+01, 
	Zstar guess =  1.237e+00. Current Zstar:  1.237e+00 (converged=True)
	Change =  1.790e+00
__________________________________________
TF Iteration 1
	μ = -1.551160386e+00, change: 0.000000000e+00 (converged=True)
	φe Err =  4.123e-11, φe change =  5.327e-02
	ne Err =  1.829e-01, ne change =  8.924e-06
	Q = -2.471e+01 -> -1.757e+01, 
	Zstar guess =  1.237e+00. Current Zstar:  1.237e+00 (converged=True)
	Change =  5.992e-02
__________________________________________
TF Iteration 2
	μ = -1.551160386e+00, change: 0.000000000e+00 (converged=True)
	φe Err =  3.953e-11, φe change =  1.634e-02
	ne Err =  1.276e-01, ne change =  3.824e-06
	Q = -1.757e+01 -> -1.204e+01, 
	Zstar guess =  1.237e+00. Current Zstar:  1.237e+00 (converged=True)
	Change =  1.617e-02
__________________________________________
TF Iteration 3
	μ = -1.551160386e+00, change: 0.000000000e+00 (converged=True)
	φe Err =  4.015e-11, φe change =  1.816e-02
	ne Err =  7.924e-02, ne change =  4.769e-07
	Q = -1.204e+01 -> -7.926e+00, 
	Zstar guess =  1.237e+00. Current Zstar:  1.237e+00 (converged=True)
	Change =  1.952e-02
__________________________________________
TF Iteration 4
	μ = -1.551160386e+00, change: 0.000000000e+00 (converged=True)
	φe Err =  3.916e-11, φe change =  1.171e-02
	ne Err =  5.572e-02, ne change =  2.461e-06
	Q = -7.926e+00 -> -4.951e+00, 
	Zstar guess =  1.237e+00. Current Zstar:  1.237e+00 (converged=True)
	Change =  1.303e-02
__________________________________________
TF Iteration 5
	μ = -1.551160386e+00, change: 0.000000000e+00 (converged=True)
	φe Err =  3.908e-11, φe change =  5.431e-03
	ne Err =  4.848e-02, ne change =  2.822e-06
	Q = -4.951e+00 -> -2.825e+00, 
	Zstar guess =  1.237e+00. Current Zstar:  1.237e+00 (converged=True)
	Change =  6.166e-03
__________________________________________
TF Iteration 6
	μ = -1.551160386e+00, change: 0.000000000e+00 (converged=True)
	φe Err =  3.758e-11, φe change =  1.908e-03
	ne Err =  4.294e-02, ne change =  2.343e-06
	Q = -2.825e+00 -> -1.285e+00, 
	Zstar guess =  1.237e+00. Current Zstar:  1.237e+00 (converged=True)
	Change =  1.596e-03
__________________________________________
TF Iteration 7
	μ = -1.551160386e+00, change: 0.000000000e+00 (converged=True)
	φe Err =  4.060e-11, φe change =  1.623e-03
	ne Err =  3.567e-02, ne change =  1.635e-06
	Q = -1.285e+00 -> -1.378e-01, 
	Zstar guess =  1.237e+00. Current Zstar:  1.237e+00 (converged=True)
	Change =  5.525e-04
__________________________________________
TF Iteration 8
	μ = -1.551160386e+00, change: 0.000000000e+00 (converged=True)
	φe Err =  3.917e-11, φe change =  1.680e-03
	ne Err =  2.823e-02, ne change =  1.009e-06
	Q = -1.378e-01 ->  7.411e-01, 
	Zstar guess =  1.237e+00. Current Zstar:  1.237e+00 (converged=True)
	Change =  1.134e-03
__________________________________________
TF Iteration 9
	μ = -1.551160386e+00, change: 0.000000000e+00 (converged=True)
	φe Err =  3.904e-11, φe change =  1.370e-03
	ne Err =  2.188e-02, ne change =  5.588e-07
	Q =  7.411e-01 ->  1.426e+00, 
	Zstar guess =  1.237e+00. Current Zstar:  1.237e+00 (converged=True)
	Change =  1.025e-03
__________________________________________
TF Iteration 25
	μ = -6.562142617e-01, change: 0.000000000e+00 (converged=True)
	φe Err =  4.067e-11, φe change =  2.632e-04
	ne Err =  6.593e-04, ne change =  1.389e-08
	Q =  2.304e+00 ->  2.319e+00, 
	Zstar guess =  1.237e+00. Current Zstar:  1.237e+00 (converged=True)
	Change =  2.804e-04
__________________________________________
TF Iteration 50
	μ = -3.488547323e-01, change: 1.344978221e-01 (converged=False)
	φe Err =  3.975e-11, φe change =  1.395e-06
	ne Err =  6.668e-03, ne change =  1.531e-09
	Q =  1.294e+00 ->  1.290e+00, 
	Zstar guess =  1.237e+00. Current Zstar:  1.237e+00 (converged=True)
	Change =  1.017e-01
__________________________________________
TF Iteration 75
	μ = -3.010179512e-01, change: 0.000000000e+00 (converged=True)
	φe Err =  3.956e-11, φe change =  2.570e-05
	ne Err =  1.667e-04, ne change =  1.030e-09
	Q =  3.457e-01 ->  3.348e-01, 
	Zstar guess =  1.237e+00. Current Zstar:  1.237e+00 (converged=True)
	Change =  2.680e-05
__________________________________________
TF Iteration 100
	μ = -2.830182092e-01, change: 1.049710772e-02 (converged=False)
	φe Err =  4.113e-11, φe change =  1.772e-07
	ne Err =  3.867e-04, ne change =  1.090e-10
	Q =  1.020e-01 ->  1.009e-01, 
	Zstar guess =  1.237e+00. Current Zstar:  1.237e+00 (converged=True)
	Change =  7.462e-03
__________________________________________
TF Iteration 125
	μ = -2.804051089e-01, change: 0.000000000e+00 (converged=True)
	φe Err =  3.849e-11, φe change =  1.455e-06
	ne Err =  1.146e-05, ne change =  5.995e-11
	Q =  2.058e-02 ->  1.981e-02, 
	Zstar guess =  1.237e+00. Current Zstar:  1.237e+00 (converged=True)
	Change =  1.513e-06
__________________________________________
TF Iteration 150
	μ = -2.794280175e-01, change: 5.812417972e-04 (converged=False)
	φe Err =  3.917e-11, φe change =  1.001e-08
	ne Err =  2.104e-05, ne change =  5.993e-12
	Q =  5.660e-03 ->  5.594e-03, 
	Zstar guess =  1.237e+00. Current Zstar:  1.237e+00 (converged=True)
	Change =  4.111e-04
__________________________________________
TF Iteration 175
	μ = -2.792869946e-01, change: 0.000000000e+00 (converged=True)
	φe Err =  3.824e-11, φe change =  7.858e-08
	ne Err =  6.315e-07, ne change =  3.235e-12
	Q =  1.117e-03 ->  1.074e-03, 
	Zstar guess =  1.237e+00. Current Zstar:  1.237e+00 (converged=True)
	Change =  8.166e-08
__________________________________________
TF Iteration 200
	μ = -2.792344520e-01, change: 3.129071520e-05 (converged=False)
	φe Err =  3.995e-11, φe change =  5.343e-10
	ne Err =  1.132e-06, ne change =  3.248e-13
	Q =  3.046e-04 ->  3.011e-04, 
	Zstar guess =  1.237e+00. Current Zstar:  1.237e+00 (converged=True)
	Change =  2.213e-05
__________________________________________
TF Iteration 225
	μ = -2.792268676e-01, change: 0.000000000e+00 (converged=True)
	φe Err =  3.996e-11, φe change =  4.228e-09
	ne Err =  3.397e-08, ne change =  1.739e-13
	Q =  6.007e-05 ->  5.778e-05, 
	Zstar guess =  1.237e+00. Current Zstar:  1.237e+00 (converged=True)
	Change =  4.394e-09
__________________________________________
TF Iteration 250
	μ = -2.792240416e-01, change: 1.683119412e-06 (converged=True)
	φe Err =  3.980e-11, φe change =  4.223e-11
	ne Err =  6.086e-08, ne change =  1.333e-14
	Q =  1.638e-05 ->  1.619e-05, 
	Zstar guess =  1.237e+00. Current Zstar:  1.237e+00 (converged=True)
	Change =  1.190e-06
__________________________________________
TF Iteration 275
	μ = -2.792236336e-01, change: 0.000000000e+00 (converged=True)
	φe Err =  3.770e-11, φe change =  2.283e-10
	ne Err =  1.827e-09, ne change =  1.042e-14
	Q =  3.231e-06 ->  3.107e-06, 
	Zstar guess =  1.237e+00. Current Zstar:  1.237e+00 (converged=True)
	Change =  2.372e-10
__________________________________________
TF Iteration 300
	μ = -2.792234816e-01, change: 9.051813199e-08 (converged=True)
	φe Err =  3.798e-11, φe change =  2.772e-12
	ne Err =  3.273e-09, ne change =  1.893e-15
	Q =  8.811e-07 ->  8.708e-07, 
	Zstar guess =  1.237e+00. Current Zstar:  1.237e+00 (converged=True)
	Change =  6.401e-08
__________________________________________
TF Iteration 318
	μ = -2.792234676e-01, change: 0.000000000e+00 (converged=True)
	φe Err =  3.861e-11, φe change =  3.630e-12
	ne Err =  9.850e-11, ne change =  2.044e-15
	Q =  2.904e-07 ->  2.832e-07, 
	Zstar guess =  1.237e+00. Current Zstar:  1.237e+00 (converged=True)
	Change =  1.159e-12
	-------------------
	Solving IET.
0: Initial condition Total Error: 1.509e+01
Exiting status 0, reverting to best index so far: 291
Final iter:292, Total Error: 9.305e-13
	-------------------
	Solving IET.
0: Initial condition Total Error: 1.509e+01
Exiting status 0, reverting to best index so far: 291
Final iter:292, Total Error: 9.864e-13
Time to solve CS model: 3.424e+01 [s], time so far: 3.529e+01 [s]
CS model saved.
Ee_pot_density = -1.166e-01 [au], Ee_K = 5.855e-02 [au], Ee_tot = -5.804e-02 [au]
P_e = 9.328e-06 [au], 2.744e-03 [Mbar]
Virial if 6.328e+02 = 6.302e+02 --->  off by 4.140e-01 % 

βEe_pot/Z = -832.877, βEe_K/Z = 418.263, βEe_tot/Z = -414.614
βP_e Ω/Z = 0.067
