
===========================================
===========================================
Starting case: Ar: Te = 0.297 eV, Ti = 0.297 eV 

T[K]:  3452.1204797881987
________________________
Generating NPA
T:  0.010932209526660148
Using More TF fit for initial Zstar = 0.423
	Intializing grid
Initializing, True
Initializing
	Creating Integral Equation Solver
Intialized Potentials and Densities
Initialized
Time to setup correlation sphere (IS) model: 2.207e+00 [s], time so far: 2.207e+00 [s]
Beginning self-consistent electron solver.
_________________________________
__________________________________________
TF Iteration 0
	μ = -1.078826938e+00, change: 8.012196289e+01 (converged=False)
	φe Err =  3.926e-11, φe change =  9.643e-01
	ne Err =  8.090e-02, ne change =  3.919e-06
	Q =  0.000e+00 -> -2.530e+01, 
	Zstar guess =  4.227e-01. Current Zstar:  4.227e-01 (converged=True)
	Change =  1.944e+00
__________________________________________
TF Iteration 1
	μ = -1.078826938e+00, change: 0.000000000e+00 (converged=True)
	φe Err =  4.019e-11, φe change =  4.554e-02
	ne Err =  1.652e-01, ne change =  7.452e-06
	Q = -2.530e+01 -> -1.815e+01, 
	Zstar guess =  4.227e-01. Current Zstar:  4.227e-01 (converged=True)
	Change =  5.116e-02
__________________________________________
TF Iteration 2
	μ = -1.078826938e+00, change: 0.000000000e+00 (converged=True)
	φe Err =  4.059e-11, φe change =  1.520e-02
	ne Err =  1.129e-01, ne change =  2.897e-06
	Q = -1.815e+01 -> -1.263e+01, 
	Zstar guess =  4.227e-01. Current Zstar:  4.227e-01 (converged=True)
	Change =  1.524e-02
__________________________________________
TF Iteration 3
	μ = -1.078826938e+00, change: 0.000000000e+00 (converged=True)
	φe Err =  3.901e-11, φe change =  1.603e-02
	ne Err =  6.885e-02, ne change =  7.819e-07
	Q = -1.263e+01 -> -8.541e+00, 
	Zstar guess =  4.227e-01. Current Zstar:  4.227e-01 (converged=True)
	Change =  1.732e-02
__________________________________________
TF Iteration 4
	μ = -1.078826938e+00, change: 0.000000000e+00 (converged=True)
	φe Err =  3.825e-11, φe change =  9.690e-03
	ne Err =  5.000e-02, ne change =  2.342e-06
	Q = -8.541e+00 -> -5.608e+00, 
	Zstar guess =  4.227e-01. Current Zstar:  4.227e-01 (converged=True)
	Change =  1.084e-02
__________________________________________
TF Iteration 5
	μ = -1.078826938e+00, change: 0.000000000e+00 (converged=True)
	φe Err =  3.802e-11, φe change =  3.984e-03
	ne Err =  4.465e-02, ne change =  2.461e-06
	Q = -5.608e+00 -> -3.517e+00, 
	Zstar guess =  4.227e-01. Current Zstar:  4.227e-01 (converged=True)
	Change =  4.501e-03
__________________________________________
TF Iteration 6
	μ = -1.078826938e+00, change: 0.000000000e+00 (converged=True)
	φe Err =  4.035e-11, φe change =  1.464e-03
	ne Err =  3.904e-02, ne change =  1.912e-06
	Q = -3.517e+00 -> -1.994e+00, 
	Zstar guess =  4.227e-01. Current Zstar:  4.227e-01 (converged=True)
	Change =  6.230e-04
__________________________________________
TF Iteration 7
	μ = -1.078826938e+00, change: 0.000000000e+00 (converged=True)
	φe Err =  3.958e-11, φe change =  1.668e-03
	ne Err =  3.172e-02, ne change =  1.246e-06
	Q = -1.994e+00 -> -8.487e-01, 
	Zstar guess =  4.227e-01. Current Zstar:  4.227e-01 (converged=True)
	Change =  9.408e-04
__________________________________________
TF Iteration 8
	μ = -1.078826938e+00, change: 0.000000000e+00 (converged=True)
	φe Err =  3.817e-11, φe change =  1.569e-03
	ne Err =  2.469e-02, ne change =  7.105e-07
	Q = -8.487e-01 ->  3.519e-02, 
	Zstar guess =  4.227e-01. Current Zstar:  4.227e-01 (converged=True)
	Change =  1.171e-03
__________________________________________
TF Iteration 9
	μ = -1.078826938e+00, change: 0.000000000e+00 (converged=True)
	φe Err =  3.934e-11, φe change =  1.178e-03
	ne Err =  1.900e-02, ne change =  3.546e-07
	Q =  3.519e-02 ->  7.261e-01, 
	Zstar guess =  4.227e-01. Current Zstar:  4.227e-01 (converged=True)
	Change =  9.161e-04
__________________________________________
TF Iteration 25
	μ = -4.526193772e-01, change: 0.000000000e+00 (converged=True)
	φe Err =  3.767e-11, φe change =  1.956e-04
	ne Err =  7.219e-04, ne change =  3.012e-09
	Q =  1.985e+00 ->  2.002e+00, 
	Zstar guess =  4.227e-01. Current Zstar:  4.227e-01 (converged=True)
	Change =  2.113e-04
__________________________________________
TF Iteration 50
	μ = -1.727223213e-01, change: 2.684158535e-01 (converged=False)
	φe Err =  3.989e-11, φe change =  6.177e-07
	ne Err =  9.870e-03, ne change =  9.358e-10
	Q =  1.430e+00 ->  1.430e+00, 
	Zstar guess =  4.227e-01. Current Zstar:  4.227e-01 (converged=True)
	Change =  2.166e-01
__________________________________________
TF Iteration 75
	μ = -9.398125705e-02, change: 0.000000000e+00 (converged=True)
	φe Err =  3.922e-11, φe change =  3.733e-05
	ne Err =  1.275e-04, ne change =  8.386e-09
	Q =  8.449e-01 ->  8.428e-01, 
	Zstar guess =  4.227e-01. Current Zstar:  4.227e-01 (converged=True)
	Change =  4.130e-05
__________________________________________
TF Iteration 100
	μ = -4.080378006e-02, change: 2.282926254e-01 (converged=False)
	φe Err =  3.863e-11, φe change =  2.030e-07
	ne Err =  2.330e-03, ne change =  4.673e-11
	Q =  5.648e-01 ->  5.643e-01, 
	Zstar guess =  4.227e-01. Current Zstar:  4.227e-01 (converged=True)
	Change =  1.807e-01
__________________________________________
TF Iteration 125
	μ = -2.681158933e-02, change: 0.000000000e+00 (converged=True)
	φe Err =  3.869e-11, φe change =  7.715e-06
	ne Err =  6.762e-05, ne change =  2.318e-09
	Q =  2.559e-01 ->  2.525e-01, 
	Zstar guess =  4.227e-01. Current Zstar:  4.227e-01 (converged=True)
	Change =  8.554e-06
__________________________________________
TF Iteration 150
	μ = -1.878340103e-02, change: 8.235257192e-02 (converged=False)
	φe Err =  3.920e-11, φe change =  3.356e-08
	ne Err =  3.567e-04, ne change =  1.087e-11
	Q =  1.202e-01 ->  1.196e-01, 
	Zstar guess =  4.227e-01. Current Zstar:  4.227e-01 (converged=True)
	Change =  6.068e-02
__________________________________________
TF Iteration 175
	μ = -1.692973375e-02, change: 0.000000000e+00 (converged=True)
	φe Err =  3.953e-11, φe change =  1.088e-06
	ne Err =  1.483e-05, ne change =  3.279e-10
	Q =  3.957e-02 ->  3.871e-02, 
	Zstar guess =  4.227e-01. Current Zstar:  4.227e-01 (converged=True)
	Change =  1.203e-06
__________________________________________
TF Iteration 200
	μ = -1.591043909e-02, change: 1.312154114e-02 (converged=False)
	φe Err =  3.920e-11, φe change =  4.375e-09
	ne Err =  4.596e-05, ne change =  1.837e-12
	Q =  1.624e-02 ->  1.614e-02, 
	Zstar guess =  4.227e-01. Current Zstar:  4.227e-01 (converged=True)
	Change =  9.339e-03
__________________________________________
TF Iteration 225
	μ = -1.567926973e-02, change: 0.000000000e+00 (converged=True)
	φe Err =  3.904e-11, φe change =  1.369e-07
	ne Err =  1.997e-06, ne change =  4.123e-11
	Q =  5.044e-03 ->  4.929e-03, 
	Zstar guess =  4.227e-01. Current Zstar:  4.227e-01 (converged=True)
	Change =  1.514e-07
__________________________________________
TF Iteration 250
	μ = -1.555279325e-02, change: 1.682851250e-03 (converged=False)
	φe Err =  3.783e-11, φe change =  5.479e-10
	ne Err =  5.717e-06, ne change =  2.372e-13
	Q =  2.031e-03 ->  2.018e-03, 
	Zstar guess =  4.227e-01. Current Zstar:  4.227e-01 (converged=True)
	Change =  1.191e-03
__________________________________________
TF Iteration 275
	μ = -1.552416372e-02, change: 0.000000000e+00 (converged=True)
	φe Err =  3.787e-11, φe change =  1.698e-08
	ne Err =  2.494e-07, ne change =  5.113e-12
	Q =  6.264e-04 ->  6.120e-04, 
	Zstar guess =  4.227e-01. Current Zstar:  4.227e-01 (converged=True)
	Change =  1.878e-08
__________________________________________
TF Iteration 300
	μ = -1.550850624e-02, change: 2.091794375e-04 (converged=False)
	φe Err =  3.811e-11, φe change =  6.678e-11
	ne Err =  7.079e-07, ne change =  2.872e-14
	Q =  2.518e-04 ->  2.501e-04, 
	Zstar guess =  4.227e-01. Current Zstar:  4.227e-01 (converged=True)
	Change =  1.479e-04
__________________________________________
TF Iteration 325
	μ = -1.550496312e-02, change: 0.000000000e+00 (converged=True)
	φe Err =  3.914e-11, φe change =  2.102e-09
	ne Err =  3.090e-08, ne change =  6.337e-13
	Q =  7.755e-05 ->  7.576e-05, 
	Zstar guess =  4.227e-01. Current Zstar:  4.227e-01 (converged=True)
	Change =  2.324e-09
__________________________________________
TF Iteration 350
	μ = -1.550302588e-02, change: 2.589135518e-05 (converged=False)
	φe Err =  3.880e-11, φe change =  7.992e-12
	ne Err =  8.758e-08, ne change =  4.830e-15
	Q =  3.115e-05 ->  3.094e-05, 
	Zstar guess =  4.227e-01. Current Zstar:  4.227e-01 (converged=True)
	Change =  1.831e-05
__________________________________________
TF Iteration 375
	μ = -1.550258763e-02, change: 0.000000000e+00 (converged=True)
	φe Err =  3.803e-11, φe change =  2.597e-10
	ne Err =  3.824e-09, ne change =  7.844e-14
	Q =  9.593e-06 ->  9.371e-06, 
	Zstar guess =  4.227e-01. Current Zstar:  4.227e-01 (converged=True)
	Change =  2.872e-10
__________________________________________
TF Iteration 400
	μ = -1.550234804e-02, change: 3.202375042e-06 (converged=True)
	φe Err =  3.977e-11, φe change =  6.259e-12
	ne Err =  1.083e-08, ne change =  3.306e-15
	Q =  3.853e-06 ->  3.827e-06, 
	Zstar guess =  4.227e-01. Current Zstar:  4.227e-01 (converged=True)
	Change =  2.264e-06
__________________________________________
TF Iteration 425
	μ = -1.550229384e-02, change: 0.000000000e+00 (converged=True)
	φe Err =  3.997e-11, φe change =  2.950e-11
	ne Err =  4.729e-10, ne change =  6.767e-15
	Q =  1.186e-06 ->  1.159e-06, 
	Zstar guess =  4.227e-01. Current Zstar:  4.227e-01 (converged=True)
	Change =  2.862e-11
__________________________________________
TF Iteration 449
	μ = -1.550227035e-02, change: 0.000000000e+00 (converged=True)
	φe Err =  3.763e-11, φe change =  3.341e-12
	ne Err =  8.634e-11, ne change =  8.234e-16
	Q =  4.857e-07 ->  4.806e-07, 
	Zstar guess =  4.227e-01. Current Zstar:  4.227e-01 (converged=True)
	Change =  2.818e-12
	-------------------
	Solving IET.
0: Initial condition Total Error: 1.980e+01
QUIT: Total error infinite.
Exiting status 1, reverting to best index so far: 2
Final iter:21, Total Error: 1.796e+01
	-------------------
	Solving IET.
0: Initial condition Total Error: 1.460e+01
QUIT: Total error infinite.
Exiting status 1, reverting to best index so far: 12
Final iter:21, Total Error: 4.161e+00
Time to solve CS model: 8.081e+01 [s], time so far: 8.302e+01 [s]
CS model saved.
Ee_pot_density = -1.166e-01 [au], Ee_K = 5.857e-02 [au], Ee_tot = -5.808e-02 [au]
P_e = 3.692e-07 [au], 1.086e-04 [Mbar]
Virial if 6.330e+02 = 6.304e+02 --->  off by 4.139e-01 % 

βEe_pot/Z = -6406.664, βEe_K/Z = 3216.620, βEe_tot/Z = -3190.044
βP_e Ω/Z = 0.020
