
===========================================
===========================================
Starting case: Ar: Te = 0.344 eV, Ti = 0.344 eV 

T[K]:  3993.573720608272
________________________
Generating NPA
T:  0.012646889043841248
Using More TF fit for initial Zstar = 0.451
	Intializing grid
Initializing, True
Initializing
	Creating Integral Equation Solver
Intialized Potentials and Densities
Initialized
Time to setup correlation sphere (IS) model: 4.961e+00 [s], time so far: 4.961e+00 [s]
Beginning self-consistent electron solver.
_________________________________
__________________________________________
TF Iteration 0
	μ = -1.109825494e+00, change: 6.238594267e+01 (converged=False)
	φe Err =  3.982e-11, φe change =  9.662e-01
	ne Err =  8.397e-02, ne change =  3.976e-06
	Q =  0.000e+00 -> -2.634e+01, 
	Zstar guess =  4.507e-01. Current Zstar:  4.507e-01 (converged=True)
	Change =  1.943e+00
__________________________________________
TF Iteration 1
	μ = -1.109825494e+00, change: 0.000000000e+00 (converged=True)
	φe Err =  4.126e-11, φe change =  4.675e-02
	ne Err =  1.688e-01, ne change =  7.683e-06
	Q = -2.634e+01 -> -1.897e+01, 
	Zstar guess =  4.507e-01. Current Zstar:  4.507e-01 (converged=True)
	Change =  5.255e-02
__________________________________________
TF Iteration 2
	μ = -1.109825494e+00, change: 0.000000000e+00 (converged=True)
	φe Err =  4.048e-11, φe change =  1.535e-02
	ne Err =  1.160e-01, ne change =  3.045e-06
	Q = -1.897e+01 -> -1.326e+01, 
	Zstar guess =  4.507e-01. Current Zstar:  4.507e-01 (converged=True)
	Change =  1.535e-02
__________________________________________
TF Iteration 3
	μ = -1.109825494e+00, change: 0.000000000e+00 (converged=True)
	φe Err =  3.725e-11, φe change =  1.641e-02
	ne Err =  7.119e-02, ne change =  7.415e-07
	Q = -1.326e+01 -> -9.021e+00, 
	Zstar guess =  4.507e-01. Current Zstar:  4.507e-01 (converged=True)
	Change =  1.772e-02
__________________________________________
TF Iteration 4
	μ = -1.109825494e+00, change: 0.000000000e+00 (converged=True)
	φe Err =  4.027e-11, φe change =  1.007e-02
	ne Err =  5.153e-02, ne change =  2.379e-06
	Q = -9.021e+00 -> -5.966e+00, 
	Zstar guess =  4.507e-01. Current Zstar:  4.507e-01 (converged=True)
	Change =  1.125e-02
__________________________________________
TF Iteration 5
	μ = -1.109825494e+00, change: 0.000000000e+00 (converged=True)
	φe Err =  3.686e-11, φe change =  4.248e-03
	ne Err =  4.589e-02, ne change =  2.538e-06
	Q = -5.966e+00 -> -3.780e+00, 
	Zstar guess =  4.507e-01. Current Zstar:  4.507e-01 (converged=True)
	Change =  4.807e-03
__________________________________________
TF Iteration 6
	μ = -1.109825494e+00, change: 0.000000000e+00 (converged=True)
	φe Err =  3.698e-11, φe change =  1.532e-03
	ne Err =  4.026e-02, ne change =  1.994e-06
	Q = -3.780e+00 -> -2.187e+00, 
	Zstar guess =  4.507e-01. Current Zstar:  4.507e-01 (converged=True)
	Change =  7.803e-04
__________________________________________
TF Iteration 7
	μ = -1.109825494e+00, change: 0.000000000e+00 (converged=True)
	φe Err =  4.106e-11, φe change =  1.685e-03
	ne Err =  3.286e-02, ne change =  1.313e-06
	Q = -2.187e+00 -> -9.892e-01, 
	Zstar guess =  4.507e-01. Current Zstar:  4.507e-01 (converged=True)
	Change =  8.983e-04
__________________________________________
TF Iteration 8
	μ = -1.109825494e+00, change: 0.000000000e+00 (converged=True)
	φe Err =  3.631e-11, φe change =  1.614e-03
	ne Err =  2.566e-02, ne change =  7.573e-07
	Q = -9.892e-01 -> -6.511e-02, 
	Zstar guess =  4.507e-01. Current Zstar:  4.507e-01 (converged=True)
	Change =  1.187e-03
__________________________________________
TF Iteration 9
	μ = -1.109825494e+00, change: 0.000000000e+00 (converged=True)
	φe Err =  3.879e-11, φe change =  1.228e-03
	ne Err =  1.978e-02, ne change =  3.830e-07
	Q = -6.511e-02 ->  6.571e-01, 
	Zstar guess =  4.507e-01. Current Zstar:  4.507e-01 (converged=True)
	Change =  9.489e-04
__________________________________________
TF Iteration 25
	μ = -4.623713283e-01, change: 0.000000000e+00 (converged=True)
	φe Err =  3.989e-11, φe change =  2.000e-04
	ne Err =  7.417e-04, ne change =  2.269e-09
	Q =  2.005e+00 ->  2.023e+00, 
	Zstar guess =  4.507e-01. Current Zstar:  4.507e-01 (converged=True)
	Change =  2.159e-04
__________________________________________
TF Iteration 50
	μ = -1.766157893e-01, change: 2.676577303e-01 (converged=False)
	φe Err =  4.173e-11, φe change =  6.227e-07
	ne Err =  9.992e-03, ne change =  9.606e-10
	Q =  1.445e+00 ->  1.445e+00, 
	Zstar guess =  4.507e-01. Current Zstar:  4.507e-01 (converged=True)
	Change =  2.159e-01
__________________________________________
TF Iteration 75
	μ = -9.676041835e-02, change: 0.000000000e+00 (converged=True)
	φe Err =  3.970e-11, φe change =  3.827e-05
	ne Err =  1.257e-04, ne change =  8.377e-09
	Q =  8.483e-01 ->  8.462e-01, 
	Zstar guess =  4.507e-01. Current Zstar:  4.507e-01 (converged=True)
	Change =  4.229e-05
__________________________________________
TF Iteration 100
	μ = -4.388879740e-02, change: 2.120639694e-01 (converged=False)
	φe Err =  4.033e-11, φe change =  2.250e-07
	ne Err =  2.242e-03, ne change =  5.009e-11
	Q =  5.543e-01 ->  5.536e-01, 
	Zstar guess =  4.507e-01. Current Zstar:  4.507e-01 (converged=True)
	Change =  1.666e-01
__________________________________________
TF Iteration 125
	μ = -3.043218244e-02, change: 0.000000000e+00 (converged=True)
	φe Err =  3.793e-11, φe change =  7.544e-06
	ne Err =  6.662e-05, ne change =  2.139e-09
	Q =  2.383e-01 ->  2.347e-01, 
	Zstar guess =  4.507e-01. Current Zstar:  4.507e-01 (converged=True)
	Change =  8.339e-06
__________________________________________
TF Iteration 150
	μ = -2.287599261e-02, change: 6.428352195e-02 (converged=False)
	φe Err =  3.891e-11, φe change =  3.876e-08
	ne Err =  3.240e-04, ne change =  8.062e-12
	Q =  1.080e-01 ->  1.074e-01, 
	Zstar guess =  4.507e-01. Current Zstar:  4.507e-01 (converged=True)
	Change =  4.694e-02
__________________________________________
TF Iteration 175
	μ = -2.116349800e-02, change: 0.000000000e+00 (converged=True)
	φe Err =  3.948e-11, φe change =  1.014e-06
	ne Err =  1.320e-05, ne change =  2.882e-10
	Q =  3.464e-02 ->  3.386e-02, 
	Zstar guess =  4.507e-01. Current Zstar:  4.507e-01 (converged=True)
	Change =  1.119e-06
__________________________________________
TF Iteration 200
	μ = -2.023498872e-02, change: 9.365511190e-03 (converged=False)
	φe Err =  3.847e-11, φe change =  4.922e-09
	ne Err =  4.029e-05, ne change =  1.332e-12
	Q =  1.398e-02 ->  1.389e-02, 
	Zstar guess =  4.507e-01. Current Zstar:  4.507e-01 (converged=True)
	Change =  6.654e-03
__________________________________________
TF Iteration 225
	μ = -2.002761308e-02, change: 0.000000000e+00 (converged=True)
	φe Err =  4.012e-11, φe change =  1.237e-07
	ne Err =  1.701e-06, ne change =  3.514e-11
	Q =  4.271e-03 ->  4.171e-03, 
	Zstar guess =  4.507e-01. Current Zstar:  4.507e-01 (converged=True)
	Change =  1.365e-07
__________________________________________
TF Iteration 250
	μ = -1.991560601e-02, change: 1.156231815e-03 (converged=False)
	φe Err =  3.846e-11, φe change =  5.972e-10
	ne Err =  4.870e-06, ne change =  1.664e-13
	Q =  1.698e-03 ->  1.686e-03, 
	Zstar guess =  4.507e-01. Current Zstar:  4.507e-01 (converged=True)
	Change =  8.181e-04
__________________________________________
TF Iteration 275
	μ = -1.989062595e-02, change: 0.000000000e+00 (converged=True)
	φe Err =  3.648e-11, φe change =  1.492e-08
	ne Err =  2.066e-07, ne change =  4.237e-12
	Q =  5.156e-04 ->  5.034e-04, 
	Zstar guess =  4.507e-01. Current Zstar:  4.507e-01 (converged=True)
	Change =  1.645e-08
__________________________________________
TF Iteration 300
	μ = -1.987714982e-02, change: 1.394366095e-04 (converged=False)
	φe Err =  3.820e-11, φe change =  7.196e-11
	ne Err =  5.859e-07, ne change =  2.012e-14
	Q =  2.044e-04 ->  2.030e-04, 
	Zstar guess =  4.507e-01. Current Zstar:  4.507e-01 (converged=True)
	Change =  9.860e-05
__________________________________________
TF Iteration 325
	μ = -1.987414763e-02, change: 0.000000000e+00 (converged=True)
	φe Err =  3.890e-11, φe change =  1.789e-09
	ne Err =  2.488e-08, ne change =  5.073e-13
	Q =  6.198e-05 ->  6.052e-05, 
	Zstar guess =  4.507e-01. Current Zstar:  4.507e-01 (converged=True)
	Change =  1.973e-09
__________________________________________
TF Iteration 350
	μ = -1.987252840e-02, change: 1.675850858e-05 (converged=False)
	φe Err =  3.963e-11, φe change =  8.225e-12
	ne Err =  7.039e-08, ne change =  1.670e-15
	Q =  2.457e-05 ->  2.440e-05, 
	Zstar guess =  4.507e-01. Current Zstar:  4.507e-01 (converged=True)
	Change =  1.185e-05
__________________________________________
TF Iteration 375
	μ = -1.987216773e-02, change: 0.000000000e+00 (converged=True)
	φe Err =  3.859e-11, φe change =  2.219e-10
	ne Err =  2.990e-09, ne change =  6.540e-14
	Q =  7.447e-06 ->  7.271e-06, 
	Zstar guess =  4.507e-01. Current Zstar:  4.507e-01 (converged=True)
	Change =  2.444e-10
__________________________________________
TF Iteration 400
	μ = -1.987197321e-02, change: 2.013369648e-06 (converged=True)
	φe Err =  4.022e-11, φe change =  4.409e-12
	ne Err =  8.457e-09, ne change =  2.790e-15
	Q =  2.951e-06 ->  2.931e-06, 
	Zstar guess =  4.507e-01. Current Zstar:  4.507e-01 (converged=True)
	Change =  1.424e-06
__________________________________________
TF Iteration 425
	μ = -1.987192988e-02, change: 0.000000000e+00 (converged=True)
	φe Err =  3.931e-11, φe change =  2.625e-11
	ne Err =  3.592e-10, ne change =  7.262e-15
	Q =  8.946e-07 ->  8.734e-07, 
	Zstar guess =  4.507e-01. Current Zstar:  4.507e-01 (converged=True)
	Change =  2.893e-11
__________________________________________
TF Iteration 439
	μ = -1.987191866e-02, change: 0.000000000e+00 (converged=True)
	φe Err =  3.952e-11, φe change =  1.192e-11
	ne Err =  9.966e-11, ne change =  4.668e-15
	Q =  5.524e-07 ->  5.464e-07, 
	Zstar guess =  4.507e-01. Current Zstar:  4.507e-01 (converged=True)
	Change =  3.906e-12
	-------------------
	Solving IET.
0: Initial condition Total Error: 1.412e+01
Exiting status 0, reverting to best index so far: 2513
Final iter:2514, Total Error: 9.912e-13
	-------------------
	Solving IET.
0: Initial condition Total Error: 1.417e+01
QUIT: Total error infinite.
Exiting status 1, reverting to best index so far: 33
Final iter:43, Total Error: 4.556e-01
Time to solve CS model: 5.626e+01 [s], time so far: 6.122e+01 [s]
CS model saved.
Ee_pot_density = -1.166e-01 [au], Ee_K = 5.857e-02 [au], Ee_tot = -5.808e-02 [au]
P_e = 4.584e-07 [au], 1.349e-04 [Mbar]
Virial if 6.330e+02 = 6.304e+02 --->  off by 4.139e-01 % 

βEe_pot/Z = -5538.019, βEe_K/Z = 2780.502, βEe_tot/Z = -2757.516
βP_e Ω/Z = 0.022
