
===========================================
===========================================
Starting case: Ar: Te = 0.825 eV, Ti = 0.825 eV 

T[K]:  9572.29942731547
________________________
Generating NPA
T:  0.03031365318911527
Using More TF fit for initial Zstar = 0.695
	Intializing grid
Initializing, True
Initializing
	Creating Integral Equation Solver
Intialized Potentials and Densities
Initialized
Time to setup correlation sphere (IS) model: 1.784e+00 [s], time so far: 1.784e+00 [s]
Beginning self-consistent electron solver.
_________________________________
__________________________________________
TF Iteration 0
	μ = -1.296276384e+00, change: 1.750626851e+01 (converged=False)
	φe Err =  3.856e-11, φe change =  9.760e-01
	ne Err =  9.734e-02, ne change =  4.264e-06
	Q =  0.000e+00 -> -3.025e+01, 
	Zstar guess =  6.946e-01. Current Zstar:  6.946e-01 (converged=True)
	Change =  1.915e+00
__________________________________________
TF Iteration 1
	μ = -1.296276384e+00, change: 0.000000000e+00 (converged=True)
	φe Err =  4.060e-11, φe change =  5.274e-02
	ne Err =  1.855e-01, ne change =  8.817e-06
	Q = -3.025e+01 -> -2.201e+01, 
	Zstar guess =  6.946e-01. Current Zstar:  6.946e-01 (converged=True)
	Change =  5.934e-02
__________________________________________
TF Iteration 2
	μ = -1.296276384e+00, change: 0.000000000e+00 (converged=True)
	φe Err =  4.205e-11, φe change =  1.606e-02
	ne Err =  1.305e-01, ne change =  3.786e-06
	Q = -2.201e+01 -> -1.560e+01, 
	Zstar guess =  6.946e-01. Current Zstar:  6.946e-01 (converged=True)
	Change =  1.584e-02
__________________________________________
TF Iteration 3
	μ = -1.296276384e+00, change: 0.000000000e+00 (converged=True)
	φe Err =  4.109e-11, φe change =  1.820e-02
	ne Err =  8.206e-02, ne change =  5.207e-07
	Q = -1.560e+01 -> -1.078e+01, 
	Zstar guess =  6.946e-01. Current Zstar:  6.946e-01 (converged=True)
	Change =  1.958e-02
__________________________________________
TF Iteration 4
	μ = -1.296276384e+00, change: 0.000000000e+00 (converged=True)
	φe Err =  3.883e-11, φe change =  1.188e-02
	ne Err =  5.856e-02, ne change =  2.530e-06
	Q = -1.078e+01 -> -7.250e+00, 
	Zstar guess =  6.946e-01. Current Zstar:  6.946e-01 (converged=True)
	Change =  1.323e-02
__________________________________________
TF Iteration 5
	μ = -1.296276384e+00, change: 0.000000000e+00 (converged=True)
	φe Err =  3.808e-11, φe change =  5.548e-03
	ne Err =  5.134e-02, ne change =  2.892e-06
	Q = -7.250e+00 -> -4.699e+00, 
	Zstar guess =  6.946e-01. Current Zstar:  6.946e-01 (converged=True)
	Change =  6.302e-03
__________________________________________
TF Iteration 6
	μ = -1.296276384e+00, change: 0.000000000e+00 (converged=True)
	φe Err =  3.966e-11, φe change =  1.982e-03
	ne Err =  4.560e-02, ne change =  2.390e-06
	Q = -4.699e+00 -> -2.831e+00, 
	Zstar guess =  6.946e-01. Current Zstar:  6.946e-01 (converged=True)
	Change =  1.607e-03
__________________________________________
TF Iteration 7
	μ = -1.296276384e+00, change: 0.000000000e+00 (converged=True)
	φe Err =  4.043e-11, φe change =  1.741e-03
	ne Err =  3.794e-02, ne change =  1.652e-06
	Q = -2.831e+00 -> -1.429e+00, 
	Zstar guess =  6.946e-01. Current Zstar:  6.946e-01 (converged=True)
	Change =  6.186e-04
__________________________________________
TF Iteration 8
	μ = -1.296276384e+00, change: 0.000000000e+00 (converged=True)
	φe Err =  3.948e-11, φe change =  1.791e-03
	ne Err =  3.005e-02, ne change =  1.002e-06
	Q = -1.429e+00 -> -3.508e-01, 
	Zstar guess =  6.946e-01. Current Zstar:  6.946e-01 (converged=True)
	Change =  1.211e-03
__________________________________________
TF Iteration 9
	μ = -1.296276384e+00, change: 0.000000000e+00 (converged=True)
	φe Err =  3.950e-11, φe change =  1.450e-03
	ne Err =  2.333e-02, ne change =  5.397e-07
	Q = -3.508e-01 ->  4.906e-01, 
	Zstar guess =  6.946e-01. Current Zstar:  6.946e-01 (converged=True)
	Change =  1.082e-03
__________________________________________
TF Iteration 25
	μ = -5.252721773e-01, change: 0.000000000e+00 (converged=True)
	φe Err =  3.992e-11, φe change =  2.262e-04
	ne Err =  8.021e-04, ne change =  4.490e-09
	Q =  2.128e+00 ->  2.149e+00, 
	Zstar guess =  6.946e-01. Current Zstar:  6.946e-01 (converged=True)
	Change =  2.436e-04
__________________________________________
TF Iteration 50
	μ = -2.078772748e-01, change: 2.505608740e-01 (converged=False)
	φe Err =  3.918e-11, φe change =  7.147e-07
	ne Err =  1.018e-02, ne change =  1.128e-09
	Q =  1.514e+00 ->  1.514e+00, 
	Zstar guess =  6.946e-01. Current Zstar:  6.946e-01 (converged=True)
	Change =  2.005e-01
__________________________________________
TF Iteration 75
	μ = -1.289561406e-01, change: 0.000000000e+00 (converged=True)
	φe Err =  3.859e-11, φe change =  4.197e-05
	ne Err =  1.441e-04, ne change =  6.750e-09
	Q =  7.702e-01 ->  7.634e-01, 
	Zstar guess =  6.946e-01. Current Zstar:  6.946e-01 (converged=True)
	Change =  4.560e-05
__________________________________________
TF Iteration 100
	μ = -8.716500232e-02, change: 8.647811396e-02 (converged=False)
	φe Err =  3.684e-11, φe change =  3.487e-07
	ne Err =  1.365e-03, ne change =  9.511e-11
	Q =  3.717e-01 ->  3.699e-01, 
	Zstar guess =  6.946e-01. Current Zstar:  6.946e-01 (converged=True)
	Change =  6.385e-02
__________________________________________
TF Iteration 125
	μ = -7.874787352e-02, change: 0.000000000e+00 (converged=True)
	φe Err =  3.897e-11, φe change =  5.092e-06
	ne Err =  4.388e-05, ne change =  8.877e-10
	Q =  1.118e-01 ->  1.089e-01, 
	Zstar guess =  6.946e-01. Current Zstar:  6.946e-01 (converged=True)
	Change =  5.496e-06
__________________________________________
TF Iteration 150
	μ = -7.468415655e-02, change: 1.038864213e-02 (converged=False)
	φe Err =  3.999e-11, φe change =  4.167e-08
	ne Err =  1.340e-04, ne change =  7.200e-12
	Q =  4.092e-02 ->  4.060e-02, 
	Zstar guess =  6.946e-01. Current Zstar:  6.946e-01 (converged=True)
	Change =  7.384e-03
__________________________________________
TF Iteration 175
	μ = -7.389272131e-02, change: 0.000000000e+00 (converged=True)
	φe Err =  3.974e-11, φe change =  4.873e-07
	ne Err =  4.710e-06, ne change =  8.502e-11
	Q =  1.094e-02 ->  1.064e-02, 
	Zstar guess =  6.946e-01. Current Zstar:  6.946e-01 (converged=True)
	Change =  5.254e-07
__________________________________________
TF Iteration 200
	μ = -7.351343604e-02, change: 9.916261525e-04 (converged=False)
	φe Err =  3.911e-11, φe change =  3.972e-09
	ne Err =  1.253e-05, ne change =  6.500e-13
	Q =  3.869e-03 ->  3.837e-03, 
	Zstar guess =  6.946e-01. Current Zstar:  6.946e-01 (converged=True)
	Change =  7.015e-04
__________________________________________
TF Iteration 225
	μ = -7.343989237e-02, change: 0.000000000e+00 (converged=True)
	φe Err =  4.030e-11, φe change =  4.534e-08
	ne Err =  4.448e-07, ne change =  7.913e-12
	Q =  1.021e-03 ->  9.920e-04, 
	Zstar guess =  6.946e-01. Current Zstar:  6.946e-01 (converged=True)
	Change =  4.888e-08
__________________________________________
TF Iteration 250
	μ = -7.340471002e-02, change: 9.222424606e-05 (converged=False)
	φe Err =  4.078e-11, φe change =  3.657e-10
	ne Err =  1.163e-06, ne change =  6.227e-14
	Q =  3.593e-04 ->  3.564e-04, 
	Zstar guess =  6.946e-01. Current Zstar:  6.946e-01 (converged=True)
	Change =  6.522e-05
__________________________________________
TF Iteration 275
	μ = -7.339788549e-02, change: 0.000000000e+00 (converged=True)
	φe Err =  3.904e-11, φe change =  4.205e-09
	ne Err =  4.130e-08, ne change =  7.331e-13
	Q =  9.475e-05 ->  9.209e-05, 
	Zstar guess =  6.946e-01. Current Zstar:  6.946e-01 (converged=True)
	Change =  4.534e-09
__________________________________________
TF Iteration 300
	μ = -7.339461997e-02, change: 8.561933927e-06 (converged=True)
	φe Err =  3.977e-11, φe change =  4.478e-11
	ne Err =  1.080e-07, ne change =  2.862e-15
	Q =  3.336e-05 ->  3.308e-05, 
	Zstar guess =  6.946e-01. Current Zstar:  6.946e-01 (converged=True)
	Change =  6.054e-06
__________________________________________
TF Iteration 325
	μ = -7.339398651e-02, change: 0.000000000e+00 (converged=True)
	φe Err =  4.048e-11, φe change =  3.881e-10
	ne Err =  3.833e-09, ne change =  6.671e-14
	Q =  8.795e-06 ->  8.548e-06, 
	Zstar guess =  6.946e-01. Current Zstar:  6.946e-01 (converged=True)
	Change =  4.184e-10
__________________________________________
TF Iteration 350
	μ = -7.339368339e-02, change: 7.947550813e-07 (converged=True)
	φe Err =  3.935e-11, φe change =  4.815e-12
	ne Err =  1.002e-08, ne change =  1.876e-15
	Q =  3.096e-06 ->  3.071e-06, 
	Zstar guess =  6.946e-01. Current Zstar:  6.946e-01 (converged=True)
	Change =  5.620e-07
__________________________________________
TF Iteration 375
	μ = -7.339362459e-02, change: 0.000000000e+00 (converged=True)
	φe Err =  4.257e-11, φe change =  3.592e-11
	ne Err =  3.558e-10, ne change =  5.462e-15
	Q =  8.164e-07 ->  7.934e-07, 
	Zstar guess =  6.946e-01. Current Zstar:  6.946e-01 (converged=True)
	Change =  3.873e-11
__________________________________________
TF Iteration 389
	μ = -7.339361058e-02, change: 0.000000000e+00 (converged=True)
	φe Err =  4.116e-11, φe change =  2.515e-12
	ne Err =  9.731e-11, ne change =  2.977e-16
	Q =  4.735e-07 ->  4.672e-07, 
	Zstar guess =  6.946e-01. Current Zstar:  6.946e-01 (converged=True)
	Change =  1.218e-12
	-------------------
	Solving IET.
0: Initial condition Total Error: 1.337e+01
Exiting status 0, reverting to best index so far: 288
Final iter:289, Total Error: 9.024e-13
	-------------------
	Solving IET.
0: Initial condition Total Error: 1.338e+01
Exiting status 0, reverting to best index so far: 288
Final iter:289, Total Error: 9.521e-13
Time to solve CS model: 4.384e+01 [s], time so far: 4.562e+01 [s]
CS model saved.
Ee_pot_density = -1.166e-01 [au], Ee_K = 5.856e-02 [au], Ee_tot = -5.808e-02 [au]
P_e = 1.777e-06 [au], 5.228e-04 [Mbar]
Virial if 6.329e+02 = 6.303e+02 --->  off by 4.139e-01 % 

βEe_pot/Z = -2310.321, βEe_K/Z = 1159.995, βEe_tot/Z = -1150.326
βP_e Ω/Z = 0.035
