
===========================================
===========================================
Starting case: Ar: Te = 0.041 eV, Ti = 0.041 eV 

T[K]:  471.3214478001543
________________________
Generating NPA
T:  0.0014925854563674534
Using More TF fit for initial Zstar = 0.237
	Intializing grid
Initializing, True
Initializing
	Creating Integral Equation Solver
Intialized Potentials and Densities
Initialized
Time to setup correlation sphere (IS) model: 3.846e+00 [s], time so far: 3.846e+00 [s]
Beginning self-consistent electron solver.
_________________________________
__________________________________________
TF Iteration 0
	μ = -7.428415940e-01, change: 2.361020636e+02 (converged=False)
	φe Err =  3.702e-11, φe change =  9.373e-01
	ne Err =  4.763e-02, ne change =  3.213e-06
	Q =  0.000e+00 -> -1.348e+01, 
	Zstar guess =  2.372e-01. Current Zstar:  2.372e-01 (converged=True)
	Change =  1.928e+00
__________________________________________
TF Iteration 1
	μ = -7.428415940e-01, change: 0.000000000e+00 (converged=True)
	φe Err =  3.839e-11, φe change =  3.170e-02
	ne Err =  1.225e-01, ne change =  4.843e-06
	Q = -1.348e+01 -> -8.943e+00, 
	Zstar guess =  2.372e-01. Current Zstar:  2.372e-01 (converged=True)
	Change =  3.544e-02
__________________________________________
TF Iteration 2
	μ = -7.428415940e-01, change: 0.000000000e+00 (converged=True)
	φe Err =  4.121e-11, φe change =  1.283e-02
	ne Err =  7.649e-02, ne change =  1.348e-06
	Q = -8.943e+00 -> -5.568e+00, 
	Zstar guess =  2.372e-01. Current Zstar:  2.372e-01 (converged=True)
	Change =  1.327e-02
__________________________________________
TF Iteration 3
	μ = -7.428415940e-01, change: 0.000000000e+00 (converged=True)
	φe Err =  4.044e-11, φe change =  1.126e-02
	ne Err =  4.279e-02, ne change =  1.080e-06
	Q = -5.568e+00 -> -3.240e+00, 
	Zstar guess =  2.372e-01. Current Zstar:  2.372e-01 (converged=True)
	Change =  1.228e-02
__________________________________________
TF Iteration 4
	μ = -7.428415940e-01, change: 0.000000000e+00 (converged=True)
	φe Err =  4.009e-11, φe change =  5.324e-03
	ne Err =  3.320e-02, ne change =  1.781e-06
	Q = -3.240e+00 -> -1.697e+00, 
	Zstar guess =  2.372e-01. Current Zstar:  2.372e-01 (converged=True)
	Change =  6.005e-03
__________________________________________
TF Iteration 5
	μ = -7.428415940e-01, change: 0.000000000e+00 (converged=True)
	φe Err =  3.719e-11, φe change =  1.396e-03
	ne Err =  2.978e-02, ne change =  1.539e-06
	Q = -1.697e+00 -> -6.569e-01, 
	Zstar guess =  2.372e-01. Current Zstar:  2.372e-01 (converged=True)
	Change =  1.350e-03
__________________________________________
TF Iteration 6
	μ = -7.428415940e-01, change: 0.000000000e+00 (converged=True)
	φe Err =  3.999e-11, φe change =  1.223e-03
	ne Err =  2.427e-02, ne change =  1.022e-06
	Q = -6.569e-01 ->  9.022e-02, 
	Zstar guess =  2.372e-01. Current Zstar:  2.372e-01 (converged=True)
	Change =  6.923e-04
__________________________________________
TF Iteration 7
	μ = -7.428415940e-01, change: 0.000000000e+00 (converged=True)
	φe Err =  4.018e-11, φe change =  1.289e-03
	ne Err =  1.845e-02, ne change =  5.773e-07
	Q =  9.022e-02 ->  6.570e-01, 
	Zstar guess =  2.372e-01. Current Zstar:  2.372e-01 (converged=True)
	Change =  1.050e-03
__________________________________________
TF Iteration 8
	μ = -7.428415940e-01, change: 0.000000000e+00 (converged=True)
	φe Err =  4.009e-11, φe change =  9.437e-04
	ne Err =  1.383e-02, ne change =  2.883e-07
	Q =  6.570e-01 ->  1.097e+00, 
	Zstar guess =  2.372e-01. Current Zstar:  2.372e-01 (converged=True)
	Change =  7.977e-04
__________________________________________
TF Iteration 9
	μ = -7.428415940e-01, change: 0.000000000e+00 (converged=True)
	φe Err =  4.014e-11, φe change =  5.929e-04
	ne Err =  1.052e-02, ne change =  1.280e-07
	Q =  1.097e+00 ->  1.441e+00, 
	Zstar guess =  2.372e-01. Current Zstar:  2.372e-01 (converged=True)
	Change =  4.861e-04
__________________________________________
TF Iteration 25
	μ = -3.400148418e-01, change: 0.000000000e+00 (converged=True)
	φe Err =  4.102e-11, φe change =  1.445e-04
	ne Err =  4.702e-04, ne change =  1.058e-08
	Q =  1.726e+00 ->  1.734e+00, 
	Zstar guess =  2.372e-01. Current Zstar:  2.372e-01 (converged=True)
	Change =  1.567e-04
__________________________________________
TF Iteration 50
	μ = -1.307489500e-01, change: 2.698436016e-01 (converged=False)
	φe Err =  3.781e-11, φe change =  5.658e-07
	ne Err =  8.002e-03, ne change =  6.501e-10
	Q =  1.236e+00 ->  1.236e+00, 
	Zstar guess =  2.372e-01. Current Zstar:  2.372e-01 (converged=True)
	Change =  2.179e-01
__________________________________________
TF Iteration 75
	μ = -6.943205612e-02, change: 0.000000000e+00 (converged=True)
	φe Err =  3.892e-11, φe change =  2.795e-05
	ne Err =  1.354e-04, ne change =  7.569e-09
	Q =  7.440e-01 ->  7.421e-01, 
	Zstar guess =  2.372e-01. Current Zstar:  2.372e-01 (converged=True)
	Change =  3.115e-05
__________________________________________
TF Iteration 100
	μ = -2.517841732e-02, change: 2.973809826e-01 (converged=False)
	φe Err =  3.844e-11, φe change =  8.823e-08
	ne Err =  2.280e-03, ne change =  1.858e-11
	Q =  5.262e-01 ->  5.261e-01, 
	Zstar guess =  2.372e-01. Current Zstar:  2.372e-01 (converged=True)
	Change =  2.433e-01
__________________________________________
TF Iteration 125
	μ = -1.143480965e-02, change: 0.000000000e+00 (converged=True)
	φe Err =  3.941e-11, φe change =  6.852e-06
	ne Err =  6.700e-05, ne change =  2.851e-09
	Q =  3.065e-01 ->  3.056e-01, 
	Zstar guess =  2.372e-01. Current Zstar:  2.372e-01 (converged=True)
	Change =  7.704e-06
__________________________________________
TF Iteration 150
	μ = -2.027956434e-03, change: 5.108445000e-01 (converged=False)
	φe Err =  3.982e-11, φe change =  8.972e-08
	ne Err =  5.528e-04, ne change =  2.187e-11
	Q =  1.956e-01 ->  1.953e-01, 
	Zstar guess =  2.372e-01. Current Zstar:  2.372e-01 (converged=True)
	Change =  4.589e-01
__________________________________________
TF Iteration 175
	μ = 3.946198044e-04, change: 0.000000000e+00 (converged=True)
	φe Err =  3.832e-11, φe change =  1.361e-06
	ne Err =  2.629e-05, ne change =  5.889e-10
	Q =  8.119e-02 ->  7.996e-02, 
	Zstar guess =  2.372e-01. Current Zstar:  2.372e-01 (converged=True)
	Change =  1.523e-06
__________________________________________
TF Iteration 200
	μ = 1.776297108e-03, change: 1.958537187e-01 (converged=False)
	φe Err =  4.169e-11, φe change =  2.030e-08
	ne Err =  8.726e-05, ne change =  4.962e-12
	Q =  3.631e-02 ->  3.611e-02, 
	Zstar guess =  2.372e-01. Current Zstar:  2.372e-01 (converged=True)
	Change =  1.256e-01
__________________________________________
TF Iteration 225
	μ = 2.098425187e-03, change: 0.000000000e+00 (converged=True)
	φe Err =  3.873e-11, φe change =  1.854e-07
	ne Err =  4.985e-06, ne change =  7.985e-11
	Q =  1.180e-02 ->  1.155e-02, 
	Zstar guess =  2.372e-01. Current Zstar:  2.372e-01 (converged=True)
	Change =  2.074e-07
__________________________________________
TF Iteration 250
	μ = 2.278190881e-03, change: 1.679886453e-02 (converged=False)
	φe Err =  4.021e-11, φe change =  2.758e-09
	ne Err =  1.160e-05, ne change =  6.750e-13
	Q =  4.871e-03 ->  4.841e-03, 
	Zstar guess =  2.372e-01. Current Zstar:  2.372e-01 (converged=True)
	Change =  1.178e-02
__________________________________________
TF Iteration 275
	μ = 2.319740682e-03, change: 0.000000000e+00 (converged=True)
	φe Err =  3.941e-11, φe change =  2.398e-08
	ne Err =  6.696e-07, ne change =  1.032e-11
	Q =  1.538e-03 ->  1.505e-03, 
	Zstar guess =  2.372e-01. Current Zstar:  2.372e-01 (converged=True)
	Change =  2.682e-08
__________________________________________
TF Iteration 300
	μ = 2.342870406e-03, change: 2.069883840e-03 (converged=False)
	φe Err =  3.852e-11, φe change =  3.544e-10
	ne Err =  1.496e-06, ne change =  8.866e-14
	Q =  6.291e-04 ->  6.252e-04, 
	Zstar guess =  2.372e-01. Current Zstar:  2.372e-01 (converged=True)
	Change =  1.462e-03
__________________________________________
TF Iteration 325
	μ = 2.348210749e-03, change: 0.000000000e+00 (converged=True)
	φe Err =  3.724e-11, φe change =  3.088e-09
	ne Err =  8.650e-08, ne change =  1.331e-12
	Q =  1.979e-04 ->  1.936e-04, 
	Zstar guess =  2.372e-01. Current Zstar:  2.372e-01 (converged=True)
	Change =  3.454e-09
__________________________________________
TF Iteration 350
	μ = 2.351182664e-03, change: 2.645192280e-04 (converged=False)
	φe Err =  4.117e-11, φe change =  4.915e-11
	ne Err =  1.923e-07, ne change =  9.728e-15
	Q =  8.088e-05 ->  8.037e-05, 
	Zstar guess =  2.372e-01. Current Zstar:  2.372e-01 (converged=True)
	Change =  1.870e-04
__________________________________________
TF Iteration 375
	μ = 2.351868759e-03, change: 0.000000000e+00 (converged=True)
	φe Err =  3.976e-11, φe change =  3.960e-10
	ne Err =  1.112e-08, ne change =  1.713e-13
	Q =  2.543e-05 ->  2.488e-05, 
	Zstar guess =  2.372e-01. Current Zstar:  2.372e-01 (converged=True)
	Change =  4.429e-10
__________________________________________
TF Iteration 400
	μ = 2.352250562e-03, change: 3.395916872e-05 (converged=False)
	φe Err =  4.093e-11, φe change =  5.199e-12
	ne Err =  2.471e-08, ne change =  1.256e-15
	Q =  1.039e-05 ->  1.033e-05, 
	Zstar guess =  2.372e-01. Current Zstar:  2.372e-01 (converged=True)
	Change =  2.401e-05
__________________________________________
TF Iteration 425
	μ = 2.352338702e-03, change: 0.000000000e+00 (converged=True)
	φe Err =  3.968e-11, φe change =  4.860e-11
	ne Err =  1.429e-09, ne change =  2.211e-14
	Q =  3.266e-06 ->  3.196e-06, 
	Zstar guess =  2.372e-01. Current Zstar:  2.372e-01 (converged=True)
	Change =  5.349e-11
__________________________________________
TF Iteration 450
	μ = 2.352387751e-03, change: 4.362225358e-06 (converged=True)
	φe Err =  4.197e-11, φe change =  8.144e-12
	ne Err =  3.174e-09, ne change =  2.263e-15
	Q =  1.335e-06 ->  1.326e-06, 
	Zstar guess =  2.372e-01. Current Zstar:  2.372e-01 (converged=True)
	Change =  3.085e-06
__________________________________________
TF Iteration 470
	μ = 2.352394559e-03, change: 0.000000000e+00 (converged=True)
	φe Err =  3.847e-11, φe change =  3.124e-12
	ne Err =  9.221e-11, ne change =  1.078e-15
	Q =  5.922e-07 ->  5.874e-07, 
	Zstar guess =  2.372e-01. Current Zstar:  2.372e-01 (converged=True)
	Change =  1.933e-12
	-------------------
	Solving IET.
0: Initial condition Total Error: 5.131e+01
Exiting status 0, reverting to best index so far: 855
Final iter:856, Total Error: 9.717e-13
	-------------------
	Solving IET.
0: Initial condition Total Error: 5.135e+01
Exiting status 0, reverting to best index so far: 849
Final iter:850, Total Error: 9.935e-13
Time to solve CS model: 7.568e+01 [s], time so far: 7.952e+01 [s]
CS model saved.
Ee_pot_density = -1.166e-01 [au], Ee_K = 5.857e-02 [au], Ee_tot = -5.808e-02 [au]
P_e = 3.382e-08 [au], 9.951e-06 [Mbar]
Virial if 6.330e+02 = 6.304e+02 --->  off by 4.139e-01 % 

βEe_pot/Z = -46925.235, βEe_K/Z = 23559.742, βEe_tot/Z = -23365.493
βP_e Ω/Z = 0.014
