
===========================================
===========================================
Starting case: Ar: Te = 2.778 eV, Ti = 2.778 eV 

T[K]:  32234.00642056579
________________________
Generating NPA
T:  0.10207897265942299
Using More TF fit for initial Zstar = 1.389
	Intializing grid
Initializing, True
Initializing
	Creating Integral Equation Solver
Intialized Potentials and Densities
Initialized
Time to setup correlation sphere (IS) model: 5.918e-01 [s], time so far: 5.919e-01 [s]
Beginning self-consistent electron solver.
_________________________________
__________________________________________
TF Iteration 0
	μ = -1.616013439e+00, change: 3.572824603e+00 (converged=False)
	φe Err =  3.762e-11, φe change =  9.858e-01
	ne Err =  8.001e-02, ne change =  4.311e-06
	Q =  0.000e+00 -> -2.219e+01, 
	Zstar guess =  1.389e+00. Current Zstar:  1.389e+00 (converged=True)
	Change =  1.746e+00
__________________________________________
TF Iteration 1
	μ = -1.616013439e+00, change: 0.000000000e+00 (converged=True)
	φe Err =  4.014e-11, φe change =  5.201e-02
	ne Err =  1.782e-01, ne change =  8.690e-06
	Q = -2.219e+01 -> -1.558e+01, 
	Zstar guess =  1.389e+00. Current Zstar:  1.389e+00 (converged=True)
	Change =  5.849e-02
__________________________________________
TF Iteration 2
	μ = -1.616013439e+00, change: 0.000000000e+00 (converged=True)
	φe Err =  3.989e-11, φe change =  1.625e-02
	ne Err =  1.234e-01, ne change =  3.665e-06
	Q = -1.558e+01 -> -1.046e+01, 
	Zstar guess =  1.389e+00. Current Zstar:  1.389e+00 (converged=True)
	Change =  1.614e-02
__________________________________________
TF Iteration 3
	μ = -1.616013439e+00, change: 0.000000000e+00 (converged=True)
	φe Err =  4.058e-11, φe change =  1.770e-02
	ne Err =  7.579e-02, ne change =  5.063e-07
	Q = -1.046e+01 -> -6.685e+00, 
	Zstar guess =  1.389e+00. Current Zstar:  1.389e+00 (converged=True)
	Change =  1.904e-02
__________________________________________
TF Iteration 4
	μ = -1.616013439e+00, change: 0.000000000e+00 (converged=True)
	φe Err =  3.927e-11, φe change =  1.122e-02
	ne Err =  5.305e-02, ne change =  2.395e-06
	Q = -6.685e+00 -> -3.975e+00, 
	Zstar guess =  1.389e+00. Current Zstar:  1.389e+00 (converged=True)
	Change =  1.248e-02
__________________________________________
TF Iteration 5
	μ = -1.616013439e+00, change: 0.000000000e+00 (converged=True)
	φe Err =  3.882e-11, φe change =  5.089e-03
	ne Err =  4.614e-02, ne change =  2.712e-06
	Q = -3.975e+00 -> -2.053e+00, 
	Zstar guess =  1.389e+00. Current Zstar:  1.389e+00 (converged=True)
	Change =  5.774e-03
__________________________________________
TF Iteration 6
	μ = -1.616013439e+00, change: 0.000000000e+00 (converged=True)
	φe Err =  3.759e-11, φe change =  1.758e-03
	ne Err =  4.070e-02, ne change =  2.234e-06
	Q = -2.053e+00 -> -6.676e-01, 
	Zstar guess =  1.389e+00. Current Zstar:  1.389e+00 (converged=True)
	Change =  1.408e-03
__________________________________________
TF Iteration 7
	μ = -1.616013439e+00, change: 0.000000000e+00 (converged=True)
	φe Err =  3.746e-11, φe change =  1.560e-03
	ne Err =  3.366e-02, ne change =  1.550e-06
	Q = -6.676e-01 ->  3.631e-01, 
	Zstar guess =  1.389e+00. Current Zstar:  1.389e+00 (converged=True)
	Change =  5.904e-04
__________________________________________
TF Iteration 8
	μ = -1.616013439e+00, change: 0.000000000e+00 (converged=True)
	φe Err =  3.812e-11, φe change =  1.599e-03
	ne Err =  2.653e-02, ne change =  9.538e-07
	Q =  3.631e-01 ->  1.152e+00, 
	Zstar guess =  1.389e+00. Current Zstar:  1.389e+00 (converged=True)
	Change =  1.100e-03
__________________________________________
TF Iteration 9
	μ = -1.616013439e+00, change: 0.000000000e+00 (converged=True)
	φe Err =  3.780e-11, φe change =  1.292e-03
	ne Err =  2.052e-02, ne change =  5.287e-07
	Q =  1.152e+00 ->  1.766e+00, 
	Zstar guess =  1.389e+00. Current Zstar:  1.389e+00 (converged=True)
	Change =  9.757e-04
__________________________________________
TF Iteration 25
	μ = -7.038326279e-01, change: 0.000000000e+00 (converged=True)
	φe Err =  3.892e-11, φe change =  2.691e-04
	ne Err =  6.421e-04, ne change =  1.693e-08
	Q =  2.320e+00 ->  2.331e+00, 
	Zstar guess =  1.389e+00. Current Zstar:  1.389e+00 (converged=True)
	Change =  2.851e-04
__________________________________________
TF Iteration 50
	μ = -4.134129175e-01, change: 1.041906168e-01 (converged=False)
	φe Err =  4.078e-11, φe change =  1.469e-06
	ne Err =  5.625e-03, ne change =  1.603e-09
	Q =  1.153e+00 ->  1.147e+00, 
	Zstar guess =  1.389e+00. Current Zstar:  1.389e+00 (converged=True)
	Change =  7.761e-02
__________________________________________
TF Iteration 75
	μ = -3.729337952e-01, change: 0.000000000e+00 (converged=True)
	φe Err =  4.149e-11, φe change =  2.087e-05
	ne Err =  1.458e-04, ne change =  2.505e-10
	Q =  2.664e-01 ->  2.567e-01, 
	Zstar guess =  1.389e+00. Current Zstar:  1.389e+00 (converged=True)
	Change =  2.154e-05
__________________________________________
TF Iteration 100
	μ = -3.587093983e-01, change: 6.315307357e-03 (converged=False)
	φe Err =  4.042e-11, φe change =  1.304e-07
	ne Err =  2.770e-04, ne change =  9.557e-11
	Q =  7.191e-02 ->  7.103e-02, 
	Zstar guess =  1.389e+00. Current Zstar:  1.389e+00 (converged=True)
	Change =  4.480e-03
__________________________________________
TF Iteration 125
	μ = -3.567991997e-01, change: 0.000000000e+00 (converged=True)
	φe Err =  3.881e-11, φe change =  1.010e-06
	ne Err =  8.028e-06, ne change =  1.281e-11
	Q =  1.337e-02 ->  1.283e-02, 
	Zstar guess =  1.389e+00. Current Zstar:  1.389e+00 (converged=True)
	Change =  1.040e-06
__________________________________________
TF Iteration 150
	μ = -3.561278511e-01, change: 3.024649759e-04 (converged=False)
	φe Err =  4.094e-11, φe change =  6.324e-09
	ne Err =  1.313e-05, ne change =  4.553e-12
	Q =  3.441e-03 ->  3.398e-03, 
	Zstar guess =  1.389e+00. Current Zstar:  1.389e+00 (converged=True)
	Change =  2.139e-04
__________________________________________
TF Iteration 175
	μ = -3.560375167e-01, change: 0.000000000e+00 (converged=True)
	φe Err =  3.849e-11, φe change =  4.784e-08
	ne Err =  3.824e-07, ne change =  6.100e-13
	Q =  6.344e-04 ->  6.086e-04, 
	Zstar guess =  1.389e+00. Current Zstar:  1.389e+00 (converged=True)
	Change =  4.926e-08
__________________________________________
TF Iteration 200
	μ = -3.560057631e-01, change: 1.431748321e-05 (converged=False)
	φe Err =  4.134e-11, φe change =  2.987e-10
	ne Err =  6.210e-07, ne change =  2.189e-13
	Q =  1.629e-04 ->  1.608e-04, 
	Zstar guess =  1.389e+00. Current Zstar:  1.389e+00 (converged=True)
	Change =  1.012e-05
__________________________________________
TF Iteration 225
	μ = -3.560014900e-01, change: 0.000000000e+00 (converged=True)
	φe Err =  4.117e-11, φe change =  2.263e-09
	ne Err =  1.809e-08, ne change =  2.798e-14
	Q =  3.001e-05 ->  2.879e-05, 
	Zstar guess =  1.389e+00. Current Zstar:  1.389e+00 (converged=True)
	Change =  2.330e-09
__________________________________________
TF Iteration 250
	μ = -3.559999880e-01, change: 6.772792933e-07 (converged=True)
	φe Err =  3.935e-11, φe change =  1.435e-11
	ne Err =  2.937e-08, ne change =  1.076e-14
	Q =  7.704e-06 ->  7.608e-06, 
	Zstar guess =  1.389e+00. Current Zstar:  1.389e+00 (converged=True)
	Change =  4.789e-07
__________________________________________
TF Iteration 275
	μ = -3.559997859e-01, change: 0.000000000e+00 (converged=True)
	φe Err =  3.729e-11, φe change =  1.079e-10
	ne Err =  8.558e-10, ne change =  4.372e-15
	Q =  1.420e-06 ->  1.362e-06, 
	Zstar guess =  1.389e+00. Current Zstar:  1.389e+00 (converged=True)
	Change =  1.111e-10
__________________________________________
TF Iteration 300
	μ = -3.559997262e-01, change: 0.000000000e+00 (converged=True)
	φe Err =  4.025e-11, φe change =  9.390e-12
	ne Err =  8.343e-11, ne change =  1.198e-15
	Q =  3.704e-07 ->  3.644e-07, 
	Zstar guess =  1.389e+00. Current Zstar:  1.389e+00 (converged=True)
	Change =  5.046e-12
	-------------------
	Solving IET.
0: Initial condition Total Error: 1.565e+01
Exiting status 0, reverting to best index so far: 292
Final iter:293, Total Error: 9.326e-13
	-------------------
	Solving IET.
0: Initial condition Total Error: 1.566e+01
Exiting status 0, reverting to best index so far: 293
Final iter:294, Total Error: 9.068e-13
Time to solve CS model: 8.051e+00 [s], time so far: 8.643e+00 [s]
CS model saved.
Ee_pot_density = -1.166e-01 [au], Ee_K = 5.855e-02 [au], Ee_tot = -5.803e-02 [au]
P_e = 1.286e-05 [au], 3.783e-03 [Mbar]
Virial if 6.328e+02 = 6.302e+02 --->  off by 4.140e-01 % 

βEe_pot/Z = -685.708, βEe_K/Z = 344.387, βEe_tot/Z = -341.321
βP_e Ω/Z = 0.076
