
===========================================
===========================================
Starting case: Ar: Te = 0.049 eV, Ti = 0.049 eV 

T[K]:  572.3805730852622
________________________
Generating NPA
T:  0.0018126205011077174
Using More TF fit for initial Zstar = 0.245
	Intializing grid
Initializing, True
Initializing
	Creating Integral Equation Solver
Intialized Potentials and Densities
Initialized
Time to setup correlation sphere (IS) model: 5.895e-01 [s], time so far: 5.896e-01 [s]
Beginning self-consistent electron solver.
_________________________________
__________________________________________
TF Iteration 0
	μ = -7.609014291e-01, change: 2.582239719e+02 (converged=False)
	φe Err =  3.923e-11, φe change =  9.391e-01
	ne Err =  4.923e-02, ne change =  3.252e-06
	Q =  0.000e+00 -> -1.406e+01, 
	Zstar guess =  2.450e-01. Current Zstar:  2.450e-01 (converged=True)
	Change =  1.930e+00
__________________________________________
TF Iteration 1
	μ = -7.609014291e-01, change: 0.000000000e+00 (converged=True)
	φe Err =  3.869e-11, φe change =  3.243e-02
	ne Err =  1.248e-01, ne change =  4.982e-06
	Q = -1.406e+01 -> -9.386e+00, 
	Zstar guess =  2.450e-01. Current Zstar:  2.450e-01 (converged=True)
	Change =  3.627e-02
__________________________________________
TF Iteration 2
	μ = -7.609014291e-01, change: 0.000000000e+00 (converged=True)
	φe Err =  4.174e-11, φe change =  1.299e-02
	ne Err =  7.844e-02, ne change =  1.423e-06
	Q = -9.386e+00 -> -5.903e+00, 
	Zstar guess =  2.450e-01. Current Zstar:  2.450e-01 (converged=True)
	Change =  1.342e-02
__________________________________________
TF Iteration 3
	μ = -7.609014291e-01, change: 0.000000000e+00 (converged=True)
	φe Err =  3.939e-11, φe change =  1.153e-02
	ne Err =  4.412e-02, ne change =  1.072e-06
	Q = -5.903e+00 -> -3.487e+00, 
	Zstar guess =  2.450e-01. Current Zstar:  2.450e-01 (converged=True)
	Change =  1.257e-02
__________________________________________
TF Iteration 4
	μ = -7.609014291e-01, change: 0.000000000e+00 (converged=True)
	φe Err =  3.997e-11, φe change =  5.551e-03
	ne Err =  3.405e-02, ne change =  1.816e-06
	Q = -3.487e+00 -> -1.876e+00, 
	Zstar guess =  2.450e-01. Current Zstar:  2.450e-01 (converged=True)
	Change =  6.258e-03
__________________________________________
TF Iteration 5
	μ = -7.609014291e-01, change: 0.000000000e+00 (converged=True)
	φe Err =  3.893e-11, φe change =  1.503e-03
	ne Err =  3.060e-02, ne change =  1.588e-06
	Q = -1.876e+00 -> -7.844e-01, 
	Zstar guess =  2.450e-01. Current Zstar:  2.450e-01 (converged=True)
	Change =  1.494e-03
__________________________________________
TF Iteration 6
	μ = -7.609014291e-01, change: 0.000000000e+00 (converged=True)
	φe Err =  3.930e-11, φe change =  1.224e-03
	ne Err =  2.507e-02, ne change =  1.065e-06
	Q = -7.844e-01 -> -7.746e-04, 
	Zstar guess =  2.450e-01. Current Zstar:  2.450e-01 (converged=True)
	Change =  6.490e-04
__________________________________________
TF Iteration 7
	μ = -7.609014291e-01, change: 0.000000000e+00 (converged=True)
	φe Err =  3.900e-11, φe change =  1.319e-03
	ne Err =  1.914e-02, ne change =  6.064e-07
	Q = -7.746e-04 ->  5.931e-01, 
	Zstar guess =  2.450e-01. Current Zstar:  2.450e-01 (converged=True)
	Change =  1.062e-03
__________________________________________
TF Iteration 8
	μ = -7.609014291e-01, change: 0.000000000e+00 (converged=True)
	φe Err =  3.733e-11, φe change =  9.806e-04
	ne Err =  1.438e-02, ne change =  3.046e-07
	Q =  5.931e-01 ->  1.054e+00, 
	Zstar guess =  2.450e-01. Current Zstar:  2.450e-01 (converged=True)
	Change =  8.249e-04
__________________________________________
TF Iteration 9
	μ = -7.609014291e-01, change: 0.000000000e+00 (converged=True)
	φe Err =  3.808e-11, φe change =  6.229e-04
	ne Err =  1.094e-02, ne change =  1.351e-07
	Q =  1.054e+00 ->  1.415e+00, 
	Zstar guess =  2.450e-01. Current Zstar:  2.450e-01 (converged=True)
	Change =  5.099e-04
__________________________________________
TF Iteration 25
	μ = -3.466064341e-01, change: 0.000000000e+00 (converged=True)
	φe Err =  4.002e-11, φe change =  1.475e-04
	ne Err =  4.836e-04, ne change =  1.026e-08
	Q =  1.743e+00 ->  1.751e+00, 
	Zstar guess =  2.450e-01. Current Zstar:  2.450e-01 (converged=True)
	Change =  1.599e-04
__________________________________________
TF Iteration 50
	μ = -1.331896316e-01, change: 2.698593149e-01 (converged=False)
	φe Err =  3.890e-11, φe change =  5.699e-07
	ne Err =  8.123e-03, ne change =  6.670e-10
	Q =  1.248e+00 ->  1.248e+00, 
	Zstar guess =  2.450e-01. Current Zstar:  2.450e-01 (converged=True)
	Change =  2.179e-01
__________________________________________
TF Iteration 75
	μ = -7.077549451e-02, change: 0.000000000e+00 (converged=True)
	φe Err =  4.105e-11, φe change =  2.846e-05
	ne Err =  1.357e-04, ne change =  7.637e-09
	Q =  7.513e-01 ->  7.493e-01, 
	Zstar guess =  2.450e-01. Current Zstar:  2.450e-01 (converged=True)
	Change =  3.171e-05
__________________________________________
TF Iteration 100
	μ = -2.578042486e-02, change: 2.957915543e-01 (converged=False)
	φe Err =  3.992e-11, φe change =  9.237e-08
	ne Err =  2.307e-03, ne change =  2.030e-11
	Q =  5.311e-01 ->  5.311e-01, 
	Zstar guess =  2.450e-01. Current Zstar:  2.450e-01 (converged=True)
	Change =  2.418e-01
__________________________________________
TF Iteration 125
	μ = -1.183684161e-02, change: 0.000000000e+00 (converged=True)
	φe Err =  3.900e-11, φe change =  6.960e-06
	ne Err =  6.720e-05, ne change =  2.874e-09
	Q =  3.085e-01 ->  3.075e-01, 
	Zstar guess =  2.450e-01. Current Zstar:  2.450e-01 (converged=True)
	Change =  7.824e-06
__________________________________________
TF Iteration 150
	μ = -2.354077589e-03, change: 4.747891020e-01 (converged=False)
	φe Err =  3.809e-11, φe change =  8.497e-08
	ne Err =  5.498e-04, ne change =  2.198e-11
	Q =  1.946e-01 ->  1.944e-01, 
	Zstar guess =  2.450e-01. Current Zstar:  2.450e-01 (converged=True)
	Change =  4.203e-01
__________________________________________
TF Iteration 175
	μ = 8.433488678e-05, change: 0.000000000e+00 (converged=True)
	φe Err =  3.960e-11, φe change =  1.369e-06
	ne Err =  2.597e-05, ne change =  5.867e-10
	Q =  7.994e-02 ->  7.871e-02, 
	Zstar guess =  2.450e-01. Current Zstar:  2.450e-01 (converged=True)
	Change =  1.532e-06
__________________________________________
TF Iteration 200
	μ = 1.483966273e-03, change: 2.489497151e-01 (converged=False)
	φe Err =  4.034e-11, φe change =  1.925e-08
	ne Err =  8.686e-05, ne change =  4.950e-12
	Q =  3.586e-02 ->  3.566e-02, 
	Zstar guess =  2.450e-01. Current Zstar:  2.450e-01 (converged=True)
	Change =  1.556e-01
__________________________________________
TF Iteration 225
	μ = 1.812849910e-03, change: 0.000000000e+00 (converged=True)
	φe Err =  3.983e-11, φe change =  1.890e-07
	ne Err =  4.878e-06, ne change =  8.072e-11
	Q =  1.174e-02 ->  1.150e-02, 
	Zstar guess =  2.450e-01. Current Zstar:  2.450e-01 (converged=True)
	Change =  2.114e-07
__________________________________________
TF Iteration 250
	μ = 1.997648026e-03, change: 1.982626994e-02 (converged=False)
	φe Err =  3.994e-11, φe change =  2.661e-09
	ne Err =  1.170e-05, ne change =  6.809e-13
	Q =  4.880e-03 ->  4.851e-03, 
	Zstar guess =  2.450e-01. Current Zstar:  2.450e-01 (converged=True)
	Change =  1.388e-02
__________________________________________
TF Iteration 275
	μ = 2.040694793e-03, change: 0.000000000e+00 (converged=True)
	φe Err =  3.946e-11, φe change =  2.482e-08
	ne Err =  6.648e-07, ne change =  1.059e-11
	Q =  1.553e-03 ->  1.520e-03, 
	Zstar guess =  2.450e-01. Current Zstar:  2.450e-01 (converged=True)
	Change =  2.776e-08
__________________________________________
TF Iteration 300
	μ = 2.064822185e-03, change: 2.459971784e-03 (converged=False)
	φe Err =  4.077e-11, φe change =  3.448e-10
	ne Err =  1.531e-06, ne change =  9.112e-14
	Q =  6.397e-04 ->  6.357e-04, 
	Zstar guess =  2.450e-01. Current Zstar:  2.450e-01 (converged=True)
	Change =  1.737e-03
__________________________________________
TF Iteration 325
	μ = 2.070436312e-03, change: 0.000000000e+00 (converged=True)
	φe Err =  3.839e-11, φe change =  3.242e-09
	ne Err =  8.715e-08, ne change =  1.385e-12
	Q =  2.028e-04 ->  1.985e-04, 
	Zstar guess =  2.450e-01. Current Zstar:  2.450e-01 (converged=True)
	Change =  3.626e-09
__________________________________________
TF Iteration 350
	μ = 2.073581947e-03, change: 3.186455448e-04 (converged=False)
	φe Err =  4.169e-11, φe change =  4.314e-11
	ne Err =  1.997e-07, ne change =  1.269e-14
	Q =  8.344e-05 ->  8.292e-05, 
	Zstar guess =  2.450e-01. Current Zstar:  2.450e-01 (converged=True)
	Change =  2.253e-04
__________________________________________
TF Iteration 375
	μ = 2.074313754e-03, change: 0.000000000e+00 (converged=True)
	φe Err =  3.824e-11, φe change =  4.260e-10
	ne Err =  1.137e-08, ne change =  1.821e-13
	Q =  2.644e-05 ->  2.587e-05, 
	Zstar guess =  2.450e-01. Current Zstar:  2.450e-01 (converged=True)
	Change =  4.768e-10
__________________________________________
TF Iteration 400
	μ = 2.074723765e-03, change: 4.149859746e-05 (converged=False)
	φe Err =  3.933e-11, φe change =  1.345e-11
	ne Err =  2.603e-08, ne change =  7.911e-16
	Q =  1.088e-05 ->  1.081e-05, 
	Zstar guess =  2.450e-01. Current Zstar:  2.450e-01 (converged=True)
	Change =  2.934e-05
__________________________________________
TF Iteration 425
	μ = 2.074819152e-03, change: 0.000000000e+00 (converged=True)
	φe Err =  3.982e-11, φe change =  5.805e-11
	ne Err =  1.482e-09, ne change =  2.631e-14
	Q =  3.446e-06 ->  3.373e-06, 
	Zstar guess =  2.450e-01. Current Zstar:  2.450e-01 (converged=True)
	Change =  6.481e-11
__________________________________________
TF Iteration 450
	μ = 2.074872594e-03, change: 5.408465682e-06 (converged=True)
	φe Err =  4.148e-11, φe change =  5.347e-12
	ne Err =  3.393e-09, ne change =  1.916e-15
	Q =  1.418e-06 ->  1.409e-06, 
	Zstar guess =  2.450e-01. Current Zstar:  2.450e-01 (converged=True)
	Change =  3.824e-06
__________________________________________
TF Iteration 470
	μ = 2.074880059e-03, change: 0.000000000e+00 (converged=True)
	φe Err =  3.950e-11, φe change =  5.458e-12
	ne Err =  9.625e-11, ne change =  1.188e-15
	Q =  6.325e-07 ->  6.275e-07, 
	Zstar guess =  2.450e-01. Current Zstar:  2.450e-01 (converged=True)
	Change =  3.150e-12
	-------------------
	Solving IET.
0: Initial condition Total Error: 6.778e+06
QUIT: Total error infinite.
Exiting status 1, reverting to best index so far: 1
Final iter:21, Total Error: 3.828e+03
	-------------------
	Solving IET.
0: Initial condition Total Error: 1.542e+03
QUIT: Total error infinite.
Exiting status 1, reverting to best index so far: 8
Final iter:21, Total Error: 2.042e+01
Time to solve CS model: 6.278e+01 [s], time so far: 6.337e+01 [s]
CS model saved.
Ee_pot_density = -1.166e-01 [au], Ee_K = 5.857e-02 [au], Ee_tot = -5.808e-02 [au]
P_e = 3.981e-08 [au], 1.171e-05 [Mbar]
Virial if 6.330e+02 = 6.304e+02 --->  off by 4.139e-01 % 

βEe_pot/Z = -38640.141, βEe_K/Z = 19400.050, βEe_tot/Z = -19240.091
βP_e Ω/Z = 0.013
