
===========================================
===========================================
Starting case: Ar: Te = 0.616 eV, Ti = 0.616 eV 

T[K]:  7152.613400946228
________________________
Generating NPA
T:  0.022650967375025942
Using More TF fit for initial Zstar = 0.597
	Intializing grid
Initializing, True
Initializing
	Creating Integral Equation Solver
Intialized Potentials and Densities
Initialized
Time to setup correlation sphere (IS) model: 1.589e+00 [s], time so far: 1.589e+00 [s]
Beginning self-consistent electron solver.
_________________________________
__________________________________________
TF Iteration 0
	μ = -1.233656825e+00, change: 2.603369357e+01 (converged=False)
	φe Err =  3.751e-11, φe change =  9.730e-01
	ne Err =  9.426e-02, ne change =  4.183e-06
	Q =  0.000e+00 -> -2.957e+01, 
	Zstar guess =  5.965e-01. Current Zstar:  5.965e-01 (converged=True)
	Change =  1.929e+00
__________________________________________
TF Iteration 1
	μ = -1.233656825e+00, change: 0.000000000e+00 (converged=True)
	φe Err =  4.198e-11, φe change =  5.109e-02
	ne Err =  1.812e-01, ne change =  8.504e-06
	Q = -2.957e+01 -> -2.149e+01, 
	Zstar guess =  5.965e-01. Current Zstar:  5.965e-01 (converged=True)
	Change =  5.747e-02
__________________________________________
TF Iteration 2
	μ = -1.233656825e+00, change: 0.000000000e+00 (converged=True)
	φe Err =  4.156e-11, φe change =  1.586e-02
	ne Err =  1.267e-01, ne change =  3.580e-06
	Q = -2.149e+01 -> -1.520e+01, 
	Zstar guess =  5.965e-01. Current Zstar:  5.965e-01 (converged=True)
	Change =  1.570e-02
__________________________________________
TF Iteration 3
	μ = -1.233656825e+00, change: 0.000000000e+00 (converged=True)
	φe Err =  4.106e-11, φe change =  1.773e-02
	ne Err =  7.929e-02, ne change =  5.849e-07
	Q = -1.520e+01 -> -1.049e+01, 
	Zstar guess =  5.965e-01. Current Zstar:  5.965e-01 (converged=True)
	Change =  1.909e-02
__________________________________________
TF Iteration 4
	μ = -1.233656825e+00, change: 0.000000000e+00 (converged=True)
	φe Err =  3.935e-11, φe change =  1.140e-02
	ne Err =  5.680e-02, ne change =  2.496e-06
	Q = -1.049e+01 -> -7.053e+00, 
	Zstar guess =  5.965e-01. Current Zstar:  5.965e-01 (converged=True)
	Change =  1.271e-02
__________________________________________
TF Iteration 5
	μ = -1.233656825e+00, change: 0.000000000e+00 (converged=True)
	φe Err =  3.886e-11, φe change =  5.197e-03
	ne Err =  5.003e-02, ne change =  2.801e-06
	Q = -7.053e+00 -> -4.572e+00, 
	Zstar guess =  5.965e-01. Current Zstar:  5.965e-01 (converged=True)
	Change =  5.901e-03
__________________________________________
TF Iteration 6
	μ = -1.233656825e+00, change: 0.000000000e+00 (converged=True)
	φe Err =  3.788e-11, φe change =  1.845e-03
	ne Err =  4.432e-02, ne change =  2.285e-06
	Q = -4.572e+00 -> -2.756e+00, 
	Zstar guess =  5.965e-01. Current Zstar:  5.965e-01 (converged=True)
	Change =  1.375e-03
__________________________________________
TF Iteration 7
	μ = -1.233656825e+00, change: 0.000000000e+00 (converged=True)
	φe Err =  4.000e-11, φe change =  1.733e-03
	ne Err =  3.671e-02, ne change =  1.559e-06
	Q = -2.756e+00 -> -1.392e+00, 
	Zstar guess =  5.965e-01. Current Zstar:  5.965e-01 (converged=True)
	Change =  7.069e-04
__________________________________________
TF Iteration 8
	μ = -1.233656825e+00, change: 0.000000000e+00 (converged=True)
	φe Err =  4.057e-11, φe change =  1.753e-03
	ne Err =  2.897e-02, ne change =  9.333e-07
	Q = -1.392e+00 -> -3.414e-01, 
	Zstar guess =  5.965e-01. Current Zstar:  5.965e-01 (converged=True)
	Change =  1.215e-03
__________________________________________
TF Iteration 9
	μ = -1.233656825e+00, change: 0.000000000e+00 (converged=True)
	φe Err =  3.982e-11, φe change =  1.396e-03
	ne Err =  2.245e-02, ne change =  4.939e-07
	Q = -3.414e-01 ->  4.785e-01, 
	Zstar guess =  5.965e-01. Current Zstar:  5.965e-01 (converged=True)
	Change =  1.052e-03
__________________________________________
TF Iteration 25
	μ = -5.026797935e-01, change: 0.000000000e+00 (converged=True)
	φe Err =  4.011e-11, φe change =  2.172e-04
	ne Err =  7.967e-04, ne change =  2.628e-09
	Q =  2.085e+00 ->  2.105e+00, 
	Zstar guess =  5.965e-01. Current Zstar:  5.965e-01 (converged=True)
	Change =  2.342e-04
__________________________________________
TF Iteration 50
	μ = -1.948278210e-01, change: 2.602255178e-01 (converged=False)
	φe Err =  3.883e-11, φe change =  6.632e-07
	ne Err =  1.028e-02, ne change =  1.065e-09
	Q =  1.496e+00 ->  1.496e+00, 
	Zstar guess =  5.965e-01. Current Zstar:  5.965e-01 (converged=True)
	Change =  2.092e-01
__________________________________________
TF Iteration 75
	μ = -1.133835771e-01, change: 0.000000000e+00 (converged=True)
	φe Err =  4.056e-11, φe change =  4.165e-05
	ne Err =  1.273e-04, ne change =  7.733e-09
	Q =  8.250e-01 ->  8.208e-01, 
	Zstar guess =  5.965e-01. Current Zstar:  5.965e-01 (converged=True)
	Change =  4.560e-05
__________________________________________
TF Iteration 100
	μ = -6.610131087e-02, change: 1.285714681e-01 (converged=False)
	φe Err =  4.040e-11, φe change =  3.239e-07
	ne Err =  1.701e-03, ne change =  7.542e-11
	Q =  4.536e-01 ->  4.520e-01, 
	Zstar guess =  5.965e-01. Current Zstar:  5.965e-01 (converged=True)
	Change =  9.693e-02
__________________________________________
TF Iteration 125
	μ = -5.576868292e-02, change: 0.000000000e+00 (converged=True)
	φe Err =  3.752e-11, φe change =  6.147e-06
	ne Err =  5.430e-05, ne change =  1.299e-09
	Q =  1.538e-01 ->  1.504e-01, 
	Zstar guess =  5.965e-01. Current Zstar:  5.965e-01 (converged=True)
	Change =  6.694e-06
__________________________________________
TF Iteration 150
	μ = -5.049694852e-02, change: 2.031179291e-02 (converged=False)
	φe Err =  4.003e-11, φe change =  4.694e-08
	ne Err =  1.916e-04, ne change =  3.328e-12
	Q =  6.048e-02 ->  6.006e-02, 
	Zstar guess =  5.965e-01. Current Zstar:  5.965e-01 (converged=True)
	Change =  1.451e-02
__________________________________________
TF Iteration 175
	μ = -4.940802493e-02, change: 0.000000000e+00 (converged=True)
	φe Err =  4.039e-11, φe change =  6.658e-07
	ne Err =  7.099e-06, ne change =  1.408e-10
	Q =  1.727e-02 ->  1.682e-02, 
	Zstar guess =  5.965e-01. Current Zstar:  5.965e-01 (converged=True)
	Change =  7.241e-07
__________________________________________
TF Iteration 200
	μ = -4.885989621e-02, change: 2.215433308e-03 (converged=False)
	φe Err =  3.781e-11, φe change =  5.022e-09
	ne Err =  2.001e-05, ne change =  2.804e-13
	Q =  6.428e-03 ->  6.379e-03, 
	Zstar guess =  5.965e-01. Current Zstar:  5.965e-01 (converged=True)
	Change =  1.568e-03
__________________________________________
TF Iteration 225
	μ = -4.874729707e-02, change: 0.000000000e+00 (converged=True)
	φe Err =  3.952e-11, φe change =  6.903e-08
	ne Err =  7.532e-07, ne change =  1.460e-11
	Q =  1.798e-03 ->  1.751e-03, 
	Zstar guess =  5.965e-01. Current Zstar:  5.965e-01 (converged=True)
	Change =  7.507e-08
__________________________________________
TF Iteration 250
	μ = -4.869075989e-02, change: 2.295309589e-04 (converged=False)
	φe Err =  3.910e-11, φe change =  5.173e-10
	ne Err =  2.064e-06, ne change =  2.658e-14
	Q =  6.646e-04 ->  6.595e-04, 
	Zstar guess =  5.965e-01. Current Zstar:  5.965e-01 (converged=True)
	Change =  1.623e-04
__________________________________________
TF Iteration 275
	μ = -4.867915998e-02, change: 0.000000000e+00 (converged=True)
	φe Err =  3.847e-11, φe change =  7.116e-09
	ne Err =  7.772e-08, ne change =  1.505e-12
	Q =  1.854e-04 ->  1.805e-04, 
	Zstar guess =  5.965e-01. Current Zstar:  5.965e-01 (converged=True)
	Change =  7.738e-09
__________________________________________
TF Iteration 300
	μ = -4.867333403e-02, change: 2.366769615e-05 (converged=False)
	φe Err =  3.777e-11, φe change =  5.337e-11
	ne Err =  2.127e-07, ne change =  1.696e-15
	Q =  6.850e-05 ->  6.797e-05, 
	Zstar guess =  5.965e-01. Current Zstar:  5.965e-01 (converged=True)
	Change =  1.674e-05
__________________________________________
TF Iteration 325
	μ = -4.867213858e-02, change: 0.000000000e+00 (converged=True)
	φe Err =  3.783e-11, φe change =  7.289e-10
	ne Err =  8.010e-09, ne change =  1.513e-13
	Q =  1.911e-05 ->  1.860e-05, 
	Zstar guess =  5.965e-01. Current Zstar:  5.965e-01 (converged=True)
	Change =  7.925e-10
__________________________________________
TF Iteration 350
	μ = -4.867153818e-02, change: 2.439269758e-06 (converged=True)
	φe Err =  4.055e-11, φe change =  6.042e-12
	ne Err =  2.192e-08, ne change =  1.517e-15
	Q =  7.059e-06 ->  7.005e-06, 
	Zstar guess =  5.965e-01. Current Zstar:  5.965e-01 (converged=True)
	Change =  1.725e-06
__________________________________________
TF Iteration 375
	μ = -4.867141498e-02, change: 0.000000000e+00 (converged=True)
	φe Err =  3.879e-11, φe change =  8.029e-11
	ne Err =  8.255e-10, ne change =  1.966e-14
	Q =  1.969e-06 ->  1.917e-06, 
	Zstar guess =  5.965e-01. Current Zstar:  5.965e-01 (converged=True)
	Change =  8.674e-11
__________________________________________
TF Iteration 400
	μ = -4.867135310e-02, change: 2.513860442e-07 (converged=True)
	φe Err =  3.905e-11, φe change =  3.995e-12
	ne Err =  2.259e-09, ne change =  1.233e-16
	Q =  7.275e-07 ->  7.219e-07, 
	Zstar guess =  5.965e-01. Current Zstar:  5.965e-01 (converged=True)
	Change =  1.778e-07
__________________________________________
TF Iteration 409
	μ = -4.867135310e-02, change: 0.000000000e+00 (converged=True)
	φe Err =  3.752e-11, φe change =  5.951e-12
	ne Err =  9.189e-11, ne change =  4.209e-15
	Q =  4.721e-07 ->  4.663e-07, 
	Zstar guess =  5.965e-01. Current Zstar:  5.965e-01 (converged=True)
	Change =  9.218e-13
	-------------------
	Solving IET.
0: Initial condition Total Error: 1.335e+01
Exiting status 0, reverting to best index so far: 287
Final iter:288, Total Error: 9.273e-13
	-------------------
	Solving IET.
0: Initial condition Total Error: 1.336e+01
Exiting status 0, reverting to best index so far: 287
Final iter:288, Total Error: 9.945e-13
Time to solve CS model: 4.040e+01 [s], time so far: 4.199e+01 [s]
CS model saved.
Ee_pot_density = -1.166e-01 [au], Ee_K = 5.856e-02 [au], Ee_tot = -5.808e-02 [au]
P_e = 1.121e-06 [au], 3.298e-04 [Mbar]
Virial if 6.330e+02 = 6.303e+02 --->  off by 4.139e-01 % 

βEe_pot/Z = -3091.987, βEe_K/Z = 1552.437, βEe_tot/Z = -1539.550
βP_e Ω/Z = 0.030
