
===========================================
===========================================
Starting case: Ar: Te = 1.477 eV, Ti = 1.477 eV 

T[K]:  17144.282778197507
________________________
Generating NPA
T:  0.05429268549951233
Using More TF fit for initial Zstar = 0.959
	Intializing grid
Initializing, True
Initializing
	Creating Integral Equation Solver
Intialized Potentials and Densities
Initialized
Time to setup correlation sphere (IS) model: 2.312e+00 [s], time so far: 2.312e+00 [s]
Beginning self-consistent electron solver.
_________________________________
__________________________________________
TF Iteration 0
	μ = -1.430324196e+00, change: 8.158036033e+00 (converged=False)
	φe Err =  3.864e-11, φe change =  9.812e-01
	ne Err =  9.636e-02, ne change =  4.361e-06
	Q =  0.000e+00 -> -2.875e+01, 
	Zstar guess =  9.590e-01. Current Zstar:  9.590e-01 (converged=True)
	Change =  1.862e+00
__________________________________________
TF Iteration 1
	μ = -1.430324196e+00, change: 0.000000000e+00 (converged=True)
	φe Err =  4.218e-11, φe change =  5.431e-02
	ne Err =  1.882e-01, ne change =  9.117e-06
	Q = -2.875e+01 -> -2.080e+01, 
	Zstar guess =  9.590e-01. Current Zstar:  9.590e-01 (converged=True)
	Change =  6.112e-02
__________________________________________
TF Iteration 2
	μ = -1.430324196e+00, change: 0.000000000e+00 (converged=True)
	φe Err =  3.989e-11, φe change =  1.632e-02
	ne Err =  1.325e-01, ne change =  3.970e-06
	Q = -2.080e+01 -> -1.460e+01, 
	Zstar guess =  9.590e-01. Current Zstar:  9.590e-01 (converged=True)
	Change =  1.607e-02
__________________________________________
TF Iteration 3
	μ = -1.430324196e+00, change: 0.000000000e+00 (converged=True)
	φe Err =  4.069e-11, φe change =  1.858e-02
	ne Err =  8.336e-02, ne change =  4.542e-07
	Q = -1.460e+01 -> -9.954e+00, 
	Zstar guess =  9.590e-01. Current Zstar:  9.590e-01 (converged=True)
	Change =  1.998e-02
__________________________________________
TF Iteration 4
	μ = -1.430324196e+00, change: 0.000000000e+00 (converged=True)
	φe Err =  3.943e-11, φe change =  1.222e-02
	ne Err =  5.905e-02, ne change =  2.536e-06
	Q = -9.954e+00 -> -6.561e+00, 
	Zstar guess =  9.590e-01. Current Zstar:  9.590e-01 (converged=True)
	Change =  1.359e-02
__________________________________________
TF Iteration 5
	μ = -1.430324196e+00, change: 0.000000000e+00 (converged=True)
	φe Err =  3.788e-11, φe change =  5.800e-03
	ne Err =  5.145e-02, ne change =  2.944e-06
	Q = -6.561e+00 -> -4.112e+00, 
	Zstar guess =  9.590e-01. Current Zstar:  9.590e-01 (converged=True)
	Change =  6.588e-03
__________________________________________
TF Iteration 6
	μ = -1.430324196e+00, change: 0.000000000e+00 (converged=True)
	φe Err =  3.835e-11, φe change =  2.081e-03
	ne Err =  4.575e-02, ne change =  2.462e-06
	Q = -4.112e+00 -> -2.325e+00, 
	Zstar guess =  9.590e-01. Current Zstar:  9.590e-01 (converged=True)
	Change =  1.796e-03
__________________________________________
TF Iteration 7
	μ = -1.430324196e+00, change: 0.000000000e+00 (converged=True)
	φe Err =  4.002e-11, φe change =  1.711e-03
	ne Err =  3.819e-02, ne change =  1.723e-06
	Q = -2.325e+00 -> -9.883e-01, 
	Zstar guess =  9.590e-01. Current Zstar:  9.590e-01 (converged=True)
	Change =  5.214e-04
__________________________________________
TF Iteration 8
	μ = -1.430324196e+00, change: 0.000000000e+00 (converged=True)
	φe Err =  3.905e-11, φe change =  1.785e-03
	ne Err =  3.033e-02, ne change =  1.063e-06
	Q = -9.883e-01 ->  3.760e-02, 
	Zstar guess =  9.590e-01. Current Zstar:  9.590e-01 (converged=True)
	Change =  1.180e-03
__________________________________________
TF Iteration 9
	μ = -1.430324196e+00, change: 0.000000000e+00 (converged=True)
	φe Err =  3.994e-11, φe change =  1.466e-03
	ne Err =  2.358e-02, ne change =  5.851e-07
	Q =  3.760e-02 ->  8.371e-01, 
	Zstar guess =  9.590e-01. Current Zstar:  9.590e-01 (converged=True)
	Change =  1.086e-03
__________________________________________
TF Iteration 25
	μ = -5.843902172e-01, change: 0.000000000e+00 (converged=True)
	φe Err =  4.037e-11, φe change =  2.462e-04
	ne Err =  7.473e-04, ne change =  9.069e-09
	Q =  2.227e+00 ->  2.248e+00, 
	Zstar guess =  9.590e-01. Current Zstar:  9.590e-01 (converged=True)
	Change =  2.641e-04
__________________________________________
TF Iteration 50
	μ = -2.592410572e-01, change: 2.007308157e-01 (converged=False)
	φe Err =  3.836e-11, φe change =  1.016e-06
	ne Err =  8.808e-03, ne change =  1.322e-09
	Q =  1.483e+00 ->  1.481e+00, 
	Zstar guess =  9.590e-01. Current Zstar:  9.590e-01 (converged=True)
	Change =  1.568e-01
__________________________________________
TF Iteration 75
	μ = -1.950303124e-01, change: 0.000000000e+00 (converged=True)
	φe Err =  4.070e-11, φe change =  3.572e-05
	ne Err =  1.852e-04, ne change =  3.458e-09
	Q =  5.487e-01 ->  5.371e-01, 
	Zstar guess =  9.590e-01. Current Zstar:  9.590e-01 (converged=True)
	Change =  3.798e-05
__________________________________________
TF Iteration 100
	μ = -1.670621563e-01, change: 2.930042243e-02 (converged=False)
	φe Err =  3.877e-11, φe change =  2.858e-07
	ne Err =  7.318e-04, ne change =  1.213e-10
	Q =  1.989e-01 ->  1.972e-01, 
	Zstar guess =  9.590e-01. Current Zstar:  9.590e-01 (converged=True)
	Change =  2.102e-02
__________________________________________
TF Iteration 125
	μ = -1.623318736e-01, change: 0.000000000e+00 (converged=True)
	φe Err =  3.698e-11, φe change =  2.821e-06
	ne Err =  2.273e-05, ne change =  2.821e-10
	Q =  4.759e-02 ->  4.607e-02, 
	Zstar guess =  9.590e-01. Current Zstar:  9.590e-01 (converged=True)
	Change =  2.985e-06
__________________________________________
TF Iteration 150
	μ = -1.603293934e-01, change: 2.234555991e-03 (converged=False)
	φe Err =  4.019e-11, φe change =  2.242e-08
	ne Err =  5.275e-05, ne change =  8.679e-12
	Q =  1.496e-02 ->  1.482e-02, 
	Zstar guess =  9.590e-01. Current Zstar:  9.590e-01 (converged=True)
	Change =  1.582e-03
__________________________________________
TF Iteration 175
	μ = -1.599938080e-01, change: 0.000000000e+00 (converged=True)
	φe Err =  3.900e-11, φe change =  2.011e-07
	ne Err =  1.687e-06, ne change =  2.013e-11
	Q =  3.423e-03 ->  3.310e-03, 
	Zstar guess =  9.590e-01. Current Zstar:  9.590e-01 (converged=True)
	Change =  2.127e-07
__________________________________________
TF Iteration 200
	μ = -1.598523041e-01, change: 1.584235725e-04 (converged=False)
	φe Err =  3.976e-11, φe change =  1.595e-09
	ne Err =  3.726e-06, ne change =  6.120e-13
	Q =  1.061e-03 ->  1.051e-03, 
	Zstar guess =  9.590e-01. Current Zstar:  9.590e-01 (converged=True)
	Change =  1.120e-04
__________________________________________
TF Iteration 225
	μ = -1.598286244e-01, change: 0.000000000e+00 (converged=True)
	φe Err =  4.021e-11, φe change =  1.421e-08
	ne Err =  1.193e-07, ne change =  1.424e-12
	Q =  2.418e-04 ->  2.338e-04, 
	Zstar guess =  9.590e-01. Current Zstar:  9.590e-01 (converged=True)
	Change =  1.503e-08
__________________________________________
TF Iteration 250
	μ = -1.598186334e-01, change: 1.119129711e-05 (converged=False)
	φe Err =  4.067e-11, φe change =  1.106e-10
	ne Err =  2.631e-07, ne change =  4.427e-14
	Q =  7.495e-05 ->  7.421e-05, 
	Zstar guess =  9.590e-01. Current Zstar:  9.590e-01 (converged=True)
	Change =  7.914e-06
__________________________________________
TF Iteration 275
	μ = -1.598169612e-01, change: 0.000000000e+00 (converged=True)
	φe Err =  3.867e-11, φe change =  1.004e-09
	ne Err =  8.423e-09, ne change =  1.024e-13
	Q =  1.707e-05 ->  1.651e-05, 
	Zstar guess =  9.590e-01. Current Zstar:  9.590e-01 (converged=True)
	Change =  1.062e-09
__________________________________________
TF Iteration 300
	μ = -1.598162556e-01, change: 7.903714171e-07 (converged=True)
	φe Err =  4.180e-11, φe change =  8.653e-12
	ne Err =  1.858e-08, ne change =  2.695e-15
	Q =  5.293e-06 ->  5.241e-06, 
	Zstar guess =  9.590e-01. Current Zstar:  9.590e-01 (converged=True)
	Change =  5.589e-07
__________________________________________
TF Iteration 325
	μ = -1.598161375e-01, change: 0.000000000e+00 (converged=True)
	φe Err =  3.925e-11, φe change =  6.916e-11
	ne Err =  5.949e-10, ne change =  6.862e-15
	Q =  1.206e-06 ->  1.166e-06, 
	Zstar guess =  9.590e-01. Current Zstar:  9.590e-01 (converged=True)
	Change =  7.307e-11
__________________________________________
TF Iteration 349
	μ = -1.598160966e-01, change: 0.000000000e+00 (converged=True)
	φe Err =  3.940e-11, φe change =  1.061e-11
	ne Err =  9.100e-11, ne change =  4.716e-15
	Q =  3.847e-07 ->  3.786e-07, 
	Zstar guess =  9.590e-01. Current Zstar:  9.590e-01 (converged=True)
	Change =  6.435e-12
	-------------------
	Solving IET.
0: Initial condition Total Error: 1.408e+01
Exiting status 0, reverting to best index so far: 289
Final iter:290, Total Error: 9.592e-13
	-------------------
	Solving IET.
0: Initial condition Total Error: 1.408e+01
Exiting status 0, reverting to best index so far: 289
Final iter:290, Total Error: 9.999e-13
Time to solve CS model: 5.227e+01 [s], time so far: 5.458e+01 [s]
CS model saved.
Ee_pot_density = -1.166e-01 [au], Ee_K = 5.856e-02 [au], Ee_tot = -5.806e-02 [au]
P_e = 4.552e-06 [au], 1.339e-03 [Mbar]
Virial if 6.329e+02 = 6.303e+02 --->  off by 4.139e-01 % 

βEe_pot/Z = -1289.763, βEe_K/Z = 647.626, βEe_tot/Z = -642.136
βP_e Ω/Z = 0.050
