
===========================================
===========================================
Starting case: Ar: Te = 0.088 eV, Ti = 0.088 eV 

T[K]:  1025.1512164065807
________________________
Generating NPA
T:  0.0032464590850418014
Using More TF fit for initial Zstar = 0.278
	Intializing grid
Initializing, True
Initializing
	Creating Integral Equation Solver
Intialized Potentials and Densities
Initialized
Time to setup correlation sphere (IS) model: 2.787e+00 [s], time so far: 2.787e+00 [s]
Beginning self-consistent electron solver.
_________________________________
__________________________________________
TF Iteration 0
	μ = -8.389627329e-01, change: 5.488590881e+02 (converged=False)
	φe Err =  3.726e-11, φe change =  9.464e-01
	ne Err =  5.650e-02, ne change =  3.423e-06
	Q =  0.000e+00 -> -1.666e+01, 
	Zstar guess =  2.779e-01. Current Zstar:  2.779e-01 (converged=True)
	Change =  1.936e+00
__________________________________________
TF Iteration 1
	μ = -8.389627329e-01, change: 0.000000000e+00 (converged=True)
	φe Err =  3.978e-11, φe change =  3.563e-02
	ne Err =  1.350e-01, ne change =  5.584e-06
	Q = -1.666e+01 -> -1.140e+01, 
	Zstar guess =  2.779e-01. Current Zstar:  2.779e-01 (converged=True)
	Change =  3.991e-02
__________________________________________
TF Iteration 2
	μ = -8.389627329e-01, change: 0.000000000e+00 (converged=True)
	φe Err =  3.924e-11, φe change =  1.364e-02
	ne Err =  8.694e-02, ne change =  1.759e-06
	Q = -1.140e+01 -> -7.435e+00, 
	Zstar guess =  2.779e-01. Current Zstar:  2.779e-01 (converged=True)
	Change =  1.400e-02
__________________________________________
TF Iteration 3
	μ = -8.389627329e-01, change: 0.000000000e+00 (converged=True)
	φe Err =  4.065e-11, φe change =  1.269e-02
	ne Err =  5.001e-02, ne change =  1.028e-06
	Q = -7.435e+00 -> -4.624e+00, 
	Zstar guess =  2.779e-01. Current Zstar:  2.779e-01 (converged=True)
	Change =  1.380e-02
__________________________________________
TF Iteration 4
	μ = -8.389627329e-01, change: 0.000000000e+00 (converged=True)
	φe Err =  3.935e-11, φe change =  6.554e-03
	ne Err =  3.783e-02, ne change =  1.964e-06
	Q = -4.624e+00 -> -2.703e+00, 
	Zstar guess =  2.779e-01. Current Zstar:  2.779e-01 (converged=True)
	Change =  7.372e-03
__________________________________________
TF Iteration 5
	μ = -8.389627329e-01, change: 0.000000000e+00 (converged=True)
	φe Err =  4.139e-11, φe change =  2.022e-03
	ne Err =  3.414e-02, ne change =  1.804e-06
	Q = -2.703e+00 -> -1.382e+00, 
	Zstar guess =  2.779e-01. Current Zstar:  2.779e-01 (converged=True)
	Change =  2.162e-03
__________________________________________
TF Iteration 6
	μ = -8.389627329e-01, change: 0.000000000e+00 (converged=True)
	φe Err =  3.561e-11, φe change =  1.231e-03
	ne Err =  2.857e-02, ne change =  1.261e-06
	Q = -1.382e+00 -> -4.313e-01, 
	Zstar guess =  2.779e-01. Current Zstar:  2.779e-01 (converged=True)
	Change =  4.224e-04
__________________________________________
TF Iteration 7
	μ = -8.389627329e-01, change: 0.000000000e+00 (converged=True)
	φe Err =  3.992e-11, φe change =  1.435e-03
	ne Err =  2.220e-02, ne change =  7.442e-07
	Q = -4.313e-01 ->  2.870e-01, 
	Zstar guess =  2.779e-01. Current Zstar:  2.779e-01 (converged=True)
	Change =  1.091e-03
__________________________________________
TF Iteration 8
	μ = -8.389627329e-01, change: 0.000000000e+00 (converged=True)
	φe Err =  3.747e-11, φe change =  1.138e-03
	ne Err =  1.682e-02, ne change =  3.852e-07
	Q =  2.870e-01 ->  8.440e-01, 
	Zstar guess =  2.779e-01. Current Zstar:  2.779e-01 (converged=True)
	Change =  9.356e-04
__________________________________________
TF Iteration 9
	μ = -8.389627329e-01, change: 0.000000000e+00 (converged=True)
	φe Err =  3.823e-11, φe change =  7.568e-04
	ne Err =  1.282e-02, ne change =  1.734e-07
	Q =  8.440e-01 ->  1.279e+00, 
	Zstar guess =  2.779e-01. Current Zstar:  2.779e-01 (converged=True)
	Change =  6.140e-04
__________________________________________
TF Iteration 25
	μ = -3.742851105e-01, change: 0.000000000e+00 (converged=True)
	φe Err =  3.719e-11, φe change =  1.601e-04
	ne Err =  5.428e-04, ne change =  8.758e-09
	Q =  1.812e+00 ->  1.822e+00, 
	Zstar guess =  2.779e-01. Current Zstar:  2.779e-01 (converged=True)
	Change =  1.733e-04
__________________________________________
TF Iteration 50
	μ = -1.434025128e-01, change: 2.699166965e-01 (converged=False)
	φe Err =  3.875e-11, φe change =  5.852e-07
	ne Err =  8.618e-03, ne change =  7.377e-10
	Q =  1.299e+00 ->  1.299e+00, 
	Zstar guess =  2.779e-01. Current Zstar:  2.779e-01 (converged=True)
	Change =  2.180e-01
__________________________________________
TF Iteration 75
	μ = -7.642977049e-02, change: 0.000000000e+00 (converged=True)
	φe Err =  3.901e-11, φe change =  3.063e-05
	ne Err =  1.360e-04, ne change =  7.901e-09
	Q =  7.804e-01 ->  7.784e-01, 
	Zstar guess =  2.779e-01. Current Zstar:  2.779e-01 (converged=True)
	Change =  3.409e-05
__________________________________________
TF Iteration 100
	μ = -2.843339716e-02, change: 2.880809681e-01 (converged=False)
	φe Err =  3.826e-11, φe change =  1.110e-07
	ne Err =  2.409e-03, ne change =  2.746e-11
	Q =  5.504e-01 ->  5.504e-01, 
	Zstar guess =  2.779e-01. Current Zstar:  2.779e-01 (converged=True)
	Change =  2.347e-01
__________________________________________
TF Iteration 125
	μ = -1.378249881e-02, change: 0.000000000e+00 (converged=True)
	φe Err =  3.985e-11, φe change =  7.387e-06
	ne Err =  6.779e-05, ne change =  2.923e-09
	Q =  3.132e-01 ->  3.119e-01, 
	Zstar guess =  2.779e-01. Current Zstar:  2.779e-01 (converged=True)
	Change =  8.294e-06
__________________________________________
TF Iteration 150
	μ = -4.133177446e-03, change: 3.408599944e-01 (converged=False)
	φe Err =  3.849e-11, φe change =  6.274e-08
	ne Err =  5.292e-04, ne change =  2.190e-11
	Q =  1.866e-01 ->  1.862e-01, 
	Zstar guess =  2.779e-01. Current Zstar:  2.779e-01 (converged=True)
	Change =  2.846e-01
__________________________________________
TF Iteration 175
	μ = -1.684717172e-03, change: 0.000000000e+00 (converged=True)
	φe Err =  3.861e-11, φe change =  1.373e-06
	ne Err =  2.443e-05, ne change =  5.593e-10
	Q =  7.315e-02 ->  7.193e-02, 
	Zstar guess =  2.779e-01. Current Zstar:  2.779e-01 (converged=True)
	Change =  1.536e-06
__________________________________________
TF Iteration 200
	μ = -2.653534644e-04, change: 5.323311947e-01 (converged=False)
	φe Err =  3.914e-11, φe change =  1.379e-08
	ne Err =  8.193e-05, ne change =  4.706e-12
	Q =  3.266e-02 ->  3.248e-02, 
	Zstar guess =  2.779e-01. Current Zstar:  2.779e-01 (converged=True)
	Change =  4.822e-01
__________________________________________
TF Iteration 225
	μ = 7.327613562e-05, change: 0.000000000e+00 (converged=True)
	φe Err =  3.994e-11, φe change =  1.942e-07
	ne Err =  4.315e-06, ne change =  7.883e-11
	Q =  1.082e-02 ->  1.060e-02, 
	Zstar guess =  2.779e-01. Current Zstar:  2.779e-01 (converged=True)
	Change =  2.171e-07
__________________________________________
TF Iteration 250
	μ = 2.662902914e-04, change: 1.813641382e-01 (converged=False)
	φe Err =  3.791e-11, φe change =  1.965e-09
	ne Err =  1.129e-05, ne change =  6.702e-13
	Q =  4.557e-03 ->  4.529e-03, 
	Zstar guess =  2.779e-01. Current Zstar:  2.779e-01 (converged=True)
	Change =  1.172e-01
__________________________________________
TF Iteration 275
	μ = 3.120023735e-04, change: 0.000000000e+00 (converged=True)
	φe Err =  3.923e-11, φe change =  2.629e-08
	ne Err =  6.023e-07, ne change =  1.067e-11
	Q =  1.474e-03 ->  1.443e-03, 
	Zstar guess =  2.779e-01. Current Zstar:  2.779e-01 (converged=True)
	Change =  2.939e-08
__________________________________________
TF Iteration 300
	μ = 3.380012791e-04, change: 1.655143537e-02 (converged=False)
	φe Err =  3.952e-11, φe change =  2.658e-10
	ne Err =  1.524e-06, ne change =  8.967e-14
	Q =  6.159e-04 ->  6.122e-04, 
	Zstar guess =  2.779e-01. Current Zstar:  2.779e-01 (converged=True)
	Change =  1.161e-02
__________________________________________
TF Iteration 325
	μ = 3.441527352e-04, change: 0.000000000e+00 (converged=True)
	φe Err =  3.865e-11, φe change =  3.537e-09
	ne Err =  8.142e-08, ne change =  1.434e-12
	Q =  1.986e-04 ->  1.945e-04, 
	Zstar guess =  2.779e-01. Current Zstar:  2.779e-01 (converged=True)
	Change =  3.954e-09
__________________________________________
TF Iteration 350
	μ = 3.476503744e-04, change: 2.133984002e-03 (converged=False)
	φe Err =  3.965e-11, φe change =  3.761e-11
	ne Err =  2.051e-07, ne change =  1.205e-14
	Q =  8.290e-05 ->  8.240e-05, 
	Zstar guess =  2.779e-01. Current Zstar:  2.779e-01 (converged=True)
	Change =  1.507e-03
__________________________________________
TF Iteration 375
	μ = 3.484778360e-04, change: 0.000000000e+00 (converged=True)
	φe Err =  3.944e-11, φe change =  4.725e-10
	ne Err =  1.096e-08, ne change =  1.912e-13
	Q =  2.673e-05 ->  2.616e-05, 
	Zstar guess =  2.779e-01. Current Zstar:  2.779e-01 (converged=True)
	Change =  5.278e-10
__________________________________________
TF Iteration 400
	μ = 3.489483141e-04, change: 2.854527338e-04 (converged=False)
	φe Err =  3.825e-11, φe change =  5.908e-12
	ne Err =  2.758e-08, ne change =  1.589e-15
	Q =  1.115e-05 ->  1.108e-05, 
	Zstar guess =  2.779e-01. Current Zstar:  2.779e-01 (converged=True)
	Change =  2.018e-04
__________________________________________
TF Iteration 425
	μ = 3.490596173e-04, change: 0.000000000e+00 (converged=True)
	φe Err =  3.971e-11, φe change =  6.276e-11
	ne Err =  1.474e-09, ne change =  2.582e-14
	Q =  3.595e-06 ->  3.519e-06, 
	Zstar guess =  2.779e-01. Current Zstar:  2.779e-01 (converged=True)
	Change =  6.991e-11
__________________________________________
TF Iteration 450
	μ = 3.491229009e-04, change: 3.836707921e-05 (converged=False)
	φe Err =  3.899e-11, φe change =  2.642e-12
	ne Err =  3.710e-09, ne change =  9.810e-16
	Q =  1.500e-06 ->  1.491e-06, 
	Zstar guess =  2.779e-01. Current Zstar:  2.779e-01 (converged=True)
	Change =  2.713e-05
__________________________________________
TF Iteration 470
	μ = 3.491318683e-04, change: 0.000000000e+00 (converged=True)
	φe Err =  4.154e-11, φe change =  1.504e-11
	ne Err =  9.666e-11, ne change =  3.763e-15
	Q =  6.777e-07 ->  6.724e-07, 
	Zstar guess =  2.779e-01. Current Zstar:  2.779e-01 (converged=True)
	Change =  7.298e-12
	-------------------
	Solving IET.
0: Initial condition Total Error: 2.619e+01
Exiting status 0, reverting to best index so far: 423
Final iter:424, Total Error: 9.991e-13
	-------------------
	Solving IET.
0: Initial condition Total Error: 2.520e+03
QUIT: Total error infinite.
Exiting status 1, reverting to best index so far: 0
Final iter:21, Total Error: 2.520e+03
Time to solve CS model: 6.788e+01 [s], time so far: 7.067e+01 [s]
CS model saved.
Ee_pot_density = -1.166e-01 [au], Ee_K = 5.857e-02 [au], Ee_tot = -5.808e-02 [au]
P_e = 7.268e-08 [au], 2.138e-05 [Mbar]
Virial if 6.330e+02 = 6.304e+02 --->  off by 4.139e-01 % 

βEe_pot/Z = -21574.227, βEe_K/Z = 10831.778, βEe_tot/Z = -10742.448
βP_e Ω/Z = 0.013
