
===========================================
===========================================
Starting case: Ar: Te = 0.025 eV, Ti = 0.025 eV 

T[K]:  290.0
________________________
Generating NPA
T:  0.0009183748890843914
Using More TF fit for initial Zstar = 0.223
	Intializing grid
Initializing, True
Initializing
	Creating Integral Equation Solver
/home/zach/plasma/average_atom/core/average_atom_new.py:236: RuntimeWarning: invalid value encountered in power
  nb_Mavrin_Demura_func = lambda r: np.nan_to_num(self.Z/(4*π*r_TF**3) * (Φ_Mavrin_Demura(x(r))/x(r) )**1.5)
Intialized Potentials and Densities
Initialized
Time to setup correlation sphere (IS) model: 4.346e-01 [s], time so far: 4.347e-01 [s]
Beginning self-consistent electron solver.
_________________________________
__________________________________________
TF Iteration 0
	μ = -7.129998839e-01, change: 2.118981317e+02 (converged=False)
	φe Err =  3.729e-11, φe change =  9.342e-01
	ne Err =  4.504e-02, ne change =  3.147e-06
	Q =  0.000e+00 -> -1.256e+01, 
	Zstar guess =  2.227e-01. Current Zstar:  2.227e-01 (converged=True)
	Change =  1.925e+00
__________________________________________
TF Iteration 1
	μ = -7.129998839e-01, change: 0.000000000e+00 (converged=True)
	φe Err =  4.274e-11, φe change =  3.049e-02
	ne Err =  1.186e-01, ne change =  4.616e-06
	Q = -1.256e+01 -> -8.229e+00, 
	Zstar guess =  2.227e-01. Current Zstar:  2.227e-01 (converged=True)
	Change =  3.407e-02
__________________________________________
TF Iteration 2
	μ = -7.129998839e-01, change: 0.000000000e+00 (converged=True)
	φe Err =  4.084e-11, φe change =  1.256e-02
	ne Err =  7.327e-02, ne change =  1.228e-06
	Q = -8.229e+00 -> -5.029e+00, 
	Zstar guess =  2.227e-01. Current Zstar:  2.227e-01 (converged=True)
	Change =  1.302e-02
__________________________________________
TF Iteration 3
	μ = -7.129998839e-01, change: 0.000000000e+00 (converged=True)
	φe Err =  3.984e-11, φe change =  1.080e-02
	ne Err =  4.062e-02, ne change =  1.091e-06
	Q = -5.029e+00 -> -2.845e+00, 
	Zstar guess =  2.227e-01. Current Zstar:  2.227e-01 (converged=True)
	Change =  1.179e-02
__________________________________________
TF Iteration 4
	μ = -7.129998839e-01, change: 0.000000000e+00 (converged=True)
	φe Err =  3.900e-11, φe change =  4.953e-03
	ne Err =  3.179e-02, ne change =  1.722e-06
	Q = -2.845e+00 -> -1.414e+00, 
	Zstar guess =  2.227e-01. Current Zstar:  2.227e-01 (converged=True)
	Change =  5.591e-03
__________________________________________
TF Iteration 5
	μ = -7.129998839e-01, change: 0.000000000e+00 (converged=True)
	φe Err =  3.910e-11, φe change =  1.233e-03
	ne Err =  2.842e-02, ne change =  1.458e-06
	Q = -1.414e+00 -> -4.549e-01, 
	Zstar guess =  2.227e-01. Current Zstar:  2.227e-01 (converged=True)
	Change =  1.119e-03
__________________________________________
TF Iteration 6
	μ = -7.129998839e-01, change: 0.000000000e+00 (converged=True)
	φe Err =  3.758e-11, φe change =  1.219e-03
	ne Err =  2.294e-02, ne change =  9.526e-07
	Q = -4.549e-01 ->  2.336e-01, 
	Zstar guess =  2.227e-01. Current Zstar:  2.227e-01 (converged=True)
	Change =  7.561e-04
__________________________________________
TF Iteration 7
	μ = -7.129998839e-01, change: 0.000000000e+00 (converged=True)
	φe Err =  3.794e-11, φe change =  1.238e-03
	ne Err =  1.732e-02, ne change =  5.309e-07
	Q =  2.336e-01 ->  7.569e-01, 
	Zstar guess =  2.227e-01. Current Zstar:  2.227e-01 (converged=True)
	Change =  1.026e-03
__________________________________________
TF Iteration 8
	μ = -7.129998839e-01, change: 0.000000000e+00 (converged=True)
	φe Err =  3.787e-11, φe change =  8.825e-04
	ne Err =  1.295e-02, ne change =  2.630e-07
	Q =  7.569e-01 ->  1.164e+00, 
	Zstar guess =  2.227e-01. Current Zstar:  2.227e-01 (converged=True)
	Change =  7.517e-04
__________________________________________
TF Iteration 9
	μ = -7.129998839e-01, change: 0.000000000e+00 (converged=True)
	φe Err =  4.004e-11, φe change =  5.442e-04
	ne Err =  9.843e-03, ne change =  1.174e-07
	Q =  1.164e+00 ->  1.481e+00, 
	Zstar guess =  2.227e-01. Current Zstar:  2.227e-01 (converged=True)
	Change =  4.472e-04
__________________________________________
TF Iteration 25
	μ = -3.289657689e-01, change: 0.000000000e+00 (converged=True)
	φe Err =  3.940e-11, φe change =  1.395e-04
	ne Err =  4.483e-04, ne change =  1.108e-08
	Q =  1.698e+00 ->  1.704e+00, 
	Zstar guess =  2.227e-01. Current Zstar:  2.227e-01 (converged=True)
	Change =  1.513e-04
__________________________________________
TF Iteration 50
	μ = -1.266481642e-01, change: 2.698217960e-01 (converged=False)
	φe Err =  3.888e-11, φe change =  5.581e-07
	ne Err =  7.799e-03, ne change =  6.220e-10
	Q =  1.214e+00 ->  1.214e+00, 
	Zstar guess =  2.227e-01. Current Zstar:  2.227e-01 (converged=True)
	Change =  2.179e-01
__________________________________________
TF Iteration 75
	μ = -6.717867835e-02, change: 0.000000000e+00 (converged=True)
	φe Err =  3.889e-11, φe change =  2.709e-05
	ne Err =  1.347e-04, ne change =  7.453e-09
	Q =  7.317e-01 ->  7.297e-01, 
	Zstar guess =  2.227e-01. Current Zstar:  2.227e-01 (converged=True)
	Change =  3.021e-05
__________________________________________
TF Iteration 100
	μ = -2.418497889e-02, change: 2.999360055e-01 (converged=False)
	φe Err =  3.810e-11, φe change =  8.151e-08
	ne Err =  2.231e-03, ne change =  1.572e-11
	Q =  5.176e-01 ->  5.175e-01, 
	Zstar guess =  2.227e-01. Current Zstar:  2.227e-01 (converged=True)
	Change =  2.457e-01
__________________________________________
TF Iteration 125
	μ = -1.079579937e-02, change: 0.000000000e+00 (converged=True)
	φe Err =  4.010e-11, φe change =  6.667e-06
	ne Err =  6.669e-05, ne change =  2.807e-09
	Q =  3.025e-01 ->  3.016e-01, 
	Zstar guess =  2.227e-01. Current Zstar:  2.227e-01 (converged=True)
	Change =  7.498e-06
__________________________________________
TF Iteration 150
	μ = -1.541239197e-03, change: 5.763642620e-01 (converged=False)
	φe Err =  3.929e-11, φe change =  9.710e-08
	ne Err =  5.571e-04, ne change =  2.159e-11
	Q =  1.964e-01 ->  1.962e-01, 
	Zstar guess =  2.227e-01. Current Zstar:  2.227e-01 (converged=True)
	Change =  5.307e-01
__________________________________________
TF Iteration 175
	μ = 8.430666019e-04, change: 0.000000000e+00 (converged=True)
	φe Err =  3.789e-11, φe change =  1.343e-06
	ne Err =  2.701e-05, ne change =  5.884e-10
	Q =  8.306e-02 ->  8.181e-02, 
	Zstar guess =  2.227e-01. Current Zstar:  2.227e-01 (converged=True)
	Change =  1.503e-06
__________________________________________
TF Iteration 200
	μ = 2.179003558e-03, change: 1.466569047e-01 (converged=False)
	φe Err =  3.866e-11, φe change =  2.163e-08
	ne Err =  8.699e-05, ne change =  4.933e-12
	Q =  3.666e-02 ->  3.646e-02, 
	Zstar guess =  2.227e-01. Current Zstar:  2.227e-01 (converged=True)
	Change =  9.639e-02
__________________________________________
TF Iteration 225
	μ = 2.484603692e-03, change: 0.000000000e+00 (converged=True)
	φe Err =  4.017e-11, φe change =  1.762e-07
	ne Err =  5.128e-06, ne change =  7.681e-11
	Q =  1.167e-02 ->  1.142e-02, 
	Zstar guess =  2.227e-01. Current Zstar:  2.227e-01 (converged=True)
	Change =  1.970e-07
__________________________________________
TF Iteration 250
	μ = 2.652466015e-03, change: 1.331334800e-02 (converged=False)
	φe Err =  3.812e-11, φe change =  2.820e-09
	ne Err =  1.118e-05, ne change =  6.452e-13
	Q =  4.741e-03 ->  4.711e-03, 
	Zstar guess =  2.227e-01. Current Zstar:  2.227e-01 (converged=True)
	Change =  9.352e-03
__________________________________________
TF Iteration 275
	μ = 2.690581005e-03, change: 0.000000000e+00 (converged=True)
	φe Err =  3.932e-11, φe change =  2.203e-08
	ne Err =  6.636e-07, ne change =  9.600e-12
	Q =  1.469e-03 ->  1.437e-03, 
	Zstar guess =  2.227e-01. Current Zstar:  2.227e-01 (converged=True)
	Change =  2.464e-08
__________________________________________
TF Iteration 300
	μ = 2.711473808e-03, change: 1.601335580e-03 (converged=False)
	φe Err =  3.839e-11, φe change =  3.528e-10
	ne Err =  1.395e-06, ne change =  8.213e-14
	Q =  5.921e-04 ->  5.883e-04, 
	Zstar guess =  2.227e-01. Current Zstar:  2.227e-01 (converged=True)
	Change =  1.131e-03
__________________________________________
TF Iteration 325
	μ = 2.716213517e-03, change: 0.000000000e+00 (converged=True)
	φe Err =  3.958e-11, φe change =  2.739e-09
	ne Err =  8.289e-08, ne change =  1.194e-12
	Q =  1.829e-04 ->  1.789e-04, 
	Zstar guess =  2.227e-01. Current Zstar:  2.227e-01 (converged=True)
	Change =  3.063e-09
__________________________________________
TF Iteration 350
	μ = 2.718810959e-03, change: 1.982490120e-04 (converged=False)
	φe Err =  3.911e-11, φe change =  4.280e-11
	ne Err =  1.735e-07, ne change =  9.762e-15
	Q =  7.364e-05 ->  7.316e-05, 
	Zstar guess =  2.227e-01. Current Zstar:  2.227e-01 (converged=True)
	Change =  1.402e-04
__________________________________________
TF Iteration 375
	μ = 2.719400136e-03, change: 0.000000000e+00 (converged=True)
	φe Err =  3.909e-11, φe change =  3.448e-10
	ne Err =  1.031e-08, ne change =  1.509e-13
	Q =  2.274e-05 ->  2.224e-05, 
	Zstar guess =  2.227e-01. Current Zstar:  2.227e-01 (converged=True)
	Change =  3.860e-10
__________________________________________
TF Iteration 400
	μ = 2.719722991e-03, change: 2.462858423e-05 (converged=False)
	φe Err =  3.936e-11, φe change =  6.543e-12
	ne Err =  2.156e-08, ne change =  4.221e-15
	Q =  9.153e-06 ->  9.094e-06, 
	Zstar guess =  2.227e-01. Current Zstar:  2.227e-01 (converged=True)
	Change =  1.741e-05
__________________________________________
TF Iteration 425
	μ = 2.719796221e-03, change: 0.000000000e+00 (converged=True)
	φe Err =  4.051e-11, φe change =  4.370e-11
	ne Err =  1.282e-09, ne change =  1.882e-14
	Q =  2.826e-06 ->  2.764e-06, 
	Zstar guess =  2.227e-01. Current Zstar:  2.227e-01 (converged=True)
	Change =  4.893e-11
__________________________________________
TF Iteration 450
	μ = 2.719836349e-03, change: 3.060907561e-06 (converged=True)
	φe Err =  3.723e-11, φe change =  1.099e-12
	ne Err =  2.680e-09, ne change =  8.514e-16
	Q =  1.138e-06 ->  1.130e-06, 
	Zstar guess =  2.227e-01. Current Zstar:  2.227e-01 (converged=True)
	Change =  2.164e-06
__________________________________________
TF Iteration 470
	μ = 2.719841835e-03, change: 0.000000000e+00 (converged=True)
	φe Err =  3.783e-11, φe change =  4.023e-12
	ne Err =  8.138e-11, ne change =  4.350e-16
	Q =  4.982e-07 ->  4.941e-07, 
	Zstar guess =  2.227e-01. Current Zstar:  2.227e-01 (converged=True)
	Change =  2.252e-12
/home/zach/plasma/average_atom/core/average_atom_new.py:476: RuntimeWarning: divide by zero encountered in divide
  rel_errs = (np.abs(A @ φe - b)[:-1]/b[:-1])
	-------------------
	Solving IET.
0: Initial condition Total Error: 8.341e+01
Exiting status 0, reverting to best index so far: 762
Final iter:763, Total Error: 9.863e-13
	-------------------
	Solving IET.
0: Initial condition Total Error: 8.342e+01
Exiting status 0, reverting to best index so far: 724
Final iter:725, Total Error: 9.958e-13
Time to solve CS model: 6.608e+01 [s], time so far: 6.652e+01 [s]
CS model saved.
/home/zach/plasma/average_atom/core/average_atom_new.py:476: RuntimeWarning: invalid value encountered in divide
  rel_errs = (np.abs(A @ φe - b)[:-1]/b[:-1])
Ee_pot_density = -1.166e-01 [au], Ee_K = 5.857e-02 [au], Ee_tot = -5.808e-02 [au]
P_e = 2.472e-08 [au], 7.274e-06 [Mbar]
Virial if 6.330e+02 = 6.304e+02 --->  off by 4.139e-01 % 

βEe_pot/Z = -76265.082, βEe_K/Z = 38290.383, βEe_tot/Z = -37974.699
βP_e Ω/Z = 0.016
