
===========================================
===========================================
Starting case: Ar: Te = 0.151 eV, Ti = 0.151 eV 

T[K]:  1749.0372423758884
________________________
Generating NPA
T:  0.005538868563694573
Using More TF fit for initial Zstar = 0.325
	Intializing grid
Initializing, True
Initializing
	Creating Integral Equation Solver
Intialized Potentials and Densities
Initialized
Time to setup correlation sphere (IS) model: 2.649e+00 [s], time so far: 2.649e+00 [s]
Beginning self-consistent electron solver.
_________________________________
__________________________________________
TF Iteration 0
	μ = -9.370283452e-01, change: 4.807968389e+02 (converged=False)
	φe Err =  4.084e-11, φe change =  9.544e-01
	ne Err =  6.628e-02, ne change =  3.633e-06
	Q =  0.000e+00 -> -2.016e+01, 
	Zstar guess =  3.255e-01. Current Zstar:  3.255e-01 (converged=True)
	Change =  1.942e+00
__________________________________________
TF Iteration 1
	μ = -9.370283452e-01, change: 0.000000000e+00 (converged=True)
	φe Err =  3.853e-11, φe change =  3.971e-02
	ne Err =  1.476e-01, ne change =  6.352e-06
	Q = -2.016e+01 -> -1.413e+01, 
	Zstar guess =  3.255e-01. Current Zstar:  3.255e-01 (converged=True)
	Change =  4.454e-02
__________________________________________
TF Iteration 2
	μ = -9.370283452e-01, change: 0.000000000e+00 (converged=True)
	φe Err =  3.988e-11, φe change =  1.436e-02
	ne Err =  9.768e-02, ne change =  2.211e-06
	Q = -1.413e+01 -> -9.524e+00, 
	Zstar guess =  3.255e-01. Current Zstar:  3.255e-01 (converged=True)
	Change =  1.460e-02
__________________________________________
TF Iteration 3
	μ = -9.370283452e-01, change: 0.000000000e+00 (converged=True)
	φe Err =  3.850e-11, φe change =  1.411e-02
	ne Err =  5.768e-02, ne change =  9.454e-07
	Q = -9.524e+00 -> -6.191e+00, 
	Zstar guess =  3.255e-01. Current Zstar:  3.255e-01 (converged=True)
	Change =  1.531e-02
__________________________________________
TF Iteration 4
	μ = -9.370283452e-01, change: 0.000000000e+00 (converged=True)
	φe Err =  3.771e-11, φe change =  7.845e-03
	ne Err =  4.276e-02, ne change =  2.134e-06
	Q = -6.191e+00 -> -3.859e+00, 
	Zstar guess =  3.255e-01. Current Zstar:  3.255e-01 (converged=True)
	Change =  8.802e-03
__________________________________________
TF Iteration 5
	μ = -9.370283452e-01, change: 0.000000000e+00 (converged=True)
	φe Err =  3.779e-11, φe change =  2.779e-03
	ne Err =  3.854e-02, ne change =  2.078e-06
	Q = -3.859e+00 -> -2.227e+00, 
	Zstar guess =  3.255e-01. Current Zstar:  3.255e-01 (converged=True)
	Change =  3.083e-03
__________________________________________
TF Iteration 6
	μ = -9.370283452e-01, change: 0.000000000e+00 (converged=True)
	φe Err =  3.876e-11, φe change =  1.268e-03
	ne Err =  3.297e-02, ne change =  1.522e-06
	Q = -2.227e+00 -> -1.047e+00, 
	Zstar guess =  3.255e-01. Current Zstar:  3.255e-01 (converged=True)
	Change =  5.143e-05
__________________________________________
TF Iteration 7
	μ = -9.370283452e-01, change: 0.000000000e+00 (converged=True)
	φe Err =  4.101e-11, φe change =  1.552e-03
	ne Err =  2.613e-02, ne change =  9.383e-07
	Q = -1.047e+00 -> -1.579e-01, 
	Zstar guess =  3.255e-01. Current Zstar:  3.255e-01 (converged=True)
	Change =  1.072e-03
__________________________________________
TF Iteration 8
	μ = -9.370283452e-01, change: 0.000000000e+00 (converged=True)
	φe Err =  3.820e-11, φe change =  1.328e-03
	ne Err =  2.002e-02, ne change =  5.060e-07
	Q = -1.579e-01 ->  5.299e-01, 
	Zstar guess =  3.255e-01. Current Zstar:  3.255e-01 (converged=True)
	Change =  1.054e-03
__________________________________________
TF Iteration 9
	μ = -9.370283452e-01, change: 0.000000000e+00 (converged=True)
	φe Err =  3.971e-11, φe change =  9.310e-04
	ne Err =  1.531e-02, ne change =  2.368e-07
	Q =  5.299e-01 ->  1.068e+00, 
	Zstar guess =  3.255e-01. Current Zstar:  3.255e-01 (converged=True)
	Change =  7.440e-04
__________________________________________
TF Iteration 25
	μ = -4.073245709e-01, change: 0.000000000e+00 (converged=True)
	φe Err =  4.018e-11, φe change =  1.751e-04
	ne Err =  6.184e-04, ne change =  6.570e-09
	Q =  1.888e+00 ->  1.901e+00, 
	Zstar guess =  3.255e-01. Current Zstar:  3.255e-01 (converged=True)
	Change =  1.894e-04
__________________________________________
TF Iteration 50
	μ = -1.555826144e-01, change: 2.698139175e-01 (converged=False)
	φe Err =  3.735e-11, φe change =  5.996e-07
	ne Err =  9.184e-03, ne change =  8.215e-10
	Q =  1.357e+00 ->  1.357e+00, 
	Zstar guess =  3.255e-01. Current Zstar:  3.255e-01 (converged=True)
	Change =  2.179e-01
__________________________________________
TF Iteration 75
	μ = -8.332777484e-02, change: 0.000000000e+00 (converged=True)
	φe Err =  4.014e-11, φe change =  3.331e-05
	ne Err =  1.342e-04, ne change =  8.172e-09
	Q =  8.121e-01 ->  8.101e-01, 
	Zstar guess =  3.255e-01. Current Zstar:  3.255e-01 (converged=True)
	Change =  3.699e-05
__________________________________________
TF Iteration 100
	μ = -3.217960241e-02, change: 2.737436221e-01 (converged=False)
	φe Err =  4.035e-11, φe change =  1.380e-07
	ne Err =  2.474e-03, ne change =  3.560e-11
	Q =  5.683e-01 ->  5.681e-01, 
	Zstar guess =  3.255e-01. Current Zstar:  3.255e-01 (converged=True)
	Change =  2.215e-01
__________________________________________
TF Iteration 125
	μ = -1.715018319e-02, change: 0.000000000e+00 (converged=True)
	φe Err =  3.955e-11, φe change =  7.774e-06
	ne Err =  6.798e-05, ne change =  2.838e-09
	Q =  3.058e-01 ->  3.036e-01, 
	Zstar guess =  3.255e-01. Current Zstar:  3.255e-01 (converged=True)
	Change =  8.700e-06
__________________________________________
TF Iteration 150
	μ = -7.733192462e-03, change: 2.093819674e-01 (converged=False)
	φe Err =  3.905e-11, φe change =  3.439e-08
	ne Err =  4.791e-04, ne change =  1.977e-11
	Q =  1.670e-01 ->  1.664e-01, 
	Zstar guess =  3.255e-01. Current Zstar:  3.255e-01 (converged=True)
	Change =  1.642e-01
__________________________________________
TF Iteration 175
	μ = -5.411588783e-03, change: 0.000000000e+00 (converged=True)
	φe Err =  3.788e-11, φe change =  1.316e-06
	ne Err =  2.141e-05, ne change =  4.882e-10
	Q =  6.132e-02 ->  6.018e-02, 
	Zstar guess =  3.255e-01. Current Zstar:  3.255e-01 (converged=True)
	Change =  1.469e-06
__________________________________________
TF Iteration 200
	μ = -4.078529818e-03, change: 6.482385982e-02 (converged=False)
	φe Err =  3.816e-11, φe change =  6.815e-09
	ne Err =  7.013e-05, ne change =  3.895e-12
	Q =  2.671e-02 ->  2.655e-02, 
	Zstar guess =  3.255e-01. Current Zstar:  3.255e-01 (converged=True)
	Change =  4.735e-02
__________________________________________
TF Iteration 225
	μ = -3.762466608e-03, change: 0.000000000e+00 (converged=True)
	φe Err =  3.998e-11, φe change =  1.823e-07
	ne Err =  3.427e-06, ne change =  6.747e-11
	Q =  8.742e-03 ->  8.557e-03, 
	Zstar guess =  3.255e-01. Current Zstar:  3.255e-01 (converged=True)
	Change =  2.033e-07
__________________________________________
TF Iteration 250
	μ = -3.583013751e-03, change: 1.047702868e-02 (converged=False)
	φe Err =  4.140e-11, φe change =  9.596e-10
	ne Err =  9.510e-06, ne change =  5.455e-13
	Q =  3.660e-03 ->  3.637e-03, 
	Zstar guess =  3.255e-01. Current Zstar:  3.255e-01 (converged=True)
	Change =  7.447e-03
__________________________________________
TF Iteration 275
	μ = -3.540676504e-03, change: 0.000000000e+00 (converged=True)
	φe Err =  4.060e-11, φe change =  2.447e-08
	ne Err =  4.694e-07, ne change =  9.060e-12
	Q =  1.178e-03 ->  1.153e-03, 
	Zstar guess =  3.255e-01. Current Zstar:  3.255e-01 (converged=True)
	Change =  2.730e-08
__________________________________________
TF Iteration 300
	μ = -3.516674637e-03, change: 1.440162554e-03 (converged=False)
	φe Err =  3.752e-11, φe change =  1.279e-10
	ne Err =  1.273e-06, ne change =  7.226e-14
	Q =  4.906e-04 ->  4.876e-04, 
	Zstar guess =  3.255e-01. Current Zstar:  3.255e-01 (converged=True)
	Change =  1.019e-03
__________________________________________
TF Iteration 325
	μ = -3.511015893e-03, change: 0.000000000e+00 (converged=True)
	φe Err =  3.894e-11, φe change =  3.271e-09
	ne Err =  6.291e-08, ne change =  1.211e-12
	Q =  1.576e-04 ->  1.542e-04, 
	Zstar guess =  3.255e-01. Current Zstar:  3.255e-01 (converged=True)
	Change =  3.648e-09
__________________________________________
TF Iteration 350
	μ = -3.507808110e-03, change: 1.931994919e-04 (converged=False)
	φe Err =  4.122e-11, φe change =  2.080e-11
	ne Err =  1.702e-07, ne change =  6.962e-15
	Q =  6.559e-05 ->  6.518e-05, 
	Zstar guess =  3.255e-01. Current Zstar:  3.255e-01 (converged=True)
	Change =  1.366e-04
__________________________________________
TF Iteration 375
	μ = -3.507051844e-03, change: 0.000000000e+00 (converged=True)
	φe Err =  3.967e-11, φe change =  4.383e-10
	ne Err =  8.411e-09, ne change =  1.659e-13
	Q =  2.107e-05 ->  2.062e-05, 
	Zstar guess =  3.255e-01. Current Zstar:  3.255e-01 (converged=True)
	Change =  4.890e-10
__________________________________________
TF Iteration 400
	μ = -3.506623152e-03, change: 2.583207033e-05 (converged=False)
	φe Err =  3.822e-11, φe change =  1.323e-11
	ne Err =  2.275e-08, ne change =  4.124e-15
	Q =  8.766e-06 ->  8.712e-06, 
	Zstar guess =  3.255e-01. Current Zstar:  3.255e-01 (converged=True)
	Change =  1.827e-05
__________________________________________
TF Iteration 425
	μ = -3.506522087e-03, change: 0.000000000e+00 (converged=True)
	φe Err =  3.934e-11, φe change =  5.777e-11
	ne Err =  1.124e-09, ne change =  2.096e-14
	Q =  2.816e-06 ->  2.755e-06, 
	Zstar guess =  3.255e-01. Current Zstar:  3.255e-01 (converged=True)
	Change =  6.436e-11
__________________________________________
TF Iteration 450
	μ = -3.506464800e-03, change: 3.452247549e-06 (converged=True)
	φe Err =  3.968e-11, φe change =  7.102e-12
	ne Err =  3.040e-09, ne change =  2.855e-15
	Q =  1.171e-06 ->  1.164e-06, 
	Zstar guess =  3.255e-01. Current Zstar:  3.255e-01 (converged=True)
	Change =  2.441e-06
__________________________________________
TF Iteration 469
	μ = -3.506456706e-03, change: 0.000000000e+00 (converged=True)
	φe Err =  3.941e-11, φe change =  3.993e-12
	ne Err =  9.343e-11, ne change =  2.944e-15
	Q =  5.332e-07 ->  5.279e-07, 
	Zstar guess =  3.255e-01. Current Zstar:  3.255e-01 (converged=True)
	Change =  2.976e-12
	-------------------
	Solving IET.
0: Initial condition Total Error: 1.881e+01
Exiting status 0, reverting to best index so far: 420
Final iter:421, Total Error: 9.452e-13
	-------------------
	Solving IET.
0: Initial condition Total Error: 1.907e+01
Exiting status 0, reverting to best index so far: 2396
Final iter:2397, Total Error: 9.938e-13
Time to solve CS model: 6.783e+01 [s], time so far: 7.048e+01 [s]
CS model saved.
Ee_pot_density = -1.166e-01 [au], Ee_K = 5.857e-02 [au], Ee_tot = -5.808e-02 [au]
P_e = 1.417e-07 [au], 4.170e-05 [Mbar]
Virial if 6.330e+02 = 6.304e+02 --->  off by 4.139e-01 % 

βEe_pot/Z = -12645.122, βEe_K/Z = 6348.752, βEe_tot/Z = -6296.371
βP_e Ω/Z = 0.015
