
===========================================
===========================================
Starting case: Ar: Te = 0.192 eV, Ti = 0.192 eV 

T[K]:  2229.762768923473
________________________
Generating NPA
T:  0.007061234950326205
Using More TF fit for initial Zstar = 0.355
	Intializing grid
Initializing, True
Initializing
	Creating Integral Equation Solver
Intialized Potentials and Densities
Initialized
Time to setup correlation sphere (IS) model: 1.846e+00 [s], time so far: 1.846e+00 [s]
Beginning self-consistent electron solver.
_________________________________
__________________________________________
TF Iteration 0
	μ = -9.865844182e-01, change: 2.049897599e+02 (converged=False)
	φe Err =  3.986e-11, φe change =  9.581e-01
	ne Err =  7.140e-02, ne change =  3.735e-06
	Q =  0.000e+00 -> -2.198e+01, 
	Zstar guess =  3.546e-01. Current Zstar:  3.546e-01 (converged=True)
	Change =  1.944e+00
__________________________________________
TF Iteration 1
	μ = -9.865844182e-01, change: 0.000000000e+00 (converged=True)
	φe Err =  3.996e-11, φe change =  4.177e-02
	ne Err =  1.539e-01, ne change =  6.741e-06
	Q = -2.198e+01 -> -1.555e+01, 
	Zstar guess =  3.546e-01. Current Zstar:  3.546e-01 (converged=True)
	Change =  4.688e-02
__________________________________________
TF Iteration 2
	μ = -9.865844182e-01, change: 0.000000000e+00 (converged=True)
	φe Err =  3.977e-11, φe change =  1.468e-02
	ne Err =  1.031e-01, ne change =  2.449e-06
	Q = -1.555e+01 -> -1.062e+01, 
	Zstar guess =  3.546e-01. Current Zstar:  3.546e-01 (converged=True)
	Change =  1.485e-02
__________________________________________
TF Iteration 3
	μ = -9.865844182e-01, change: 0.000000000e+00 (converged=True)
	φe Err =  3.909e-11, φe change =  1.481e-02
	ne Err =  6.162e-02, ne change =  8.931e-07
	Q = -1.062e+01 -> -7.019e+00, 
	Zstar guess =  3.546e-01. Current Zstar:  3.546e-01 (converged=True)
	Change =  1.604e-02
__________________________________________
TF Iteration 4
	μ = -9.865844182e-01, change: 0.000000000e+00 (converged=True)
	φe Err =  3.916e-11, φe change =  8.500e-03
	ne Err =  4.530e-02, ne change =  2.212e-06
	Q = -7.019e+00 -> -4.473e+00, 
	Zstar guess =  3.546e-01. Current Zstar:  3.546e-01 (converged=True)
	Change =  9.524e-03
__________________________________________
TF Iteration 5
	μ = -9.865844182e-01, change: 0.000000000e+00 (converged=True)
	φe Err =  4.009e-11, φe change =  3.192e-03
	ne Err =  4.073e-02, ne change =  2.215e-06
	Q = -4.473e+00 -> -2.679e+00, 
	Zstar guess =  3.546e-01. Current Zstar:  3.546e-01 (converged=True)
	Change =  3.573e-03
__________________________________________
TF Iteration 6
	μ = -9.865844182e-01, change: 0.000000000e+00 (converged=True)
	φe Err =  3.874e-11, φe change =  1.313e-03
	ne Err =  3.515e-02, ne change =  1.658e-06
	Q = -2.679e+00 -> -1.379e+00, 
	Zstar guess =  3.546e-01. Current Zstar:  3.546e-01 (converged=True)
	Change =  1.734e-04
__________________________________________
TF Iteration 7
	μ = -9.865844182e-01, change: 0.000000000e+00 (converged=True)
	φe Err =  3.925e-11, φe change =  1.599e-03
	ne Err =  2.812e-02, ne change =  1.043e-06
	Q = -1.379e+00 -> -3.996e-01, 
	Zstar guess =  3.546e-01. Current Zstar:  3.546e-01 (converged=True)
	Change =  1.040e-03
__________________________________________
TF Iteration 8
	μ = -9.865844182e-01, change: 0.000000000e+00 (converged=True)
	φe Err =  3.970e-11, φe change =  1.418e-03
	ne Err =  2.167e-02, ne change =  5.743e-07
	Q = -3.996e-01 ->  3.572e-01, 
	Zstar guess =  3.546e-01. Current Zstar:  3.546e-01 (converged=True)
	Change =  1.103e-03
__________________________________________
TF Iteration 9
	μ = -9.865844182e-01, change: 0.000000000e+00 (converged=True)
	φe Err =  3.842e-11, φe change =  1.019e-03
	ne Err =  1.661e-02, ne change =  2.749e-07
	Q =  3.572e-01 ->  9.489e-01, 
	Zstar guess =  3.546e-01. Current Zstar:  3.546e-01 (converged=True)
	Change =  8.073e-04
__________________________________________
TF Iteration 25
	μ = -4.234009876e-01, change: 0.000000000e+00 (converged=True)
	φe Err =  3.860e-11, φe change =  1.824e-04
	ne Err =  6.561e-04, ne change =  5.358e-09
	Q =  1.924e+00 ->  1.938e+00, 
	Zstar guess =  3.546e-01. Current Zstar:  3.546e-01 (converged=True)
	Change =  1.972e-04
__________________________________________
TF Iteration 50
	μ = -1.615599938e-01, change: 2.695788824e-01 (converged=False)
	φe Err =  3.936e-11, φe change =  6.057e-07
	ne Err =  9.444e-03, ne change =  8.622e-10
	Q =  1.384e+00 ->  1.384e+00, 
	Zstar guess =  3.546e-01. Current Zstar:  3.546e-01 (converged=True)
	Change =  2.177e-01
__________________________________________
TF Iteration 75
	μ = -8.685020626e-02, change: 0.000000000e+00 (converged=True)
	φe Err =  3.952e-11, φe change =  3.467e-05
	ne Err =  1.324e-04, ne change =  8.278e-09
	Q =  8.257e-01 ->  8.237e-01, 
	Zstar guess =  3.546e-01. Current Zstar:  3.546e-01 (converged=True)
	Change =  3.847e-05
__________________________________________
TF Iteration 100
	μ = -3.452230151e-02, change: 2.624038488e-01 (converged=False)
	φe Err =  3.877e-11, φe change =  1.553e-07
	ne Err =  2.465e-03, ne change =  3.937e-11
	Q =  5.728e-01 ->  5.726e-01, 
	Zstar guess =  3.546e-01. Current Zstar:  3.546e-01 (converged=True)
	Change =  2.112e-01
__________________________________________
TF Iteration 125
	μ = -1.960728739e-02, change: 0.000000000e+00 (converged=True)
	φe Err =  3.972e-11, φe change =  7.863e-06
	ne Err =  6.811e-05, ne change =  2.714e-09
	Q =  2.942e-01 ->  2.916e-01, 
	Zstar guess =  3.546e-01. Current Zstar:  3.546e-01 (converged=True)
	Change =  8.778e-06
__________________________________________
TF Iteration 150
	μ = -1.052726759e-02, change: 1.565073206e-01 (converged=False)
	φe Err =  3.816e-11, φe change =  2.569e-08
	ne Err =  4.426e-04, ne change =  1.750e-11
	Q =  1.528e-01 ->  1.522e-01, 
	Zstar guess =  3.546e-01. Current Zstar:  3.546e-01 (converged=True)
	Change =  1.196e-01
__________________________________________
TF Iteration 175
	μ = -8.331964424e-03, change: 0.000000000e+00 (converged=True)
	φe Err =  3.928e-11, φe change =  1.257e-06
	ne Err =  1.936e-05, ne change =  4.384e-10
	Q =  5.413e-02 ->  5.307e-02, 
	Zstar guess =  3.546e-01. Current Zstar:  3.546e-01 (converged=True)
	Change =  1.400e-06
__________________________________________
TF Iteration 200
	μ = -7.085604287e-03, change: 3.577687316e-02 (converged=False)
	φe Err =  3.906e-11, φe change =  4.358e-09
	ne Err =  6.235e-05, ne change =  3.270e-12
	Q =  2.316e-02 ->  2.302e-02, 
	Zstar guess =  3.546e-01. Current Zstar:  3.546e-01 (converged=True)
	Change =  2.575e-02
__________________________________________
TF Iteration 225
	μ = -6.793309002e-03, change: 0.000000000e+00 (converged=True)
	φe Err =  4.100e-11, φe change =  1.698e-07
	ne Err =  2.929e-06, ne change =  5.910e-11
	Q =  7.477e-03 ->  7.315e-03, 
	Zstar guess =  3.546e-01. Current Zstar:  3.546e-01 (converged=True)
	Change =  1.890e-07
__________________________________________
TF Iteration 250
	μ = -6.628817566e-03, change: 5.193993601e-03 (converged=False)
	φe Err =  4.186e-11, φe change =  5.937e-10
	ne Err =  8.270e-06, ne change =  4.471e-13
	Q =  3.100e-03 ->  3.080e-03, 
	Zstar guess =  3.546e-01. Current Zstar:  3.546e-01 (converged=True)
	Change =  3.682e-03
__________________________________________
TF Iteration 275
	μ = -6.590388760e-03, change: 0.000000000e+00 (converged=True)
	φe Err =  3.864e-11, φe change =  2.237e-08
	ne Err =  3.916e-07, ne change =  7.784e-12
	Q =  9.878e-04 ->  9.661e-04, 
	Zstar guess =  3.546e-01. Current Zstar:  3.546e-01 (converged=True)
	Change =  2.490e-08
__________________________________________
TF Iteration 300
	μ = -6.568786735e-03, change: 6.911685527e-04 (converged=False)
	φe Err =  3.943e-11, φe change =  7.628e-11
	ne Err =  1.087e-06, ne change =  6.039e-14
	Q =  4.078e-04 ->  4.052e-04, 
	Zstar guess =  3.546e-01. Current Zstar:  3.546e-01 (converged=True)
	Change =  4.889e-04
__________________________________________
TF Iteration 325
	μ = -6.563744081e-03, change: 0.000000000e+00 (converged=True)
	φe Err =  3.788e-11, φe change =  2.936e-09
	ne Err =  5.155e-08, ne change =  1.022e-12
	Q =  1.297e-04 ->  1.269e-04, 
	Zstar guess =  3.546e-01. Current Zstar:  3.546e-01 (converged=True)
	Change =  3.268e-09
__________________________________________
TF Iteration 350
	μ = -6.560910257e-03, change: 9.083717370e-05 (converged=False)
	φe Err =  3.832e-11, φe change =  1.009e-11
	ne Err =  1.426e-07, ne change =  6.083e-15
	Q =  5.351e-05 ->  5.317e-05, 
	Zstar guess =  3.546e-01. Current Zstar:  3.546e-01 (converged=True)
	Change =  6.423e-05
__________________________________________
TF Iteration 375
	μ = -6.560248718e-03, change: 0.000000000e+00 (converged=True)
	φe Err =  4.027e-11, φe change =  3.824e-10
	ne Err =  6.766e-09, ne change =  1.306e-13
	Q =  1.702e-05 ->  1.664e-05, 
	Zstar guess =  3.546e-01. Current Zstar:  3.546e-01 (converged=True)
	Change =  4.254e-10
__________________________________________
TF Iteration 400
	μ = -6.559876961e-03, change: 1.191915469e-05 (converged=False)
	φe Err =  3.794e-11, φe change =  1.141e-11
	ne Err =  1.871e-08, ne change =  3.295e-15
	Q =  7.020e-06 ->  6.976e-06, 
	Zstar guess =  3.546e-01. Current Zstar:  3.546e-01 (converged=True)
	Change =  8.428e-06
__________________________________________
TF Iteration 425
	μ = -6.559790175e-03, change: 0.000000000e+00 (converged=True)
	φe Err =  3.708e-11, φe change =  5.407e-11
	ne Err =  8.876e-10, ne change =  1.748e-14
	Q =  2.232e-06 ->  2.183e-06, 
	Zstar guess =  3.546e-01. Current Zstar:  3.546e-01 (converged=True)
	Change =  5.980e-11
__________________________________________
TF Iteration 450
	μ = -6.559741407e-03, change: 1.563640446e-06 (converged=True)
	φe Err =  3.793e-11, φe change =  1.106e-11
	ne Err =  2.454e-09, ne change =  3.290e-15
	Q =  9.209e-07 ->  9.151e-07, 
	Zstar guess =  3.546e-01. Current Zstar:  3.546e-01 (converged=True)
	Change =  1.106e-06
__________________________________________
TF Iteration 460
	μ = -6.559741407e-03, change: 0.000000000e+00 (converged=True)
	φe Err =  3.793e-11, φe change =  4.912e-12
	ne Err =  8.516e-11, ne change =  1.372e-16
	Q =  6.185e-07 ->  6.135e-07, 
	Zstar guess =  3.546e-01. Current Zstar:  3.546e-01 (converged=True)
	Change =  2.347e-12
	-------------------
	Solving IET.
0: Initial condition Total Error: 1.680e+01
Exiting status 0, reverting to best index so far: 415
Final iter:416, Total Error: 9.594e-13
	-------------------
	Solving IET.
0: Initial condition Total Error: 1.709e+01
QUIT: Total error infinite.
Exiting status 1, reverting to best index so far: 1
Final iter:21, Total Error: 1.538e+01
Time to solve CS model: 5.541e+01 [s], time so far: 5.726e+01 [s]
CS model saved.
Ee_pot_density = -1.166e-01 [au], Ee_K = 5.857e-02 [au], Ee_tot = -5.808e-02 [au]
P_e = 1.972e-07 [au], 5.803e-05 [Mbar]
Virial if 6.330e+02 = 6.304e+02 --->  off by 4.139e-01 % 

βEe_pot/Z = -9918.876, βEe_K/Z = 4979.989, βEe_tot/Z = -4938.887
βP_e Ω/Z = 0.017
