
===========================================
===========================================
Starting case: Ar: Te = 1.977 eV, Ti = 1.977 eV 

T[K]:  22944.090365315187
________________________
Generating NPA
T:  0.07265957394616754
Using More TF fit for initial Zstar = 1.135
	Intializing grid
Initializing, True
Initializing
	Creating Integral Equation Solver
Intialized Potentials and Densities
Initialized
Time to setup correlation sphere (IS) model: 3.492e+00 [s], time so far: 3.492e+00 [s]
Beginning self-consistent electron solver.
_________________________________
__________________________________________
TF Iteration 0
	μ = -1.507744230e+00, change: 5.587919218e+00 (converged=False)
	φe Err =  3.938e-11, φe change =  9.834e-01
	ne Err =  9.104e-02, ne change =  4.364e-06
	Q =  0.000e+00 -> -2.633e+01, 
	Zstar guess =  1.135e+00. Current Zstar:  1.135e+00 (converged=True)
	Change =  1.818e+00
__________________________________________
TF Iteration 1
	μ = -1.507744230e+00, change: 0.000000000e+00 (converged=True)
	φe Err =  4.125e-11, φe change =  5.388e-02
	ne Err =  1.855e-01, ne change =  9.037e-06
	Q = -2.633e+01 -> -1.886e+01, 
	Zstar guess =  1.135e+00. Current Zstar:  1.135e+00 (converged=True)
	Change =  6.061e-02
__________________________________________
TF Iteration 2
	μ = -1.507744230e+00, change: 0.000000000e+00 (converged=True)
	φe Err =  4.006e-11, φe change =  1.636e-02
	ne Err =  1.300e-01, ne change =  3.904e-06
	Q = -1.886e+01 -> -1.306e+01, 
	Zstar guess =  1.135e+00. Current Zstar:  1.135e+00 (converged=True)
	Change =  1.615e-02
__________________________________________
TF Iteration 3
	μ = -1.507744230e+00, change: 0.000000000e+00 (converged=True)
	φe Err =  3.765e-11, φe change =  1.838e-02
	ne Err =  8.117e-02, ne change =  4.622e-07
	Q = -1.306e+01 -> -8.732e+00, 
	Zstar guess =  1.135e+00. Current Zstar:  1.135e+00 (converged=True)
	Change =  1.976e-02
__________________________________________
TF Iteration 4
	μ = -1.507744230e+00, change: 0.000000000e+00 (converged=True)
	φe Err =  3.972e-11, φe change =  1.197e-02
	ne Err =  5.723e-02, ne change =  2.496e-06
	Q = -8.732e+00 -> -5.587e+00, 
	Zstar guess =  1.135e+00. Current Zstar:  1.135e+00 (converged=True)
	Change =  1.331e-02
__________________________________________
TF Iteration 5
	μ = -1.507744230e+00, change: 0.000000000e+00 (converged=True)
	φe Err =  3.996e-11, φe change =  5.616e-03
	ne Err =  4.982e-02, ne change =  2.881e-06
	Q = -5.587e+00 -> -3.331e+00, 
	Zstar guess =  1.135e+00. Current Zstar:  1.135e+00 (converged=True)
	Change =  6.376e-03
__________________________________________
TF Iteration 6
	μ = -1.507744230e+00, change: 0.000000000e+00 (converged=True)
	φe Err =  3.896e-11, φe change =  1.992e-03
	ne Err =  4.420e-02, ne change =  2.402e-06
	Q = -3.331e+00 -> -1.692e+00, 
	Zstar guess =  1.135e+00. Current Zstar:  1.135e+00 (converged=True)
	Change =  1.699e-03
__________________________________________
TF Iteration 7
	μ = -1.507744230e+00, change: 0.000000000e+00 (converged=True)
	φe Err =  3.769e-11, φe change =  1.660e-03
	ne Err =  3.681e-02, ne change =  1.680e-06
	Q = -1.692e+00 -> -4.686e-01, 
	Zstar guess =  1.135e+00. Current Zstar:  1.135e+00 (converged=True)
	Change =  5.323e-04
__________________________________________
TF Iteration 8
	μ = -1.507744230e+00, change: 0.000000000e+00 (converged=True)
	φe Err =  3.672e-11, φe change =  1.727e-03
	ne Err =  2.919e-02, ne change =  1.037e-06
	Q = -4.686e-01 ->  4.690e-01, 
	Zstar guess =  1.135e+00. Current Zstar:  1.135e+00 (converged=True)
	Change =  1.152e-03
__________________________________________
TF Iteration 9
	μ = -1.507744230e+00, change: 0.000000000e+00 (converged=True)
	φe Err =  3.778e-11, φe change =  1.414e-03
	ne Err =  2.265e-02, ne change =  5.741e-07
	Q =  4.690e-01 ->  1.199e+00, 
	Zstar guess =  1.135e+00. Current Zstar:  1.135e+00 (converged=True)
	Change =  1.053e-03
__________________________________________
TF Iteration 25
	μ = -6.280176727e-01, change: 0.000000000e+00 (converged=True)
	φe Err =  4.070e-11, φe change =  2.577e-04
	ne Err =  6.882e-04, ne change =  1.204e-08
	Q =  2.281e+00 ->  2.299e+00, 
	Zstar guess =  1.135e+00. Current Zstar:  1.135e+00 (converged=True)
	Change =  2.753e-04
__________________________________________
TF Iteration 50
	μ = -3.116457243e-01, change: 1.578835304e-01 (converged=False)
	φe Err =  3.710e-11, φe change =  1.282e-06
	ne Err =  7.440e-03, ne change =  1.462e-09
	Q =  1.378e+00 ->  1.375e+00, 
	Zstar guess =  1.135e+00. Current Zstar:  1.135e+00 (converged=True)
	Change =  1.208e-01
__________________________________________
TF Iteration 75
	μ = -2.581942550e-01, change: 0.000000000e+00 (converged=True)
	φe Err =  3.967e-11, φe change =  2.930e-05
	ne Err =  1.782e-04, ne change =  1.753e-09
	Q =  4.113e-01 ->  3.997e-01, 
	Zstar guess =  1.135e+00. Current Zstar:  1.135e+00 (converged=True)
	Change =  3.076e-05
__________________________________________
TF Iteration 100
	μ = -2.370623976e-01, change: 1.505178702e-02 (converged=False)
	φe Err =  4.126e-11, φe change =  2.147e-07
	ne Err =  4.864e-04, ne change =  1.163e-10
	Q =  1.298e-01 ->  1.285e-01, 
	Zstar guess =  1.135e+00. Current Zstar:  1.135e+00 (converged=True)
	Change =  1.072e-02
__________________________________________
TF Iteration 125
	μ = -2.338251029e-01, change: 0.000000000e+00 (converged=True)
	φe Err =  3.910e-11, φe change =  1.855e-06
	ne Err =  1.471e-05, ne change =  1.139e-10
	Q =  2.775e-02 ->  2.676e-02, 
	Zstar guess =  1.135e+00. Current Zstar:  1.135e+00 (converged=True)
	Change =  1.941e-06
__________________________________________
TF Iteration 150
	μ = -2.325606997e-01, change: 9.296753259e-04 (converged=False)
	φe Err =  3.865e-11, φe change =  1.355e-08
	ne Err =  2.925e-05, ne change =  7.043e-12
	Q =  7.993e-03 ->  7.906e-03, 
	Zstar guess =  1.135e+00. Current Zstar:  1.135e+00 (converged=True)
	Change =  6.577e-04
__________________________________________
TF Iteration 175
	μ = -2.323673398e-01, change: 0.000000000e+00 (converged=True)
	φe Err =  3.982e-11, φe change =  1.112e-07
	ne Err =  8.923e-07, ne change =  6.834e-12
	Q =  1.669e-03 ->  1.609e-03, 
	Zstar guess =  1.135e+00. Current Zstar:  1.135e+00 (converged=True)
	Change =  1.163e-07
__________________________________________
TF Iteration 200
	μ = -2.322917086e-01, change: 5.573883374e-05 (converged=False)
	φe Err =  3.958e-11, φe change =  8.161e-10
	ne Err =  1.750e-06, ne change =  4.170e-13
	Q =  4.789e-04 ->  4.737e-04, 
	Zstar guess =  1.135e+00. Current Zstar:  1.135e+00 (converged=True)
	Change =  3.942e-05
__________________________________________
TF Iteration 225
	μ = -2.322801382e-01, change: 0.000000000e+00 (converged=True)
	φe Err =  3.839e-11, φe change =  6.659e-09
	ne Err =  5.342e-08, ne change =  4.114e-13
	Q =  9.990e-05 ->  9.630e-05, 
	Zstar guess =  1.135e+00. Current Zstar:  1.135e+00 (converged=True)
	Change =  6.963e-09
__________________________________________
TF Iteration 250
	μ = -2.322756118e-01, change: 3.336447707e-06 (converged=True)
	φe Err =  3.934e-11, φe change =  5.770e-11
	ne Err =  1.048e-07, ne change =  2.036e-14
	Q =  2.866e-05 ->  2.835e-05, 
	Zstar guess =  1.135e+00. Current Zstar:  1.135e+00 (converged=True)
	Change =  2.359e-06
__________________________________________
TF Iteration 275
	μ = -2.322749193e-01, change: 0.000000000e+00 (converged=True)
	φe Err =  3.876e-11, φe change =  4.015e-10
	ne Err =  3.197e-09, ne change =  2.484e-14
	Q =  5.980e-06 ->  5.764e-06, 
	Zstar guess =  1.135e+00. Current Zstar:  1.135e+00 (converged=True)
	Change =  4.198e-10
__________________________________________
TF Iteration 300
	μ = -2.322746485e-01, change: 1.996447194e-07 (converged=True)
	φe Err =  3.797e-11, φe change =  1.065e-11
	ne Err =  6.269e-09, ne change =  2.896e-15
	Q =  1.716e-06 ->  1.697e-06, 
	Zstar guess =  1.135e+00. Current Zstar:  1.135e+00 (converged=True)
	Change =  1.412e-07
__________________________________________
TF Iteration 325
	μ = -2.322746070e-01, change: 0.000000000e+00 (converged=True)
	φe Err =  3.798e-11, φe change =  3.008e-11
	ne Err =  1.913e-10, ne change =  5.210e-15
	Q =  3.578e-07 ->  3.449e-07, 
	Zstar guess =  1.135e+00. Current Zstar:  1.135e+00 (converged=True)
	Change =  2.982e-11
__________________________________________
TF Iteration 329
	μ = -2.322746070e-01, change: 0.000000000e+00 (converged=True)
	φe Err =  3.822e-11, φe change =  1.229e-11
	ne Err =  8.337e-11, ne change =  4.454e-16
	Q =  3.270e-07 ->  3.211e-07, 
	Zstar guess =  1.135e+00. Current Zstar:  1.135e+00 (converged=True)
	Change =  6.744e-12
	-------------------
	Solving IET.
0: Initial condition Total Error: 1.471e+01
Exiting status 0, reverting to best index so far: 290
Final iter:291, Total Error: 9.641e-13
	-------------------
	Solving IET.
0: Initial condition Total Error: 1.471e+01
Exiting status 0, reverting to best index so far: 291
Final iter:292, Total Error: 9.170e-13
Time to solve CS model: 4.007e+01 [s], time so far: 4.357e+01 [s]
CS model saved.
Ee_pot_density = -1.166e-01 [au], Ee_K = 5.856e-02 [au], Ee_tot = -5.805e-02 [au]
P_e = 7.338e-06 [au], 2.159e-03 [Mbar]
Virial if 6.329e+02 = 6.303e+02 --->  off by 4.139e-01 % 

βEe_pot/Z = -963.605, βEe_K/Z = 483.888, βEe_tot/Z = -479.717
βP_e Ω/Z = 0.061
