
===========================================
===========================================
Starting case: Ar: Te = 0.032 eV, Ti = 0.032 eV 

T[K]:  369.7069378062097
________________________
Generating NPA
T:  0.0011707916137983028
Using More TF fit for initial Zstar = 0.229
	Intializing grid
Initializing, True
Initializing
	Creating Integral Equation Solver
Intialized Potentials and Densities
Initialized
Time to setup correlation sphere (IS) model: 1.210e+00 [s], time so far: 1.210e+00 [s]
Beginning self-consistent electron solver.
_________________________________
__________________________________________
TF Iteration 0
	μ = -7.254496907e-01, change: 2.203408700e+02 (converged=False)
	φe Err =  3.742e-11, φe change =  9.355e-01
	ne Err =  4.611e-02, ne change =  3.173e-06
	Q =  0.000e+00 -> -1.294e+01, 
	Zstar guess =  2.292e-01. Current Zstar:  2.292e-01 (converged=True)
	Change =  1.926e+00
__________________________________________
TF Iteration 1
	μ = -7.254496907e-01, change: 0.000000000e+00 (converged=True)
	φe Err =  4.270e-11, φe change =  3.099e-02
	ne Err =  1.202e-01, ne change =  4.712e-06
	Q = -1.294e+01 -> -8.525e+00, 
	Zstar guess =  2.292e-01. Current Zstar:  2.292e-01 (converged=True)
	Change =  3.464e-02
__________________________________________
TF Iteration 2
	μ = -7.254496907e-01, change: 0.000000000e+00 (converged=True)
	φe Err =  4.087e-11, φe change =  1.267e-02
	ne Err =  7.461e-02, ne change =  1.278e-06
	Q = -8.525e+00 -> -5.252e+00, 
	Zstar guess =  2.292e-01. Current Zstar:  2.292e-01 (converged=True)
	Change =  1.313e-02
__________________________________________
TF Iteration 3
	μ = -7.254496907e-01, change: 0.000000000e+00 (converged=True)
	φe Err =  3.927e-11, φe change =  1.099e-02
	ne Err =  4.152e-02, ne change =  1.086e-06
	Q = -5.252e+00 -> -3.008e+00, 
	Zstar guess =  2.292e-01. Current Zstar:  2.292e-01 (converged=True)
	Change =  1.199e-02
__________________________________________
TF Iteration 4
	μ = -7.254496907e-01, change: 0.000000000e+00 (converged=True)
	φe Err =  3.721e-11, φe change =  5.107e-03
	ne Err =  3.238e-02, ne change =  1.746e-06
	Q = -3.008e+00 -> -1.531e+00, 
	Zstar guess =  2.292e-01. Current Zstar:  2.292e-01 (converged=True)
	Change =  5.763e-03
__________________________________________
TF Iteration 5
	μ = -7.254496907e-01, change: 0.000000000e+00 (converged=True)
	φe Err =  3.824e-11, φe change =  1.299e-03
	ne Err =  2.899e-02, ne change =  1.491e-06
	Q = -1.531e+00 -> -5.379e-01, 
	Zstar guess =  2.292e-01. Current Zstar:  2.292e-01 (converged=True)
	Change =  1.214e-03
__________________________________________
TF Iteration 6
	μ = -7.254496907e-01, change: 0.000000000e+00 (converged=True)
	φe Err =  3.952e-11, φe change =  1.221e-03
	ne Err =  2.350e-02, ne change =  9.809e-07
	Q = -5.379e-01 ->  1.748e-01, 
	Zstar guess =  2.292e-01. Current Zstar:  2.292e-01 (converged=True)
	Change =  7.306e-04
__________________________________________
TF Iteration 7
	μ = -7.254496907e-01, change: 0.000000000e+00 (converged=True)
	φe Err =  3.728e-11, φe change =  1.260e-03
	ne Err =  1.779e-02, ne change =  5.496e-07
	Q =  1.748e-01 ->  7.160e-01, 
	Zstar guess =  2.292e-01. Current Zstar:  2.292e-01 (converged=True)
	Change =  1.037e-03
__________________________________________
TF Iteration 8
	μ = -7.254496907e-01, change: 0.000000000e+00 (converged=True)
	φe Err =  3.951e-11, φe change =  9.080e-04
	ne Err =  1.331e-02, ne change =  2.730e-07
	Q =  7.160e-01 ->  1.137e+00, 
	Zstar guess =  2.292e-01. Current Zstar:  2.292e-01 (converged=True)
	Change =  7.710e-04
__________________________________________
TF Iteration 9
	μ = -7.254496907e-01, change: 0.000000000e+00 (converged=True)
	φe Err =  3.941e-11, φe change =  5.644e-04
	ne Err =  1.012e-02, ne change =  1.213e-07
	Q =  1.137e+00 ->  1.465e+00, 
	Zstar guess =  2.292e-01. Current Zstar:  2.292e-01 (converged=True)
	Change =  4.634e-04
__________________________________________
TF Iteration 25
	μ = -3.335989618e-01, change: 0.000000000e+00 (converged=True)
	φe Err =  3.997e-11, φe change =  1.416e-04
	ne Err =  4.574e-04, ne change =  1.087e-08
	Q =  1.710e+00 ->  1.717e+00, 
	Zstar guess =  2.292e-01. Current Zstar:  2.292e-01 (converged=True)
	Change =  1.536e-04
__________________________________________
TF Iteration 50
	μ = -1.283692982e-01, change: 2.698299932e-01 (converged=False)
	φe Err =  4.072e-11, φe change =  5.613e-07
	ne Err =  7.884e-03, ne change =  6.338e-10
	Q =  1.223e+00 ->  1.223e+00, 
	Zstar guess =  2.292e-01. Current Zstar:  2.292e-01 (converged=True)
	Change =  2.179e-01
__________________________________________
TF Iteration 75
	μ = -6.812394519e-02, change: 0.000000000e+00 (converged=True)
	φe Err =  3.875e-11, φe change =  2.745e-05
	ne Err =  1.350e-04, ne change =  7.502e-09
	Q =  7.369e-01 ->  7.350e-01, 
	Zstar guess =  2.292e-01. Current Zstar:  2.292e-01 (converged=True)
	Change =  3.060e-05
__________________________________________
TF Iteration 100
	μ = -2.459949377e-02, change: 2.988776701e-01 (converged=False)
	φe Err =  3.771e-11, φe change =  8.433e-08
	ne Err =  2.252e-03, ne change =  1.695e-11
	Q =  5.212e-01 ->  5.212e-01, 
	Zstar guess =  2.292e-01. Current Zstar:  2.292e-01 (converged=True)
	Change =  2.447e-01
__________________________________________
TF Iteration 125
	μ = -1.105904578e-02, change: 0.000000000e+00 (converged=True)
	φe Err =  3.861e-11, φe change =  6.746e-06
	ne Err =  6.681e-05, ne change =  2.826e-09
	Q =  3.042e-01 ->  3.034e-01, 
	Zstar guess =  2.292e-01. Current Zstar:  2.292e-01 (converged=True)
	Change =  7.586e-06
__________________________________________
TF Iteration 150
	μ = -1.737109982e-03, change: 5.479981610e-01 (converged=False)
	φe Err =  3.896e-11, φe change =  9.406e-08
	ne Err =  5.553e-04, ne change =  2.172e-11
	Q =  1.962e-01 ->  1.960e-01, 
	Zstar guess =  2.292e-01. Current Zstar:  2.292e-01 (converged=True)
	Change =  4.994e-01
__________________________________________
TF Iteration 175
	μ = 6.651412036e-04, change: 0.000000000e+00 (converged=True)
	φe Err =  3.740e-11, φe change =  1.352e-06
	ne Err =  2.665e-05, ne change =  5.894e-10
	Q =  8.231e-02 ->  8.107e-02, 
	Zstar guess =  2.292e-01. Current Zstar:  2.292e-01 (converged=True)
	Change =  1.513e-06
__________________________________________
TF Iteration 200
	μ = 2.023115797e-03, change: 1.636694537e-01 (converged=False)
	φe Err =  3.973e-11, φe change =  2.115e-08
	ne Err =  8.728e-05, ne change =  4.952e-12
	Q =  3.659e-02 ->  3.639e-02, 
	Zstar guess =  2.292e-01. Current Zstar:  2.292e-01 (converged=True)
	Change =  1.067e-01
__________________________________________
TF Iteration 225
	μ = 2.336567268e-03, change: 0.000000000e+00 (converged=True)
	φe Err =  4.085e-11, φe change =  1.806e-07
	ne Err =  5.075e-06, ne change =  7.836e-11
	Q =  1.177e-02 ->  1.152e-02, 
	Zstar guess =  2.292e-01. Current Zstar:  2.292e-01 (converged=True)
	Change =  2.019e-07
__________________________________________
TF Iteration 250
	μ = 2.510014997e-03, change: 1.461314970e-02 (converged=False)
	φe Err =  4.062e-11, φe change =  2.815e-09
	ne Err =  1.140e-05, ne change =  6.591e-13
	Q =  4.817e-03 ->  4.786e-03, 
	Zstar guess =  2.292e-01. Current Zstar:  2.292e-01 (converged=True)
	Change =  1.026e-02
__________________________________________
TF Iteration 275
	μ = 2.549723606e-03, change: 0.000000000e+00 (converged=True)
	φe Err =  3.974e-11, φe change =  2.294e-08
	ne Err =  6.687e-07, ne change =  9.948e-12
	Q =  1.505e-03 ->  1.473e-03, 
	Zstar guess =  2.292e-01. Current Zstar:  2.292e-01 (converged=True)
	Change =  2.565e-08
__________________________________________
TF Iteration 300
	μ = 2.571645706e-03, change: 1.778745342e-03 (converged=False)
	φe Err =  3.772e-11, φe change =  3.550e-10
	ne Err =  1.444e-06, ne change =  8.253e-14
	Q =  6.109e-04 ->  6.070e-04, 
	Zstar guess =  2.292e-01. Current Zstar:  2.292e-01 (converged=True)
	Change =  1.257e-03
__________________________________________
TF Iteration 325
	μ = 2.576659601e-03, change: 0.000000000e+00 (converged=True)
	φe Err =  3.845e-11, φe change =  2.897e-09
	ne Err =  8.484e-08, ne change =  1.254e-12
	Q =  1.903e-04 ->  1.862e-04, 
	Zstar guess =  2.292e-01. Current Zstar:  2.292e-01 (converged=True)
	Change =  3.240e-09
__________________________________________
TF Iteration 350
	μ = 2.579426779e-03, change: 2.234782639e-04 (converged=False)
	φe Err =  3.980e-11, φe change =  4.549e-11
	ne Err =  1.824e-07, ne change =  1.040e-14
	Q =  7.715e-05 ->  7.666e-05, 
	Zstar guess =  2.292e-01. Current Zstar:  2.292e-01 (converged=True)
	Change =  1.580e-04
__________________________________________
TF Iteration 375
	μ = 2.580059553e-03, change: 0.000000000e+00 (converged=True)
	φe Err =  3.816e-11, φe change =  3.666e-10
	ne Err =  1.071e-08, ne change =  1.589e-13
	Q =  2.402e-05 ->  2.350e-05, 
	Zstar guess =  2.292e-01. Current Zstar:  2.292e-01 (converged=True)
	Change =  4.101e-10
__________________________________________
TF Iteration 400
	μ = 2.580408775e-03, change: 2.818766141e-05 (converged=False)
	φe Err =  4.037e-11, φe change =  7.498e-12
	ne Err =  2.302e-08, ne change =  5.172e-15
	Q =  9.737e-06 ->  9.675e-06, 
	Zstar guess =  2.292e-01. Current Zstar:  2.292e-01 (converged=True)
	Change =  1.993e-05
__________________________________________
TF Iteration 425
	μ = 2.580488635e-03, change: 0.000000000e+00 (converged=True)
	φe Err =  3.977e-11, φe change =  4.391e-11
	ne Err =  1.352e-09, ne change =  1.735e-14
	Q =  3.032e-06 ->  2.966e-06, 
	Zstar guess =  2.292e-01. Current Zstar:  2.292e-01 (converged=True)
	Change =  4.806e-11
__________________________________________
TF Iteration 450
	μ = 2.580532710e-03, change: 3.557259201e-06 (converged=True)
	φe Err =  3.843e-11, φe change =  4.247e-12
	ne Err =  2.905e-09, ne change =  2.729e-15
	Q =  1.229e-06 ->  1.221e-06, 
	Zstar guess =  2.292e-01. Current Zstar:  2.292e-01 (converged=True)
	Change =  2.515e-06
__________________________________________
TF Iteration 470
	μ = 2.580538778e-03, change: 0.000000000e+00 (converged=True)
	φe Err =  3.798e-11, φe change =  3.711e-12
	ne Err =  8.653e-11, ne change =  1.670e-15
	Q =  5.414e-07 ->  5.370e-07, 
	Zstar guess =  2.292e-01. Current Zstar:  2.292e-01 (converged=True)
	Change =  1.281e-12
	-------------------
	Solving IET.
0: Initial condition Total Error: 6.516e+01
Exiting status 0, reverting to best index so far: 812
Final iter:813, Total Error: 9.891e-13
	-------------------
	Solving IET.
0: Initial condition Total Error: 6.517e+01
Exiting status 0, reverting to best index so far: 791
Final iter:792, Total Error: 9.780e-13
Time to solve CS model: 7.159e+01 [s], time so far: 7.280e+01 [s]
CS model saved.
Ee_pot_density = -1.166e-01 [au], Ee_K = 5.857e-02 [au], Ee_tot = -5.808e-02 [au]
P_e = 2.843e-08 [au], 8.364e-06 [Mbar]
Virial if 6.330e+02 = 6.304e+02 --->  off by 4.139e-01 % 

βEe_pot/Z = -59822.713, βEe_K/Z = 30035.172, βEe_tot/Z = -29787.541
βP_e Ω/Z = 0.015
