
===========================================
===========================================
Starting case: Ar: Te = 0.283 eV, Ti = 0.283 eV 

T[K]:  3288.471056499954
________________________
Generating NPA
T:  0.010413962902656471
Using More TF fit for initial Zstar = 0.414
	Intializing grid
Initializing, True
Initializing
	Creating Integral Equation Solver
Intialized Potentials and Densities
Initialized
Time to setup correlation sphere (IS) model: 3.795e+00 [s], time so far: 3.795e+00 [s]
Beginning self-consistent electron solver.
_________________________________
__________________________________________
TF Iteration 0
	μ = -1.068499391e+00, change: 8.749976316e+01 (converged=False)
	φe Err =  3.771e-11, φe change =  9.636e-01
	ne Err =  7.986e-02, ne change =  3.898e-06
	Q =  0.000e+00 -> -2.494e+01, 
	Zstar guess =  4.140e-01. Current Zstar:  4.140e-01 (converged=True)
	Change =  1.944e+00
__________________________________________
TF Iteration 1
	μ = -1.068499391e+00, change: 0.000000000e+00 (converged=True)
	φe Err =  3.913e-11, φe change =  4.512e-02
	ne Err =  1.640e-01, ne change =  7.374e-06
	Q = -2.494e+01 -> -1.787e+01, 
	Zstar guess =  4.140e-01. Current Zstar:  4.140e-01 (converged=True)
	Change =  5.069e-02
__________________________________________
TF Iteration 2
	μ = -1.068499391e+00, change: 0.000000000e+00 (converged=True)
	φe Err =  4.068e-11, φe change =  1.515e-02
	ne Err =  1.118e-01, ne change =  2.847e-06
	Q = -1.787e+01 -> -1.241e+01, 
	Zstar guess =  4.140e-01. Current Zstar:  4.140e-01 (converged=True)
	Change =  1.521e-02
__________________________________________
TF Iteration 3
	μ = -1.068499391e+00, change: 0.000000000e+00 (converged=True)
	φe Err =  3.891e-11, φe change =  1.590e-02
	ne Err =  6.806e-02, ne change =  7.949e-07
	Q = -1.241e+01 -> -8.376e+00, 
	Zstar guess =  4.140e-01. Current Zstar:  4.140e-01 (converged=True)
	Change =  1.719e-02
__________________________________________
TF Iteration 4
	μ = -1.068499391e+00, change: 0.000000000e+00 (converged=True)
	φe Err =  4.062e-11, φe change =  9.561e-03
	ne Err =  4.949e-02, ne change =  2.328e-06
	Q = -8.376e+00 -> -5.485e+00, 
	Zstar guess =  4.140e-01. Current Zstar:  4.140e-01 (converged=True)
	Change =  1.069e-02
__________________________________________
TF Iteration 5
	μ = -1.068499391e+00, change: 0.000000000e+00 (converged=True)
	φe Err =  3.736e-11, φe change =  3.895e-03
	ne Err =  4.423e-02, ne change =  2.434e-06
	Q = -5.485e+00 -> -3.426e+00, 
	Zstar guess =  4.140e-01. Current Zstar:  4.140e-01 (converged=True)
	Change =  4.397e-03
__________________________________________
TF Iteration 6
	μ = -1.068499391e+00, change: 0.000000000e+00 (converged=True)
	φe Err =  3.966e-11, φe change =  1.443e-03
	ne Err =  3.862e-02, ne change =  1.884e-06
	Q = -3.426e+00 -> -1.927e+00, 
	Zstar guess =  4.140e-01. Current Zstar:  4.140e-01 (converged=True)
	Change =  5.709e-04
__________________________________________
TF Iteration 7
	μ = -1.068499391e+00, change: 0.000000000e+00 (converged=True)
	φe Err =  3.948e-11, φe change =  1.661e-03
	ne Err =  3.133e-02, ne change =  1.223e-06
	Q = -1.927e+00 -> -8.001e-01, 
	Zstar guess =  4.140e-01. Current Zstar:  4.140e-01 (converged=True)
	Change =  9.541e-04
__________________________________________
TF Iteration 8
	μ = -1.068499391e+00, change: 0.000000000e+00 (converged=True)
	φe Err =  3.739e-11, φe change =  1.553e-03
	ne Err =  2.436e-02, ne change =  6.948e-07
	Q = -8.001e-01 ->  7.000e-02, 
	Zstar guess =  4.140e-01. Current Zstar:  4.140e-01 (converged=True)
	Change =  1.165e-03
__________________________________________
TF Iteration 9
	μ = -1.068499391e+00, change: 0.000000000e+00 (converged=True)
	φe Err =  3.692e-11, φe change =  1.161e-03
	ne Err =  1.874e-02, ne change =  3.452e-07
	Q =  7.000e-02 ->  7.501e-01, 
	Zstar guess =  4.140e-01. Current Zstar:  4.140e-01 (converged=True)
	Change =  9.047e-04
__________________________________________
TF Iteration 25
	μ = -4.493721403e-01, change: 0.000000000e+00 (converged=True)
	φe Err =  3.866e-11, φe change =  1.942e-04
	ne Err =  7.150e-04, ne change =  3.270e-09
	Q =  1.978e+00 ->  1.995e+00, 
	Zstar guess =  4.140e-01. Current Zstar:  4.140e-01 (converged=True)
	Change =  2.098e-04
__________________________________________
TF Iteration 50
	μ = -1.714502754e-01, change: 2.686161932e-01 (converged=False)
	φe Err =  3.780e-11, φe change =  6.161e-07
	ne Err =  9.827e-03, ne change =  9.277e-10
	Q =  1.425e+00 ->  1.425e+00, 
	Zstar guess =  4.140e-01. Current Zstar:  4.140e-01 (converged=True)
	Change =  2.168e-01
__________________________________________
TF Iteration 75
	μ = -9.311402812e-02, change: 0.000000000e+00 (converged=True)
	φe Err =  3.916e-11, φe change =  3.702e-05
	ne Err =  1.281e-04, ne change =  8.382e-09
	Q =  8.433e-01 ->  8.413e-01, 
	Zstar guess =  4.140e-01. Current Zstar:  4.140e-01 (converged=True)
	Change =  4.098e-05
__________________________________________
TF Iteration 100
	μ = -3.991263427e-02, change: 2.331402022e-01 (converged=False)
	φe Err =  4.013e-11, φe change =  1.963e-07
	ne Err =  2.354e-03, ne change =  4.579e-11
	Q =  5.673e-01 ->  5.668e-01, 
	Zstar guess =  4.140e-01. Current Zstar:  4.140e-01 (converged=True)
	Change =  1.850e-01
__________________________________________
TF Iteration 125
	μ = -2.576743107e-02, change: 0.000000000e+00 (converged=True)
	φe Err =  4.054e-11, φe change =  7.757e-06
	ne Err =  6.782e-05, ne change =  2.373e-09
	Q =  2.613e-01 ->  2.579e-01, 
	Zstar guess =  4.140e-01. Current Zstar:  4.140e-01 (converged=True)
	Change =  8.608e-06
__________________________________________
TF Iteration 150
	μ = -1.759450044e-02, change: 8.911032726e-02 (converged=False)
	φe Err =  3.879e-11, φe change =  3.179e-08
	ne Err =  3.672e-04, ne change =  1.176e-11
	Q =  1.241e-01 ->  1.235e-01, 
	Zstar guess =  4.140e-01. Current Zstar:  4.140e-01 (converged=True)
	Change =  6.588e-02
__________________________________________
TF Iteration 175
	μ = -1.569636443e-02, change: 0.000000000e+00 (converged=True)
	φe Err =  3.835e-11, φe change =  1.111e-06
	ne Err =  1.537e-05, ne change =  3.411e-10
	Q =  4.122e-02 ->  4.034e-02, 
	Zstar guess =  4.140e-01. Current Zstar:  4.140e-01 (converged=True)
	Change =  1.230e-06
__________________________________________
TF Iteration 200
	μ = -1.464812200e-02, change: 1.466666826e-02 (converged=False)
	φe Err =  3.982e-11, φe change =  4.188e-09
	ne Err =  4.785e-05, ne change =  2.008e-12
	Q =  1.701e-02 ->  1.690e-02, 
	Zstar guess =  4.140e-01. Current Zstar:  4.140e-01 (converged=True)
	Change =  1.045e-02
__________________________________________
TF Iteration 225
	μ = -1.440928157e-02, change: 0.000000000e+00 (converged=True)
	φe Err =  3.914e-11, φe change =  1.411e-07
	ne Err =  2.098e-06, ne change =  4.329e-11
	Q =  5.310e-03 ->  5.190e-03, 
	Zstar guess =  4.140e-01. Current Zstar:  4.140e-01 (converged=True)
	Change =  1.562e-07
__________________________________________
TF Iteration 250
	μ = -1.427808905e-02, change: 1.904279181e-03 (converged=False)
	φe Err =  3.937e-11, φe change =  5.253e-10
	ne Err =  6.004e-06, ne change =  2.604e-13
	Q =  2.147e-03 ->  2.133e-03, 
	Zstar guess =  4.140e-01. Current Zstar:  4.140e-01 (converged=True)
	Change =  1.348e-03
__________________________________________
TF Iteration 275
	μ = -1.424827783e-02, change: 0.000000000e+00 (converged=True)
	φe Err =  3.943e-11, φe change =  1.763e-08
	ne Err =  2.646e-07, ne change =  5.410e-12
	Q =  6.648e-04 ->  6.496e-04, 
	Zstar guess =  4.140e-01. Current Zstar:  4.140e-01 (converged=True)
	Change =  1.951e-08
__________________________________________
TF Iteration 300
	μ = -1.423191362e-02, change: 2.387352268e-04 (converged=False)
	φe Err =  3.840e-11, φe change =  6.448e-11
	ne Err =  7.494e-07, ne change =  2.909e-14
	Q =  2.682e-04 ->  2.664e-04, 
	Zstar guess =  4.140e-01. Current Zstar:  4.140e-01 (converged=True)
	Change =  1.688e-04
__________________________________________
TF Iteration 325
	μ = -1.422819407e-02, change: 0.000000000e+00 (converged=True)
	φe Err =  3.868e-11, φe change =  2.197e-09
	ne Err =  3.305e-08, ne change =  6.736e-13
	Q =  8.299e-05 ->  8.108e-05, 
	Zstar guess =  4.140e-01. Current Zstar:  4.140e-01 (converged=True)
	Change =  2.432e-09
__________________________________________
TF Iteration 350
	μ = -1.422615221e-02, change: 2.980547021e-05 (converged=False)
	φe Err =  4.004e-11, φe change =  8.329e-12
	ne Err =  9.351e-08, ne change =  4.014e-15
	Q =  3.346e-05 ->  3.324e-05, 
	Zstar guess =  4.140e-01. Current Zstar:  4.140e-01 (converged=True)
	Change =  2.108e-05
__________________________________________
TF Iteration 375
	μ = -1.422568813e-02, change: 0.000000000e+00 (converged=True)
	φe Err =  3.968e-11, φe change =  2.748e-10
	ne Err =  4.124e-09, ne change =  8.332e-14
	Q =  1.035e-05 ->  1.012e-05, 
	Zstar guess =  4.140e-01. Current Zstar:  4.140e-01 (converged=True)
	Change =  3.042e-10
__________________________________________
TF Iteration 400
	μ = -1.422543336e-02, change: 3.719162426e-06 (converged=True)
	φe Err =  3.994e-11, φe change =  1.459e-11
	ne Err =  1.167e-08, ne change =  3.127e-15
	Q =  4.175e-06 ->  4.148e-06, 
	Zstar guess =  4.140e-01. Current Zstar:  4.140e-01 (converged=True)
	Change =  2.630e-06
__________________________________________
TF Iteration 425
	μ = -1.422537546e-02, change: 0.000000000e+00 (converged=True)
	φe Err =  3.870e-11, φe change =  3.533e-11
	ne Err =  5.145e-10, ne change =  1.234e-14
	Q =  1.292e-06 ->  1.262e-06, 
	Zstar guess =  4.140e-01. Current Zstar:  4.140e-01 (converged=True)
	Change =  3.907e-11
__________________________________________
TF Iteration 449
	μ = -1.422535027e-02, change: 0.000000000e+00 (converged=True)
	φe Err =  4.262e-11, φe change =  3.456e-12
	ne Err =  9.410e-11, ne change =  1.812e-15
	Q =  5.310e-07 ->  5.254e-07, 
	Zstar guess =  4.140e-01. Current Zstar:  4.140e-01 (converged=True)
	Change =  8.851e-14
	-------------------
	Solving IET.
0: Initial condition Total Error: 2.757e+01
/home/zach/plasma/hnc/hnc/hnc.py:518: RuntimeWarning: overflow encountered in exp
  h_r_matrix = -1 + np.exp(γs_r_matrix - self.βu_s_r_matrix) # 2. γ_r,u_s_r  -> h_r   (HNC)
/home/zach/plasma/hnc/hnc/hnc.py:656: RuntimeWarning: invalid value encountered in subtract
  Δ_err = np.array(self.tot_err_list[-iters_to_check:-2]) - np.array(self.tot_err_list[-iters_to_check + 1:-1])
QUIT: Total error infinite.
Exiting status 1, reverting to best index so far: 1
Final iter:21, Total Error: 1.751e+01
	-------------------
	Solving IET.
0: Initial condition Total Error: 1.477e+01
QUIT: Total error infinite.
Exiting status 1, reverting to best index so far: 9
Final iter:21, Total Error: 5.868e+00
Time to solve CS model: 5.590e+01 [s], time so far: 5.970e+01 [s]
CS model saved.
Ee_pot_density = -1.166e-01 [au], Ee_K = 5.857e-02 [au], Ee_tot = -5.808e-02 [au]
P_e = 3.437e-07 [au], 1.011e-04 [Mbar]
Virial if 6.330e+02 = 6.304e+02 --->  off by 4.139e-01 % 

βEe_pot/Z = -6725.497, βEe_K/Z = 3376.696, βEe_tot/Z = -3348.801
βP_e Ω/Z = 0.020
