
===========================================
===========================================
Starting case: Ar: Te = 0.063 eV, Ti = 0.063 eV 

T[K]:  729.7002377072956
________________________
Generating NPA
T:  0.0023108219823079023
Using More TF fit for initial Zstar = 0.257
	Intializing grid
Initializing, True
Initializing
	Creating Integral Equation Solver
Intialized Potentials and Densities
Initialized
Time to setup correlation sphere (IS) model: 2.973e+00 [s], time so far: 2.973e+00 [s]
Beginning self-consistent electron solver.
_________________________________
__________________________________________
TF Iteration 0
	μ = -7.890978150e-01, change: 3.104280702e+02 (converged=False)
	φe Err =  3.706e-11, φe change =  9.418e-01
	ne Err =  5.179e-02, ne change =  3.315e-06
	Q =  0.000e+00 -> -1.497e+01, 
	Zstar guess =  2.568e-01. Current Zstar:  2.568e-01 (converged=True)
	Change =  1.932e+00
__________________________________________
TF Iteration 1
	μ = -7.890978150e-01, change: 0.000000000e+00 (converged=True)
	φe Err =  4.184e-11, φe change =  3.358e-02
	ne Err =  1.285e-01, ne change =  5.197e-06
	Q = -1.497e+01 -> -1.010e+01, 
	Zstar guess =  2.568e-01. Current Zstar:  2.568e-01 (converged=True)
	Change =  3.758e-02
__________________________________________
TF Iteration 2
	μ = -7.890978150e-01, change: 0.000000000e+00 (converged=True)
	φe Err =  4.141e-11, φe change =  1.324e-02
	ne Err =  8.150e-02, ne change =  1.541e-06
	Q = -1.010e+01 -> -6.441e+00, 
	Zstar guess =  2.568e-01. Current Zstar:  2.568e-01 (converged=True)
	Change =  1.364e-02
__________________________________________
TF Iteration 3
	μ = -7.890978150e-01, change: 0.000000000e+00 (converged=True)
	φe Err =  3.894e-11, φe change =  1.195e-02
	ne Err =  4.622e-02, ne change =  1.059e-06
	Q = -6.441e+00 -> -3.885e+00, 
	Zstar guess =  2.568e-01. Current Zstar:  2.568e-01 (converged=True)
	Change =  1.302e-02
__________________________________________
TF Iteration 4
	μ = -7.890978150e-01, change: 0.000000000e+00 (converged=True)
	φe Err =  3.945e-11, φe change =  5.910e-03
	ne Err =  3.540e-02, ne change =  1.871e-06
	Q = -3.885e+00 -> -2.164e+00, 
	Zstar guess =  2.568e-01. Current Zstar:  2.568e-01 (converged=True)
	Change =  6.657e-03
__________________________________________
TF Iteration 5
	μ = -7.890978150e-01, change: 0.000000000e+00 (converged=True)
	φe Err =  3.978e-11, φe change =  1.680e-03
	ne Err =  3.188e-02, ne change =  1.666e-06
	Q = -2.164e+00 -> -9.917e-01, 
	Zstar guess =  2.568e-01. Current Zstar:  2.568e-01 (converged=True)
	Change =  1.728e-03
__________________________________________
TF Iteration 6
	μ = -7.890978150e-01, change: 0.000000000e+00 (converged=True)
	φe Err =  3.708e-11, φe change =  1.226e-03
	ne Err =  2.634e-02, ne change =  1.134e-06
	Q = -9.917e-01 -> -1.494e-01, 
	Zstar guess =  2.568e-01. Current Zstar:  2.568e-01 (converged=True)
	Change =  5.745e-04
__________________________________________
TF Iteration 7
	μ = -7.890978150e-01, change: 0.000000000e+00 (converged=True)
	φe Err =  3.890e-11, φe change =  1.363e-03
	ne Err =  2.024e-02, ne change =  6.544e-07
	Q = -1.494e-01 ->  4.881e-01, 
	Zstar guess =  2.568e-01. Current Zstar:  2.568e-01 (converged=True)
	Change =  1.077e-03
__________________________________________
TF Iteration 8
	μ = -7.890978150e-01, change: 0.000000000e+00 (converged=True)
	φe Err =  3.850e-11, φe change =  1.038e-03
	ne Err =  1.525e-02, ne change =  3.322e-07
	Q =  4.881e-01 ->  9.830e-01, 
	Zstar guess =  2.568e-01. Current Zstar:  2.568e-01 (converged=True)
	Change =  8.663e-04
__________________________________________
TF Iteration 9
	μ = -7.890978150e-01, change: 0.000000000e+00 (converged=True)
	φe Err =  3.973e-11, φe change =  6.706e-04
	ne Err =  1.160e-02, ne change =  1.478e-07
	Q =  9.830e-01 ->  1.370e+00, 
	Zstar guess =  2.568e-01. Current Zstar:  2.568e-01 (converged=True)
	Change =  5.473e-04
__________________________________________
TF Iteration 25
	μ = -3.567546429e-01, change: 0.000000000e+00 (converged=True)
	φe Err =  3.963e-11, φe change =  1.521e-04
	ne Err =  5.048e-04, ne change =  9.748e-09
	Q =  1.769e+00 ->  1.777e+00, 
	Zstar guess =  2.568e-01. Current Zstar:  2.568e-01 (converged=True)
	Change =  1.648e-04
__________________________________________
TF Iteration 50
	μ = -1.369398537e-01, change: 2.698844880e-01 (converged=False)
	φe Err =  3.774e-11, φe change =  5.760e-07
	ne Err =  8.306e-03, ne change =  6.929e-10
	Q =  1.267e+00 ->  1.267e+00, 
	Zstar guess =  2.568e-01. Current Zstar:  2.568e-01 (converged=True)
	Change =  2.180e-01
__________________________________________
TF Iteration 75
	μ = -7.284443610e-02, change: 0.000000000e+00 (converged=True)
	φe Err =  3.834e-11, φe change =  2.925e-05
	ne Err =  1.360e-04, ne change =  7.737e-09
	Q =  7.622e-01 ->  7.602e-01, 
	Zstar guess =  2.568e-01. Current Zstar:  2.568e-01 (converged=True)
	Change =  3.258e-05
__________________________________________
TF Iteration 100
	μ = -2.672544622e-02, change: 2.932014507e-01 (converged=False)
	φe Err =  3.800e-11, φe change =  9.895e-08
	ne Err =  2.348e-03, ne change =  2.298e-11
	Q =  5.385e-01 ->  5.385e-01, 
	Zstar guess =  2.568e-01. Current Zstar:  2.568e-01 (converged=True)
	Change =  2.394e-01
__________________________________________
TF Iteration 125
	μ = -1.249456657e-02, change: 0.000000000e+00 (converged=True)
	φe Err =  4.002e-11, φe change =  7.123e-06
	ne Err =  6.747e-05, ne change =  2.901e-09
	Q =  3.111e-01 ->  3.100e-01, 
	Zstar guess =  2.568e-01. Current Zstar:  2.568e-01 (converged=True)
	Change =  8.004e-06
__________________________________________
TF Iteration 150
	μ = -2.920052282e-03, change: 4.227509425e-01 (converged=False)
	φe Err =  3.836e-11, φe change =  7.727e-08
	ne Err =  5.441e-04, ne change =  2.207e-11
	Q =  1.925e-01 ->  1.922e-01, 
	Zstar guess =  2.568e-01. Current Zstar:  2.568e-01 (converged=True)
	Change =  3.661e-01
__________________________________________
TF Iteration 175
	μ = -4.670954241e-04, change: 0.000000000e+00 (converged=True)
	φe Err =  4.197e-11, φe change =  1.375e-06
	ne Err =  2.547e-05, ne change =  5.800e-10
	Q =  7.775e-02 ->  7.652e-02, 
	Zstar guess =  2.568e-01. Current Zstar:  2.568e-01 (converged=True)
	Change =  1.539e-06
__________________________________________
TF Iteration 200
	μ = 9.496249253e-04, change: 4.630975640e-01 (converged=False)
	φe Err =  3.917e-11, φe change =  1.740e-08
	ne Err =  8.561e-05, ne change =  4.900e-12
	Q =  3.490e-02 ->  3.471e-02, 
	Zstar guess =  2.568e-01. Current Zstar:  2.568e-01 (converged=True)
	Change =  2.613e-01
__________________________________________
TF Iteration 225
	μ = 1.285327400e-03, change: 0.000000000e+00 (converged=True)
	φe Err =  3.852e-11, φe change =  1.927e-07
	ne Err =  4.692e-06, ne change =  8.097e-11
	Q =  1.151e-02 ->  1.128e-02, 
	Zstar guess =  2.568e-01. Current Zstar:  2.568e-01 (converged=True)
	Change =  2.155e-07
__________________________________________
TF Iteration 250
	μ = 1.475395790e-03, change: 2.794488796e-02 (converged=False)
	φe Err =  4.025e-11, φe change =  2.448e-09
	ne Err =  1.169e-05, ne change =  6.870e-13
	Q =  4.821e-03 ->  4.792e-03, 
	Zstar guess =  2.568e-01. Current Zstar:  2.568e-01 (converged=True)
	Change =  1.949e-02
__________________________________________
TF Iteration 275
	μ = 1.520057924e-03, change: 0.000000000e+00 (converged=True)
	φe Err =  4.033e-11, φe change =  2.571e-08
	ne Err =  6.488e-07, ne change =  1.080e-11
	Q =  1.548e-03 ->  1.515e-03, 
	Zstar guess =  2.568e-01. Current Zstar:  2.568e-01 (converged=True)
	Change =  2.875e-08
__________________________________________
TF Iteration 300
	μ = 1.545282599e-03, change: 3.454133925e-03 (converged=False)
	φe Err =  3.994e-11, φe change =  3.264e-10
	ne Err =  1.555e-06, ne change =  9.141e-14
	Q =  6.423e-04 ->  6.383e-04, 
	Zstar guess =  2.568e-01. Current Zstar:  2.568e-01 (converged=True)
	Change =  2.438e-03
__________________________________________
TF Iteration 325
	μ = 1.551203314e-03, change: 0.000000000e+00 (converged=True)
	φe Err =  3.683e-11, φe change =  3.411e-09
	ne Err =  8.645e-08, ne change =  1.433e-12
	Q =  2.054e-04 ->  2.011e-04, 
	Zstar guess =  2.568e-01. Current Zstar:  2.568e-01 (converged=True)
	Change =  3.815e-09
__________________________________________
TF Iteration 350
	μ = 1.554546192e-03, change: 4.536225608e-04 (converged=False)
	φe Err =  3.908e-11, φe change =  4.660e-11
	ne Err =  2.061e-07, ne change =  1.160e-14
	Q =  8.515e-05 ->  8.463e-05, 
	Zstar guess =  2.568e-01. Current Zstar:  2.568e-01 (converged=True)
	Change =  3.207e-04
__________________________________________
TF Iteration 375
	μ = 1.555330688e-03, change: 0.000000000e+00 (converged=True)
	φe Err =  3.996e-11, φe change =  4.482e-10
	ne Err =  1.146e-08, ne change =  1.880e-13
	Q =  2.722e-05 ->  2.665e-05, 
	Zstar guess =  2.568e-01. Current Zstar:  2.568e-01 (converged=True)
	Change =  5.008e-10
__________________________________________
TF Iteration 400
	μ = 1.555773572e-03, change: 6.002565710e-05 (converged=False)
	φe Err =  4.031e-11, φe change =  5.332e-12
	ne Err =  2.731e-08, ne change =  2.809e-15
	Q =  1.128e-05 ->  1.121e-05, 
	Zstar guess =  2.568e-01. Current Zstar:  2.568e-01 (converged=True)
	Change =  4.244e-05
__________________________________________
TF Iteration 425
	μ = 1.555877504e-03, change: 0.000000000e+00 (converged=True)
	φe Err =  3.941e-11, φe change =  5.555e-11
	ne Err =  1.519e-09, ne change =  2.007e-14
	Q =  3.607e-06 ->  3.530e-06, 
	Zstar guess =  2.568e-01. Current Zstar:  2.568e-01 (converged=True)
	Change =  5.717e-11
__________________________________________
TF Iteration 450
	μ = 1.555936179e-03, change: 7.951238549e-06 (converged=True)
	φe Err =  3.872e-11, φe change =  1.070e-11
	ne Err =  3.618e-09, ne change =  2.954e-16
	Q =  1.495e-06 ->  1.486e-06, 
	Zstar guess =  2.568e-01. Current Zstar:  2.568e-01 (converged=True)
	Change =  5.622e-06
__________________________________________
TF Iteration 470
	μ = 1.555944437e-03, change: 0.000000000e+00 (converged=True)
	φe Err =  3.956e-11, φe change =  2.903e-12
	ne Err =  9.924e-11, ne change =  1.897e-15
	Q =  6.712e-07 ->  6.659e-07, 
	Zstar guess =  2.568e-01. Current Zstar:  2.568e-01 (converged=True)
	Change =  1.875e-12
	-------------------
	Solving IET.
0: Initial condition Total Error: 3.410e+01
Exiting status 0, reverting to best index so far: 415
Final iter:416, Total Error: 9.406e-13
	-------------------
	Solving IET.
0: Initial condition Total Error: 3.413e+01
Exiting status 0, reverting to best index so far: 400
Final iter:401, Total Error: 9.468e-13
Time to solve CS model: 6.566e+01 [s], time so far: 6.863e+01 [s]
CS model saved.
Ee_pot_density = -1.166e-01 [au], Ee_K = 5.857e-02 [au], Ee_tot = -5.808e-02 [au]
P_e = 5.019e-08 [au], 1.477e-05 [Mbar]
Virial if 6.330e+02 = 6.304e+02 --->  off by 4.139e-01 % 

βEe_pot/Z = -30309.515, βEe_K/Z = 15217.498, βEe_tot/Z = -15092.017
βP_e Ω/Z = 0.013
