
===========================================
===========================================
Starting case: Ar: Te = 0.069 eV, Ti = 0.069 eV 

T[K]:  804.1338215669128
________________________
Generating NPA
T:  0.002546538997208694
Using More TF fit for initial Zstar = 0.262
	Intializing grid
Initializing, True
Initializing
	Creating Integral Equation Solver
Intialized Potentials and Densities
Initialized
Time to setup correlation sphere (IS) model: 9.866e-01 [s], time so far: 9.866e-01 [s]
Beginning self-consistent electron solver.
_________________________________
__________________________________________
TF Iteration 0
	μ = -8.021445320e-01, change: 3.464489627e+02 (converged=False)
	φe Err =  3.983e-11, φe change =  9.431e-01
	ne Err =  5.300e-02, ne change =  3.343e-06
	Q =  0.000e+00 -> -1.541e+01, 
	Zstar guess =  2.622e-01. Current Zstar:  2.622e-01 (converged=True)
	Change =  1.934e+00
__________________________________________
TF Iteration 1
	μ = -8.021445320e-01, change: 0.000000000e+00 (converged=True)
	φe Err =  4.116e-11, φe change =  3.412e-02
	ne Err =  1.302e-01, ne change =  5.298e-06
	Q = -1.541e+01 -> -1.043e+01, 
	Zstar guess =  2.622e-01. Current Zstar:  2.622e-01 (converged=True)
	Change =  3.818e-02
__________________________________________
TF Iteration 2
	μ = -8.021445320e-01, change: 0.000000000e+00 (converged=True)
	φe Err =  4.018e-11, φe change =  1.335e-02
	ne Err =  8.292e-02, ne change =  1.598e-06
	Q = -1.043e+01 -> -6.696e+00, 
	Zstar guess =  2.622e-01. Current Zstar:  2.622e-01 (converged=True)
	Change =  1.374e-02
__________________________________________
TF Iteration 3
	μ = -8.021445320e-01, change: 0.000000000e+00 (converged=True)
	φe Err =  3.912e-11, φe change =  1.215e-02
	ne Err =  4.720e-02, ne change =  1.051e-06
	Q = -6.696e+00 -> -4.074e+00, 
	Zstar guess =  2.622e-01. Current Zstar:  2.622e-01 (converged=True)
	Change =  1.322e-02
__________________________________________
TF Iteration 4
	μ = -8.021445320e-01, change: 0.000000000e+00 (converged=True)
	φe Err =  3.916e-11, φe change =  6.077e-03
	ne Err =  3.603e-02, ne change =  1.895e-06
	Q = -4.074e+00 -> -2.301e+00, 
	Zstar guess =  2.622e-01. Current Zstar:  2.622e-01 (converged=True)
	Change =  6.843e-03
__________________________________________
TF Iteration 5
	μ = -8.021445320e-01, change: 0.000000000e+00 (converged=True)
	φe Err =  3.738e-11, φe change =  1.766e-03
	ne Err =  3.247e-02, ne change =  1.702e-06
	Q = -2.301e+00 -> -1.091e+00, 
	Zstar guess =  2.622e-01. Current Zstar:  2.622e-01 (converged=True)
	Change =  1.839e-03
__________________________________________
TF Iteration 6
	μ = -8.021445320e-01, change: 0.000000000e+00 (converged=True)
	φe Err =  3.845e-11, φe change =  1.227e-03
	ne Err =  2.692e-02, ne change =  1.167e-06
	Q = -1.091e+00 -> -2.209e-01, 
	Zstar guess =  2.622e-01. Current Zstar:  2.622e-01 (converged=True)
	Change =  5.372e-04
__________________________________________
TF Iteration 7
	μ = -8.021445320e-01, change: 0.000000000e+00 (converged=True)
	φe Err =  3.928e-11, φe change =  1.383e-03
	ne Err =  2.075e-02, ne change =  6.772e-07
	Q = -2.209e-01 ->  4.374e-01, 
	Zstar guess =  2.622e-01. Current Zstar:  2.622e-01 (converged=True)
	Change =  1.082e-03
__________________________________________
TF Iteration 8
	μ = -8.021445320e-01, change: 0.000000000e+00 (converged=True)
	φe Err =  3.900e-11, φe change =  1.064e-03
	ne Err =  1.565e-02, ne change =  3.454e-07
	Q =  4.374e-01 ->  9.482e-01, 
	Zstar guess =  2.622e-01. Current Zstar:  2.622e-01 (converged=True)
	Change =  8.849e-04
__________________________________________
TF Iteration 9
	μ = -8.021445320e-01, change: 0.000000000e+00 (converged=True)
	φe Err =  3.909e-11, φe change =  6.929e-04
	ne Err =  1.192e-02, ne change =  1.540e-07
	Q =  9.482e-01 ->  1.347e+00, 
	Zstar guess =  2.622e-01. Current Zstar:  2.622e-01 (converged=True)
	Change =  5.648e-04
__________________________________________
TF Iteration 25
	μ = -3.613921132e-01, change: 0.000000000e+00 (converged=True)
	φe Err =  3.902e-11, φe change =  1.542e-04
	ne Err =  5.147e-04, ne change =  9.496e-09
	Q =  1.780e+00 ->  1.789e+00, 
	Zstar guess =  2.622e-01. Current Zstar:  2.622e-01 (converged=True)
	Change =  1.670e-04
__________________________________________
TF Iteration 50
	μ = -1.386511142e-01, change: 2.698951724e-01 (converged=False)
	φe Err =  3.915e-11, φe change =  5.786e-07
	ne Err =  8.389e-03, ne change =  7.048e-10
	Q =  1.276e+00 ->  1.276e+00, 
	Zstar guess =  2.622e-01. Current Zstar:  2.622e-01 (converged=True)
	Change =  2.180e-01
__________________________________________
TF Iteration 75
	μ = -7.379093133e-02, change: 0.000000000e+00 (converged=True)
	φe Err =  3.941e-11, φe change =  2.962e-05
	ne Err =  1.360e-04, ne change =  7.782e-09
	Q =  7.671e-01 ->  7.651e-01, 
	Zstar guess =  2.622e-01. Current Zstar:  2.622e-01 (converged=True)
	Change =  3.298e-05
__________________________________________
TF Iteration 100
	μ = -2.716649651e-02, change: 2.919409996e-01 (converged=False)
	φe Err =  4.262e-11, φe change =  1.020e-07
	ne Err =  2.365e-03, ne change =  2.420e-11
	Q =  5.418e-01 ->  5.417e-01, 
	Zstar guess =  2.622e-01. Current Zstar:  2.622e-01 (converged=True)
	Change =  2.383e-01
__________________________________________
TF Iteration 125
	μ = -1.281406498e-02, change: 0.000000000e+00 (converged=True)
	φe Err =  3.901e-11, φe change =  7.195e-06
	ne Err =  6.758e-05, ne change =  2.910e-09
	Q =  3.119e-01 ->  3.108e-01, 
	Zstar guess =  2.622e-01. Current Zstar:  2.622e-01 (converged=True)
	Change =  8.084e-06
__________________________________________
TF Iteration 150
	μ = -3.208770445e-03, change: 4.001785294e-01 (converged=False)
	φe Err =  3.908e-11, φe change =  7.355e-08
	ne Err =  5.408e-04, ne change =  2.206e-11
	Q =  1.912e-01 ->  1.909e-01, 
	Zstar guess =  2.622e-01. Current Zstar:  2.622e-01 (converged=True)
	Change =  3.432e-01
__________________________________________
TF Iteration 175
	μ = -7.532344238e-04, change: 0.000000000e+00 (converged=True)
	φe Err =  3.761e-11, φe change =  1.376e-06
	ne Err =  2.522e-05, ne change =  5.756e-10
	Q =  7.664e-02 ->  7.541e-02, 
	Zstar guess =  2.622e-01. Current Zstar:  2.622e-01 (converged=True)
	Change =  1.540e-06
__________________________________________
TF Iteration 200
	μ = 6.674218423e-04, change: 8.252933443e-01 (converged=False)
	φe Err =  3.940e-11, φe change =  1.648e-08
	ne Err =  8.482e-05, ne change =  4.862e-12
	Q =  3.438e-02 ->  3.419e-02, 
	Zstar guess =  2.622e-01. Current Zstar:  2.622e-01 (converged=True)
	Change =  3.965e-01
__________________________________________
TF Iteration 225
	μ = 1.004946459e-03, change: 0.000000000e+00 (converged=True)
	φe Err =  3.936e-11, φe change =  1.936e-07
	ne Err =  4.599e-06, ne change =  8.070e-11
	Q =  1.137e-02 ->  1.113e-02, 
	Zstar guess =  2.622e-01. Current Zstar:  2.622e-01 (converged=True)
	Change =  2.165e-07
__________________________________________
TF Iteration 250
	μ = 1.196521984e-03, change: 3.501770252e-02 (converged=False)
	φe Err =  3.815e-11, φe change =  2.333e-09
	ne Err =  1.163e-05, ne change =  6.841e-13
	Q =  4.769e-03 ->  4.741e-03, 
	Zstar guess =  2.622e-01. Current Zstar:  2.622e-01 (converged=True)
	Change =  2.433e-02
__________________________________________
TF Iteration 275
	μ = 1.241667897e-03, change: 0.000000000e+00 (converged=True)
	φe Err =  3.817e-11, φe change =  2.597e-08
	ne Err =  6.386e-07, ne change =  1.082e-11
	Q =  1.535e-03 ->  1.503e-03, 
	Zstar guess =  2.622e-01. Current Zstar:  2.622e-01 (converged=True)
	Change =  2.905e-08
__________________________________________
TF Iteration 300
	μ = 1.267230972e-03, change: 4.277958015e-03 (converged=False)
	φe Err =  3.934e-11, φe change =  3.151e-10
	ne Err =  1.555e-06, ne change =  9.192e-14
	Q =  6.388e-04 ->  6.349e-04, 
	Zstar guess =  2.622e-01. Current Zstar:  2.622e-01 (converged=True)
	Change =  3.019e-03
__________________________________________
TF Iteration 325
	μ = 1.273248729e-03, change: 0.000000000e+00 (converged=True)
	φe Err =  3.856e-11, φe change =  3.464e-09
	ne Err =  8.554e-08, ne change =  1.443e-12
	Q =  2.049e-04 ->  2.006e-04, 
	Zstar guess =  2.622e-01. Current Zstar:  2.622e-01 (converged=True)
	Change =  3.874e-09
__________________________________________
TF Iteration 350
	μ = 1.276655196e-03, change: 5.637226784e-04 (converged=False)
	φe Err =  3.856e-11, φe change =  4.994e-11
	ne Err =  2.073e-07, ne change =  9.135e-15
	Q =  8.517e-05 ->  8.464e-05, 
	Zstar guess =  2.622e-01. Current Zstar:  2.622e-01 (converged=True)
	Change =  3.985e-04
__________________________________________
TF Iteration 375
	μ = 1.277456997e-03, change: 0.000000000e+00 (converged=True)
	φe Err =  3.829e-11, φe change =  4.615e-10
	ne Err =  1.141e-08, ne change =  1.950e-13
	Q =  2.731e-05 ->  2.673e-05, 
	Zstar guess =  2.622e-01. Current Zstar:  2.622e-01 (converged=True)
	Change =  5.162e-10
__________________________________________
TF Iteration 400
	μ = 1.277910839e-03, change: 7.499237156e-05 (converged=False)
	φe Err =  3.911e-11, φe change =  5.327e-12
	ne Err =  2.761e-08, ne change =  6.081e-15
	Q =  1.135e-05 ->  1.128e-05, 
	Zstar guess =  2.622e-01. Current Zstar:  2.622e-01 (converged=True)
	Change =  5.303e-05
__________________________________________
TF Iteration 425
	μ = 1.278017661e-03, change: 0.000000000e+00 (converged=True)
	φe Err =  3.943e-11, φe change =  6.063e-11
	ne Err =  1.520e-09, ne change =  2.394e-14
	Q =  3.639e-06 ->  3.562e-06, 
	Zstar guess =  2.622e-01. Current Zstar:  2.622e-01 (converged=True)
	Change =  6.765e-11
__________________________________________
TF Iteration 450
	μ = 1.278078125e-03, change: 9.989165210e-06 (converged=True)
	φe Err =  4.167e-11, φe change =  1.158e-11
	ne Err =  3.679e-09, ne change =  1.152e-15
	Q =  1.512e-06 ->  1.503e-06, 
	Zstar guess =  2.622e-01. Current Zstar:  2.622e-01 (converged=True)
	Change =  7.063e-06
__________________________________________
TF Iteration 470
	μ = 1.278086656e-03, change: 0.000000000e+00 (converged=True)
	φe Err =  3.799e-11, φe change =  8.343e-12
	ne Err =  9.949e-11, ne change =  1.306e-15
	Q =  6.804e-07 ->  6.751e-07, 
	Zstar guess =  2.622e-01. Current Zstar:  2.622e-01 (converged=True)
	Change =  4.327e-12
	-------------------
	Solving IET.
0: Initial condition Total Error: 3.149e+01
Exiting status 0, reverting to best index so far: 423
Final iter:424, Total Error: 9.587e-13
	-------------------
	Solving IET.
0: Initial condition Total Error: 2.064e+09
/home/zach/plasma/hnc/hnc/hnc.py:648: RuntimeWarning: overflow encountered in exp
  hnc_err = np.linalg.norm(- 1 - self.h_r_matrix   + np.exp( -self.βu_r_matrix + self.h_r_matrix - self.c_r_matrix ))/np.sqrt(self.N_bins*self.N_species**2)
/home/zach/plasma/hnc/hnc/hnc.py:432: RuntimeWarning: overflow encountered in exp
  tot_eqn =  1 + h_r_matrix  - np.exp(-self.βu_s_r_matrix + h_r_matrix - c_s_r_matrix )
/home/zach/plasma/hnc/hnc/hnc.py:518: RuntimeWarning: overflow encountered in exp
  h_r_matrix = -1 + np.exp(γs_r_matrix - self.βu_s_r_matrix) # 2. γ_r,u_s_r  -> h_r   (HNC)
/home/zach/plasma/hnc/hnc/hnc.py:656: RuntimeWarning: invalid value encountered in subtract
  Δ_err = np.array(self.tot_err_list[-iters_to_check:-2]) - np.array(self.tot_err_list[-iters_to_check + 1:-1])
QUIT: Total error infinite.
Exiting status 1, reverting to best index so far: 1
Final iter:21, Total Error: 1.006e+02
Time to solve CS model: 6.761e+01 [s], time so far: 6.859e+01 [s]
CS model saved.
Ee_pot_density = -1.166e-01 [au], Ee_K = 5.857e-02 [au], Ee_tot = -5.808e-02 [au]
P_e = 5.551e-08 [au], 1.633e-05 [Mbar]
Virial if 6.330e+02 = 6.304e+02 --->  off by 4.139e-01 % 

βEe_pot/Z = -27503.950, βEe_K/Z = 13808.910, βEe_tot/Z = -13695.040
βP_e Ω/Z = 0.013
