
===========================================
===========================================
Starting case: Ar: Te = 0.030 eV, Ti = 0.030 eV 

T[K]:  352.18080350357377
________________________
Generating NPA
T:  0.0011152896770870566
Using More TF fit for initial Zstar = 0.228
	Intializing grid
Initializing, True
Initializing
	Creating Integral Equation Solver
/home/zach/plasma/average_atom/core/average_atom_new.py:236: RuntimeWarning: invalid value encountered in power
  nb_Mavrin_Demura_func = lambda r: np.nan_to_num(self.Z/(4*π*r_TF**3) * (Φ_Mavrin_Demura(x(r))/x(r) )**1.5)
Intialized Potentials and Densities
Initialized
Time to setup correlation sphere (IS) model: 1.436e+00 [s], time so far: 1.436e+00 [s]
Beginning self-consistent electron solver.
_________________________________
__________________________________________
TF Iteration 0
	μ = -7.225960994e-01, change: 2.181956695e+02 (converged=False)
	φe Err =  3.756e-11, φe change =  9.352e-01
	ne Err =  4.587e-02, ne change =  3.167e-06
	Q =  0.000e+00 -> -1.285e+01, 
	Zstar guess =  2.278e-01. Current Zstar:  2.278e-01 (converged=True)
	Change =  1.926e+00
__________________________________________
TF Iteration 1
	μ = -7.225960994e-01, change: 0.000000000e+00 (converged=True)
	φe Err =  4.093e-11, φe change =  3.088e-02
	ne Err =  1.198e-01, ne change =  4.690e-06
	Q = -1.285e+01 -> -8.457e+00, 
	Zstar guess =  2.278e-01. Current Zstar:  2.278e-01 (converged=True)
	Change =  3.451e-02
__________________________________________
TF Iteration 2
	μ = -7.225960994e-01, change: 0.000000000e+00 (converged=True)
	φe Err =  4.082e-11, φe change =  1.265e-02
	ne Err =  7.430e-02, ne change =  1.266e-06
	Q = -8.457e+00 -> -5.201e+00, 
	Zstar guess =  2.278e-01. Current Zstar:  2.278e-01 (converged=True)
	Change =  1.311e-02
__________________________________________
TF Iteration 3
	μ = -7.225960994e-01, change: 0.000000000e+00 (converged=True)
	φe Err =  3.940e-11, φe change =  1.095e-02
	ne Err =  4.132e-02, ne change =  1.087e-06
	Q = -5.201e+00 -> -2.970e+00, 
	Zstar guess =  2.278e-01. Current Zstar:  2.278e-01 (converged=True)
	Change =  1.195e-02
__________________________________________
TF Iteration 4
	μ = -7.225960994e-01, change: 0.000000000e+00 (converged=True)
	φe Err =  3.871e-11, φe change =  5.072e-03
	ne Err =  3.224e-02, ne change =  1.741e-06
	Q = -2.970e+00 -> -1.504e+00, 
	Zstar guess =  2.278e-01. Current Zstar:  2.278e-01 (converged=True)
	Change =  5.724e-03
__________________________________________
TF Iteration 5
	μ = -7.225960994e-01, change: 0.000000000e+00 (converged=True)
	φe Err =  4.025e-11, φe change =  1.283e-03
	ne Err =  2.886e-02, ne change =  1.483e-06
	Q = -1.504e+00 -> -5.187e-01, 
	Zstar guess =  2.278e-01. Current Zstar:  2.278e-01 (converged=True)
	Change =  1.192e-03
__________________________________________
TF Iteration 6
	μ = -7.225960994e-01, change: 0.000000000e+00 (converged=True)
	φe Err =  3.789e-11, φe change =  1.220e-03
	ne Err =  2.337e-02, ne change =  9.744e-07
	Q = -5.187e-01 ->  1.884e-01, 
	Zstar guess =  2.278e-01. Current Zstar:  2.278e-01 (converged=True)
	Change =  7.366e-04
__________________________________________
TF Iteration 7
	μ = -7.225960994e-01, change: 0.000000000e+00 (converged=True)
	φe Err =  3.963e-11, φe change =  1.255e-03
	ne Err =  1.768e-02, ne change =  5.453e-07
	Q =  1.884e-01 ->  7.255e-01, 
	Zstar guess =  2.278e-01. Current Zstar:  2.278e-01 (converged=True)
	Change =  1.035e-03
__________________________________________
TF Iteration 8
	μ = -7.225960994e-01, change: 0.000000000e+00 (converged=True)
	φe Err =  4.097e-11, φe change =  9.022e-04
	ne Err =  1.323e-02, ne change =  2.707e-07
	Q =  7.255e-01 ->  1.143e+00, 
	Zstar guess =  2.278e-01. Current Zstar:  2.278e-01 (converged=True)
	Change =  7.666e-04
__________________________________________
TF Iteration 9
	μ = -7.225960994e-01, change: 0.000000000e+00 (converged=True)
	φe Err =  3.898e-11, φe change =  5.598e-04
	ne Err =  1.006e-02, ne change =  1.204e-07
	Q =  1.143e+00 ->  1.469e+00, 
	Zstar guess =  2.278e-01. Current Zstar:  2.278e-01 (converged=True)
	Change =  4.597e-04
__________________________________________
TF Iteration 25
	μ = -3.325399112e-01, change: 0.000000000e+00 (converged=True)
	φe Err =  3.840e-11, φe change =  1.411e-04
	ne Err =  4.553e-04, ne change =  1.092e-08
	Q =  1.707e+00 ->  1.714e+00, 
	Zstar guess =  2.278e-01. Current Zstar:  2.278e-01 (converged=True)
	Change =  1.531e-04
__________________________________________
TF Iteration 50
	μ = -1.279760924e-01, change: 2.698279437e-01 (converged=False)
	φe Err =  3.989e-11, φe change =  5.606e-07
	ne Err =  7.865e-03, ne change =  6.312e-10
	Q =  1.221e+00 ->  1.221e+00, 
	Zstar guess =  2.278e-01. Current Zstar:  2.278e-01 (converged=True)
	Change =  2.179e-01
__________________________________________
TF Iteration 75
	μ = -6.790795248e-02, change: 0.000000000e+00 (converged=True)
	φe Err =  3.815e-11, φe change =  2.737e-05
	ne Err =  1.350e-04, ne change =  7.491e-09
	Q =  7.357e-01 ->  7.338e-01, 
	Zstar guess =  2.278e-01. Current Zstar:  2.278e-01 (converged=True)
	Change =  3.052e-05
__________________________________________
TF Iteration 100
	μ = -2.450451282e-02, change: 2.991209295e-01 (converged=False)
	φe Err =  3.812e-11, φe change =  8.365e-08
	ne Err =  2.247e-03, ne change =  1.669e-11
	Q =  5.204e-01 ->  5.204e-01, 
	Zstar guess =  2.278e-01. Current Zstar:  2.278e-01 (converged=True)
	Change =  2.449e-01
__________________________________________
TF Iteration 125
	μ = -1.099832669e-02, change: 0.000000000e+00 (converged=True)
	φe Err =  3.927e-11, φe change =  6.727e-06
	ne Err =  6.678e-05, ne change =  2.822e-09
	Q =  3.038e-01 ->  3.030e-01, 
	Zstar guess =  2.278e-01. Current Zstar:  2.278e-01 (converged=True)
	Change =  7.565e-06
__________________________________________
TF Iteration 150
	μ = -1.691369138e-03, change: 5.543558044e-01 (converged=False)
	φe Err =  3.980e-11, φe change =  9.477e-08
	ne Err =  5.557e-04, ne change =  2.169e-11
	Q =  1.962e-01 ->  1.961e-01, 
	Zstar guess =  2.278e-01. Current Zstar:  2.278e-01 (converged=True)
	Change =  5.064e-01
__________________________________________
TF Iteration 175
	μ = 7.070433816e-04, change: 0.000000000e+00 (converged=True)
	φe Err =  3.842e-11, φe change =  1.350e-06
	ne Err =  2.672e-05, ne change =  5.893e-10
	Q =  8.248e-02 ->  8.124e-02, 
	Zstar guess =  2.278e-01. Current Zstar:  2.278e-01 (converged=True)
	Change =  1.510e-06
__________________________________________
TF Iteration 200
	μ = 2.060396008e-03, change: 1.594271968e-01 (converged=False)
	φe Err =  3.872e-11, φe change =  2.128e-08
	ne Err =  8.724e-05, ne change =  4.950e-12
	Q =  3.662e-02 ->  3.642e-02, 
	Zstar guess =  2.278e-01. Current Zstar:  2.278e-01 (converged=True)
	Change =  1.041e-01
__________________________________________
TF Iteration 225
	μ = 2.372182121e-03, change: 0.000000000e+00 (converged=True)
	φe Err =  3.862e-11, φe change =  1.797e-07
	ne Err =  5.089e-06, ne change =  7.805e-11
	Q =  1.175e-02 ->  1.150e-02, 
	Zstar guess =  2.278e-01. Current Zstar:  2.278e-01 (converged=True)
	Change =  2.009e-07
__________________________________________
TF Iteration 250
	μ = 2.544434433e-03, change: 1.429952882e-02 (converged=False)
	φe Err =  3.971e-11, φe change =  2.817e-09
	ne Err =  1.135e-05, ne change =  6.577e-13
	Q =  4.802e-03 ->  4.772e-03, 
	Zstar guess =  2.278e-01. Current Zstar:  2.278e-01 (converged=True)
	Change =  1.004e-02
__________________________________________
TF Iteration 275
	μ = 2.583799528e-03, change: 0.000000000e+00 (converged=True)
	φe Err =  3.808e-11, φe change =  2.274e-08
	ne Err =  6.680e-07, ne change =  9.874e-12
	Q =  1.498e-03 ->  1.466e-03, 
	Zstar guess =  2.278e-01. Current Zstar:  2.278e-01 (converged=True)
	Change =  2.544e-08
__________________________________________
TF Iteration 300
	μ = 2.605498409e-03, change: 1.736228823e-03 (converged=False)
	φe Err =  3.994e-11, φe change =  3.542e-10
	ne Err =  1.434e-06, ne change =  8.427e-14
	Q =  6.071e-04 ->  6.032e-04, 
	Zstar guess =  2.278e-01. Current Zstar:  2.278e-01 (converged=True)
	Change =  1.227e-03
__________________________________________
TF Iteration 325
	μ = 2.610452431e-03, change: 0.000000000e+00 (converged=True)
	φe Err =  3.927e-11, φe change =  2.864e-09
	ne Err =  8.446e-08, ne change =  1.244e-12
	Q =  1.888e-04 ->  1.846e-04, 
	Zstar guess =  2.278e-01. Current Zstar:  2.278e-01 (converged=True)
	Change =  3.203e-09
__________________________________________
TF Iteration 350
	μ = 2.613182341e-03, change: 2.174373607e-04 (converged=False)
	φe Err =  3.906e-11, φe change =  4.845e-11
	ne Err =  1.805e-07, ne change =  8.863e-15
	Q =  7.641e-05 ->  7.592e-05, 
	Zstar guess =  2.278e-01. Current Zstar:  2.278e-01 (converged=True)
	Change =  1.537e-04
__________________________________________
TF Iteration 375
	μ = 2.613805491e-03, change: 0.000000000e+00 (converged=True)
	φe Err =  3.942e-11, φe change =  3.625e-10
	ne Err =  1.063e-08, ne change =  1.588e-13
	Q =  2.375e-05 ->  2.323e-05, 
	Zstar guess =  2.278e-01. Current Zstar:  2.278e-01 (converged=True)
	Change =  4.057e-10
__________________________________________
TF Iteration 400
	μ = 2.614148870e-03, change: 2.733506528e-05 (converged=False)
	φe Err =  4.150e-11, φe change =  7.814e-12
	ne Err =  2.270e-08, ne change =  1.532e-15
	Q =  9.611e-06 ->  9.550e-06, 
	Zstar guess =  2.278e-01. Current Zstar:  2.278e-01 (converged=True)
	Change =  1.933e-05
__________________________________________
TF Iteration 425
	μ = 2.614227253e-03, change: 0.000000000e+00 (converged=True)
	φe Err =  4.028e-11, φe change =  4.290e-11
	ne Err =  1.337e-09, ne change =  1.773e-14
	Q =  2.987e-06 ->  2.922e-06, 
	Zstar guess =  2.278e-01. Current Zstar:  2.278e-01 (converged=True)
	Change =  4.676e-11
__________________________________________
TF Iteration 450
	μ = 2.614270445e-03, change: 3.438137105e-06 (converged=True)
	φe Err =  4.121e-11, φe change =  2.218e-12
	ne Err =  2.856e-09, ne change =  5.192e-16
	Q =  1.209e-06 ->  1.201e-06, 
	Zstar guess =  2.278e-01. Current Zstar:  2.278e-01 (converged=True)
	Change =  2.431e-06
__________________________________________
TF Iteration 470
	μ = 2.614276383e-03, change: 0.000000000e+00 (converged=True)
	φe Err =  3.895e-11, φe change =  3.589e-12
	ne Err =  8.543e-11, ne change =  1.273e-15
	Q =  5.319e-07 ->  5.276e-07, 
	Zstar guess =  2.278e-01. Current Zstar:  2.278e-01 (converged=True)
	Change =  2.151e-12
/home/zach/plasma/average_atom/core/average_atom_new.py:476: RuntimeWarning: divide by zero encountered in divide
  rel_errs = (np.abs(A @ φe - b)[:-1]/b[:-1])
	-------------------
	Solving IET.
0: Initial condition Total Error: 6.844e+01
Exiting status 0, reverting to best index so far: 803
Final iter:804, Total Error: 9.694e-13
	-------------------
	Solving IET.
0: Initial condition Total Error: 6.845e+01
Exiting status 0, reverting to best index so far: 778
Final iter:779, Total Error: 9.795e-13
Time to solve CS model: 7.073e+01 [s], time so far: 7.217e+01 [s]
CS model saved.
/home/zach/plasma/average_atom/core/average_atom_new.py:476: RuntimeWarning: invalid value encountered in divide
  rel_errs = (np.abs(A @ φe - b)[:-1]/b[:-1])
Ee_pot_density = -1.166e-01 [au], Ee_K = 5.857e-02 [au], Ee_tot = -5.808e-02 [au]
P_e = 2.757e-08 [au], 8.111e-06 [Mbar]
Virial if 6.330e+02 = 6.304e+02 --->  off by 4.139e-01 % 

βEe_pot/Z = -62799.767, βEe_K/Z = 31529.860, βEe_tot/Z = -31269.907
βP_e Ω/Z = 0.015
