
===========================================
===========================================
Starting case: Ar: Te = 0.533 eV, Ti = 0.533 eV 

T[K]:  6182.853988145011
________________________
Generating NPA
T:  0.019579923605474694
Using More TF fit for initial Zstar = 0.554
	Intializing grid
Initializing, True
Initializing
	Creating Integral Equation Solver
Intialized Potentials and Densities
Initialized
Time to setup correlation sphere (IS) model: 1.896e+00 [s], time so far: 1.896e+00 [s]
Beginning self-consistent electron solver.
_________________________________
__________________________________________
TF Iteration 0
	μ = -1.202673486e+00, change: 3.198027194e+01 (converged=False)
	φe Err =  3.854e-11, φe change =  9.714e-01
	ne Err =  9.211e-02, ne change =  4.136e-06
	Q =  0.000e+00 -> -2.895e+01, 
	Zstar guess =  5.543e-01. Current Zstar:  5.543e-01 (converged=True)
	Change =  1.934e+00
__________________________________________
TF Iteration 1
	μ = -1.202673486e+00, change: 0.000000000e+00 (converged=True)
	φe Err =  4.016e-11, φe change =  5.011e-02
	ne Err =  1.785e-01, ne change =  8.319e-06
	Q = -2.895e+01 -> -2.101e+01, 
	Zstar guess =  5.543e-01. Current Zstar:  5.543e-01 (converged=True)
	Change =  5.636e-02
__________________________________________
TF Iteration 2
	μ = -1.202673486e+00, change: 0.000000000e+00 (converged=True)
	φe Err =  3.925e-11, φe change =  1.575e-02
	ne Err =  1.244e-01, ne change =  3.459e-06
	Q = -2.101e+01 -> -1.483e+01, 
	Zstar guess =  5.543e-01. Current Zstar:  5.543e-01 (converged=True)
	Change =  1.563e-02
__________________________________________
TF Iteration 3
	μ = -1.202673486e+00, change: 0.000000000e+00 (converged=True)
	φe Err =  3.915e-11, φe change =  1.744e-02
	ne Err =  7.752e-02, ne change =  6.220e-07
	Q = -1.483e+01 -> -1.022e+01, 
	Zstar guess =  5.543e-01. Current Zstar:  5.543e-01 (converged=True)
	Change =  1.879e-02
__________________________________________
TF Iteration 4
	μ = -1.202673486e+00, change: 0.000000000e+00 (converged=True)
	φe Err =  3.952e-11, φe change =  1.111e-02
	ne Err =  5.566e-02, ne change =  2.473e-06
	Q = -1.022e+01 -> -6.853e+00, 
	Zstar guess =  5.543e-01. Current Zstar:  5.543e-01 (converged=True)
	Change =  1.239e-02
__________________________________________
TF Iteration 5
	μ = -1.202673486e+00, change: 0.000000000e+00 (converged=True)
	φe Err =  3.749e-11, φe change =  4.984e-03
	ne Err =  4.915e-02, ne change =  2.744e-06
	Q = -6.853e+00 -> -4.429e+00, 
	Zstar guess =  5.543e-01. Current Zstar:  5.543e-01 (converged=True)
	Change =  5.656e-03
__________________________________________
TF Iteration 6
	μ = -1.202673486e+00, change: 0.000000000e+00 (converged=True)
	φe Err =  3.838e-11, φe change =  1.766e-03
	ne Err =  4.347e-02, ne change =  2.221e-06
	Q = -4.429e+00 -> -2.656e+00, 
	Zstar guess =  5.543e-01. Current Zstar:  5.543e-01 (converged=True)
	Change =  1.238e-03
__________________________________________
TF Iteration 7
	μ = -1.202673486e+00, change: 0.000000000e+00 (converged=True)
	φe Err =  4.051e-11, φe change =  1.725e-03
	ne Err =  3.589e-02, ne change =  1.504e-06
	Q = -2.656e+00 -> -1.325e+00, 
	Zstar guess =  5.543e-01. Current Zstar:  5.543e-01 (converged=True)
	Change =  7.553e-04
__________________________________________
TF Iteration 8
	μ = -1.202673486e+00, change: 0.000000000e+00 (converged=True)
	φe Err =  3.958e-11, φe change =  1.725e-03
	ne Err =  2.826e-02, ne change =  8.927e-07
	Q = -1.325e+00 -> -2.986e-01, 
	Zstar guess =  5.543e-01. Current Zstar:  5.543e-01 (converged=True)
	Change =  1.213e-03
__________________________________________
TF Iteration 9
	μ = -1.202673486e+00, change: 0.000000000e+00 (converged=True)
	φe Err =  3.737e-11, φe change =  1.360e-03
	ne Err =  2.187e-02, ne change =  4.677e-07
	Q = -2.986e-01 ->  5.026e-01, 
	Zstar guess =  5.543e-01. Current Zstar:  5.543e-01 (converged=True)
	Change =  1.031e-03
__________________________________________
TF Iteration 25
	μ = -4.922177428e-01, change: 0.000000000e+00 (converged=True)
	φe Err =  3.855e-11, φe change =  2.129e-04
	ne Err =  7.876e-04, ne change =  1.897e-09
	Q =  2.064e+00 ->  2.084e+00, 
	Zstar guess =  5.543e-01. Current Zstar:  5.543e-01 (converged=True)
	Change =  2.296e-04
__________________________________________
TF Iteration 50
	μ = -1.896335549e-01, change: 2.630843151e-01 (converged=False)
	φe Err =  4.188e-11, φe change =  6.482e-07
	ne Err =  1.025e-02, ne change =  1.037e-09
	Q =  1.484e+00 ->  1.484e+00, 
	Zstar guess =  5.543e-01. Current Zstar:  5.543e-01 (converged=True)
	Change =  2.118e-01
__________________________________________
TF Iteration 75
	μ = -1.079504583e-01, change: 0.000000000e+00 (converged=True)
	φe Err =  4.073e-11, φe change =  4.098e-05
	ne Err =  1.241e-04, ne change =  8.029e-09
	Q =  8.392e-01 ->  8.359e-01, 
	Zstar guess =  5.543e-01. Current Zstar:  5.543e-01 (converged=True)
	Change =  4.501e-05
__________________________________________
TF Iteration 100
	μ = -5.856261008e-02, change: 1.509018187e-01 (converged=False)
	φe Err =  3.986e-11, φe change =  3.015e-07
	ne Err =  1.859e-03, ne change =  6.685e-11
	Q =  4.878e-01 ->  4.865e-01, 
	Zstar guess =  5.543e-01. Current Zstar:  5.543e-01 (converged=True)
	Change =  1.150e-01
__________________________________________
TF Iteration 125
	μ = -4.733044760e-02, change: 0.000000000e+00 (converged=True)
	φe Err =  3.889e-11, φe change =  6.599e-06
	ne Err =  5.867e-05, ne change =  1.516e-09
	Q =  1.758e-01 ->  1.722e-01, 
	Zstar guess =  5.543e-01. Current Zstar:  5.543e-01 (converged=True)
	Change =  7.216e-06
__________________________________________
TF Iteration 150
	μ = -4.145137093e-02, change: 2.774055016e-02 (converged=False)
	φe Err =  3.927e-11, φe change =  4.737e-08
	ne Err =  2.235e-04, ne change =  7.444e-13
	Q =  7.164e-02 ->  7.116e-02, 
	Zstar guess =  5.543e-01. Current Zstar:  5.543e-01 (converged=True)
	Change =  1.989e-02
__________________________________________
TF Iteration 175
	μ = -4.020486418e-02, change: 0.000000000e+00 (converged=True)
	φe Err =  3.887e-11, φe change =  7.573e-07
	ne Err =  8.491e-06, ne change =  1.742e-10
	Q =  2.109e-02 ->  2.057e-02, 
	Zstar guess =  5.543e-01. Current Zstar:  5.543e-01 (converged=True)
	Change =  8.268e-07
__________________________________________
TF Iteration 200
	μ = -3.956383095e-02, change: 3.233209542e-03 (converged=False)
	φe Err =  3.862e-11, φe change =  5.340e-09
	ne Err =  2.450e-05, ne change =  3.048e-14
	Q =  8.031e-03 ->  7.972e-03, 
	Zstar guess =  5.543e-01. Current Zstar:  5.543e-01 (converged=True)
	Change =  2.290e-03
__________________________________________
TF Iteration 225
	μ = -3.942889735e-02, change: 0.000000000e+00 (converged=True)
	φe Err =  4.035e-11, φe change =  8.229e-08
	ne Err =  9.473e-07, ne change =  1.892e-11
	Q =  2.304e-03 ->  2.245e-03, 
	Zstar guess =  5.543e-01. Current Zstar:  5.543e-01 (converged=True)
	Change =  8.983e-08
__________________________________________
TF Iteration 250
	μ = -3.935962377e-02, change: 3.521931461e-04 (converged=False)
	φe Err =  4.076e-11, φe change =  5.767e-10
	ne Err =  2.650e-06, ne change =  3.001e-15
	Q =  8.706e-04 ->  8.641e-04, 
	Zstar guess =  5.543e-01. Current Zstar:  5.543e-01 (converged=True)
	Change =  2.491e-04
__________________________________________
TF Iteration 275
	μ = -3.934504306e-02, change: 0.000000000e+00 (converged=True)
	φe Err =  3.909e-11, φe change =  8.901e-09
	ne Err =  1.026e-07, ne change =  2.048e-12
	Q =  2.492e-04 ->  2.428e-04, 
	Zstar guess =  5.543e-01. Current Zstar:  5.543e-01 (converged=True)
	Change =  9.717e-09
__________________________________________
TF Iteration 300
	μ = -3.933755751e-02, change: 3.809012344e-05 (converged=False)
	φe Err =  4.071e-11, φe change =  6.171e-11
	ne Err =  2.864e-07, ne change =  3.357e-15
	Q =  9.410e-05 ->  9.341e-05, 
	Zstar guess =  5.543e-01. Current Zstar:  5.543e-01 (converged=True)
	Change =  2.693e-05
__________________________________________
TF Iteration 325
	μ = -3.933598192e-02, change: 0.000000000e+00 (converged=True)
	φe Err =  4.001e-11, φe change =  9.585e-10
	ne Err =  1.109e-08, ne change =  2.206e-13
	Q =  2.693e-05 ->  2.625e-05, 
	Zstar guess =  5.543e-01. Current Zstar:  5.543e-01 (converged=True)
	Change =  1.046e-09
__________________________________________
TF Iteration 350
	μ = -3.933517295e-02, change: 4.116886595e-06 (converged=True)
	φe Err =  4.006e-11, φe change =  1.136e-11
	ne Err =  3.095e-08, ne change =  1.317e-15
	Q =  1.017e-05 ->  1.009e-05, 
	Zstar guess =  5.543e-01. Current Zstar:  5.543e-01 (converged=True)
	Change =  2.911e-06
__________________________________________
TF Iteration 375
	μ = -3.933500267e-02, change: 0.000000000e+00 (converged=True)
	φe Err =  4.020e-11, φe change =  1.014e-10
	ne Err =  1.199e-09, ne change =  2.133e-14
	Q =  2.910e-06 ->  2.836e-06, 
	Zstar guess =  5.543e-01. Current Zstar:  5.543e-01 (converged=True)
	Change =  1.106e-10
__________________________________________
TF Iteration 400
	μ = -3.933491524e-02, change: 4.449251236e-07 (converged=True)
	φe Err =  4.065e-11, φe change =  5.304e-12
	ne Err =  3.345e-09, ne change =  3.132e-15
	Q =  1.099e-06 ->  1.091e-06, 
	Zstar guess =  5.543e-01. Current Zstar:  5.543e-01 (converged=True)
	Change =  3.146e-07
__________________________________________
TF Iteration 419
	μ = -3.933490403e-02, change: 0.000000000e+00 (converged=True)
	φe Err =  3.845e-11, φe change =  5.391e-12
	ne Err =  8.731e-11, ne change =  3.241e-16
	Q =  4.611e-07 ->  4.556e-07, 
	Zstar guess =  5.543e-01. Current Zstar:  5.543e-01 (converged=True)
	Change =  3.948e-12
	-------------------
	Solving IET.
0: Initial condition Total Error: 1.343e+01
Exiting status 0, reverting to best index so far: 330
Final iter:331, Total Error: 9.509e-13
	-------------------
	Solving IET.
0: Initial condition Total Error: 1.344e+01
Exiting status 0, reverting to best index so far: 287
Final iter:288, Total Error: 9.581e-13
Time to solve CS model: 7.136e+01 [s], time so far: 7.326e+01 [s]
CS model saved.
Ee_pot_density = -1.166e-01 [au], Ee_K = 5.856e-02 [au], Ee_tot = -5.808e-02 [au]
P_e = 8.931e-07 [au], 2.627e-04 [Mbar]
Virial if 6.330e+02 = 6.303e+02 --->  off by 4.139e-01 % 

βEe_pot/Z = -3576.994, βEe_K/Z = 1795.941, βEe_tot/Z = -1781.054
βP_e Ω/Z = 0.027
