
===========================================
===========================================
Starting case: Ar: Te = 2.401 eV, Ti = 2.401 eV 

T[K]:  27863.68338108721
________________________
Generating NPA
T:  0.08823899011927092
Using More TF fit for initial Zstar = 1.273
	Intializing grid
Initializing, True
Initializing
	Creating Integral Equation Solver
Intialized Potentials and Densities
Initialized
Time to setup correlation sphere (IS) model: 2.999e+00 [s], time so far: 2.999e+00 [s]
Beginning self-consistent electron solver.
_________________________________
__________________________________________
TF Iteration 0
	μ = -1.566545675e+00, change: 4.332963298e+00 (converged=False)
	φe Err =  3.883e-11, φe change =  9.848e-01
	ne Err =  8.539e-02, ne change =  4.342e-06
	Q =  0.000e+00 -> -2.412e+01, 
	Zstar guess =  1.273e+00. Current Zstar:  1.273e+00 (converged=True)
	Change =  1.780e+00
__________________________________________
TF Iteration 1
	μ = -1.566545675e+00, change: 0.000000000e+00 (converged=True)
	φe Err =  4.232e-11, φe change =  5.301e-02
	ne Err =  1.819e-01, ne change =  8.874e-06
	Q = -2.412e+01 -> -1.710e+01, 
	Zstar guess =  1.273e+00. Current Zstar:  1.273e+00 (converged=True)
	Change =  5.962e-02
__________________________________________
TF Iteration 2
	μ = -1.566545675e+00, change: 0.000000000e+00 (converged=True)
	φe Err =  4.154e-11, φe change =  1.633e-02
	ne Err =  1.267e-01, ne change =  3.789e-06
	Q = -1.710e+01 -> -1.167e+01, 
	Zstar guess =  1.273e+00. Current Zstar:  1.273e+00 (converged=True)
	Change =  1.617e-02
__________________________________________
TF Iteration 3
	μ = -1.566545675e+00, change: 0.000000000e+00 (converged=True)
	φe Err =  4.051e-11, φe change =  1.806e-02
	ne Err =  7.848e-02, ne change =  4.835e-07
	Q = -1.167e+01 -> -7.632e+00, 
	Zstar guess =  1.273e+00. Current Zstar:  1.273e+00 (converged=True)
	Change =  1.942e-02
__________________________________________
TF Iteration 4
	μ = -1.566545675e+00, change: 0.000000000e+00 (converged=True)
	φe Err =  3.718e-11, φe change =  1.161e-02
	ne Err =  5.512e-02, ne change =  2.447e-06
	Q = -7.632e+00 -> -4.719e+00, 
	Zstar guess =  1.273e+00. Current Zstar:  1.273e+00 (converged=True)
	Change =  1.291e-02
__________________________________________
TF Iteration 5
	μ = -1.566545675e+00, change: 0.000000000e+00 (converged=True)
	φe Err =  3.778e-11, φe change =  5.356e-03
	ne Err =  4.796e-02, ne change =  2.798e-06
	Q = -4.719e+00 -> -2.641e+00, 
	Zstar guess =  1.273e+00. Current Zstar:  1.273e+00 (converged=True)
	Change =  6.079e-03
__________________________________________
TF Iteration 6
	μ = -1.566545675e+00, change: 0.000000000e+00 (converged=True)
	φe Err =  3.922e-11, φe change =  1.875e-03
	ne Err =  4.244e-02, ne change =  2.319e-06
	Q = -2.641e+00 -> -1.138e+00, 
	Zstar guess =  1.273e+00. Current Zstar:  1.273e+00 (converged=True)
	Change =  1.554e-03
__________________________________________
TF Iteration 7
	μ = -1.566545675e+00, change: 0.000000000e+00 (converged=True)
	φe Err =  3.936e-11, φe change =  1.609e-03
	ne Err =  3.522e-02, ne change =  1.616e-06
	Q = -1.138e+00 -> -1.836e-02, 
	Zstar guess =  1.273e+00. Current Zstar:  1.273e+00 (converged=True)
	Change =  5.611e-04
__________________________________________
TF Iteration 8
	μ = -1.566545675e+00, change: 0.000000000e+00 (converged=True)
	φe Err =  3.978e-11, φe change =  1.662e-03
	ne Err =  2.785e-02, ne change =  9.967e-07
	Q = -1.836e-02 ->  8.392e-01, 
	Zstar guess =  1.273e+00. Current Zstar:  1.273e+00 (converged=True)
	Change =  1.126e-03
__________________________________________
TF Iteration 9
	μ = -1.566545675e+00, change: 0.000000000e+00 (converged=True)
	φe Err =  3.786e-11, φe change =  1.353e-03
	ne Err =  2.158e-02, ne change =  5.524e-07
	Q =  8.392e-01 ->  1.507e+00, 
	Zstar guess =  1.273e+00. Current Zstar:  1.273e+00 (converged=True)
	Change =  1.014e-03
__________________________________________
TF Iteration 25
	μ = -6.669027494e-01, change: 0.000000000e+00 (converged=True)
	φe Err =  4.128e-11, φe change =  2.649e-04
	ne Err =  6.517e-04, ne change =  1.458e-08
	Q =  2.310e+00 ->  2.324e+00, 
	Zstar guess =  1.273e+00. Current Zstar:  1.273e+00 (converged=True)
	Change =  2.818e-04
__________________________________________
TF Iteration 50
	μ = -3.632646274e-01, change: 1.267349649e-01 (converged=False)
	φe Err =  3.879e-11, φe change =  1.424e-06
	ne Err =  6.406e-03, ne change =  1.552e-09
	Q =  1.262e+00 ->  1.257e+00, 
	Zstar guess =  1.273e+00. Current Zstar:  1.273e+00 (converged=True)
	Change =  9.546e-02
__________________________________________
TF Iteration 75
	μ = -3.172914716e-01, change: 0.000000000e+00 (converged=True)
	φe Err =  4.032e-11, φe change =  2.449e-05
	ne Err =  1.620e-04, ne change =  8.147e-10
	Q =  3.249e-01 ->  3.143e-01, 
	Zstar guess =  1.273e+00. Current Zstar:  1.273e+00 (converged=True)
	Change =  2.547e-05
__________________________________________
TF Iteration 100
	μ = -3.002807146e-01, change: 9.270373513e-03 (converged=False)
	φe Err =  3.908e-11, φe change =  1.651e-07
	ne Err =  3.568e-04, ne change =  1.060e-10
	Q =  9.377e-02 ->  9.272e-02, 
	Zstar guess =  1.273e+00. Current Zstar:  1.273e+00 (converged=True)
	Change =  6.586e-03
__________________________________________
TF Iteration 125
	μ = -2.978573957e-01, change: 0.000000000e+00 (converged=True)
	φe Err =  3.942e-11, φe change =  1.333e-06
	ne Err =  1.054e-05, ne change =  4.570e-11
	Q =  1.854e-02 ->  1.783e-02, 
	Zstar guess =  1.273e+00. Current Zstar:  1.273e+00 (converged=True)
	Change =  1.383e-06
__________________________________________
TF Iteration 150
	μ = -2.969671358e-01, change: 4.941193515e-04 (converged=False)
	φe Err =  3.683e-11, φe change =  8.952e-09
	ne Err =  1.873e-05, ne change =  5.610e-12
	Q =  5.003e-03 ->  4.944e-03, 
	Zstar guess =  1.273e+00. Current Zstar:  1.273e+00 (converged=True)
	Change =  3.495e-04
__________________________________________
TF Iteration 175
	μ = -2.968407170e-01, change: 0.000000000e+00 (converged=True)
	φe Err =  3.862e-11, φe change =  6.966e-08
	ne Err =  5.575e-07, ne change =  2.391e-12
	Q =  9.718e-04 ->  9.341e-04, 
	Zstar guess =  1.273e+00. Current Zstar:  1.273e+00 (converged=True)
	Change =  7.224e-08
__________________________________________
TF Iteration 200
	μ = -2.967942415e-01, change: 2.583150184e-05 (converged=False)
	φe Err =  3.966e-11, φe change =  4.711e-10
	ne Err =  9.780e-07, ne change =  2.932e-13
	Q =  2.615e-04 ->  2.584e-04, 
	Zstar guess =  1.273e+00. Current Zstar:  1.273e+00 (converged=True)
	Change =  1.827e-05
__________________________________________
TF Iteration 225
	μ = -2.967876393e-01, change: 0.000000000e+00 (converged=True)
	φe Err =  3.951e-11, φe change =  3.640e-09
	ne Err =  2.913e-08, ne change =  1.279e-13
	Q =  5.077e-05 ->  4.880e-05, 
	Zstar guess =  1.273e+00. Current Zstar:  1.273e+00 (converged=True)
	Change =  3.775e-09
__________________________________________
TF Iteration 250
	μ = -2.967852118e-01, change: 1.349372884e-06 (converged=True)
	φe Err =  3.770e-11, φe change =  2.720e-11
	ne Err =  5.109e-08, ne change =  1.314e-14
	Q =  1.366e-05 ->  1.350e-05, 
	Zstar guess =  1.273e+00. Current Zstar:  1.273e+00 (converged=True)
	Change =  9.542e-07
__________________________________________
TF Iteration 275
	μ = -2.967848669e-01, change: 0.000000000e+00 (converged=True)
	φe Err =  4.148e-11, φe change =  1.894e-10
	ne Err =  1.522e-09, ne change =  4.239e-15
	Q =  2.652e-06 ->  2.549e-06, 
	Zstar guess =  1.273e+00. Current Zstar:  1.273e+00 (converged=True)
	Change =  1.964e-10
__________________________________________
TF Iteration 300
	μ = -2.967847401e-01, change: 7.048392681e-08 (converged=True)
	φe Err =  3.997e-11, φe change =  8.939e-12
	ne Err =  2.669e-09, ne change =  6.172e-16
	Q =  7.134e-07 ->  7.049e-07, 
	Zstar guess =  1.273e+00. Current Zstar:  1.273e+00 (converged=True)
	Change =  4.984e-08
__________________________________________
TF Iteration 310
	μ = -2.967847401e-01, change: 0.000000000e+00 (converged=True)
	φe Err =  4.002e-11, φe change =  1.909e-12
	ne Err =  8.668e-11, ne change =  4.840e-16
	Q =  4.014e-07 ->  3.953e-07, 
	Zstar guess =  1.273e+00. Current Zstar:  1.273e+00 (converged=True)
	Change =  1.594e-12
	-------------------
	Solving IET.
0: Initial condition Total Error: 1.523e+01
Exiting status 0, reverting to best index so far: 291
Final iter:292, Total Error: 9.542e-13
	-------------------
	Solving IET.
0: Initial condition Total Error: 1.523e+01
Exiting status 0, reverting to best index so far: 292
Final iter:293, Total Error: 9.161e-13
Time to solve CS model: 4.082e+01 [s], time so far: 4.382e+01 [s]
CS model saved.
Ee_pot_density = -1.166e-01 [au], Ee_K = 5.855e-02 [au], Ee_tot = -5.804e-02 [au]
P_e = 1.011e-05 [au], 2.973e-03 [Mbar]
Virial if 6.328e+02 = 6.302e+02 --->  off by 4.140e-01 % 

βEe_pot/Z = -793.364, βEe_K/Z = 398.428, βEe_tot/Z = -394.936
βP_e Ω/Z = 0.069
