
===========================================
===========================================
Starting case: Ar: Te = 0.270 eV, Ti = 0.270 eV 

T[K]:  3132.5795124338792
________________________
Generating NPA
T:  0.009920284007860347
Using More TF fit for initial Zstar = 0.406
	Intializing grid
Initializing, True
Initializing
	Creating Integral Equation Solver
Intialized Potentials and Densities
Initialized
Time to setup correlation sphere (IS) model: 1.474e+00 [s], time so far: 1.474e+00 [s]
Beginning self-consistent electron solver.
_________________________________
__________________________________________
TF Iteration 0
	μ = -1.058179921e+00, change: 9.582831470e+01 (converged=False)
	φe Err =  3.961e-11, φe change =  9.630e-01
	ne Err =  7.881e-02, ne change =  3.878e-06
	Q =  0.000e+00 -> -2.458e+01, 
	Zstar guess =  4.056e-01. Current Zstar:  4.056e-01 (converged=True)
	Change =  1.944e+00
__________________________________________
TF Iteration 1
	μ = -1.058179921e+00, change: 0.000000000e+00 (converged=True)
	φe Err =  3.771e-11, φe change =  4.471e-02
	ne Err =  1.627e-01, ne change =  7.296e-06
	Q = -2.458e+01 -> -1.758e+01, 
	Zstar guess =  4.056e-01. Current Zstar:  4.056e-01 (converged=True)
	Change =  5.022e-02
__________________________________________
TF Iteration 2
	μ = -1.058179921e+00, change: 0.000000000e+00 (converged=True)
	φe Err =  4.102e-11, φe change =  1.509e-02
	ne Err =  1.107e-01, ne change =  2.797e-06
	Q = -1.758e+01 -> -1.219e+01, 
	Zstar guess =  4.056e-01. Current Zstar:  4.056e-01 (converged=True)
	Change =  1.516e-02
__________________________________________
TF Iteration 3
	μ = -1.058179921e+00, change: 0.000000000e+00 (converged=True)
	φe Err =  3.963e-11, φe change =  1.577e-02
	ne Err =  6.726e-02, ne change =  8.077e-07
	Q = -1.219e+01 -> -8.209e+00, 
	Zstar guess =  4.056e-01. Current Zstar:  4.056e-01 (converged=True)
	Change =  1.705e-02
__________________________________________
TF Iteration 4
	μ = -1.058179921e+00, change: 0.000000000e+00 (converged=True)
	φe Err =  3.698e-11, φe change =  9.430e-03
	ne Err =  4.897e-02, ne change =  2.314e-06
	Q = -8.209e+00 -> -5.360e+00, 
	Zstar guess =  4.056e-01. Current Zstar:  4.056e-01 (converged=True)
	Change =  1.055e-02
__________________________________________
TF Iteration 5
	μ = -1.058179921e+00, change: 0.000000000e+00 (converged=True)
	φe Err =  3.940e-11, φe change =  3.806e-03
	ne Err =  4.380e-02, ne change =  2.407e-06
	Q = -5.360e+00 -> -3.334e+00, 
	Zstar guess =  4.056e-01. Current Zstar:  4.056e-01 (converged=True)
	Change =  4.294e-03
__________________________________________
TF Iteration 6
	μ = -1.058179921e+00, change: 0.000000000e+00 (converged=True)
	φe Err =  3.932e-11, φe change =  1.423e-03
	ne Err =  3.820e-02, ne change =  1.856e-06
	Q = -3.334e+00 -> -1.860e+00, 
	Zstar guess =  4.056e-01. Current Zstar:  4.056e-01 (converged=True)
	Change =  5.192e-04
__________________________________________
TF Iteration 7
	μ = -1.058179921e+00, change: 0.000000000e+00 (converged=True)
	φe Err =  3.876e-11, φe change =  1.654e-03
	ne Err =  3.094e-02, ne change =  1.200e-06
	Q = -1.860e+00 -> -7.508e-01, 
	Zstar guess =  4.056e-01. Current Zstar:  4.056e-01 (converged=True)
	Change =  9.669e-04
__________________________________________
TF Iteration 8
	μ = -1.058179921e+00, change: 0.000000000e+00 (converged=True)
	φe Err =  3.664e-11, φe change =  1.537e-03
	ne Err =  2.402e-02, ne change =  6.792e-07
	Q = -7.508e-01 ->  1.053e-01, 
	Zstar guess =  4.056e-01. Current Zstar:  4.056e-01 (converged=True)
	Change =  1.158e-03
__________________________________________
TF Iteration 9
	μ = -1.058179921e+00, change: 0.000000000e+00 (converged=True)
	φe Err =  3.785e-11, φe change =  1.144e-03
	ne Err =  1.847e-02, ne change =  3.359e-07
	Q =  1.053e-01 ->  7.745e-01, 
	Zstar guess =  4.056e-01. Current Zstar:  4.056e-01 (converged=True)
	Change =  8.931e-04
__________________________________________
TF Iteration 25
	μ = -4.461250712e-01, change: 0.000000000e+00 (converged=True)
	φe Err =  3.800e-11, φe change =  1.927e-04
	ne Err =  7.079e-04, ne change =  3.531e-09
	Q =  1.972e+00 ->  1.988e+00, 
	Zstar guess =  4.056e-01. Current Zstar:  4.056e-01 (converged=True)
	Change =  2.082e-04
__________________________________________
TF Iteration 50
	μ = -1.701883392e-01, change: 2.687945857e-01 (converged=False)
	φe Err =  4.014e-11, φe change =  6.148e-07
	ne Err =  9.783e-03, ne change =  9.194e-10
	Q =  1.420e+00 ->  1.420e+00, 
	Zstar guess =  4.056e-01. Current Zstar:  4.056e-01 (converged=True)
	Change =  2.170e-01
__________________________________________
TF Iteration 75
	μ = -9.227072466e-02, change: 0.000000000e+00 (converged=True)
	φe Err =  3.869e-11, φe change =  3.672e-05
	ne Err =  1.287e-04, ne change =  8.376e-09
	Q =  8.415e-01 ->  8.395e-01, 
	Zstar guess =  4.056e-01. Current Zstar:  4.056e-01 (converged=True)
	Change =  4.066e-05
__________________________________________
TF Iteration 100
	μ = -3.908052363e-02, change: 2.377063025e-01 (converged=False)
	φe Err =  4.034e-11, φe change =  1.901e-07
	ne Err =  2.376e-03, ne change =  4.490e-11
	Q =  5.692e-01 ->  5.689e-01, 
	Zstar guess =  4.056e-01. Current Zstar:  4.056e-01 (converged=True)
	Change =  1.890e-01
__________________________________________
TF Iteration 125
	μ = -2.479519684e-02, change: 0.000000000e+00 (converged=True)
	φe Err =  3.841e-11, φe change =  7.792e-06
	ne Err =  6.796e-05, ne change =  2.425e-09
	Q =  2.664e-01 ->  2.631e-01, 
	Zstar guess =  4.056e-01. Current Zstar:  4.056e-01 (converged=True)
	Change =  8.654e-06
__________________________________________
TF Iteration 150
	μ = -1.648417002e-02, change: 9.624303868e-02 (converged=False)
	φe Err =  3.697e-11, φe change =  3.009e-08
	ne Err =  3.776e-04, ne change =  1.261e-11
	Q =  1.280e-01 ->  1.274e-01, 
	Zstar guess =  4.056e-01. Current Zstar:  4.056e-01 (converged=True)
	Change =  7.140e-02
__________________________________________
TF Iteration 175
	μ = -1.454302916e-02, change: 0.000000000e+00 (converged=True)
	φe Err =  4.021e-11, φe change =  1.132e-06
	ne Err =  1.590e-05, ne change =  3.540e-10
	Q =  4.288e-02 ->  4.197e-02, 
	Zstar guess =  4.056e-01. Current Zstar:  4.056e-01 (converged=True)
	Change =  1.255e-06
__________________________________________
TF Iteration 200
	μ = -1.346660738e-02, change: 1.638896076e-02 (converged=False)
	φe Err =  3.822e-11, φe change =  4.006e-09
	ne Err =  4.974e-05, ne change =  2.172e-12
	Q =  1.778e-02 ->  1.767e-02, 
	Zstar guess =  4.056e-01. Current Zstar:  4.056e-01 (converged=True)
	Change =  1.168e-02
__________________________________________
TF Iteration 225
	μ = -1.322026953e-02, change: 0.000000000e+00 (converged=True)
	φe Err =  4.041e-11, φe change =  1.451e-07
	ne Err =  2.200e-06, ne change =  4.534e-11
	Q =  5.579e-03 ->  5.453e-03, 
	Zstar guess =  4.056e-01. Current Zstar:  4.056e-01 (converged=True)
	Change =  1.608e-07
__________________________________________
TF Iteration 250
	μ = -1.308446192e-02, change: 2.155804075e-03 (converged=False)
	φe Err =  3.999e-11, φe change =  5.087e-10
	ne Err =  6.294e-06, ne change =  2.851e-13
	Q =  2.265e-03 ->  2.250e-03, 
	Zstar guess =  4.056e-01. Current Zstar:  4.056e-01 (converged=True)
	Change =  1.526e-03
__________________________________________
TF Iteration 275
	μ = -1.305345082e-02, change: 0.000000000e+00 (converged=True)
	φe Err =  3.884e-11, φe change =  1.830e-08
	ne Err =  2.799e-07, ne change =  5.714e-12
	Q =  7.046e-04 ->  6.886e-04, 
	Zstar guess =  4.056e-01. Current Zstar:  4.056e-01 (converged=True)
	Change =  2.027e-08
__________________________________________
TF Iteration 300
	μ = -1.303636512e-02, change: 2.726073651e-04 (converged=False)
	φe Err =  3.940e-11, φe change =  6.854e-11
	ne Err =  7.920e-07, ne change =  3.854e-14
	Q =  2.852e-04 ->  2.833e-04, 
	Zstar guess =  4.056e-01. Current Zstar:  4.056e-01 (converged=True)
	Change =  1.928e-04
__________________________________________
TF Iteration 325
	μ = -1.303246744e-02, change: 0.000000000e+00 (converged=True)
	φe Err =  3.957e-11, φe change =  2.300e-09
	ne Err =  3.529e-08, ne change =  7.164e-13
	Q =  8.859e-05 ->  8.656e-05, 
	Zstar guess =  4.056e-01. Current Zstar:  4.056e-01 (converged=True)
	Change =  2.548e-09
__________________________________________
TF Iteration 350
	μ = -1.303032126e-02, change: 3.425971051e-05 (converged=False)
	φe Err =  3.923e-11, φe change =  1.015e-11
	ne Err =  9.948e-08, ne change =  3.933e-15
	Q =  3.583e-05 ->  3.559e-05, 
	Zstar guess =  4.056e-01. Current Zstar:  4.056e-01 (converged=True)
	Change =  2.423e-05
__________________________________________
TF Iteration 375
	μ = -1.302983177e-02, change: 0.000000000e+00 (converged=True)
	φe Err =  3.800e-11, φe change =  2.852e-10
	ne Err =  4.432e-09, ne change =  8.828e-14
	Q =  1.113e-05 ->  1.087e-05, 
	Zstar guess =  4.056e-01. Current Zstar:  4.056e-01 (converged=True)
	Change =  3.157e-10
__________________________________________
TF Iteration 400
	μ = -1.302956224e-02, change: 4.302879325e-06 (converged=True)
	φe Err =  4.121e-11, φe change =  2.066e-12
	ne Err =  1.249e-08, ne change =  3.096e-16
	Q =  4.499e-06 ->  4.470e-06, 
	Zstar guess =  4.056e-01. Current Zstar:  4.056e-01 (converged=True)
	Change =  3.043e-06
__________________________________________
TF Iteration 425
	μ = -1.302950077e-02, change: 0.000000000e+00 (converged=True)
	φe Err =  4.132e-11, φe change =  3.577e-11
	ne Err =  5.566e-10, ne change =  8.627e-15
	Q =  1.397e-06 ->  1.365e-06, 
	Zstar guess =  4.056e-01. Current Zstar:  4.056e-01 (converged=True)
	Change =  3.958e-11
__________________________________________
TF Iteration 450
	μ = -1.302947396e-02, change: 0.000000000e+00 (converged=True)
	φe Err =  3.865e-11, φe change =  1.289e-11
	ne Err =  7.934e-11, ne change =  4.391e-15
	Q =  5.698e-07 ->  5.650e-07, 
	Zstar guess =  4.056e-01. Current Zstar:  4.056e-01 (converged=True)
	Change =  5.952e-12
	-------------------
	Solving IET.
0: Initial condition Total Error: 1.515e+01
/home/zach/plasma/hnc/hnc/hnc.py:648: RuntimeWarning: overflow encountered in exp
  hnc_err = np.linalg.norm(- 1 - self.h_r_matrix   + np.exp( -self.βu_r_matrix + self.h_r_matrix - self.c_r_matrix ))/np.sqrt(self.N_bins*self.N_species**2)
/home/zach/plasma/hnc/hnc/hnc.py:432: RuntimeWarning: overflow encountered in exp
  tot_eqn =  1 + h_r_matrix  - np.exp(-self.βu_s_r_matrix + h_r_matrix - c_s_r_matrix )
QUIT: Total error infinite.
Exiting status 1, reverting to best index so far: 40
Final iter:43, Total Error: 9.036e-01
	-------------------
	Solving IET.
0: Initial condition Total Error: 1.496e+01
Exiting status 0, reverting to best index so far: 973
Final iter:974, Total Error: 9.967e-13
Time to solve CS model: 5.117e+01 [s], time so far: 5.265e+01 [s]
CS model saved.
Ee_pot_density = -1.166e-01 [au], Ee_K = 5.857e-02 [au], Ee_tot = -5.808e-02 [au]
P_e = 3.202e-07 [au], 9.420e-05 [Mbar]
Virial if 6.330e+02 = 6.304e+02 --->  off by 4.139e-01 % 

βEe_pot/Z = -7060.196, βEe_K/Z = 3544.737, βEe_tot/Z = -3515.458
βP_e Ω/Z = 0.019
