
===========================================
===========================================
Starting case: Ar: Te = 0.233 eV, Ti = 0.233 eV 

T[K]:  2707.8608399373175
________________________
Generating NPA
T:  0.008575280684597933
Using More TF fit for initial Zstar = 0.382
	Intializing grid
Initializing, True
Initializing
	Creating Integral Equation Solver
Intialized Potentials and Densities
Initialized
Time to setup correlation sphere (IS) model: 2.412e+00 [s], time so far: 2.412e+00 [s]
Beginning self-consistent electron solver.
_________________________________
__________________________________________
TF Iteration 0
	μ = -1.027313348e+00, change: 1.285779222e+02 (converged=False)
	φe Err =  3.976e-11, φe change =  9.609e-01
	ne Err =  7.563e-02, ne change =  3.818e-06
	Q =  0.000e+00 -> -2.347e+01, 
	Zstar guess =  3.822e-01. Current Zstar:  3.822e-01 (converged=True)
	Change =  1.944e+00
__________________________________________
TF Iteration 1
	μ = -1.027313348e+00, change: 0.000000000e+00 (converged=True)
	φe Err =  4.136e-11, φe change =  4.345e-02
	ne Err =  1.590e-01, ne change =  7.058e-06
	Q = -2.347e+01 -> -1.672e+01, 
	Zstar guess =  3.822e-01. Current Zstar:  3.822e-01 (converged=True)
	Change =  4.879e-02
__________________________________________
TF Iteration 2
	μ = -1.027313348e+00, change: 0.000000000e+00 (converged=True)
	φe Err =  4.024e-11, φe change =  1.492e-02
	ne Err =  1.075e-01, ne change =  2.647e-06
	Q = -1.672e+01 -> -1.152e+01, 
	Zstar guess =  3.822e-01. Current Zstar:  3.822e-01 (converged=True)
	Change =  1.504e-02
__________________________________________
TF Iteration 3
	μ = -1.027313348e+00, change: 0.000000000e+00 (converged=True)
	φe Err =  3.913e-11, φe change =  1.536e-02
	ne Err =  6.484e-02, ne change =  8.460e-07
	Q = -1.152e+01 -> -7.701e+00, 
	Zstar guess =  3.822e-01. Current Zstar:  3.822e-01 (converged=True)
	Change =  1.662e-02
__________________________________________
TF Iteration 4
	μ = -1.027313348e+00, change: 0.000000000e+00 (converged=True)
	φe Err =  3.874e-11, φe change =  9.033e-03
	ne Err =  4.739e-02, ne change =  2.272e-06
	Q = -7.701e+00 -> -4.981e+00, 
	Zstar guess =  3.822e-01. Current Zstar:  3.822e-01 (converged=True)
	Change =  1.011e-02
__________________________________________
TF Iteration 5
	μ = -1.027313348e+00, change: 0.000000000e+00 (converged=True)
	φe Err =  3.744e-11, φe change =  3.540e-03
	ne Err =  4.250e-02, ne change =  2.326e-06
	Q = -4.981e+00 -> -3.054e+00, 
	Zstar guess =  3.822e-01. Current Zstar:  3.822e-01 (converged=True)
	Change =  3.983e-03
__________________________________________
TF Iteration 6
	μ = -1.027313348e+00, change: 0.000000000e+00 (converged=True)
	φe Err =  3.936e-11, φe change =  1.369e-03
	ne Err =  3.691e-02, ne change =  1.771e-06
	Q = -3.054e+00 -> -1.654e+00, 
	Zstar guess =  3.822e-01. Current Zstar:  3.822e-01 (converged=True)
	Change =  3.668e-04
__________________________________________
TF Iteration 7
	μ = -1.027313348e+00, change: 0.000000000e+00 (converged=True)
	φe Err =  3.923e-11, φe change =  1.633e-03
	ne Err =  2.974e-02, ne change =  1.132e-06
	Q = -1.654e+00 -> -6.006e-01, 
	Zstar guess =  3.822e-01. Current Zstar:  3.822e-01 (converged=True)
	Change =  1.002e-03
__________________________________________
TF Iteration 8
	μ = -1.027313348e+00, change: 0.000000000e+00 (converged=True)
	φe Err =  3.929e-11, φe change =  1.487e-03
	ne Err =  2.302e-02, ne change =  6.333e-07
	Q = -6.006e-01 ->  2.131e-01, 
	Zstar guess =  3.822e-01. Current Zstar:  3.822e-01 (converged=True)
	Change =  1.137e-03
__________________________________________
TF Iteration 9
	μ = -1.027313348e+00, change: 0.000000000e+00 (converged=True)
	φe Err =  3.872e-11, φe change =  1.091e-03
	ne Err =  1.767e-02, ne change =  3.090e-07
	Q =  2.131e-01 ->  8.492e-01, 
	Zstar guess =  3.822e-01. Current Zstar:  3.822e-01 (converged=True)
	Change =  8.571e-04
__________________________________________
TF Iteration 25
	μ = -4.363814602e-01, change: 0.000000000e+00 (converged=True)
	φe Err =  3.904e-11, φe change =  1.883e-04
	ne Err =  6.861e-04, ne change =  4.325e-09
	Q =  1.951e+00 ->  1.967e+00, 
	Zstar guess =  3.822e-01. Current Zstar:  3.822e-01 (converged=True)
	Change =  2.035e-04
__________________________________________
TF Iteration 50
	μ = -1.664519281e-01, change: 2.692173364e-01 (converged=False)
	φe Err =  3.999e-11, φe change =  6.107e-07
	ne Err =  9.643e-03, ne change =  8.949e-10
	Q =  1.405e+00 ->  1.405e+00, 
	Zstar guess =  3.822e-01. Current Zstar:  3.822e-01 (converged=True)
	Change =  2.174e-01
__________________________________________
TF Iteration 75
	μ = -8.985894971e-02, change: 0.000000000e+00 (converged=True)
	φe Err =  3.978e-11, φe change =  3.582e-05
	ne Err =  1.304e-04, ne change =  8.344e-09
	Q =  8.354e-01 ->  8.334e-01, 
	Zstar guess =  3.822e-01. Current Zstar:  3.822e-01 (converged=True)
	Change =  3.970e-05
__________________________________________
TF Iteration 100
	μ = -3.688863281e-02, change: 2.497731587e-01 (converged=False)
	φe Err =  4.049e-11, φe change =  1.734e-07
	ne Err =  2.427e-03, ne change =  4.244e-11
	Q =  5.727e-01 ->  5.724e-01, 
	Zstar guess =  3.822e-01. Current Zstar:  3.822e-01 (converged=True)
	Change =  1.998e-01
__________________________________________
TF Iteration 125
	μ = -2.225974213e-02, change: 0.000000000e+00 (converged=True)
	φe Err =  3.977e-11, φe change =  7.857e-06
	ne Err =  6.815e-05, ne change =  2.566e-09
	Q =  2.801e-01 ->  2.770e-01, 
	Zstar guess =  3.822e-01. Current Zstar:  3.822e-01 (converged=True)
	Change =  8.748e-06
__________________________________________
TF Iteration 150
	μ = -1.357616192e-02, change: 1.198924229e-01 (converged=False)
	φe Err =  3.930e-11, φe change =  2.603e-08
	ne Err =  4.072e-04, ne change =  1.495e-11
	Q =  1.392e-01 ->  1.386e-01, 
	Zstar guess =  3.822e-01. Current Zstar:  3.822e-01 (converged=True)
	Change =  9.000e-02
__________________________________________
TF Iteration 175
	μ = -1.151557243e-02, change: 0.000000000e+00 (converged=True)
	φe Err =  3.998e-11, φe change =  1.192e-06
	ne Err =  1.745e-05, ne change =  3.918e-10
	Q =  4.781e-02 ->  4.683e-02, 
	Zstar guess =  3.822e-01. Current Zstar:  3.822e-01 (converged=True)
	Change =  1.324e-06
__________________________________________
TF Iteration 200
	μ = -1.036003951e-02, change: 2.284915030e-02 (converged=False)
	φe Err =  3.994e-11, φe change =  3.698e-09
	ne Err =  5.531e-05, ne change =  2.667e-12
	Q =  2.011e-02 ->  1.999e-02, 
	Zstar guess =  3.822e-01. Current Zstar:  3.822e-01 (converged=True)
	Change =  1.634e-02
__________________________________________
TF Iteration 225
	μ = -1.009245116e-02, change: 0.000000000e+00 (converged=True)
	φe Err =  3.903e-11, φe change =  1.566e-07
	ne Err =  2.513e-06, ne change =  5.142e-11
	Q =  6.396e-03 ->  6.254e-03, 
	Zstar guess =  3.822e-01. Current Zstar:  3.822e-01 (converged=True)
	Change =  1.739e-07
__________________________________________
TF Iteration 250
	μ = -9.943439590e-03, change: 3.125585369e-03 (converged=False)
	φe Err =  3.968e-11, φe change =  4.817e-10
	ne Err =  7.159e-06, ne change =  3.566e-13
	Q =  2.623e-03 ->  2.606e-03, 
	Zstar guess =  3.822e-01. Current Zstar:  3.822e-01 (converged=True)
	Change =  2.214e-03
__________________________________________
TF Iteration 275
	μ = -9.909038674e-03, change: 0.000000000e+00 (converged=True)
	φe Err =  4.038e-11, φe change =  2.016e-08
	ne Err =  3.273e-07, ne change =  6.620e-12
	Q =  8.254e-04 ->  8.070e-04, 
	Zstar guess =  3.822e-01. Current Zstar:  3.822e-01 (converged=True)
	Change =  2.239e-08
__________________________________________
TF Iteration 300
	μ = -9.889895208e-03, change: 4.047930901e-04 (converged=False)
	φe Err =  3.880e-11, φe change =  6.334e-11
	ne Err =  9.202e-07, ne change =  4.294e-14
	Q =  3.374e-04 ->  3.352e-04, 
	Zstar guess =  3.822e-01. Current Zstar:  3.822e-01 (converged=True)
	Change =  2.863e-04
__________________________________________
TF Iteration 325
	μ = -9.885476548e-03, change: 0.000000000e+00 (converged=True)
	φe Err =  3.935e-11, φe change =  2.590e-09
	ne Err =  4.210e-08, ne change =  8.507e-13
	Q =  1.061e-04 ->  1.037e-04, 
	Zstar guess =  3.822e-01. Current Zstar:  3.822e-01 (converged=True)
	Change =  2.875e-09
__________________________________________
TF Iteration 350
	μ = -9.883018035e-03, change: 5.203720473e-05 (converged=False)
	φe Err =  3.775e-11, φe change =  7.995e-12
	ne Err =  1.182e-07, ne change =  6.910e-15
	Q =  4.334e-05 ->  4.306e-05, 
	Zstar guess =  3.822e-01. Current Zstar:  3.822e-01 (converged=True)
	Change =  3.680e-05
__________________________________________
TF Iteration 375
	μ = -9.882450572e-03, change: 0.000000000e+00 (converged=True)
	φe Err =  4.071e-11, φe change =  3.359e-10
	ne Err =  5.408e-09, ne change =  1.130e-13
	Q =  1.362e-05 ->  1.332e-05, 
	Zstar guess =  3.822e-01. Current Zstar:  3.822e-01 (converged=True)
	Change =  3.730e-10
__________________________________________
TF Iteration 400
	μ = -9.882134831e-03, change: 6.683923134e-06 (converged=True)
	φe Err =  3.930e-11, φe change =  7.672e-12
	ne Err =  1.518e-08, ne change =  7.458e-16
	Q =  5.566e-06 ->  5.530e-06, 
	Zstar guess =  3.822e-01. Current Zstar:  3.822e-01 (converged=True)
	Change =  4.726e-06
__________________________________________
TF Iteration 425
	μ = -9.882061952e-03, change: 0.000000000e+00 (converged=True)
	φe Err =  3.975e-11, φe change =  4.190e-11
	ne Err =  6.945e-10, ne change =  1.177e-14
	Q =  1.750e-06 ->  1.710e-06, 
	Zstar guess =  3.822e-01. Current Zstar:  3.822e-01 (converged=True)
	Change =  4.645e-11
__________________________________________
TF Iteration 450
	μ = -9.882029885e-03, change: 0.000000000e+00 (converged=True)
	φe Err =  3.870e-11, φe change =  2.190e-12
	ne Err =  9.942e-11, ne change =  1.256e-15
	Q =  7.208e-07 ->  7.149e-07, 
	Zstar guess =  3.822e-01. Current Zstar:  3.822e-01 (converged=True)
	Change =  9.607e-13
	-------------------
	Solving IET.
0: Initial condition Total Error: 4.358e+92
QUIT: Total error infinite.
Exiting status 1, reverting to best index so far: 0
Final iter:21, Total Error: 4.358e+92
	-------------------
	Solving IET.
0: Initial condition Total Error: 1.558e+01
QUIT: Total error infinite.
Exiting status 1, reverting to best index so far: 1
Final iter:21, Total Error: 1.402e+01
Time to solve CS model: 5.812e+01 [s], time so far: 6.053e+01 [s]
CS model saved.
Ee_pot_density = -1.166e-01 [au], Ee_K = 5.857e-02 [au], Ee_tot = -5.808e-02 [au]
P_e = 2.594e-07 [au], 7.632e-05 [Mbar]
Virial if 6.330e+02 = 6.304e+02 --->  off by 4.139e-01 % 

βEe_pot/Z = -8167.585, βEe_K/Z = 4100.721, βEe_tot/Z = -4066.863
βP_e Ω/Z = 0.018
