
===========================================
===========================================
Starting case: Ar: Te = 0.559 eV, Ti = 0.559 eV 

T[K]:  6490.541199633585
________________________
Generating NPA
T:  0.02055431053210747
Using More TF fit for initial Zstar = 0.568
	Intializing grid
Initializing, True
Initializing
	Creating Integral Equation Solver
Intialized Potentials and Densities
Initialized
Time to setup correlation sphere (IS) model: 1.448e+00 [s], time so far: 1.449e+00 [s]
Beginning self-consistent electron solver.
_________________________________
__________________________________________
TF Iteration 0
	μ = -1.212990535e+00, change: 2.984036070e+01 (converged=False)
	φe Err =  3.904e-11, φe change =  9.720e-01
	ne Err =  9.286e-02, ne change =  4.148e-06
	Q =  0.000e+00 -> -2.918e+01, 
	Zstar guess =  5.679e-01. Current Zstar:  5.679e-01 (converged=True)
	Change =  1.933e+00
__________________________________________
TF Iteration 1
	μ = -1.212990535e+00, change: 0.000000000e+00 (converged=True)
	φe Err =  4.135e-11, φe change =  5.045e-02
	ne Err =  1.794e-01, ne change =  8.386e-06
	Q = -2.918e+01 -> -2.118e+01, 
	Zstar guess =  5.679e-01. Current Zstar:  5.679e-01 (converged=True)
	Change =  5.674e-02
__________________________________________
TF Iteration 2
	μ = -1.212990535e+00, change: 0.000000000e+00 (converged=True)
	φe Err =  4.094e-11, φe change =  1.579e-02
	ne Err =  1.252e-01, ne change =  3.503e-06
	Q = -2.118e+01 -> -1.497e+01, 
	Zstar guess =  5.679e-01. Current Zstar:  5.679e-01 (converged=True)
	Change =  1.565e-02
__________________________________________
TF Iteration 3
	μ = -1.212990535e+00, change: 0.000000000e+00 (converged=True)
	φe Err =  3.941e-11, φe change =  1.754e-02
	ne Err =  7.813e-02, ne change =  6.069e-07
	Q = -1.497e+01 -> -1.032e+01, 
	Zstar guess =  5.679e-01. Current Zstar:  5.679e-01 (converged=True)
	Change =  1.890e-02
__________________________________________
TF Iteration 4
	μ = -1.212990535e+00, change: 0.000000000e+00 (converged=True)
	φe Err =  3.801e-11, φe change =  1.121e-02
	ne Err =  5.606e-02, ne change =  2.479e-06
	Q = -1.032e+01 -> -6.926e+00, 
	Zstar guess =  5.679e-01. Current Zstar:  5.679e-01 (converged=True)
	Change =  1.250e-02
__________________________________________
TF Iteration 5
	μ = -1.212990535e+00, change: 0.000000000e+00 (converged=True)
	φe Err =  3.820e-11, φe change =  5.057e-03
	ne Err =  4.946e-02, ne change =  2.763e-06
	Q = -6.926e+00 -> -4.481e+00, 
	Zstar guess =  5.679e-01. Current Zstar:  5.679e-01 (converged=True)
	Change =  5.741e-03
__________________________________________
TF Iteration 6
	μ = -1.212990535e+00, change: 0.000000000e+00 (converged=True)
	φe Err =  3.833e-11, φe change =  1.793e-03
	ne Err =  4.377e-02, ne change =  2.242e-06
	Q = -4.481e+00 -> -2.694e+00, 
	Zstar guess =  5.679e-01. Current Zstar:  5.679e-01 (converged=True)
	Change =  1.285e-03
__________________________________________
TF Iteration 7
	μ = -1.212990535e+00, change: 0.000000000e+00 (converged=True)
	φe Err =  3.934e-11, φe change =  1.728e-03
	ne Err =  3.617e-02, ne change =  1.522e-06
	Q = -2.694e+00 -> -1.350e+00, 
	Zstar guess =  5.679e-01. Current Zstar:  5.679e-01 (converged=True)
	Change =  7.390e-04
__________________________________________
TF Iteration 8
	μ = -1.212990535e+00, change: 0.000000000e+00 (converged=True)
	φe Err =  3.942e-11, φe change =  1.735e-03
	ne Err =  2.850e-02, ne change =  9.059e-07
	Q = -1.350e+00 -> -3.153e-01, 
	Zstar guess =  5.679e-01. Current Zstar:  5.679e-01 (converged=True)
	Change =  1.214e-03
__________________________________________
TF Iteration 9
	μ = -1.212990535e+00, change: 0.000000000e+00 (converged=True)
	φe Err =  3.879e-11, φe change =  1.372e-03
	ne Err =  2.207e-02, ne change =  4.760e-07
	Q = -3.153e-01 ->  4.927e-01, 
	Zstar guess =  5.679e-01. Current Zstar:  5.679e-01 (converged=True)
	Change =  1.038e-03
__________________________________________
TF Iteration 25
	μ = -4.956608808e-01, change: 0.000000000e+00 (converged=True)
	φe Err =  3.983e-11, φe change =  2.143e-04
	ne Err =  7.911e-04, ne change =  2.118e-09
	Q =  2.071e+00 ->  2.091e+00, 
	Zstar guess =  5.679e-01. Current Zstar:  5.679e-01 (converged=True)
	Change =  2.312e-04
__________________________________________
TF Iteration 50
	μ = -1.912957359e-01, change: 2.622363140e-01 (converged=False)
	φe Err =  3.992e-11, φe change =  6.526e-07
	ne Err =  1.026e-02, ne change =  1.046e-09
	Q =  1.488e+00 ->  1.488e+00, 
	Zstar guess =  5.679e-01. Current Zstar:  5.679e-01 (converged=True)
	Change =  2.110e-01
__________________________________________
TF Iteration 75
	μ = -1.096294361e-01, change: 0.000000000e+00 (converged=True)
	φe Err =  3.951e-11, φe change =  4.123e-05
	ne Err =  1.249e-04, ne change =  7.944e-09
	Q =  8.353e-01 ->  8.317e-01, 
	Zstar guess =  5.679e-01. Current Zstar:  5.679e-01 (converged=True)
	Change =  4.524e-05
__________________________________________
TF Iteration 100
	μ = -6.089128060e-02, change: 1.434567696e-01 (converged=False)
	φe Err =  3.858e-11, φe change =  3.095e-07
	ne Err =  1.808e-03, ne change =  6.955e-11
	Q =  4.770e-01 ->  4.756e-01, 
	Zstar guess =  5.679e-01. Current Zstar:  5.679e-01 (converged=True)
	Change =  1.090e-01
__________________________________________
TF Iteration 125
	μ = -4.995245984e-02, change: 0.000000000e+00 (converged=True)
	φe Err =  3.794e-11, φe change =  6.456e-06
	ne Err =  5.729e-05, ne change =  1.444e-09
	Q =  1.684e-01 ->  1.649e-01, 
	Zstar guess =  5.679e-01. Current Zstar:  5.679e-01 (converged=True)
	Change =  7.050e-06
__________________________________________
TF Iteration 150
	μ = -4.427474489e-02, change: 2.504647907e-02 (converged=False)
	φe Err =  3.988e-11, φe change =  4.740e-08
	ne Err =  2.127e-04, ne change =  1.649e-12
	Q =  6.784e-02 ->  6.737e-02, 
	Zstar guess =  5.679e-01. Current Zstar:  5.679e-01 (converged=True)
	Change =  1.793e-02
__________________________________________
TF Iteration 175
	μ = -4.308104523e-02, change: 0.000000000e+00 (converged=True)
	φe Err =  3.990e-11, φe change =  7.270e-07
	ne Err =  8.011e-06, ne change =  1.627e-10
	Q =  1.977e-02 ->  1.928e-02, 
	Zstar guess =  5.679e-01. Current Zstar:  5.679e-01 (converged=True)
	Change =  7.927e-07
__________________________________________
TF Iteration 200
	μ = -4.247148898e-02, change: 2.855235170e-03 (converged=False)
	φe Err =  3.972e-11, φe change =  5.250e-09
	ne Err =  2.295e-05, ne change =  8.682e-14
	Q =  7.472e-03 ->  7.417e-03, 
	Zstar guess =  5.679e-01. Current Zstar:  5.679e-01 (converged=True)
	Change =  2.022e-03
__________________________________________
TF Iteration 225
	μ = -4.234410244e-02, change: 0.000000000e+00 (converged=True)
	φe Err =  3.857e-11, φe change =  7.786e-08
	ne Err =  8.793e-07, ne change =  1.742e-11
	Q =  2.128e-03 ->  2.073e-03, 
	Zstar guess =  5.679e-01. Current Zstar:  5.679e-01 (converged=True)
	Change =  8.489e-08
__________________________________________
TF Iteration 250
	μ = -4.227921609e-02, change: 3.057074625e-04 (converged=False)
	φe Err =  3.858e-11, φe change =  5.643e-10
	ne Err =  2.444e-06, ne change =  6.626e-15
	Q =  7.977e-04 ->  7.917e-04, 
	Zstar guess =  5.679e-01. Current Zstar:  5.679e-01 (converged=True)
	Change =  2.162e-04
__________________________________________
TF Iteration 275
	μ = -4.226568745e-02, change: 0.000000000e+00 (converged=True)
	φe Err =  3.911e-11, φe change =  8.271e-09
	ne Err =  9.389e-08, ne change =  1.850e-12
	Q =  2.262e-04 ->  2.203e-04, 
	Zstar guess =  5.679e-01. Current Zstar:  5.679e-01 (converged=True)
	Change =  9.017e-09
__________________________________________
TF Iteration 300
	μ = -4.225879720e-02, change: 3.249157745e-05 (converged=False)
	φe Err =  4.143e-11, φe change =  6.029e-11
	ne Err =  2.595e-07, ne change =  1.640e-15
	Q =  8.472e-05 ->  8.409e-05, 
	Zstar guess =  5.679e-01. Current Zstar:  5.679e-01 (converged=True)
	Change =  2.298e-05
__________________________________________
TF Iteration 325
	μ = -4.225736037e-02, change: 0.000000000e+00 (converged=True)
	φe Err =  3.770e-11, φe change =  8.761e-10
	ne Err =  9.972e-09, ne change =  1.960e-13
	Q =  2.402e-05 ->  2.340e-05, 
	Zstar guess =  5.679e-01. Current Zstar:  5.679e-01 (converged=True)
	Change =  9.552e-10
__________________________________________
TF Iteration 350
	μ = -4.225662859e-02, change: 3.451066016e-06 (converged=True)
	φe Err =  3.967e-11, φe change =  8.156e-12
	ne Err =  2.756e-08, ne change =  1.475e-15
	Q =  8.998e-06 ->  8.930e-06, 
	Zstar guess =  5.679e-01. Current Zstar:  5.679e-01 (converged=True)
	Change =  2.440e-06
__________________________________________
TF Iteration 375
	μ = -4.225647599e-02, change: 0.000000000e+00 (converged=True)
	φe Err =  3.753e-11, φe change =  9.553e-11
	ne Err =  1.059e-09, ne change =  2.350e-14
	Q =  2.551e-06 ->  2.485e-06, 
	Zstar guess =  5.679e-01. Current Zstar:  5.679e-01 (converged=True)
	Change =  1.040e-10
__________________________________________
TF Iteration 400
	μ = -4.225639827e-02, change: 3.665266133e-07 (converged=True)
	φe Err =  4.022e-11, φe change =  2.115e-12
	ne Err =  2.927e-09, ne change =  1.563e-15
	Q =  9.556e-07 ->  9.485e-07, 
	Zstar guess =  5.679e-01. Current Zstar:  5.679e-01 (converged=True)
	Change =  2.592e-07
__________________________________________
TF Iteration 410
	μ = -4.225639827e-02, change: 0.000000000e+00 (converged=True)
	φe Err =  3.970e-11, φe change =  1.391e-12
	ne Err =  9.271e-11, ne change =  9.595e-16
	Q =  6.161e-07 ->  6.103e-07, 
	Zstar guess =  5.679e-01. Current Zstar:  5.679e-01 (converged=True)
	Change =  2.179e-13
	-------------------
	Solving IET.
0: Initial condition Total Error: 1.339e+01
Exiting status 0, reverting to best index so far: 297
Final iter:298, Total Error: 9.078e-13
	-------------------
	Solving IET.
0: Initial condition Total Error: 1.341e+01
Exiting status 0, reverting to best index so far: 287
Final iter:288, Total Error: 9.707e-13
Time to solve CS model: 4.894e+01 [s], time so far: 5.038e+01 [s]
CS model saved.
Ee_pot_density = -1.166e-01 [au], Ee_K = 5.856e-02 [au], Ee_tot = -5.808e-02 [au]
P_e = 9.631e-07 [au], 2.834e-04 [Mbar]
Virial if 6.330e+02 = 6.303e+02 --->  off by 4.139e-01 % 

βEe_pot/Z = -3407.414, βEe_K/Z = 1710.801, βEe_tot/Z = -1696.613
βP_e Ω/Z = 0.028
