
===========================================
===========================================
Starting case: Ar: Te = 0.060 eV, Ti = 0.060 eV 

T[K]:  695.1084487551844
________________________
Generating NPA
T:  0.002201276360438503
Using More TF fit for initial Zstar = 0.254
	Intializing grid
Initializing, True
Initializing
	Creating Integral Equation Solver
Intialized Potentials and Densities
Initialized
Time to setup correlation sphere (IS) model: 2.356e+00 [s], time so far: 2.356e+00 [s]
Beginning self-consistent electron solver.
_________________________________
__________________________________________
TF Iteration 0
	μ = -7.829510066e-01, change: 2.965797619e+02 (converged=False)
	φe Err =  3.912e-11, φe change =  9.413e-01
	ne Err =  5.123e-02, ne change =  3.301e-06
	Q =  0.000e+00 -> -1.477e+01, 
	Zstar guess =  2.542e-01. Current Zstar:  2.542e-01 (converged=True)
	Change =  1.932e+00
__________________________________________
TF Iteration 1
	μ = -7.829510066e-01, change: 0.000000000e+00 (converged=True)
	φe Err =  3.943e-11, φe change =  3.333e-02
	ne Err =  1.277e-01, ne change =  5.150e-06
	Q = -1.477e+01 -> -9.939e+00, 
	Zstar guess =  2.542e-01. Current Zstar:  2.542e-01 (converged=True)
	Change =  3.729e-02
__________________________________________
TF Iteration 2
	μ = -7.829510066e-01, change: 0.000000000e+00 (converged=True)
	φe Err =  3.821e-11, φe change =  1.318e-02
	ne Err =  8.084e-02, ne change =  1.515e-06
	Q = -9.939e+00 -> -6.322e+00, 
	Zstar guess =  2.542e-01. Current Zstar:  2.542e-01 (converged=True)
	Change =  1.359e-02
__________________________________________
TF Iteration 3
	μ = -7.829510066e-01, change: 0.000000000e+00 (converged=True)
	φe Err =  3.913e-11, φe change =  1.186e-02
	ne Err =  4.576e-02, ne change =  1.062e-06
	Q = -6.322e+00 -> -3.797e+00, 
	Zstar guess =  2.542e-01. Current Zstar:  2.542e-01 (converged=True)
	Change =  1.292e-02
__________________________________________
TF Iteration 4
	μ = -7.829510066e-01, change: 0.000000000e+00 (converged=True)
	φe Err =  4.029e-11, φe change =  5.831e-03
	ne Err =  3.511e-02, ne change =  1.859e-06
	Q = -3.797e+00 -> -2.100e+00, 
	Zstar guess =  2.542e-01. Current Zstar:  2.542e-01 (converged=True)
	Change =  6.570e-03
__________________________________________
TF Iteration 5
	μ = -7.829510066e-01, change: 0.000000000e+00 (converged=True)
	φe Err =  3.834e-11, φe change =  1.640e-03
	ne Err =  3.160e-02, ne change =  1.649e-06
	Q = -2.100e+00 -> -9.457e-01, 
	Zstar guess =  2.542e-01. Current Zstar:  2.542e-01 (converged=True)
	Change =  1.676e-03
__________________________________________
TF Iteration 6
	μ = -7.829510066e-01, change: 0.000000000e+00 (converged=True)
	φe Err =  4.007e-11, φe change =  1.226e-03
	ne Err =  2.606e-02, ne change =  1.119e-06
	Q = -9.457e-01 -> -1.163e-01, 
	Zstar guess =  2.542e-01. Current Zstar:  2.542e-01 (converged=True)
	Change =  5.915e-04
__________________________________________
TF Iteration 7
	μ = -7.829510066e-01, change: 0.000000000e+00 (converged=True)
	φe Err =  3.874e-11, φe change =  1.354e-03
	ne Err =  2.000e-02, ne change =  6.439e-07
	Q = -1.163e-01 ->  5.116e-01, 
	Zstar guess =  2.542e-01. Current Zstar:  2.542e-01 (converged=True)
	Change =  1.074e-03
__________________________________________
TF Iteration 8
	μ = -7.829510066e-01, change: 0.000000000e+00 (converged=True)
	φe Err =  3.892e-11, φe change =  1.026e-03
	ne Err =  1.505e-02, ne change =  3.260e-07
	Q =  5.116e-01 ->  9.990e-01, 
	Zstar guess =  2.542e-01. Current Zstar:  2.542e-01 (converged=True)
	Change =  8.574e-04
__________________________________________
TF Iteration 9
	μ = -7.829510066e-01, change: 0.000000000e+00 (converged=True)
	φe Err =  3.637e-11, φe change =  6.601e-04
	ne Err =  1.146e-02, ne change =  1.449e-07
	Q =  9.990e-01 ->  1.380e+00, 
	Zstar guess =  2.542e-01. Current Zstar:  2.542e-01 (converged=True)
	Change =  5.392e-04
__________________________________________
TF Iteration 25
	μ = -3.545571121e-01, change: 0.000000000e+00 (converged=True)
	φe Err =  3.975e-11, φe change =  1.511e-04
	ne Err =  5.002e-04, ne change =  9.864e-09
	Q =  1.763e+00 ->  1.772e+00, 
	Zstar guess =  2.542e-01. Current Zstar:  2.542e-01 (converged=True)
	Change =  1.637e-04
__________________________________________
TF Iteration 50
	μ = -1.361284630e-01, change: 2.698791928e-01 (converged=False)
	φe Err =  3.942e-11, φe change =  5.746e-07
	ne Err =  8.267e-03, ne change =  6.873e-10
	Q =  1.263e+00 ->  1.263e+00, 
	Zstar guess =  2.542e-01. Current Zstar:  2.542e-01 (converged=True)
	Change =  2.180e-01
__________________________________________
TF Iteration 75
	μ = -7.239623353e-02, change: 0.000000000e+00 (converged=True)
	φe Err =  3.960e-11, φe change =  2.908e-05
	ne Err =  1.359e-04, ne change =  7.716e-09
	Q =  7.598e-01 ->  7.579e-01, 
	Zstar guess =  2.542e-01. Current Zstar:  2.542e-01 (converged=True)
	Change =  3.239e-05
__________________________________________
TF Iteration 100
	μ = -2.651864744e-02, change: 2.937798734e-01 (converged=False)
	φe Err =  3.684e-11, φe change =  9.752e-08
	ne Err =  2.339e-03, ne change =  2.238e-11
	Q =  5.370e-01 ->  5.369e-01, 
	Zstar guess =  2.542e-01. Current Zstar:  2.542e-01 (converged=True)
	Change =  2.400e-01
__________________________________________
TF Iteration 125
	μ = -1.234762983e-02, change: 0.000000000e+00 (converged=True)
	φe Err =  3.932e-11, φe change =  7.088e-06
	ne Err =  6.742e-05, ne change =  2.896e-09
	Q =  3.106e-01 ->  3.095e-01, 
	Zstar guess =  2.542e-01. Current Zstar:  2.542e-01 (converged=True)
	Change =  7.966e-06
__________________________________________
TF Iteration 150
	μ = -2.790221958e-03, change: 4.336976555e-01 (converged=False)
	φe Err =  4.138e-11, φe change =  7.895e-08
	ne Err =  5.455e-04, ne change =  2.207e-11
	Q =  1.930e-01 ->  1.927e-01, 
	Zstar guess =  2.542e-01. Current Zstar:  2.542e-01 (converged=True)
	Change =  3.774e-01
__________________________________________
TF Iteration 175
	μ = -3.393849500e-04, change: 0.000000000e+00 (converged=True)
	φe Err =  3.907e-11, φe change =  1.374e-06
	ne Err =  2.558e-05, ne change =  5.817e-10
	Q =  7.826e-02 ->  7.703e-02, 
	Zstar guess =  2.542e-01. Current Zstar:  2.542e-01 (converged=True)
	Change =  1.538e-06
__________________________________________
TF Iteration 200
	μ = 1.074650489e-03, change: 3.869127074e-01 (converged=False)
	φe Err =  3.846e-11, φe change =  1.782e-08
	ne Err =  8.594e-05, ne change =  4.914e-12
	Q =  3.513e-02 ->  3.494e-02, 
	Zstar guess =  2.542e-01. Current Zstar:  2.542e-01 (converged=True)
	Change =  2.263e-01
__________________________________________
TF Iteration 225
	μ = 1.409217586e-03, change: 0.000000000e+00 (converged=True)
	φe Err =  3.843e-11, φe change =  1.921e-07
	ne Err =  4.734e-06, ne change =  8.101e-11
	Q =  1.158e-02 ->  1.134e-02, 
	Zstar guess =  2.542e-01. Current Zstar:  2.542e-01 (converged=True)
	Change =  2.148e-07
__________________________________________
TF Iteration 250
	μ = 1.598381163e-03, change: 2.559374714e-02 (converged=False)
	φe Err =  3.920e-11, φe change =  2.499e-09
	ne Err =  1.170e-05, ne change =  6.863e-13
	Q =  4.841e-03 ->  4.811e-03, 
	Zstar guess =  2.542e-01. Current Zstar:  2.542e-01 (converged=True)
	Change =  1.787e-02
__________________________________________
TF Iteration 275
	μ = 1.642759512e-03, change: 0.000000000e+00 (converged=True)
	φe Err =  4.022e-11, φe change =  2.556e-08
	ne Err =  6.530e-07, ne change =  1.077e-11
	Q =  1.551e-03 ->  1.519e-03, 
	Zstar guess =  2.542e-01. Current Zstar:  2.542e-01 (converged=True)
	Change =  2.858e-08
__________________________________________
TF Iteration 300
	μ = 1.667788474e-03, change: 3.172274263e-03 (converged=False)
	φe Err =  4.196e-11, φe change =  3.295e-10
	ne Err =  1.552e-06, ne change =  9.469e-14
	Q =  6.429e-04 ->  6.390e-04, 
	Zstar guess =  2.542e-01. Current Zstar:  2.542e-01 (converged=True)
	Change =  2.240e-03
__________________________________________
TF Iteration 325
	μ = 1.673653921e-03, change: 0.000000000e+00 (converged=True)
	φe Err =  4.064e-11, φe change =  3.379e-09
	ne Err =  8.675e-08, ne change =  1.424e-12
	Q =  2.053e-04 ->  2.010e-04, 
	Zstar guess =  2.542e-01. Current Zstar:  2.542e-01 (converged=True)
	Change =  3.780e-09
__________________________________________
TF Iteration 350
	μ = 1.676960902e-03, change: 4.156602330e-04 (converged=False)
	φe Err =  3.993e-11, φe change =  4.616e-11
	ne Err =  2.052e-07, ne change =  1.081e-14
	Q =  8.499e-05 ->  8.446e-05, 
	Zstar guess =  2.542e-01. Current Zstar:  2.542e-01 (converged=True)
	Change =  2.939e-04
__________________________________________
TF Iteration 375
	μ = 1.677735748e-03, change: 0.000000000e+00 (converged=True)
	φe Err =  3.823e-11, φe change =  4.492e-10
	ne Err =  1.147e-08, ne change =  1.909e-13
	Q =  2.713e-05 ->  2.655e-05, 
	Zstar guess =  2.542e-01. Current Zstar:  2.542e-01 (converged=True)
	Change =  5.027e-10
__________________________________________
TF Iteration 400
	μ = 1.678172591e-03, change: 5.484786565e-05 (converged=False)
	φe Err =  3.909e-11, φe change =  6.661e-12
	ne Err =  2.711e-08, ne change =  4.637e-15
	Q =  1.123e-05 ->  1.116e-05, 
	Zstar guess =  2.542e-01. Current Zstar:  2.542e-01 (converged=True)
	Change =  3.878e-05
__________________________________________
TF Iteration 425
	μ = 1.678274946e-03, change: 0.000000000e+00 (converged=True)
	φe Err =  3.847e-11, φe change =  5.956e-11
	ne Err =  1.515e-09, ne change =  2.586e-14
	Q =  3.583e-06 ->  3.507e-06, 
	Zstar guess =  2.542e-01. Current Zstar:  2.542e-01 (converged=True)
	Change =  6.666e-11
__________________________________________
TF Iteration 450
	μ = 1.678332652e-03, change: 7.244278247e-06 (converged=True)
	φe Err =  4.012e-11, φe change =  2.669e-12
	ne Err =  3.581e-09, ne change =  2.602e-16
	Q =  1.483e-06 ->  1.474e-06, 
	Zstar guess =  2.542e-01. Current Zstar:  2.542e-01 (converged=True)
	Change =  5.122e-06
__________________________________________
TF Iteration 470
	μ = 1.678340762e-03, change: 0.000000000e+00 (converged=True)
	φe Err =  4.010e-11, φe change =  1.430e-12
	ne Err =  9.892e-11, ne change =  1.958e-16
	Q =  6.652e-07 ->  6.600e-07, 
	Zstar guess =  2.542e-01. Current Zstar:  2.542e-01 (converged=True)
	Change =  1.107e-12
	-------------------
	Solving IET.
0: Initial condition Total Error: 3.553e+01
Exiting status 0, reverting to best index so far: 407
Final iter:408, Total Error: 9.889e-13
	-------------------
	Solving IET.
0: Initial condition Total Error: 3.546e+01
Exiting status 0, reverting to best index so far: 402
Final iter:403, Total Error: 9.805e-13
Time to solve CS model: 7.475e+01 [s], time so far: 7.711e+01 [s]
CS model saved.
Ee_pot_density = -1.166e-01 [au], Ee_K = 5.857e-02 [au], Ee_tot = -5.808e-02 [au]
P_e = 4.781e-08 [au], 1.407e-05 [Mbar]
Virial if 6.330e+02 = 6.304e+02 --->  off by 4.139e-01 % 

βEe_pot/Z = -31817.858, βEe_K/Z = 15974.791, βEe_tot/Z = -15843.067
βP_e Ω/Z = 0.013
