
===========================================
===========================================
Starting case: Ar: Te = 0.073 eV, Ti = 0.073 eV 

T[K]:  844.1512138093917
________________________
Generating NPA
T:  0.002673266473629843
Using More TF fit for initial Zstar = 0.265
	Intializing grid
Initializing, True
Initializing
	Creating Integral Equation Solver
Intialized Potentials and Densities
Initialized
Time to setup correlation sphere (IS) model: 1.451e+00 [s], time so far: 1.451e+00 [s]
Beginning self-consistent electron solver.
_________________________________
__________________________________________
TF Iteration 0
	μ = -8.090380799e-01, change: 3.702655610e+02 (converged=False)
	φe Err =  3.937e-11, φe change =  9.437e-01
	ne Err =  5.365e-02, ne change =  3.358e-06
	Q =  0.000e+00 -> -1.564e+01, 
	Zstar guess =  2.651e-01. Current Zstar:  2.651e-01 (converged=True)
	Change =  1.934e+00
__________________________________________
TF Iteration 1
	μ = -8.090380799e-01, change: 0.000000000e+00 (converged=True)
	φe Err =  4.000e-11, φe change =  3.440e-02
	ne Err =  1.311e-01, ne change =  5.352e-06
	Q = -1.564e+01 -> -1.061e+01, 
	Zstar guess =  2.651e-01. Current Zstar:  2.651e-01 (converged=True)
	Change =  3.850e-02
__________________________________________
TF Iteration 2
	μ = -8.090380799e-01, change: 0.000000000e+00 (converged=True)
	φe Err =  3.917e-11, φe change =  1.340e-02
	ne Err =  8.367e-02, ne change =  1.628e-06
	Q = -1.061e+01 -> -6.832e+00, 
	Zstar guess =  2.651e-01. Current Zstar:  2.651e-01 (converged=True)
	Change =  1.379e-02
__________________________________________
TF Iteration 3
	μ = -8.090380799e-01, change: 0.000000000e+00 (converged=True)
	φe Err =  4.033e-11, φe change =  1.225e-02
	ne Err =  4.773e-02, ne change =  1.047e-06
	Q = -6.832e+00 -> -4.175e+00, 
	Zstar guess =  2.651e-01. Current Zstar:  2.651e-01 (converged=True)
	Change =  1.333e-02
__________________________________________
TF Iteration 4
	μ = -8.090380799e-01, change: 0.000000000e+00 (converged=True)
	φe Err =  4.104e-11, φe change =  6.166e-03
	ne Err =  3.637e-02, ne change =  1.908e-06
	Q = -4.175e+00 -> -2.375e+00, 
	Zstar guess =  2.651e-01. Current Zstar:  2.651e-01 (converged=True)
	Change =  6.942e-03
__________________________________________
TF Iteration 5
	μ = -8.090380799e-01, change: 0.000000000e+00 (converged=True)
	φe Err =  3.708e-11, φe change =  1.813e-03
	ne Err =  3.278e-02, ne change =  1.721e-06
	Q = -2.375e+00 -> -1.144e+00, 
	Zstar guess =  2.651e-01. Current Zstar:  2.651e-01 (converged=True)
	Change =  1.898e-03
__________________________________________
TF Iteration 6
	μ = -8.090380799e-01, change: 0.000000000e+00 (converged=True)
	φe Err =  3.915e-11, φe change =  1.227e-03
	ne Err =  2.723e-02, ne change =  1.184e-06
	Q = -1.144e+00 -> -2.593e-01, 
	Zstar guess =  2.651e-01. Current Zstar:  2.651e-01 (converged=True)
	Change =  5.168e-04
__________________________________________
TF Iteration 7
	μ = -8.090380799e-01, change: 0.000000000e+00 (converged=True)
	φe Err =  3.873e-11, φe change =  1.393e-03
	ne Err =  2.102e-02, ne change =  6.894e-07
	Q = -2.593e-01 ->  4.100e-01, 
	Zstar guess =  2.651e-01. Current Zstar:  2.651e-01 (converged=True)
	Change =  1.084e-03
__________________________________________
TF Iteration 8
	μ = -8.090380799e-01, change: 0.000000000e+00 (converged=True)
	φe Err =  3.870e-11, φe change =  1.078e-03
	ne Err =  1.587e-02, ne change =  3.525e-07
	Q =  4.100e-01 ->  9.293e-01, 
	Zstar guess =  2.651e-01. Current Zstar:  2.651e-01 (converged=True)
	Change =  8.946e-04
__________________________________________
TF Iteration 9
	μ = -8.090380799e-01, change: 0.000000000e+00 (converged=True)
	φe Err =  3.871e-11, φe change =  7.048e-04
	ne Err =  1.208e-02, ne change =  1.574e-07
	Q =  9.293e-01 ->  1.335e+00, 
	Zstar guess =  2.651e-01. Current Zstar:  2.651e-01 (converged=True)
	Change =  5.740e-04
__________________________________________
TF Iteration 25
	μ = -3.638277772e-01, change: 0.000000000e+00 (converged=True)
	φe Err =  3.907e-11, φe change =  1.553e-04
	ne Err =  5.199e-04, ne change =  9.360e-09
	Q =  1.786e+00 ->  1.795e+00, 
	Zstar guess =  2.651e-01. Current Zstar:  2.651e-01 (converged=True)
	Change =  1.682e-04
__________________________________________
TF Iteration 50
	μ = -1.395493178e-01, change: 2.699003812e-01 (converged=False)
	φe Err =  4.054e-11, φe change =  5.797e-07
	ne Err =  8.433e-03, ne change =  7.111e-10
	Q =  1.280e+00 ->  1.280e+00, 
	Zstar guess =  2.651e-01. Current Zstar:  2.651e-01 (converged=True)
	Change =  2.180e-01
__________________________________________
TF Iteration 75
	μ = -7.428844660e-02, change: 0.000000000e+00 (converged=True)
	φe Err =  3.883e-11, φe change =  2.981e-05
	ne Err =  1.361e-04, ne change =  7.805e-09
	Q =  7.696e-01 ->  7.677e-01, 
	Zstar guess =  2.651e-01. Current Zstar:  2.651e-01 (converged=True)
	Change =  3.319e-05
__________________________________________
TF Iteration 100
	μ = -2.740085692e-02, change: 2.912556051e-01 (converged=False)
	φe Err =  3.833e-11, φe change =  1.037e-07
	ne Err =  2.374e-03, ne change =  2.478e-11
	Q =  5.435e-01 ->  5.434e-01, 
	Zstar guess =  2.651e-01. Current Zstar:  2.651e-01 (converged=True)
	Change =  2.376e-01
__________________________________________
TF Iteration 125
	μ = -1.298737437e-02, change: 0.000000000e+00 (converged=True)
	φe Err =  3.865e-11, φe change =  7.232e-06
	ne Err =  6.763e-05, ne change =  2.914e-09
	Q =  3.123e-01 ->  3.111e-01, 
	Zstar guess =  2.651e-01. Current Zstar:  2.651e-01 (converged=True)
	Change =  8.125e-06
__________________________________________
TF Iteration 150
	μ = -3.368956675e-03, change: 3.885977572e-01 (converged=False)
	φe Err =  3.892e-11, φe change =  7.156e-08
	ne Err =  5.389e-04, ne change =  2.205e-11
	Q =  1.905e-01 ->  1.901e-01, 
	Zstar guess =  2.651e-01. Current Zstar:  2.651e-01 (converged=True)
	Change =  3.315e-01
__________________________________________
TF Iteration 175
	μ = -9.131260933e-04, change: 0.000000000e+00 (converged=True)
	φe Err =  4.014e-11, φe change =  1.377e-06
	ne Err =  2.508e-05, ne change =  5.731e-10
	Q =  7.603e-02 ->  7.480e-02, 
	Zstar guess =  2.651e-01. Current Zstar:  2.651e-01 (converged=True)
	Change =  1.541e-06
__________________________________________
TF Iteration 200
	μ = 5.086575009e-04, change: 1.463288404e+00 (converged=False)
	φe Err =  3.984e-11, φe change =  1.599e-08
	ne Err =  8.435e-05, ne change =  4.836e-12
	Q =  3.408e-02 ->  3.390e-02, 
	Zstar guess =  2.651e-01. Current Zstar:  2.651e-01 (converged=True)
	Change =  5.504e-01
__________________________________________
TF Iteration 225
	μ = 8.468301261e-04, change: 0.000000000e+00 (converged=True)
	φe Err =  3.977e-11, φe change =  1.940e-07
	ne Err =  4.548e-06, ne change =  8.046e-11
	Q =  1.128e-02 ->  1.105e-02, 
	Zstar guess =  2.651e-01. Current Zstar:  2.651e-01 (converged=True)
	Change =  2.169e-07
__________________________________________
TF Iteration 250
	μ = 1.038981198e-03, change: 4.069439369e-02 (converged=False)
	φe Err =  4.152e-11, φe change =  2.275e-09
	ne Err =  1.158e-05, ne change =  6.812e-13
	Q =  4.737e-03 ->  4.708e-03, 
	Zstar guess =  2.651e-01. Current Zstar:  2.651e-01 (converged=True)
	Change =  2.820e-02
__________________________________________
TF Iteration 275
	μ = 1.084319951e-03, change: 0.000000000e+00 (converged=True)
	φe Err =  4.079e-11, φe change =  2.608e-08
	ne Err =  6.326e-07, ne change =  1.082e-11
	Q =  1.527e-03 ->  1.495e-03, 
	Zstar guess =  2.651e-01. Current Zstar:  2.651e-01 (converged=True)
	Change =  2.917e-08
__________________________________________
TF Iteration 300
	μ = 1.110021260e-03, change: 4.916307146e-03 (converged=False)
	φe Err =  3.965e-11, φe change =  3.051e-10
	ne Err =  1.552e-06, ne change =  9.272e-14
	Q =  6.359e-04 ->  6.320e-04, 
	Zstar guess =  2.651e-01. Current Zstar:  2.651e-01 (converged=True)
	Change =  3.468e-03
__________________________________________
TF Iteration 325
	μ = 1.116079246e-03, change: 0.000000000e+00 (converged=True)
	φe Err =  4.296e-11, φe change =  3.494e-09
	ne Err =  8.494e-08, ne change =  1.450e-12
	Q =  2.043e-04 ->  2.000e-04, 
	Zstar guess =  2.651e-01. Current Zstar:  2.651e-01 (converged=True)
	Change =  3.908e-09
__________________________________________
TF Iteration 350
	μ = 1.119512310e-03, change: 6.483124244e-04 (converged=False)
	φe Err =  3.902e-11, φe change =  4.569e-11
	ne Err =  2.074e-07, ne change =  1.110e-14
	Q =  8.498e-05 ->  8.446e-05, 
	Zstar guess =  2.651e-01. Current Zstar:  2.651e-01 (converged=True)
	Change =  4.583e-04
__________________________________________
TF Iteration 375
	μ = 1.120321406e-03, change: 0.000000000e+00 (converged=True)
	φe Err =  3.975e-11, φe change =  4.679e-10
	ne Err =  1.135e-08, ne change =  1.928e-13
	Q =  2.729e-05 ->  2.671e-05, 
	Zstar guess =  2.651e-01. Current Zstar:  2.651e-01 (converged=True)
	Change =  5.235e-10
__________________________________________
TF Iteration 400
	μ = 1.120779898e-03, change: 8.643551347e-05 (converged=False)
	φe Err =  4.091e-11, φe change =  1.151e-11
	ne Err =  2.770e-08, ne change =  7.807e-15
	Q =  1.135e-05 ->  1.128e-05, 
	Zstar guess =  2.651e-01. Current Zstar:  2.651e-01 (converged=True)
	Change =  6.112e-05
__________________________________________
TF Iteration 425
	μ = 1.120887951e-03, change: 0.000000000e+00 (converged=True)
	φe Err =  3.837e-11, φe change =  5.847e-11
	ne Err =  1.516e-09, ne change =  2.395e-14
	Q =  3.644e-06 ->  3.567e-06, 
	Zstar guess =  2.651e-01. Current Zstar:  2.651e-01 (converged=True)
	Change =  6.322e-11
__________________________________________
TF Iteration 450
	μ = 1.120949182e-03, change: 1.154066703e-05 (converged=False)
	φe Err =  3.959e-11, φe change =  1.124e-11
	ne Err =  3.700e-09, ne change =  2.797e-15
	Q =  1.516e-06 ->  1.506e-06, 
	Zstar guess =  2.651e-01. Current Zstar:  2.651e-01 (converged=True)
	Change =  8.160e-06
__________________________________________
TF Iteration 470
	μ = 1.120957830e-03, change: 0.000000000e+00 (converged=True)
	φe Err =  3.895e-11, φe change =  2.193e-12
	ne Err =  9.932e-11, ne change =  1.106e-15
	Q =  6.828e-07 ->  6.775e-07, 
	Zstar guess =  2.651e-01. Current Zstar:  2.651e-01 (converged=True)
	Change =  1.484e-12
	-------------------
	Solving IET.
0: Initial condition Total Error: 3.032e+01
Exiting status 0, reverting to best index so far: 423
Final iter:424, Total Error: 9.628e-13
	-------------------
	Solving IET.
0: Initial condition Total Error: 3.016e+01
Exiting status 0, reverting to best index so far: 366
Final iter:367, Total Error: 9.986e-13
Time to solve CS model: 6.184e+01 [s], time so far: 6.329e+01 [s]
CS model saved.
Ee_pot_density = -1.166e-01 [au], Ee_K = 5.857e-02 [au], Ee_tot = -5.808e-02 [au]
P_e = 5.847e-08 [au], 1.720e-05 [Mbar]
Virial if 6.330e+02 = 6.304e+02 --->  off by 4.139e-01 % 

βEe_pot/Z = -26200.110, βEe_K/Z = 13154.292, βEe_tot/Z = -13045.818
βP_e Ω/Z = 0.013
