
===========================================
===========================================
Starting case: Ar: Te = 0.052 eV, Ti = 0.052 eV 

T[K]:  600.8648592709806
________________________
Generating NPA
T:  0.0019028248223713626
Using More TF fit for initial Zstar = 0.247
	Intializing grid
Initializing, True
Initializing
	Creating Integral Equation Solver
Intialized Potentials and Densities
Initialized
Time to setup correlation sphere (IS) model: 3.596e+00 [s], time so far: 3.596e+00 [s]
Beginning self-consistent electron solver.
_________________________________
__________________________________________
TF Iteration 0
	μ = -7.660337402e-01, change: 2.658510805e+02 (converged=False)
	φe Err =  3.893e-11, φe change =  9.396e-01
	ne Err =  4.969e-02, ne change =  3.263e-06
	Q =  0.000e+00 -> -1.422e+01, 
	Zstar guess =  2.472e-01. Current Zstar:  2.472e-01 (converged=True)
	Change =  1.930e+00
__________________________________________
TF Iteration 1
	μ = -7.660337402e-01, change: 0.000000000e+00 (converged=True)
	φe Err =  3.920e-11, φe change =  3.264e-02
	ne Err =  1.255e-01, ne change =  5.021e-06
	Q = -1.422e+01 -> -9.514e+00, 
	Zstar guess =  2.472e-01. Current Zstar:  2.472e-01 (converged=True)
	Change =  3.651e-02
__________________________________________
TF Iteration 2
	μ = -7.660337402e-01, change: 0.000000000e+00 (converged=True)
	φe Err =  3.891e-11, φe change =  1.304e-02
	ne Err =  7.900e-02, ne change =  1.444e-06
	Q = -9.514e+00 -> -5.999e+00, 
	Zstar guess =  2.472e-01. Current Zstar:  2.472e-01 (converged=True)
	Change =  1.346e-02
__________________________________________
TF Iteration 3
	μ = -7.660337402e-01, change: 0.000000000e+00 (converged=True)
	φe Err =  4.021e-11, φe change =  1.161e-02
	ne Err =  4.450e-02, ne change =  1.070e-06
	Q = -5.999e+00 -> -3.558e+00, 
	Zstar guess =  2.472e-01. Current Zstar:  2.472e-01 (converged=True)
	Change =  1.265e-02
__________________________________________
TF Iteration 4
	μ = -7.660337402e-01, change: 0.000000000e+00 (converged=True)
	φe Err =  3.911e-11, φe change =  5.616e-03
	ne Err =  3.430e-02, ne change =  1.826e-06
	Q = -3.558e+00 -> -1.927e+00, 
	Zstar guess =  2.472e-01. Current Zstar:  2.472e-01 (converged=True)
	Change =  6.330e-03
__________________________________________
TF Iteration 5
	μ = -7.660337402e-01, change: 0.000000000e+00 (converged=True)
	φe Err =  3.767e-11, φe change =  1.534e-03
	ne Err =  3.083e-02, ne change =  1.602e-06
	Q = -1.927e+00 -> -8.214e-01, 
	Zstar guess =  2.472e-01. Current Zstar:  2.472e-01 (converged=True)
	Change =  1.536e-03
__________________________________________
TF Iteration 6
	μ = -7.660337402e-01, change: 0.000000000e+00 (converged=True)
	φe Err =  3.988e-11, φe change =  1.225e-03
	ne Err =  2.530e-02, ne change =  1.077e-06
	Q = -8.214e-01 -> -2.723e-02, 
	Zstar guess =  2.472e-01. Current Zstar:  2.472e-01 (converged=True)
	Change =  6.361e-04
__________________________________________
TF Iteration 7
	μ = -7.660337402e-01, change: 0.000000000e+00 (converged=True)
	φe Err =  3.832e-11, φe change =  1.327e-03
	ne Err =  1.934e-02, ne change =  6.149e-07
	Q = -2.723e-02 ->  5.745e-01, 
	Zstar guess =  2.472e-01. Current Zstar:  2.472e-01 (converged=True)
	Change =  1.065e-03
__________________________________________
TF Iteration 8
	μ = -7.660337402e-01, change: 0.000000000e+00 (converged=True)
	φe Err =  3.971e-11, φe change =  9.911e-04
	ne Err =  1.454e-02, ne change =  3.094e-07
	Q =  5.745e-01 ->  1.042e+00, 
	Zstar guess =  2.472e-01. Current Zstar:  2.472e-01 (converged=True)
	Change =  8.326e-04
__________________________________________
TF Iteration 9
	μ = -7.660337402e-01, change: 0.000000000e+00 (converged=True)
	φe Err =  3.890e-11, φe change =  6.315e-04
	ne Err =  1.106e-02, ne change =  1.372e-07
	Q =  1.042e+00 ->  1.407e+00, 
	Zstar guess =  2.472e-01. Current Zstar:  2.472e-01 (converged=True)
	Change =  5.167e-04
__________________________________________
TF Iteration 25
	μ = -3.484664987e-01, change: 0.000000000e+00 (converged=True)
	φe Err =  3.939e-11, φe change =  1.483e-04
	ne Err =  4.875e-04, ne change =  1.017e-08
	Q =  1.748e+00 ->  1.756e+00, 
	Zstar guess =  2.472e-01. Current Zstar:  2.472e-01 (converged=True)
	Change =  1.608e-04
__________________________________________
TF Iteration 50
	μ = -1.338776603e-01, change: 2.698639728e-01 (converged=False)
	φe Err =  3.982e-11, φe change =  5.710e-07
	ne Err =  8.156e-03, ne change =  6.719e-10
	Q =  1.252e+00 ->  1.252e+00, 
	Zstar guess =  2.472e-01. Current Zstar:  2.472e-01 (converged=True)
	Change =  2.180e-01
__________________________________________
TF Iteration 75
	μ = -7.115461590e-02, change: 0.000000000e+00 (converged=True)
	φe Err =  3.888e-11, φe change =  2.861e-05
	ne Err =  1.357e-04, ne change =  7.656e-09
	Q =  7.533e-01 ->  7.513e-01, 
	Zstar guess =  2.472e-01. Current Zstar:  2.472e-01 (converged=True)
	Change =  3.187e-05
__________________________________________
TF Iteration 100
	μ = -2.595185118e-02, change: 2.953312767e-01 (converged=False)
	φe Err =  4.101e-11, φe change =  9.358e-08
	ne Err =  2.315e-03, ne change =  2.079e-11
	Q =  5.325e-01 ->  5.325e-01, 
	Zstar guess =  2.472e-01. Current Zstar:  2.472e-01 (converged=True)
	Change =  2.414e-01
__________________________________________
TF Iteration 125
	μ = -1.195362466e-02, change: 0.000000000e+00 (converged=True)
	φe Err =  3.860e-11, φe change =  6.990e-06
	ne Err =  6.726e-05, ne change =  2.879e-09
	Q =  3.091e-01 ->  3.081e-01, 
	Zstar guess =  2.472e-01. Current Zstar:  2.472e-01 (converged=True)
	Change =  7.857e-06
__________________________________________
TF Iteration 150
	μ = -2.451670423e-03, change: 4.649555052e-01 (converged=False)
	φe Err =  4.186e-11, φe change =  8.359e-08
	ne Err =  5.489e-04, ne change =  2.201e-11
	Q =  1.943e-01 ->  1.940e-01, 
	Zstar guess =  2.472e-01. Current Zstar:  2.472e-01 (converged=True)
	Change =  4.100e-01
__________________________________________
TF Iteration 175
	μ = -9.691595634e-06, change: 0.000000000e+00 (converged=True)
	φe Err =  3.860e-11, φe change =  1.370e-06
	ne Err =  2.588e-05, ne change =  5.857e-10
	Q =  7.956e-02 ->  7.833e-02, 
	Zstar guess =  2.472e-01. Current Zstar:  2.472e-01 (converged=True)
	Change =  1.533e-06
__________________________________________
TF Iteration 200
	μ = 1.393984872e-03, change: 2.706335165e-01 (converged=False)
	φe Err =  4.031e-11, φe change =  1.892e-08
	ne Err =  8.668e-05, ne change =  4.948e-12
	Q =  3.570e-02 ->  3.551e-02, 
	Zstar guess =  2.472e-01. Current Zstar:  2.472e-01 (converged=True)
	Change =  1.674e-01
__________________________________________
TF Iteration 225
	μ = 1.724425850e-03, change: 0.000000000e+00 (converged=True)
	φe Err =  3.843e-11, φe change =  1.898e-07
	ne Err =  4.846e-06, ne change =  8.085e-11
	Q =  1.171e-02 ->  1.147e-02, 
	Zstar guess =  2.472e-01. Current Zstar:  2.472e-01 (converged=True)
	Change =  2.123e-07
__________________________________________
TF Iteration 250
	μ = 1.910403714e-03, change: 2.090456786e-02 (converged=False)
	φe Err =  3.943e-11, φe change =  2.629e-09
	ne Err =  1.171e-05, ne change =  6.874e-13
	Q =  4.876e-03 ->  4.846e-03, 
	Zstar guess =  2.472e-01. Current Zstar:  2.472e-01 (converged=True)
	Change =  1.463e-02
__________________________________________
TF Iteration 275
	μ = 1.953806515e-03, change: 0.000000000e+00 (converged=True)
	φe Err =  4.126e-11, φe change =  2.501e-08
	ne Err =  6.626e-07, ne change =  1.064e-11
	Q =  1.554e-03 ->  1.521e-03, 
	Zstar guess =  2.472e-01. Current Zstar:  2.472e-01 (converged=True)
	Change =  2.797e-08
__________________________________________
TF Iteration 300
	μ = 1.978173215e-03, change: 2.595840471e-03 (converged=False)
	φe Err =  3.857e-11, φe change =  3.474e-10
	ne Err =  1.538e-06, ne change =  9.086e-14
	Q =  6.413e-04 ->  6.373e-04, 
	Zstar guess =  2.472e-01. Current Zstar:  2.472e-01 (converged=True)
	Change =  1.833e-03
__________________________________________
TF Iteration 325
	μ = 1.983853675e-03, change: 0.000000000e+00 (converged=True)
	φe Err =  4.135e-11, φe change =  3.276e-09
	ne Err =  8.716e-08, ne change =  1.395e-12
	Q =  2.037e-04 ->  1.994e-04, 
	Zstar guess =  2.472e-01. Current Zstar:  2.472e-01 (converged=True)
	Change =  3.664e-09
__________________________________________
TF Iteration 350
	μ = 1.987041668e-03, change: 3.373101695e-04 (converged=False)
	φe Err =  3.929e-11, φe change =  4.256e-11
	ne Err =  2.013e-07, ne change =  1.621e-14
	Q =  8.394e-05 ->  8.342e-05, 
	Zstar guess =  2.472e-01. Current Zstar:  2.472e-01 (converged=True)
	Change =  2.385e-04
__________________________________________
TF Iteration 375
	μ = 1.987784745e-03, change: 0.000000000e+00 (converged=True)
	φe Err =  3.982e-11, φe change =  4.328e-10
	ne Err =  1.141e-08, ne change =  1.849e-13
	Q =  2.665e-05 ->  2.608e-05, 
	Zstar guess =  2.472e-01. Current Zstar:  2.472e-01 (converged=True)
	Change =  4.845e-10
__________________________________________
TF Iteration 400
	μ = 1.988201757e-03, change: 4.408335202e-05 (converged=False)
	φe Err =  4.118e-11, φe change =  8.109e-12
	ne Err =  2.633e-08, ne change =  2.937e-15
	Q =  1.098e-05 ->  1.091e-05, 
	Zstar guess =  2.472e-01. Current Zstar:  2.472e-01 (converged=True)
	Change =  3.117e-05
__________________________________________
TF Iteration 425
	μ = 1.988298954e-03, change: 0.000000000e+00 (converged=True)
	φe Err =  3.848e-11, φe change =  5.669e-11
	ne Err =  1.493e-09, ne change =  2.185e-14
	Q =  3.486e-06 ->  3.412e-06, 
	Zstar guess =  2.472e-01. Current Zstar:  2.472e-01 (converged=True)
	Change =  6.346e-11
__________________________________________
TF Iteration 450
	μ = 1.988353501e-03, change: 5.765604367e-06 (converged=True)
	φe Err =  3.810e-11, φe change =  2.640e-12
	ne Err =  3.444e-09, ne change =  9.407e-16
	Q =  1.436e-06 ->  1.427e-06, 
	Zstar guess =  2.472e-01. Current Zstar:  2.472e-01 (converged=True)
	Change =  4.077e-06
__________________________________________
TF Iteration 470
	μ = 1.988361133e-03, change: 0.000000000e+00 (converged=True)
	φe Err =  3.986e-11, φe change =  8.653e-12
	ne Err =  9.709e-11, ne change =  2.905e-15
	Q =  6.418e-07 ->  6.367e-07, 
	Zstar guess =  2.472e-01. Current Zstar:  2.472e-01 (converged=True)
	Change =  3.475e-12
	-------------------
	Solving IET.
0: Initial condition Total Error: 4.041e+01
Exiting status 0, reverting to best index so far: 884
Final iter:885, Total Error: 9.921e-13
	-------------------
	Solving IET.
0: Initial condition Total Error: 4.257e+01
Exiting status 0, reverting to best index so far: 2327
Final iter:2328, Total Error: 9.987e-13
Time to solve CS model: 6.037e+01 [s], time so far: 6.397e+01 [s]
CS model saved.
Ee_pot_density = -1.166e-01 [au], Ee_K = 5.857e-02 [au], Ee_tot = -5.808e-02 [au]
P_e = 4.160e-08 [au], 1.224e-05 [Mbar]
Virial if 6.330e+02 = 6.304e+02 --->  off by 4.139e-01 % 

βEe_pot/Z = -36808.385, βEe_K/Z = 18480.382, βEe_tot/Z = -18328.004
βP_e Ω/Z = 0.013
