
===========================================
===========================================
Starting case: Ar: Te = 0.257 eV, Ti = 0.257 eV 

T[K]:  2984.0780816130673
________________________
Generating NPA
T:  0.009450008197312289
Using More TF fit for initial Zstar = 0.398
	Intializing grid
Initializing, True
Initializing
	Creating Integral Equation Solver
Intialized Potentials and Densities
Initialized
Time to setup correlation sphere (IS) model: 8.548e-01 [s], time so far: 8.548e-01 [s]
Beginning self-consistent electron solver.
_________________________________
__________________________________________
TF Iteration 0
	μ = -1.047872526e+00, change: 1.052879086e+02 (converged=False)
	φe Err =  3.844e-11, φe change =  9.623e-01
	ne Err =  7.775e-02, ne change =  3.858e-06
	Q =  0.000e+00 -> -2.421e+01, 
	Zstar guess =  3.975e-01. Current Zstar:  3.975e-01 (converged=True)
	Change =  1.944e+00
__________________________________________
TF Iteration 1
	μ = -1.047872526e+00, change: 0.000000000e+00 (converged=True)
	φe Err =  4.059e-11, φe change =  4.429e-02
	ne Err =  1.615e-01, ne change =  7.217e-06
	Q = -2.421e+01 -> -1.730e+01, 
	Zstar guess =  3.975e-01. Current Zstar:  3.975e-01 (converged=True)
	Change =  4.975e-02
__________________________________________
TF Iteration 2
	μ = -1.047872526e+00, change: 0.000000000e+00 (converged=True)
	φe Err =  3.949e-11, φe change =  1.504e-02
	ne Err =  1.096e-01, ne change =  2.747e-06
	Q = -1.730e+01 -> -1.197e+01, 
	Zstar guess =  3.975e-01. Current Zstar:  3.975e-01 (converged=True)
	Change =  1.512e-02
__________________________________________
TF Iteration 3
	μ = -1.047872526e+00, change: 0.000000000e+00 (converged=True)
	φe Err =  3.851e-11, φe change =  1.563e-02
	ne Err =  6.646e-02, ne change =  8.206e-07
	Q = -1.197e+01 -> -8.041e+00, 
	Zstar guess =  3.975e-01. Current Zstar:  3.975e-01 (converged=True)
	Change =  1.691e-02
__________________________________________
TF Iteration 4
	μ = -1.047872526e+00, change: 0.000000000e+00 (converged=True)
	φe Err =  3.958e-11, φe change =  9.298e-03
	ne Err =  4.844e-02, ne change =  2.301e-06
	Q = -8.041e+00 -> -5.235e+00, 
	Zstar guess =  3.975e-01. Current Zstar:  3.975e-01 (converged=True)
	Change =  1.040e-02
__________________________________________
TF Iteration 5
	μ = -1.047872526e+00, change: 0.000000000e+00 (converged=True)
	φe Err =  3.945e-11, φe change =  3.717e-03
	ne Err =  4.337e-02, ne change =  2.380e-06
	Q = -5.235e+00 -> -3.241e+00, 
	Zstar guess =  3.975e-01. Current Zstar:  3.975e-01 (converged=True)
	Change =  4.190e-03
__________________________________________
TF Iteration 6
	μ = -1.047872526e+00, change: 0.000000000e+00 (converged=True)
	φe Err =  3.900e-11, φe change =  1.404e-03
	ne Err =  3.777e-02, ne change =  1.827e-06
	Q = -3.241e+00 -> -1.791e+00, 
	Zstar guess =  3.975e-01. Current Zstar:  3.975e-01 (converged=True)
	Change =  4.679e-04
__________________________________________
TF Iteration 7
	μ = -1.047872526e+00, change: 0.000000000e+00 (converged=True)
	φe Err =  3.902e-11, φe change =  1.647e-03
	ne Err =  3.054e-02, ne change =  1.177e-06
	Q = -1.791e+00 -> -7.010e-01, 
	Zstar guess =  3.975e-01. Current Zstar:  3.975e-01 (converged=True)
	Change =  9.791e-04
__________________________________________
TF Iteration 8
	μ = -1.047872526e+00, change: 0.000000000e+00 (converged=True)
	φe Err =  4.009e-11, φe change =  1.521e-03
	ne Err =  2.369e-02, ne change =  6.638e-07
	Q = -7.010e-01 ->  1.410e-01, 
	Zstar guess =  3.975e-01. Current Zstar:  3.975e-01 (converged=True)
	Change =  1.151e-03
__________________________________________
TF Iteration 9
	μ = -1.047872526e+00, change: 0.000000000e+00 (converged=True)
	φe Err =  3.906e-11, φe change =  1.126e-03
	ne Err =  1.821e-02, ne change =  3.268e-07
	Q =  1.410e-01 ->  7.993e-01, 
	Zstar guess =  3.975e-01. Current Zstar:  3.975e-01 (converged=True)
	Change =  8.813e-04
__________________________________________
TF Iteration 25
	μ = -4.428776086e-01, change: 0.000000000e+00 (converged=True)
	φe Err =  4.169e-11, φe change =  1.913e-04
	ne Err =  7.008e-04, ne change =  3.796e-09
	Q =  1.965e+00 ->  1.981e+00, 
	Zstar guess =  3.975e-01. Current Zstar:  3.975e-01 (converged=True)
	Change =  2.066e-04
__________________________________________
TF Iteration 50
	μ = -1.689353046e-01, change: 2.689529512e-01 (converged=False)
	φe Err =  3.958e-11, φe change =  6.133e-07
	ne Err =  9.737e-03, ne change =  9.114e-10
	Q =  1.415e+00 ->  1.415e+00, 
	Zstar guess =  3.975e-01. Current Zstar:  3.975e-01 (converged=True)
	Change =  2.171e-01
__________________________________________
TF Iteration 75
	μ = -9.144865633e-02, change: 0.000000000e+00 (converged=True)
	φe Err =  4.072e-11, φe change =  3.641e-05
	ne Err =  1.293e-04, ne change =  8.367e-09
	Q =  8.396e-01 ->  8.376e-01, 
	Zstar guess =  3.975e-01. Current Zstar:  3.975e-01 (converged=True)
	Change =  4.034e-05
__________________________________________
TF Iteration 100
	μ = -3.830227089e-02, change: 2.419958228e-01 (converged=False)
	φe Err =  3.933e-11, φe change =  1.841e-07
	ne Err =  2.395e-03, ne change =  4.412e-11
	Q =  5.708e-01 ->  5.704e-01, 
	Zstar guess =  3.975e-01. Current Zstar:  3.975e-01 (converged=True)
	Change =  1.929e-01
__________________________________________
TF Iteration 125
	μ = -2.388966508e-02, change: 0.000000000e+00 (converged=True)
	φe Err =  3.910e-11, φe change =  7.820e-06
	ne Err =  6.806e-05, ne change =  2.475e-09
	Q =  2.713e-01 ->  2.680e-01, 
	Zstar guess =  3.975e-01. Current Zstar:  3.975e-01 (converged=True)
	Change =  8.693e-06
__________________________________________
TF Iteration 150
	μ = -1.544742132e-02, change: 1.037518187e-01 (converged=False)
	φe Err =  3.929e-11, φe change =  2.851e-08
	ne Err =  3.877e-04, ne change =  1.343e-11
	Q =  1.319e-01 ->  1.312e-01, 
	Zstar guess =  3.975e-01. Current Zstar:  3.975e-01 (converged=True)
	Change =  7.726e-02
__________________________________________
TF Iteration 175
	μ = -1.346481564e-02, change: 0.000000000e+00 (converged=True)
	φe Err =  3.977e-11, φe change =  1.153e-06
	ne Err =  1.643e-05, ne change =  3.668e-10
	Q =  4.453e-02 ->  4.360e-02, 
	Zstar guess =  3.975e-01. Current Zstar:  3.975e-01 (converged=True)
	Change =  1.279e-06
__________________________________________
TF Iteration 200
	μ = -1.236109541e-02, change: 1.830860951e-02 (converged=False)
	φe Err =  4.083e-11, φe change =  3.856e-09
	ne Err =  5.161e-05, ne change =  2.341e-12
	Q =  1.856e-02 ->  1.844e-02, 
	Zstar guess =  3.975e-01. Current Zstar:  3.975e-01 (converged=True)
	Change =  1.307e-02
__________________________________________
TF Iteration 225
	μ = -1.210744976e-02, change: 0.000000000e+00 (converged=True)
	φe Err =  3.911e-11, φe change =  1.491e-07
	ne Err =  2.303e-06, ne change =  4.738e-11
	Q =  5.850e-03 ->  5.719e-03, 
	Zstar guess =  3.975e-01. Current Zstar:  3.975e-01 (converged=True)
	Change =  1.654e-07
__________________________________________
TF Iteration 250
	μ = -1.196710990e-02, change: 2.439313386e-03 (converged=False)
	φe Err =  4.069e-11, φe change =  4.927e-10
	ne Err =  6.583e-06, ne change =  3.083e-13
	Q =  2.383e-03 ->  2.367e-03, 
	Zstar guess =  3.975e-01. Current Zstar:  3.975e-01 (converged=True)
	Change =  1.727e-03
__________________________________________
TF Iteration 275
	μ = -1.193494163e-02, change: 0.000000000e+00 (converged=True)
	φe Err =  3.711e-11, φe change =  1.894e-08
	ne Err =  2.954e-07, ne change =  6.014e-12
	Q =  7.445e-04 ->  7.276e-04, 
	Zstar guess =  3.975e-01. Current Zstar:  3.975e-01 (converged=True)
	Change =  2.100e-08
__________________________________________
TF Iteration 300
	μ = -1.191715584e-02, change: 3.110584498e-04 (converged=False)
	φe Err =  3.992e-11, φe change =  6.214e-11
	ne Err =  8.347e-07, ne change =  3.917e-14
	Q =  3.024e-04 ->  3.005e-04, 
	Zstar guess =  3.975e-01. Current Zstar:  3.975e-01 (converged=True)
	Change =  2.200e-04
__________________________________________
TF Iteration 325
	μ = -1.191308070e-02, change: 0.000000000e+00 (converged=True)
	φe Err =  3.850e-11, φe change =  2.399e-09
	ne Err =  3.749e-08, ne change =  7.603e-13
	Q =  9.437e-05 ->  9.224e-05, 
	Zstar guess =  3.975e-01. Current Zstar:  3.975e-01 (converged=True)
	Change =  2.660e-09
__________________________________________
TF Iteration 350
	μ = -1.191082790e-02, change: 3.942700186e-05 (converged=False)
	φe Err =  3.728e-11, φe change =  1.189e-11
	ne Err =  1.057e-07, ne change =  7.051e-15
	Q =  3.832e-05 ->  3.807e-05, 
	Zstar guess =  3.975e-01. Current Zstar:  3.975e-01 (converged=True)
	Change =  2.788e-05
__________________________________________
TF Iteration 375
	μ = -1.191031173e-02, change: 0.000000000e+00 (converged=True)
	φe Err =  4.069e-11, φe change =  3.008e-10
	ne Err =  4.749e-09, ne change =  9.286e-14
	Q =  1.195e-05 ->  1.168e-05, 
	Zstar guess =  3.975e-01. Current Zstar:  3.975e-01 (converged=True)
	Change =  3.333e-10
__________________________________________
TF Iteration 400
	μ = -1.191002636e-02, change: 4.994993899e-06 (converged=True)
	φe Err =  3.981e-11, φe change =  2.401e-12
	ne Err =  1.339e-08, ne change =  5.391e-16
	Q =  4.854e-06 ->  4.822e-06, 
	Zstar guess =  3.975e-01. Current Zstar:  3.975e-01 (converged=True)
	Change =  3.532e-06
__________________________________________
TF Iteration 425
	μ = -1.190996097e-02, change: 0.000000000e+00 (converged=True)
	φe Err =  3.857e-11, φe change =  3.555e-11
	ne Err =  6.016e-10, ne change =  8.703e-15
	Q =  1.514e-06 ->  1.480e-06, 
	Zstar guess =  3.975e-01. Current Zstar:  3.975e-01 (converged=True)
	Change =  3.750e-11
__________________________________________
TF Iteration 450
	μ = -1.190993236e-02, change: 0.000000000e+00 (converged=True)
	φe Err =  3.836e-11, φe change =  3.358e-12
	ne Err =  8.582e-11, ne change =  1.341e-15
	Q =  6.200e-07 ->  6.149e-07, 
	Zstar guess =  3.975e-01. Current Zstar:  3.975e-01 (converged=True)
	Change =  1.554e-12
	-------------------
	Solving IET.
0: Initial condition Total Error: 1.522e+01
Exiting status 0, reverting to best index so far: 2503
Final iter:2504, Total Error: 9.983e-13
	-------------------
	Solving IET.
0: Initial condition Total Error: 1.515e+01
Exiting status 0, reverting to best index so far: 973
Final iter:974, Total Error: 9.965e-13
Time to solve CS model: 6.481e+01 [s], time so far: 6.566e+01 [s]
CS model saved.
Ee_pot_density = -1.166e-01 [au], Ee_K = 5.857e-02 [au], Ee_tot = -5.808e-02 [au]
P_e = 2.984e-07 [au], 8.778e-05 [Mbar]
Virial if 6.330e+02 = 6.304e+02 --->  off by 4.139e-01 % 

βEe_pot/Z = -7411.550, βEe_K/Z = 3721.141, βEe_tot/Z = -3690.409
βP_e Ω/Z = 0.019
