
===========================================
===========================================
Starting case: Ar: Te = 0.158 eV, Ti = 0.158 eV 

T[K]:  1836.077368655461
________________________
Generating NPA
T:  0.005814508102721793
Using More TF fit for initial Zstar = 0.331
	Intializing grid
Initializing, True
Initializing
	Creating Integral Equation Solver
Intialized Potentials and Densities
Initialized
Time to setup correlation sphere (IS) model: 1.729e+00 [s], time so far: 1.730e+00 [s]
Beginning self-consistent electron solver.
_________________________________
__________________________________________
TF Iteration 0
	μ = -9.467722388e-01, change: 3.880930956e+02 (converged=False)
	φe Err =  3.951e-11, φe change =  9.552e-01
	ne Err =  6.728e-02, ne change =  3.653e-06
	Q =  0.000e+00 -> -2.051e+01, 
	Zstar guess =  3.309e-01. Current Zstar:  3.309e-01 (converged=True)
	Change =  1.943e+00
__________________________________________
TF Iteration 1
	μ = -9.467722388e-01, change: 0.000000000e+00 (converged=True)
	φe Err =  4.071e-11, φe change =  4.012e-02
	ne Err =  1.488e-01, ne change =  6.428e-06
	Q = -2.051e+01 -> -1.441e+01, 
	Zstar guess =  3.309e-01. Current Zstar:  3.309e-01 (converged=True)
	Change =  4.500e-02
__________________________________________
TF Iteration 2
	μ = -9.467722388e-01, change: 0.000000000e+00 (converged=True)
	φe Err =  3.948e-11, φe change =  1.442e-02
	ne Err =  9.875e-02, ne change =  2.258e-06
	Q = -1.441e+01 -> -9.738e+00, 
	Zstar guess =  3.309e-01. Current Zstar:  3.309e-01 (converged=True)
	Change =  1.465e-02
__________________________________________
TF Iteration 3
	μ = -9.467722388e-01, change: 0.000000000e+00 (converged=True)
	φe Err =  3.812e-11, φe change =  1.425e-02
	ne Err =  5.845e-02, ne change =  9.357e-07
	Q = -9.738e+00 -> -6.353e+00, 
	Zstar guess =  3.309e-01. Current Zstar:  3.309e-01 (converged=True)
	Change =  1.545e-02
__________________________________________
TF Iteration 4
	μ = -9.467722388e-01, change: 0.000000000e+00 (converged=True)
	φe Err =  3.818e-11, φe change =  7.974e-03
	ne Err =  4.326e-02, ne change =  2.150e-06
	Q = -6.353e+00 -> -3.978e+00, 
	Zstar guess =  3.309e-01. Current Zstar:  3.309e-01 (converged=True)
	Change =  8.944e-03
__________________________________________
TF Iteration 5
	μ = -9.467722388e-01, change: 0.000000000e+00 (converged=True)
	φe Err =  3.807e-11, φe change =  2.859e-03
	ne Err =  3.898e-02, ne change =  2.106e-06
	Q = -3.978e+00 -> -2.315e+00, 
	Zstar guess =  3.309e-01. Current Zstar:  3.309e-01 (converged=True)
	Change =  3.178e-03
__________________________________________
TF Iteration 6
	μ = -9.467722388e-01, change: 0.000000000e+00 (converged=True)
	φe Err =  3.799e-11, φe change =  1.275e-03
	ne Err =  3.340e-02, ne change =  1.549e-06
	Q = -2.315e+00 -> -1.111e+00, 
	Zstar guess =  3.309e-01. Current Zstar:  3.309e-01 (converged=True)
	Change =  9.818e-06
__________________________________________
TF Iteration 7
	μ = -9.467722388e-01, change: 0.000000000e+00 (converged=True)
	φe Err =  3.770e-11, φe change =  1.562e-03
	ne Err =  2.653e-02, ne change =  9.587e-07
	Q = -1.111e+00 -> -2.049e-01, 
	Zstar guess =  3.309e-01. Current Zstar:  3.309e-01 (converged=True)
	Change =  1.067e-03
__________________________________________
TF Iteration 8
	μ = -9.467722388e-01, change: 0.000000000e+00 (converged=True)
	φe Err =  3.744e-11, φe change =  1.346e-03
	ne Err =  2.034e-02, ne change =  5.191e-07
	Q = -2.049e-01 ->  4.965e-01, 
	Zstar guess =  3.309e-01. Current Zstar:  3.309e-01 (converged=True)
	Change =  1.064e-03
__________________________________________
TF Iteration 9
	μ = -9.467722388e-01, change: 0.000000000e+00 (converged=True)
	φe Err =  3.812e-11, φe change =  9.484e-04
	ne Err =  1.556e-02, ne change =  2.440e-07
	Q =  4.965e-01 ->  1.045e+00, 
	Zstar guess =  3.309e-01. Current Zstar:  3.309e-01 (converged=True)
	Change =  7.567e-04
__________________________________________
TF Iteration 25
	μ = -4.105143994e-01, change: 0.000000000e+00 (converged=True)
	φe Err =  3.877e-11, φe change =  1.766e-04
	ne Err =  6.259e-04, ne change =  6.337e-09
	Q =  1.895e+00 ->  1.908e+00, 
	Zstar guess =  3.309e-01. Current Zstar:  3.309e-01 (converged=True)
	Change =  1.910e-04
__________________________________________
TF Iteration 50
	μ = -1.567638660e-01, change: 2.697812198e-01 (converged=False)
	φe Err =  3.874e-11, φe change =  6.008e-07
	ne Err =  9.237e-03, ne change =  8.295e-10
	Q =  1.363e+00 ->  1.363e+00, 
	Zstar guess =  3.309e-01. Current Zstar:  3.309e-01 (converged=True)
	Change =  2.179e-01
__________________________________________
TF Iteration 75
	μ = -8.401381031e-02, change: 0.000000000e+00 (converged=True)
	φe Err =  3.973e-11, φe change =  3.357e-05
	ne Err =  1.339e-04, ne change =  8.195e-09
	Q =  8.149e-01 ->  8.129e-01, 
	Zstar guess =  3.309e-01. Current Zstar:  3.309e-01 (converged=True)
	Change =  3.728e-05
__________________________________________
TF Iteration 100
	μ = -3.260584005e-02, change: 2.718019339e-01 (converged=False)
	φe Err =  4.108e-11, φe change =  1.411e-07
	ne Err =  2.475e-03, ne change =  3.636e-11
	Q =  5.695e-01 ->  5.693e-01, 
	Zstar guess =  3.309e-01. Current Zstar:  3.309e-01 (converged=True)
	Change =  2.197e-01
__________________________________________
TF Iteration 125
	μ = -1.758027413e-02, change: 0.000000000e+00 (converged=True)
	φe Err =  4.136e-11, φe change =  7.798e-06
	ne Err =  6.800e-05, ne change =  2.818e-09
	Q =  3.040e-01 ->  3.017e-01, 
	Zstar guess =  3.309e-01. Current Zstar:  3.309e-01 (converged=True)
	Change =  8.724e-06
__________________________________________
TF Iteration 150
	μ = -8.217206351e-03, change: 1.982687285e-01 (converged=False)
	φe Err =  3.827e-11, φe change =  3.211e-08
	ne Err =  4.725e-04, ne change =  1.941e-11
	Q =  1.644e-01 ->  1.638e-01, 
	Zstar guess =  3.309e-01. Current Zstar:  3.309e-01 (converged=True)
	Change =  1.547e-01
__________________________________________
TF Iteration 175
	μ = -5.917110292e-03, change: 0.000000000e+00 (converged=True)
	φe Err =  3.903e-11, φe change =  1.306e-06
	ne Err =  2.103e-05, ne change =  4.791e-10
	Q =  5.996e-02 ->  5.883e-02, 
	Zstar guess =  3.309e-01. Current Zstar:  3.309e-01 (converged=True)
	Change =  1.457e-06
__________________________________________
TF Iteration 200
	μ = -4.598911677e-03, change: 5.725759137e-02 (converged=False)
	φe Err =  4.014e-11, φe change =  6.232e-09
	ne Err =  6.868e-05, ne change =  3.782e-12
	Q =  2.603e-02 ->  2.588e-02, 
	Zstar guess =  3.309e-01. Current Zstar:  3.309e-01 (converged=True)
	Change =  4.166e-02
__________________________________________
TF Iteration 225
	μ = -4.286923697e-03, change: 0.000000000e+00 (converged=True)
	φe Err =  3.946e-11, φe change =  1.801e-07
	ne Err =  3.331e-06, ne change =  6.593e-11
	Q =  8.501e-03 ->  8.320e-03, 
	Zstar guess =  3.309e-01. Current Zstar:  3.309e-01 (converged=True)
	Change =  2.009e-07
__________________________________________
TF Iteration 250
	μ = -4.110032511e-03, change: 9.009971434e-03 (converged=False)
	φe Err =  3.933e-11, φe change =  8.716e-10
	ne Err =  9.280e-06, ne change =  5.272e-13
	Q =  3.553e-03 ->  3.531e-03, 
	Zstar guess =  3.309e-01. Current Zstar:  3.309e-01 (converged=True)
	Change =  6.400e-03
__________________________________________
TF Iteration 275
	μ = -4.068364275e-03, change: 0.000000000e+00 (converged=True)
	φe Err =  4.048e-11, φe change =  2.411e-08
	ne Err =  4.544e-07, ne change =  8.822e-12
	Q =  1.142e-03 ->  1.118e-03, 
	Zstar guess =  3.309e-01. Current Zstar:  3.309e-01 (converged=True)
	Change =  2.689e-08
__________________________________________
TF Iteration 300
	μ = -4.044774072e-03, change: 1.230083753e-03 (converged=False)
	φe Err =  3.942e-11, φe change =  1.154e-10
	ne Err =  1.239e-06, ne change =  7.435e-14
	Q =  4.749e-04 ->  4.719e-04, 
	Zstar guess =  3.309e-01. Current Zstar:  3.309e-01 (converged=True)
	Change =  8.703e-04
__________________________________________
TF Iteration 325
	μ = -4.039220321e-03, change: 0.000000000e+00 (converged=True)
	φe Err =  4.131e-11, φe change =  3.212e-09
	ne Err =  6.072e-08, ne change =  1.172e-12
	Q =  1.524e-04 ->  1.491e-04, 
	Zstar guess =  3.309e-01. Current Zstar:  3.309e-01 (converged=True)
	Change =  3.581e-09
__________________________________________
TF Iteration 350
	μ = -4.036076083e-03, change: 1.644798271e-04 (converged=False)
	φe Err =  4.121e-11, φe change =  1.454e-11
	ne Err =  1.651e-07, ne change =  1.253e-14
	Q =  6.331e-05 ->  6.292e-05, 
	Zstar guess =  3.309e-01. Current Zstar:  3.309e-01 (converged=True)
	Change =  1.163e-04
__________________________________________
TF Iteration 375
	μ = -4.035335849e-03, change: 0.000000000e+00 (converged=True)
	φe Err =  4.044e-11, φe change =  4.284e-10
	ne Err =  8.096e-09, ne change =  1.575e-13
	Q =  2.031e-05 ->  1.987e-05, 
	Zstar guess =  3.309e-01. Current Zstar:  3.309e-01 (converged=True)
	Change =  4.777e-10
__________________________________________
TF Iteration 400
	μ = -4.034916760e-03, change: 2.193289146e-05 (converged=False)
	φe Err =  4.028e-11, φe change =  8.821e-12
	ne Err =  2.201e-08, ne change =  3.942e-15
	Q =  8.439e-06 ->  8.386e-06, 
	Zstar guess =  3.309e-01. Current Zstar:  3.309e-01 (converged=True)
	Change =  1.551e-05
__________________________________________
TF Iteration 425
	μ = -4.034818100e-03, change: 0.000000000e+00 (converged=True)
	φe Err =  3.997e-11, φe change =  5.812e-11
	ne Err =  1.079e-09, ne change =  2.002e-14
	Q =  2.707e-06 ->  2.648e-06, 
	Zstar guess =  3.309e-01. Current Zstar:  3.309e-01 (converged=True)
	Change =  6.483e-11
__________________________________________
TF Iteration 450
	μ = -4.034762247e-03, change: 2.923040604e-06 (converged=True)
	φe Err =  3.938e-11, φe change =  8.691e-12
	ne Err =  2.933e-09, ne change =  2.002e-16
	Q =  1.125e-06 ->  1.118e-06, 
	Zstar guess =  3.309e-01. Current Zstar:  3.309e-01 (converged=True)
	Change =  2.067e-06
__________________________________________
TF Iteration 469
	μ = -4.034754366e-03, change: 0.000000000e+00 (converged=True)
	φe Err =  3.942e-11, φe change =  2.400e-12
	ne Err =  8.951e-11, ne change =  3.728e-16
	Q =  5.114e-07 ->  5.062e-07, 
	Zstar guess =  3.309e-01. Current Zstar:  3.309e-01 (converged=True)
	Change =  2.508e-13
	-------------------
	Solving IET.
0: Initial condition Total Error: 1.843e+01
Exiting status 0, reverting to best index so far: 296
Final iter:297, Total Error: 9.152e-13
	-------------------
	Solving IET.
0: Initial condition Total Error: 1.516e+90
QUIT: Total error infinite.
Exiting status 1, reverting to best index so far: 0
Final iter:21, Total Error: 1.516e+90
Time to solve CS model: 5.681e+01 [s], time so far: 5.853e+01 [s]
CS model saved.
Ee_pot_density = -1.166e-01 [au], Ee_K = 5.857e-02 [au], Ee_tot = -5.808e-02 [au]
P_e = 1.512e-07 [au], 4.450e-05 [Mbar]
Virial if 6.330e+02 = 6.304e+02 --->  off by 4.139e-01 % 

βEe_pot/Z = -12045.670, βEe_K/Z = 6047.785, βEe_tot/Z = -5997.885
βP_e Ω/Z = 0.016
