
===========================================
===========================================
Starting case: Ar: Te = 1.709 eV, Ti = 1.709 eV 

T[K]:  19833.30464928829
________________________
Generating NPA
T:  0.06280830674988647
Using More TF fit for initial Zstar = 1.043
	Intializing grid
Initializing, True
Initializing
	Creating Integral Equation Solver
Intialized Potentials and Densities
Initialized
Time to setup correlation sphere (IS) model: 1.661e+00 [s], time so far: 1.661e+00 [s]
Beginning self-consistent electron solver.
_________________________________
__________________________________________
TF Iteration 0
	μ = -1.467721902e+00, change: 6.753377931e+00 (converged=False)
	φe Err =  3.801e-11, φe change =  9.823e-01
	ne Err =  9.416e-02, ne change =  4.367e-06
	Q =  0.000e+00 -> -2.768e+01, 
	Zstar guess =  1.043e+00. Current Zstar:  1.043e+00 (converged=True)
	Change =  1.842e+00
__________________________________________
TF Iteration 1
	μ = -1.467721902e+00, change: 0.000000000e+00 (converged=True)
	φe Err =  4.075e-11, φe change =  5.422e-02
	ne Err =  1.872e-01, ne change =  9.099e-06
	Q = -2.768e+01 -> -1.994e+01, 
	Zstar guess =  1.043e+00. Current Zstar:  1.043e+00 (converged=True)
	Change =  6.100e-02
__________________________________________
TF Iteration 2
	μ = -1.467721902e+00, change: 0.000000000e+00 (converged=True)
	φe Err =  4.010e-11, φe change =  1.635e-02
	ne Err =  1.316e-01, ne change =  3.952e-06
	Q = -1.994e+01 -> -1.392e+01, 
	Zstar guess =  1.043e+00. Current Zstar:  1.043e+00 (converged=True)
	Change =  1.612e-02
__________________________________________
TF Iteration 3
	μ = -1.467721902e+00, change: 0.000000000e+00 (converged=True)
	φe Err =  3.998e-11, φe change =  1.852e-02
	ne Err =  8.254e-02, ne change =  4.547e-07
	Q = -1.392e+01 -> -9.411e+00, 
	Zstar guess =  1.043e+00. Current Zstar:  1.043e+00 (converged=True)
	Change =  1.991e-02
__________________________________________
TF Iteration 4
	μ = -1.467721902e+00, change: 0.000000000e+00 (converged=True)
	φe Err =  4.018e-11, φe change =  1.214e-02
	ne Err =  5.833e-02, ne change =  2.520e-06
	Q = -9.411e+00 -> -6.127e+00, 
	Zstar guess =  1.043e+00. Current Zstar:  1.043e+00 (converged=True)
	Change =  1.350e-02
__________________________________________
TF Iteration 5
	μ = -1.467721902e+00, change: 0.000000000e+00 (converged=True)
	φe Err =  3.661e-11, φe change =  5.738e-03
	ne Err =  5.080e-02, ne change =  2.921e-06
	Q = -6.127e+00 -> -3.762e+00, 
	Zstar guess =  1.043e+00. Current Zstar:  1.043e+00 (converged=True)
	Change =  6.516e-03
__________________________________________
TF Iteration 6
	μ = -1.467721902e+00, change: 0.000000000e+00 (converged=True)
	φe Err =  3.775e-11, φe change =  2.050e-03
	ne Err =  4.513e-02, ne change =  2.441e-06
	Q = -3.762e+00 -> -2.040e+00, 
	Zstar guess =  1.043e+00. Current Zstar:  1.043e+00 (converged=True)
	Change =  1.765e-03
__________________________________________
TF Iteration 7
	μ = -1.467721902e+00, change: 0.000000000e+00 (converged=True)
	φe Err =  3.865e-11, φe change =  1.689e-03
	ne Err =  3.764e-02, ne change =  1.709e-06
	Q = -2.040e+00 -> -7.534e-01, 
	Zstar guess =  1.043e+00. Current Zstar:  1.043e+00 (converged=True)
	Change =  5.215e-04
__________________________________________
TF Iteration 8
	μ = -1.467721902e+00, change: 0.000000000e+00 (converged=True)
	φe Err =  3.794e-11, φe change =  1.761e-03
	ne Err =  2.988e-02, ne change =  1.055e-06
	Q = -7.534e-01 ->  2.335e-01, 
	Zstar guess =  1.043e+00. Current Zstar:  1.043e+00 (converged=True)
	Change =  1.168e-03
__________________________________________
TF Iteration 9
	μ = -1.467721902e+00, change: 0.000000000e+00 (converged=True)
	φe Err =  4.202e-11, φe change =  1.446e-03
	ne Err =  2.322e-02, ne change =  5.829e-07
	Q =  2.335e-01 ->  1.002e+00, 
	Zstar guess =  1.043e+00. Current Zstar:  1.043e+00 (converged=True)
	Change =  1.073e-03
__________________________________________
TF Iteration 25
	μ = -6.044595516e-01, change: 0.000000000e+00 (converged=True)
	φe Err =  3.995e-11, φe change =  2.519e-04
	ne Err =  7.193e-04, ne change =  1.046e-08
	Q =  2.255e+00 ->  2.274e+00, 
	Zstar guess =  1.043e+00. Current Zstar:  1.043e+00 (converged=True)
	Change =  2.697e-04
__________________________________________
TF Iteration 50
	μ = -2.822500888e-01, change: 1.803718374e-01 (converged=False)
	φe Err =  3.867e-11, φe change =  1.147e-06
	ne Err =  8.166e-03, ne change =  1.389e-09
	Q =  1.441e+00 ->  1.439e+00, 
	Zstar guess =  1.043e+00. Current Zstar:  1.043e+00 (converged=True)
	Change =  1.395e-01
__________________________________________
TF Iteration 75
	μ = -2.232793591e-01, change: 0.000000000e+00 (converged=True)
	φe Err =  3.795e-11, φe change =  3.269e-05
	ne Err =  1.847e-04, ne change =  2.573e-09
	Q =  4.798e-01 ->  4.680e-01, 
	Zstar guess =  1.043e+00. Current Zstar:  1.043e+00 (converged=True)
	Change =  3.455e-05
__________________________________________
TF Iteration 100
	μ = -1.988046022e-01, change: 2.119833973e-02 (converged=False)
	φe Err =  3.806e-11, φe change =  2.517e-07
	ne Err =  6.016e-04, ne change =  1.205e-10
	Q =  1.622e-01 ->  1.607e-01, 
	Zstar guess =  1.043e+00. Current Zstar:  1.043e+00 (converged=True)
	Change =  1.515e-02
__________________________________________
TF Iteration 125
	μ = -1.948598192e-01, change: 0.000000000e+00 (converged=True)
	φe Err =  3.711e-11, φe change =  2.314e-06
	ne Err =  1.843e-05, ne change =  1.873e-10
	Q =  3.670e-02 ->  3.546e-02, 
	Zstar guess =  1.043e+00. Current Zstar:  1.043e+00 (converged=True)
	Change =  2.435e-06
__________________________________________
TF Iteration 150
	μ = -1.932536745e-01, change: 1.452828810e-03 (converged=False)
	φe Err =  4.050e-11, φe change =  1.772e-08
	ne Err =  3.966e-05, ne change =  7.975e-12
	Q =  1.105e-02 ->  1.094e-02, 
	Zstar guess =  1.043e+00. Current Zstar:  1.043e+00 (converged=True)
	Change =  1.028e-03
__________________________________________
TF Iteration 175
	μ = -1.929965920e-01, change: 0.000000000e+00 (converged=True)
	φe Err =  4.063e-11, φe change =  1.514e-07
	ne Err =  1.238e-06, ne change =  1.227e-11
	Q =  2.415e-03 ->  2.332e-03, 
	Zstar guess =  1.043e+00. Current Zstar:  1.043e+00 (converged=True)
	Change =  1.592e-07
__________________________________________
TF Iteration 200
	μ = -1.928920599e-01, change: 9.493159347e-05 (converged=False)
	φe Err =  3.966e-11, φe change =  1.160e-09
	ne Err =  2.584e-06, ne change =  5.180e-13
	Q =  7.214e-04 ->  7.139e-04, 
	Zstar guess =  1.043e+00. Current Zstar:  1.043e+00 (converged=True)
	Change =  6.713e-05
__________________________________________
TF Iteration 225
	μ = -1.928753112e-01, change: 0.000000000e+00 (converged=True)
	φe Err =  3.856e-11, φe change =  9.865e-09
	ne Err =  8.075e-08, ne change =  7.987e-13
	Q =  1.575e-04 ->  1.520e-04, 
	Zstar guess =  1.043e+00. Current Zstar:  1.043e+00 (converged=True)
	Change =  1.038e-08
__________________________________________
TF Iteration 250
	μ = -1.928685004e-01, change: 6.186646645e-06 (converged=True)
	φe Err =  3.936e-11, φe change =  7.220e-11
	ne Err =  1.684e-07, ne change =  3.636e-14
	Q =  4.701e-05 ->  4.653e-05, 
	Zstar guess =  1.043e+00. Current Zstar:  1.043e+00 (converged=True)
	Change =  4.375e-06
__________________________________________
TF Iteration 275
	μ = -1.928674091e-01, change: 0.000000000e+00 (converged=True)
	φe Err =  3.862e-11, φe change =  6.419e-10
	ne Err =  5.262e-09, ne change =  5.188e-14
	Q =  1.026e-05 ->  9.906e-06, 
	Zstar guess =  1.043e+00. Current Zstar:  1.043e+00 (converged=True)
	Change =  6.752e-10
__________________________________________
TF Iteration 300
	μ = -1.928669653e-01, change: 4.031387073e-07 (converged=True)
	φe Err =  4.000e-11, φe change =  7.470e-12
	ne Err =  1.097e-08, ne change =  1.435e-15
	Q =  3.064e-06 ->  3.032e-06, 
	Zstar guess =  1.043e+00. Current Zstar:  1.043e+00 (converged=True)
	Change =  2.851e-07
__________________________________________
TF Iteration 325
	μ = -1.928668942e-01, change: 0.000000000e+00 (converged=True)
	φe Err =  4.035e-11, φe change =  5.071e-11
	ne Err =  3.429e-10, ne change =  5.388e-15
	Q =  6.686e-07 ->  6.455e-07, 
	Zstar guess =  1.043e+00. Current Zstar:  1.043e+00 (converged=True)
	Change =  5.114e-11
__________________________________________
TF Iteration 339
	μ = -1.928668791e-01, change: 0.000000000e+00 (converged=True)
	φe Err =  4.059e-11, φe change =  7.189e-12
	ne Err =  8.724e-11, ne change =  1.341e-15
	Q =  3.553e-07 ->  3.493e-07, 
	Zstar guess =  1.043e+00. Current Zstar:  1.043e+00 (converged=True)
	Change =  4.510e-12
	-------------------
	Solving IET.
0: Initial condition Total Error: 1.437e+01
Exiting status 0, reverting to best index so far: 290
Final iter:291, Total Error: 9.105e-13
	-------------------
	Solving IET.
0: Initial condition Total Error: 1.438e+01
Exiting status 0, reverting to best index so far: 290
Final iter:291, Total Error: 9.526e-13
Time to solve CS model: 3.281e+01 [s], time so far: 3.448e+01 [s]
CS model saved.
Ee_pot_density = -1.166e-01 [au], Ee_K = 5.856e-02 [au], Ee_tot = -5.806e-02 [au]
P_e = 5.777e-06 [au], 1.700e-03 [Mbar]
Virial if 6.329e+02 = 6.303e+02 --->  off by 4.139e-01 % 

βEe_pot/Z = -1114.828, βEe_K/Z = 559.805, βEe_tot/Z = -555.024
βP_e Ω/Z = 0.055
