
===========================================
===========================================
Starting case: Ar: Te = 0.647 eV, Ti = 0.647 eV 

T[K]:  7508.560294793744
________________________
Generating NPA
T:  0.023778183544533343
Using More TF fit for initial Zstar = 0.612
	Intializing grid
Initializing, True
Initializing
	Creating Integral Equation Solver
Intialized Potentials and Densities
Initialized
Time to setup correlation sphere (IS) model: 2.734e+00 [s], time so far: 2.734e+00 [s]
Beginning self-consistent electron solver.
_________________________________
__________________________________________
TF Iteration 0
	μ = -1.244014746e+00, change: 2.433852293e+01 (converged=False)
	φe Err =  3.845e-11, φe change =  9.736e-01
	ne Err =  9.490e-02, ne change =  4.198e-06
	Q =  0.000e+00 -> -2.973e+01, 
	Zstar guess =  6.115e-01. Current Zstar:  6.115e-01 (converged=True)
	Change =  1.927e+00
__________________________________________
TF Iteration 1
	μ = -1.244014746e+00, change: 0.000000000e+00 (converged=True)
	φe Err =  3.940e-11, φe change =  5.139e-02
	ne Err =  1.820e-01, ne change =  8.561e-06
	Q = -2.973e+01 -> -2.162e+01, 
	Zstar guess =  6.115e-01. Current Zstar:  6.115e-01 (converged=True)
	Change =  5.782e-02
__________________________________________
TF Iteration 2
	μ = -1.244014746e+00, change: 0.000000000e+00 (converged=True)
	φe Err =  4.014e-11, φe change =  1.590e-02
	ne Err =  1.274e-01, ne change =  3.618e-06
	Q = -2.162e+01 -> -1.530e+01, 
	Zstar guess =  6.115e-01. Current Zstar:  6.115e-01 (converged=True)
	Change =  1.573e-02
__________________________________________
TF Iteration 3
	μ = -1.244014746e+00, change: 0.000000000e+00 (converged=True)
	φe Err =  4.061e-11, φe change =  1.781e-02
	ne Err =  7.982e-02, ne change =  5.735e-07
	Q = -1.530e+01 -> -1.056e+01, 
	Zstar guess =  6.115e-01. Current Zstar:  6.115e-01 (converged=True)
	Change =  1.918e-02
__________________________________________
TF Iteration 4
	μ = -1.244014746e+00, change: 0.000000000e+00 (converged=True)
	φe Err =  3.964e-11, φe change =  1.149e-02
	ne Err =  5.715e-02, ne change =  2.503e-06
	Q = -1.056e+01 -> -7.106e+00, 
	Zstar guess =  6.115e-01. Current Zstar:  6.115e-01 (converged=True)
	Change =  1.281e-02
__________________________________________
TF Iteration 5
	μ = -1.244014746e+00, change: 0.000000000e+00 (converged=True)
	φe Err =  3.926e-11, φe change =  5.263e-03
	ne Err =  5.029e-02, ne change =  2.819e-06
	Q = -7.106e+00 -> -4.608e+00, 
	Zstar guess =  6.115e-01. Current Zstar:  6.115e-01 (converged=True)
	Change =  5.977e-03
__________________________________________
TF Iteration 6
	μ = -1.244014746e+00, change: 0.000000000e+00 (converged=True)
	φe Err =  3.806e-11, φe change =  1.870e-03
	ne Err =  4.458e-02, ne change =  2.305e-06
	Q = -4.608e+00 -> -2.781e+00, 
	Zstar guess =  6.115e-01. Current Zstar:  6.115e-01 (converged=True)
	Change =  1.418e-03
__________________________________________
TF Iteration 7
	μ = -1.244014746e+00, change: 0.000000000e+00 (converged=True)
	φe Err =  3.749e-11, φe change =  1.735e-03
	ne Err =  3.695e-02, ne change =  1.577e-06
	Q = -2.781e+00 -> -1.407e+00, 
	Zstar guess =  6.115e-01. Current Zstar:  6.115e-01 (converged=True)
	Change =  6.912e-04
__________________________________________
TF Iteration 8
	μ = -1.244014746e+00, change: 0.000000000e+00 (converged=True)
	φe Err =  3.884e-11, φe change =  1.761e-03
	ne Err =  2.918e-02, ne change =  9.461e-07
	Q = -1.407e+00 -> -3.506e-01, 
	Zstar guess =  6.115e-01. Current Zstar:  6.115e-01 (converged=True)
	Change =  1.215e-03
__________________________________________
TF Iteration 9
	μ = -1.244014746e+00, change: 0.000000000e+00 (converged=True)
	φe Err =  3.933e-11, φe change =  1.406e-03
	ne Err =  2.262e-02, ne change =  5.023e-07
	Q = -3.506e-01 ->  4.746e-01, 
	Zstar guess =  6.115e-01. Current Zstar:  6.115e-01 (converged=True)
	Change =  1.058e-03
__________________________________________
TF Iteration 25
	μ = -5.062675839e-01, change: 0.000000000e+00 (converged=True)
	φe Err =  3.924e-11, φe change =  2.187e-04
	ne Err =  7.989e-04, ne change =  2.912e-09
	Q =  2.092e+00 ->  2.112e+00, 
	Zstar guess =  6.115e-01. Current Zstar:  6.115e-01 (converged=True)
	Change =  2.358e-04
__________________________________________
TF Iteration 50
	μ = -1.967165129e-01, change: 2.590357354e-01 (converged=False)
	φe Err =  4.157e-11, φe change =  6.695e-07
	ne Err =  1.028e-02, ne change =  1.075e-09
	Q =  1.499e+00 ->  1.499e+00, 
	Zstar guess =  6.115e-01. Current Zstar:  6.115e-01 (converged=True)
	Change =  2.081e-01
__________________________________________
TF Iteration 75
	μ = -1.154877142e-01, change: 0.000000000e+00 (converged=True)
	φe Err =  3.851e-11, φe change =  4.181e-05
	ne Err =  1.291e-04, ne change =  7.608e-09
	Q =  8.184e-01 ->  8.139e-01, 
	Zstar guess =  6.115e-01. Current Zstar:  6.115e-01 (converged=True)
	Change =  4.573e-05
__________________________________________
TF Iteration 100
	μ = -6.900899148e-02, change: 1.212047783e-01 (converged=False)
	φe Err =  3.787e-11, φe change =  3.302e-07
	ne Err =  1.647e-03, ne change =  7.851e-11
	Q =  4.410e-01 ->  4.394e-01, 
	Zstar guess =  6.115e-01. Current Zstar:  6.115e-01 (converged=True)
	Change =  9.104e-02
__________________________________________
TF Iteration 125
	μ = -5.898755183e-02, change: 0.000000000e+00 (converged=True)
	φe Err =  4.151e-11, φe change =  5.984e-06
	ne Err =  5.269e-05, ne change =  1.228e-09
	Q =  1.465e-01 ->  1.432e-01, 
	Zstar guess =  6.115e-01. Current Zstar:  6.115e-01 (converged=True)
	Change =  6.507e-06
__________________________________________
TF Iteration 150
	μ = -5.391949169e-02, change: 1.824308277e-02 (converged=False)
	φe Err =  3.979e-11, φe change =  4.645e-08
	ne Err =  1.814e-04, ne change =  4.106e-12
	Q =  5.695e-02 ->  5.654e-02, 
	Zstar guess =  6.115e-01. Current Zstar:  6.115e-01 (converged=True)
	Change =  1.302e-02
__________________________________________
TF Iteration 175
	μ = -5.288214896e-02, change: 0.000000000e+00 (converged=True)
	φe Err =  4.183e-11, φe change =  6.355e-07
	ne Err =  6.655e-06, ne change =  1.305e-10
	Q =  1.609e-02 ->  1.567e-02, 
	Zstar guess =  6.115e-01. Current Zstar:  6.115e-01 (converged=True)
	Change =  6.902e-07
__________________________________________
TF Iteration 200
	μ = -5.236408936e-02, change: 1.945953924e-03 (converged=False)
	φe Err =  3.875e-11, φe change =  4.884e-09
	ne Err =  1.861e-05, ne change =  3.611e-13
	Q =  5.939e-03 ->  5.893e-03, 
	Zstar guess =  6.115e-01. Current Zstar:  6.115e-01 (converged=True)
	Change =  1.377e-03
__________________________________________
TF Iteration 225
	μ = -5.225852851e-02, change: 0.000000000e+00 (converged=True)
	φe Err =  3.851e-11, φe change =  6.485e-08
	ne Err =  6.914e-07, ne change =  1.332e-11
	Q =  1.648e-03 ->  1.604e-03, 
	Zstar guess =  6.115e-01. Current Zstar:  6.115e-01 (converged=True)
	Change =  7.042e-08
__________________________________________
TF Iteration 250
	μ = -5.220583109e-02, change: 1.989199914e-04 (converged=False)
	φe Err =  3.991e-11, φe change =  4.952e-10
	ne Err =  1.895e-06, ne change =  3.859e-14
	Q =  6.055e-04 ->  6.009e-04, 
	Zstar guess =  6.115e-01. Current Zstar:  6.115e-01 (converged=True)
	Change =  1.407e-04
__________________________________________
TF Iteration 275
	μ = -5.219509235e-02, change: 0.000000000e+00 (converged=True)
	φe Err =  3.979e-11, φe change =  6.603e-09
	ne Err =  7.048e-08, ne change =  1.358e-12
	Q =  1.677e-04 ->  1.633e-04, 
	Zstar guess =  6.115e-01. Current Zstar:  6.115e-01 (converged=True)
	Change =  7.170e-09
__________________________________________
TF Iteration 300
	μ = -5.218973273e-02, change: 2.023527073e-05 (converged=False)
	φe Err =  4.088e-11, φe change =  5.193e-11
	ne Err =  1.927e-07, ne change =  3.630e-15
	Q =  6.160e-05 ->  6.112e-05, 
	Zstar guess =  6.115e-01. Current Zstar:  6.115e-01 (converged=True)
	Change =  1.431e-05
__________________________________________
TF Iteration 325
	μ = -5.218864094e-02, change: 0.000000000e+00 (converged=True)
	φe Err =  4.155e-11, φe change =  6.751e-10
	ne Err =  7.168e-09, ne change =  1.395e-13
	Q =  1.706e-05 ->  1.660e-05, 
	Zstar guess =  6.115e-01. Current Zstar:  6.115e-01 (converged=True)
	Change =  7.330e-10
__________________________________________
TF Iteration 350
	μ = -5.218809602e-02, change: 2.057448385e-06 (converged=True)
	φe Err =  3.999e-11, φe change =  1.146e-11
	ne Err =  1.959e-08, ne change =  3.476e-15
	Q =  6.263e-06 ->  6.214e-06, 
	Zstar guess =  6.115e-01. Current Zstar:  6.115e-01 (converged=True)
	Change =  1.455e-06
__________________________________________
TF Iteration 375
	μ = -5.218798501e-02, change: 0.000000000e+00 (converged=True)
	φe Err =  4.056e-11, φe change =  6.250e-11
	ne Err =  7.288e-10, ne change =  9.430e-15
	Q =  1.734e-06 ->  1.688e-06, 
	Zstar guess =  6.115e-01. Current Zstar:  6.115e-01 (converged=True)
	Change =  6.556e-11
__________________________________________
TF Iteration 400
	μ = -5.218794053e-02, change: 0.000000000e+00 (converged=True)
	φe Err =  4.103e-11, φe change =  3.093e-12
	ne Err =  9.857e-11, ne change =  1.268e-15
	Q =  6.430e-07 ->  6.367e-07, 
	Zstar guess =  6.115e-01. Current Zstar:  6.115e-01 (converged=True)
	Change =  2.078e-12
	-------------------
	Solving IET.
0: Initial condition Total Error: 1.333e+01
Exiting status 0, reverting to best index so far: 287
Final iter:288, Total Error: 9.272e-13
	-------------------
	Solving IET.
0: Initial condition Total Error: 1.334e+01
Exiting status 0, reverting to best index so far: 288
Final iter:289, Total Error: 9.048e-13
Time to solve CS model: 3.675e+01 [s], time so far: 3.948e+01 [s]
CS model saved.
Ee_pot_density = -1.166e-01 [au], Ee_K = 5.856e-02 [au], Ee_tot = -5.808e-02 [au]
P_e = 1.210e-06 [au], 3.559e-04 [Mbar]
Virial if 6.330e+02 = 6.303e+02 --->  off by 4.139e-01 % 

βEe_pot/Z = -2945.398, βEe_K/Z = 1478.840, βEe_tot/Z = -1466.557
βP_e Ω/Z = 0.031
