
===========================================
===========================================
Starting case: Ar: Te = 1.325 eV, Ti = 1.325 eV 

T[K]:  15381.502667950803
________________________
Generating NPA
T:  0.048710295884933065
Using More TF fit for initial Zstar = 0.902
	Intializing grid
Initializing, True
Initializing
	Creating Integral Equation Solver
/home/zach/plasma/average_atom/core/average_atom_new.py:256: RuntimeWarning: invalid value encountered in power
  nb_Mavrin_Demura_func = lambda r: np.nan_to_num(self.Z/(4*π*r_TF**3) * (Φ_Mavrin_Demura(x(r))/x(r) )**1.5)
Intialized Potentials and Densities
Initialized
Time to setup correlation sphere (IS) model: 1.190e+00 [s], time so far: 1.190e+00 [s]
Beginning self-consistent electron solver.
_________________________________
__________________________________________
TF Iteration 0
	μ = -2.046766899e+00, change: 1.415039918e+01 (converged=False)
	φe Err =  3.942e-11, φe change =  9.803e-01
	ne Err =  1.167e-01, ne change =  2.802e-04
	Q =  0.000e+00 -> -3.213e+01, 
	Zstar guess =  9.017e-01. Current Zstar:  9.017e-01 (converged=True)
	Change =  1.908e+00
__________________________________________
TF Iteration 1
	μ = -2.045061522e+00, change: 8.332053035e-04 (converged=False)
	φe Err =  4.128e-11, φe change =  7.089e-02
	ne Err =  2.044e-01, ne change =  2.078e-04
	Q = -3.213e+01 -> -2.349e+01, 
	Zstar guess =  9.017e-01. Current Zstar:  9.017e-01 (converged=True)
	Change =  7.988e-02
__________________________________________
TF Iteration 2
	μ = -2.043479206e+00, change: 7.737255994e-04 (converged=False)
	φe Err =  4.170e-11, φe change =  1.549e-02
	ne Err =  1.478e-01, ne change =  1.692e-04
	Q = -2.349e+01 -> -1.673e+01, 
	Zstar guess =  9.017e-01. Current Zstar:  9.017e-01 (converged=True)
	Change =  1.589e-02
__________________________________________
TF Iteration 3
	μ = -2.042127207e+00, change: 6.616158498e-04 (converged=False)
	φe Err =  4.051e-11, φe change =  1.928e-02
	ne Err =  9.667e-02, ne change =  1.388e-04
	Q = -1.673e+01 -> -1.162e+01, 
	Zstar guess =  9.017e-01. Current Zstar:  9.017e-01 (converged=True)
	Change =  2.138e-02
__________________________________________
TF Iteration 4
	μ = -2.041024976e+00, change: 5.397466410e-04 (converged=False)
	φe Err =  3.900e-11, φe change =  1.321e-02
	ne Err =  6.900e-02, ne change =  1.133e-04
	Q = -1.162e+01 -> -7.831e+00, 
	Zstar guess =  9.017e-01. Current Zstar:  9.017e-01 (converged=True)
	Change =  1.520e-02
__________________________________________
TF Iteration 5
	μ = -2.040137610e+00, change: 4.347651545e-04 (converged=False)
	φe Err =  3.907e-11, φe change =  6.673e-03
	ne Err =  5.883e-02, ne change =  9.161e-05
	Q = -7.831e+00 -> -5.063e+00, 
	Zstar guess =  9.017e-01. Current Zstar:  9.017e-01 (converged=True)
	Change =  7.930e-03
__________________________________________
TF Iteration 6
	μ = -2.039452475e+00, change: 3.358276151e-04 (converged=False)
	φe Err =  3.924e-11, φe change =  2.659e-03
	ne Err =  5.251e-02, ne change =  7.340e-05
	Q = -5.063e+00 -> -3.029e+00, 
	Zstar guess =  9.017e-01. Current Zstar:  9.017e-01 (converged=True)
	Change =  2.622e-03
__________________________________________
TF Iteration 7
	μ = -2.038805354e+00, change: 3.173015545e-04 (converged=False)
	φe Err =  3.835e-11, φe change =  2.111e-03
	ne Err =  4.486e-02, ne change =  5.843e-05
	Q = -3.029e+00 -> -1.506e+00, 
	Zstar guess =  9.017e-01. Current Zstar:  9.017e-01 (converged=True)
	Change =  7.806e-04
__________________________________________
TF Iteration 8
	μ = -2.038206025e+00, change: 2.939606432e-04 (converged=False)
	φe Err =  3.886e-11, φe change =  2.291e-03
	ne Err =  3.657e-02, ne change =  4.635e-05
	Q = -1.506e+00 -> -3.411e-01, 
	Zstar guess =  9.017e-01. Current Zstar:  9.017e-01 (converged=True)
	Change =  1.738e-03
__________________________________________
TF Iteration 9
	μ = -2.037631954e+00, change: 2.816549916e-04 (converged=False)
	φe Err =  3.787e-11, φe change =  2.021e-03
	ne Err =  2.903e-02, ne change =  3.671e-05
	Q = -3.411e-01 ->  5.652e-01, 
	Zstar guess =  9.017e-01. Current Zstar:  9.017e-01 (converged=True)
	Change =  1.765e-03
__________________________________________
TF Iteration 25
	μ = -8.170539768e-01, change: 2.777776236e-04 (converged=False)
	φe Err =  3.992e-11, φe change =  3.241e-04
	ne Err =  2.173e-03, ne change =  9.293e-07
	Q =  2.099e+00 ->  2.123e+00, 
	Zstar guess =  9.017e-01. Current Zstar:  9.017e-01 (converged=True)
	Change =  5.326e-04
__________________________________________
TF Iteration 50
	μ = -3.100763808e-01, change: 2.471687637e-01 (converged=False)
	φe Err =  4.008e-11, φe change =  2.316e-06
	ne Err =  1.212e-02, ne change =  7.482e-09
	Q =  1.302e+00 ->  1.400e+00, 
	Zstar guess =  1.301e+00. Current Zstar:  8.013e-01 (converged=False)
	Change =  1.975e-01
__________________________________________
TF Iteration 75
	μ = -2.012125058e-01, change: 1.195684434e-04 (converged=False)
	φe Err =  4.121e-11, φe change =  5.974e-05
	ne Err =  4.485e-04, ne change =  1.630e-09
	Q =  5.467e-01 ->  5.119e-01, 
	Zstar guess =  6.584e-01. Current Zstar:  8.277e-01 (converged=False)
	Change =  1.467e-04
__________________________________________
TF Iteration 100
	μ = -1.644524911e-01, change: 2.242460121e-02 (converged=False)
	φe Err =  3.950e-11, φe change =  4.544e-07
	ne Err =  6.860e-04, ne change =  3.038e-10
	Q =  1.349e-01 ->  1.905e-01, 
	Zstar guess =  5.725e-01. Current Zstar:  7.676e-01 (converged=False)
	Change =  1.604e-02
__________________________________________
TF Iteration 125
	μ = -1.621175548e-01, change: 1.054056479e-05 (converged=False)
	φe Err =  4.073e-11, φe change =  1.131e-06
	ne Err =  7.512e-04, ne change =  4.305e-11
	Q =  1.425e-02 ->  2.051e-01, 
	Zstar guess =  5.561e-01. Current Zstar:  5.757e-01 (converged=False)
	Change =  8.615e-06
__________________________________________
TF Iteration 150
	μ = -1.664454342e-01, change: 8.200409741e-03 (converged=False)
	φe Err =  4.001e-11, φe change =  5.128e-08
	ne Err =  6.549e-05, ne change =  5.337e-11
	Q = -1.815e-02 ->  2.340e-02, 
	Zstar guess =  5.380e-01. Current Zstar:  5.341e-01 (converged=False)
	Change =  5.775e-03
__________________________________________
TF Iteration 175
	μ = -1.673008318e-01, change: 6.699922719e-07 (converged=True)
	φe Err =  4.131e-11, φe change =  4.937e-07
	ne Err =  1.011e-05, ne change =  2.441e-11
	Q = -5.380e-03 -> -7.288e-03, 
	Zstar guess =  5.361e-01. Current Zstar:  5.362e-01 (converged=False)
	Change =  9.835e-07
__________________________________________
TF Iteration 200
	μ = -1.674876677e-01, change: 5.806634611e-05 (converged=False)
	φe Err =  4.033e-11, φe change =  2.946e-09
	ne Err =  5.074e-06, ne change =  1.660e-12
	Q = -8.400e-04 -> -1.657e-03, 
	Zstar guess =  5.368e-01. Current Zstar:  5.371e-01 (converged=False)
	Change =  4.106e-05
__________________________________________
TF Iteration 225
	μ = -1.674967306e-01, change: 1.855000797e-08 (converged=True)
	φe Err =  4.121e-11, φe change =  3.693e-09
	ne Err =  5.665e-07, ne change =  1.306e-13
	Q = -5.484e-05 ->  7.981e-05, 
	Zstar guess =  5.370e-01. Current Zstar:  5.370e-01 (converged=False)
	Change =  1.688e-08
__________________________________________
TF Iteration 250
	μ = -1.675010633e-01, change: 2.914284027e-06 (converged=True)
	φe Err =  3.954e-11, φe change =  5.682e-11
	ne Err =  1.102e-07, ne change =  5.268e-14
	Q = -2.019e-05 -> -3.093e-05, 
	Zstar guess =  5.370e-01. Current Zstar:  5.370e-01 (converged=True)
	Change =  2.061e-06
__________________________________________
TF Iteration 275
	μ = -1.675014569e-01, change: 2.142841460e-11 (converged=True)
	φe Err =  3.949e-11, φe change =  1.922e-10
	ne Err =  1.577e-08, ne change =  5.948e-15
	Q = -2.437e-06 -> -5.695e-06, 
	Zstar guess =  5.370e-01. Current Zstar:  5.370e-01 (converged=True)
	Change =  2.126e-10
__________________________________________
TF Iteration 300
	μ = -1.675014702e-01, change: 5.293068450e-08 (converged=True)
	φe Err =  3.947e-11, φe change =  6.288e-12
	ne Err =  2.154e-09, ne change =  1.137e-15
	Q =  4.728e-08 ->  7.883e-07, 
	Zstar guess =  5.370e-01. Current Zstar:  5.370e-01 (converged=True)
	Change =  3.743e-08
__________________________________________
TF Iteration 317
	μ = -1.675014716e-01, change: 6.394884622e-12 (converged=True)
	φe Err =  3.944e-11, φe change =  9.133e-12
	ne Err =  9.751e-11, ne change =  3.164e-15
	Q =  3.222e-09 -> -3.136e-09, 
	Zstar guess =  5.370e-01. Current Zstar:  5.370e-01 (converged=True)
	Change =  7.825e-12
/home/zach/plasma/average_atom/core/average_atom_new.py:496: RuntimeWarning: divide by zero encountered in divide
  rel_errs = (np.abs(A @ φe - b)[:-1]/b[:-1])
	-------------------
	Solving IET.
0: Initial condition Total Error: 3.576e+00
Exiting status 0, reverting to best index so far: 275
Final iter:276, Total Error: 9.362e-13
	-------------------
	Solving IET.
0: Initial condition Total Error: 3.576e+00
Exiting status 0, reverting to best index so far: 275
Final iter:276, Total Error: 9.362e-13
Time to solve CS model: 2.498e+02 [s], time so far: 2.510e+02 [s]
CS model saved.
/home/zach/plasma/average_atom/core/average_atom_new.py:496: RuntimeWarning: invalid value encountered in divide
  rel_errs = (np.abs(A @ φe - b)[:-1]/b[:-1])
Ee_pot_density = -1.192e-01 [au], Ee_K = 6.119e-02 [au], Ee_tot = -5.801e-02 [au]
P_e = 2.123e-06 [au], 6.246e-04 [Mbar]
Virial if 6.613e+02 = 6.442e+02 --->  off by 2.665e+00 % 

βEe_pot/Z = -1469.307, βEe_K/Z = 754.274, βEe_tot/Z = -715.033
βP_e Ω/Z = 0.026
