
===========================================
===========================================
Starting case: Ar: Te = 1.407 eV, Ti = 1.407 eV 

T[K]:  16331.549849040079
________________________
Generating NPA
T:  0.05171891476271859
Using More TF fit for initial Zstar = 0.933
	Intializing grid
Initializing, True
Initializing
	Creating Integral Equation Solver
Intialized Potentials and Densities
Initialized
Time to setup correlation sphere (IS) model: 1.450e+00 [s], time so far: 1.451e+00 [s]
Beginning self-consistent electron solver.
_________________________________
__________________________________________
TF Iteration 0
	μ = -1.896611118e+00, change: 1.195544742e+01 (converged=False)
	φe Err =  3.806e-11, φe change =  9.808e-01
	ne Err =  1.111e-01, ne change =  2.111e-04
	Q =  0.000e+00 -> -3.117e+01, 
	Zstar guess =  9.328e-01. Current Zstar:  9.328e-01 (converged=True)
	Change =  1.897e+00
__________________________________________
TF Iteration 1
	μ = -1.896611118e+00, change: 0.000000000e+00 (converged=True)
	φe Err =  4.223e-11, φe change =  6.699e-02
	ne Err =  2.006e-01, ne change =  1.536e-04
	Q = -3.117e+01 -> -2.272e+01, 
	Zstar guess =  9.328e-01. Current Zstar:  9.328e-01 (converged=True)
	Change =  7.502e-02
__________________________________________
TF Iteration 2
	μ = -1.896611118e+00, change: 0.000000000e+00 (converged=True)
	φe Err =  4.295e-11, φe change =  1.571e-02
	ne Err =  1.442e-01, ne change =  1.259e-04
	Q = -2.272e+01 -> -1.612e+01, 
	Zstar guess =  9.328e-01. Current Zstar:  9.328e-01 (converged=True)
	Change =  1.553e-02
__________________________________________
TF Iteration 3
	μ = -1.896611118e+00, change: 0.000000000e+00 (converged=True)
	φe Err =  4.122e-11, φe change =  1.914e-02
	ne Err =  9.343e-02, ne change =  1.042e-04
	Q = -1.612e+01 -> -1.114e+01, 
	Zstar guess =  9.328e-01. Current Zstar:  9.328e-01 (converged=True)
	Change =  2.071e-02
__________________________________________
TF Iteration 4
	μ = -1.896611118e+00, change: 0.000000000e+00 (converged=True)
	φe Err =  4.046e-11, φe change =  1.298e-02
	ne Err =  6.655e-02, ne change =  8.554e-05
	Q = -1.114e+01 -> -7.461e+00, 
	Zstar guess =  9.328e-01. Current Zstar:  9.328e-01 (converged=True)
	Change =  1.453e-02
__________________________________________
TF Iteration 5
	μ = -1.896611118e+00, change: 0.000000000e+00 (converged=True)
	φe Err =  3.808e-11, φe change =  6.454e-03
	ne Err =  5.707e-02, ne change =  6.937e-05
	Q = -7.461e+00 -> -4.784e+00, 
	Zstar guess =  9.328e-01. Current Zstar:  9.328e-01 (converged=True)
	Change =  7.363e-03
__________________________________________
TF Iteration 6
	μ = -1.896611118e+00, change: 0.000000000e+00 (converged=True)
	φe Err =  3.978e-11, φe change =  2.506e-03
	ne Err =  5.098e-02, ne change =  5.561e-05
	Q = -4.784e+00 -> -2.821e+00, 
	Zstar guess =  9.328e-01. Current Zstar:  9.328e-01 (converged=True)
	Change =  2.215e-03
__________________________________________
TF Iteration 7
	μ = -1.896611118e+00, change: 0.000000000e+00 (converged=True)
	φe Err =  3.938e-11, φe change =  2.028e-03
	ne Err =  4.338e-02, ne change =  4.421e-05
	Q = -2.821e+00 -> -1.353e+00, 
	Zstar guess =  9.328e-01. Current Zstar:  9.328e-01 (converged=True)
	Change =  5.835e-04
__________________________________________
TF Iteration 8
	μ = -1.896611118e+00, change: 0.000000000e+00 (converged=True)
	φe Err =  4.072e-11, φe change =  2.192e-03
	ne Err =  3.517e-02, ne change =  3.499e-05
	Q = -1.353e+00 -> -2.308e-01, 
	Zstar guess =  9.328e-01. Current Zstar:  9.328e-01 (converged=True)
	Change =  1.481e-03
__________________________________________
TF Iteration 9
	μ = -1.896611118e+00, change: 0.000000000e+00 (converged=True)
	φe Err =  3.898e-11, φe change =  1.907e-03
	ne Err =  2.780e-02, ne change =  2.765e-05
	Q = -2.308e-01 ->  6.424e-01, 
	Zstar guess =  9.328e-01. Current Zstar:  9.328e-01 (converged=True)
	Change =  1.478e-03
__________________________________________
TF Iteration 25
	μ = -7.877486698e-01, change: 0.000000000e+00 (converged=True)
	φe Err =  3.981e-11, φe change =  3.058e-04
	ne Err =  1.792e-03, ne change =  6.977e-07
	Q =  2.109e+00 ->  2.132e+00, 
	Zstar guess =  9.328e-01. Current Zstar:  9.328e-01 (converged=True)
	Change =  3.195e-04
__________________________________________
TF Iteration 50
	μ = -3.374142724e-01, change: 2.154753438e-01 (converged=False)
	φe Err =  4.026e-11, φe change =  1.764e-06
	ne Err =  1.121e-02, ne change =  5.881e-09
	Q =  1.352e+00 ->  1.351e+00, 
	Zstar guess =  9.328e-01. Current Zstar:  9.328e-01 (converged=True)
	Change =  1.695e-01
__________________________________________
TF Iteration 75
	μ = -2.387199961e-01, change: 0.000000000e+00 (converged=True)
	φe Err =  4.072e-11, φe change =  6.472e-05
	ne Err =  3.142e-04, ne change =  3.537e-09
	Q =  5.979e-01 ->  5.914e-01, 
	Zstar guess =  9.328e-01. Current Zstar:  9.328e-01 (converged=True)
	Change =  6.911e-05
__________________________________________
TF Iteration 100
	μ = -1.897875173e-01, change: 4.768025004e-02 (converged=False)
	φe Err =  3.908e-11, φe change =  8.442e-07
	ne Err =  1.224e-03, ne change =  4.156e-10
	Q =  2.650e-01 ->  2.637e-01, 
	Zstar guess =  9.328e-01. Current Zstar:  9.328e-01 (converged=True)
	Change =  3.453e-02
__________________________________________
TF Iteration 125
	μ = -1.801212388e-01, change: 0.000000000e+00 (converged=True)
	φe Err =  4.099e-11, φe change =  7.497e-06
	ne Err =  4.823e-05, ne change =  4.868e-10
	Q =  7.640e-02 ->  7.459e-02, 
	Zstar guess =  9.328e-01. Current Zstar:  9.328e-01 (converged=True)
	Change =  8.029e-06
__________________________________________
TF Iteration 150
	μ = -1.754128143e-01, change: 5.195679415e-03 (converged=False)
	φe Err =  4.026e-11, φe change =  1.111e-07
	ne Err =  1.191e-04, ne change =  4.116e-11
	Q =  2.828e-02 ->  2.812e-02, 
	Zstar guess =  9.328e-01. Current Zstar:  9.328e-01 (converged=True)
	Change =  3.684e-03
__________________________________________
TF Iteration 175
	μ = -1.744778908e-01, change: 0.000000000e+00 (converged=True)
	φe Err =  3.890e-11, φe change =  7.400e-07
	ne Err =  4.933e-06, ne change =  4.817e-11
	Q =  7.626e-03 ->  7.434e-03, 
	Zstar guess =  9.328e-01. Current Zstar:  9.328e-01 (converged=True)
	Change =  7.929e-07
__________________________________________
TF Iteration 200
	μ = -1.740211523e-01, change: 5.110695553e-04 (converged=False)
	φe Err =  3.785e-11, φe change =  1.117e-08
	ne Err =  1.158e-05, ne change =  4.005e-12
	Q =  2.774e-03 ->  2.758e-03, 
	Zstar guess =  9.328e-01. Current Zstar:  9.328e-01 (converged=True)
	Change =  3.615e-04
__________________________________________
TF Iteration 225
	μ = -1.739302308e-01, change: 0.000000000e+00 (converged=True)
	φe Err =  4.375e-11, φe change =  7.216e-08
	ne Err =  4.825e-07, ne change =  4.697e-12
	Q =  7.442e-04 ->  7.254e-04, 
	Zstar guess =  9.328e-01. Current Zstar:  9.328e-01 (converged=True)
	Change =  7.732e-08
__________________________________________
TF Iteration 250
	μ = -1.738857605e-01, change: 4.981674543e-05 (converged=False)
	φe Err =  3.929e-11, φe change =  1.087e-09
	ne Err =  1.128e-06, ne change =  3.889e-13
	Q =  2.704e-04 ->  2.688e-04, 
	Zstar guess =  9.328e-01. Current Zstar:  9.328e-01 (converged=True)
	Change =  3.523e-05
__________________________________________
TF Iteration 275
	μ = -1.738769141e-01, change: 0.000000000e+00 (converged=True)
	φe Err =  3.936e-11, φe change =  7.019e-09
	ne Err =  4.697e-08, ne change =  4.558e-13
	Q =  7.242e-05 ->  7.059e-05, 
	Zstar guess =  9.328e-01. Current Zstar:  9.328e-01 (converged=True)
	Change =  7.521e-09
__________________________________________
TF Iteration 300
	μ = -1.738725891e-01, change: 4.844889106e-06 (converged=True)
	φe Err =  4.043e-11, φe change =  1.048e-10
	ne Err =  1.097e-07, ne change =  3.630e-14
	Q =  2.630e-05 ->  2.614e-05, 
	Zstar guess =  9.328e-01. Current Zstar:  9.328e-01 (converged=True)
	Change =  3.426e-06
__________________________________________
TF Iteration 325
	μ = -1.738717290e-01, change: 0.000000000e+00 (converged=True)
	φe Err =  4.064e-11, φe change =  6.778e-10
	ne Err =  4.567e-09, ne change =  4.055e-14
	Q =  7.042e-06 ->  6.863e-06, 
	Zstar guess =  9.328e-01. Current Zstar:  9.328e-01 (converged=True)
	Change =  7.263e-10
__________________________________________
TF Iteration 350
	μ = -1.738713085e-01, change: 4.710301296e-07 (converged=True)
	φe Err =  4.110e-11, φe change =  1.057e-11
	ne Err =  1.066e-08, ne change =  4.892e-15
	Q =  2.557e-06 ->  2.542e-06, 
	Zstar guess =  9.328e-01. Current Zstar:  9.328e-01 (converged=True)
	Change =  3.331e-07
__________________________________________
TF Iteration 375
	μ = -1.738712249e-01, change: 0.000000000e+00 (converged=True)
	φe Err =  3.835e-11, φe change =  6.476e-11
	ne Err =  4.440e-10, ne change =  4.822e-15
	Q =  6.846e-07 ->  6.673e-07, 
	Zstar guess =  9.328e-01. Current Zstar:  9.328e-01 (converged=True)
	Change =  6.934e-11
__________________________________________
TF Iteration 390
	μ = -1.738712047e-01, change: 0.000000000e+00 (converged=True)
	φe Err =  4.155e-11, φe change =  4.580e-12
	ne Err =  9.442e-11, ne change =  6.470e-16
	Q =  3.993e-07 ->  3.962e-07, 
	Zstar guess =  9.328e-01. Current Zstar:  9.328e-01 (converged=True)
	Change =  2.863e-13
	-------------------
	Solving IET.
0: Initial condition Total Error: 5.720e+00
Exiting status 0, reverting to best index so far: 279
Final iter:280, Total Error: 9.922e-13
	-------------------
	Solving IET.
0: Initial condition Total Error: 5.710e+00
Exiting status 0, reverting to best index so far: 279
Final iter:280, Total Error: 9.398e-13
Time to solve CS model: 1.694e+02 [s], time so far: 1.709e+02 [s]
CS model saved.
Ee_pot_density = -1.186e-01 [au], Ee_K = 6.052e-02 [au], Ee_tot = -5.804e-02 [au]
P_e = 2.662e-06 [au], 7.832e-04 [Mbar]
Virial if 6.541e+02 = 6.407e+02 --->  off by 2.083e+00 % 

βEe_pot/Z = -1376.444, βEe_K/Z = 702.608, βEe_tot/Z = -673.837
βP_e Ω/Z = 0.031
