
===========================================
===========================================
Starting case: Ar: Te = 1.477 eV, Ti = 1.477 eV 

T[K]:  17144.282778197507
________________________
Generating NPA
T:  0.05429268549951233
Using More TF fit for initial Zstar = 0.959
	Intializing grid
Initializing, True
Initializing
	Creating Integral Equation Solver
Intialized Potentials and Densities
Initialized
Time to setup correlation sphere (IS) model: 1.229e+00 [s], time so far: 1.229e+00 [s]
Beginning self-consistent electron solver.
_________________________________
__________________________________________
TF Iteration 0
	μ = -1.908150470e+00, change: 1.121744749e+01 (converged=False)
	φe Err =  3.864e-11, φe change =  9.812e-01
	ne Err =  1.105e-01, ne change =  2.111e-04
	Q =  0.000e+00 -> -3.085e+01, 
	Zstar guess =  9.590e-01. Current Zstar:  9.590e-01 (converged=True)
	Change =  1.892e+00
__________________________________________
TF Iteration 1
	μ = -1.908150470e+00, change: 0.000000000e+00 (converged=True)
	φe Err =  4.296e-11, φe change =  6.698e-02
	ne Err =  2.003e-01, ne change =  1.536e-04
	Q = -3.085e+01 -> -2.246e+01, 
	Zstar guess =  9.590e-01. Current Zstar:  9.590e-01 (converged=True)
	Change =  7.501e-02
__________________________________________
TF Iteration 2
	μ = -1.908150470e+00, change: 0.000000000e+00 (converged=True)
	φe Err =  3.946e-11, φe change =  1.572e-02
	ne Err =  1.439e-01, ne change =  1.259e-04
	Q = -2.246e+01 -> -1.592e+01, 
	Zstar guess =  9.590e-01. Current Zstar:  9.590e-01 (converged=True)
	Change =  1.555e-02
__________________________________________
TF Iteration 3
	μ = -1.908150470e+00, change: 0.000000000e+00 (converged=True)
	φe Err =  3.935e-11, φe change =  1.912e-02
	ne Err =  9.322e-02, ne change =  1.042e-04
	Q = -1.592e+01 -> -1.097e+01, 
	Zstar guess =  9.590e-01. Current Zstar:  9.590e-01 (converged=True)
	Change =  2.069e-02
__________________________________________
TF Iteration 4
	μ = -1.908150470e+00, change: 0.000000000e+00 (converged=True)
	φe Err =  3.899e-11, φe change =  1.296e-02
	ne Err =  6.636e-02, ne change =  8.553e-05
	Q = -1.097e+01 -> -7.329e+00, 
	Zstar guess =  9.590e-01. Current Zstar:  9.590e-01 (converged=True)
	Change =  1.450e-02
__________________________________________
TF Iteration 5
	μ = -1.908150470e+00, change: 0.000000000e+00 (converged=True)
	φe Err =  4.021e-11, φe change =  6.436e-03
	ne Err =  5.689e-02, ne change =  6.937e-05
	Q = -7.329e+00 -> -4.677e+00, 
	Zstar guess =  9.590e-01. Current Zstar:  9.590e-01 (converged=True)
	Change =  7.343e-03
__________________________________________
TF Iteration 6
	μ = -1.908150470e+00, change: 0.000000000e+00 (converged=True)
	φe Err =  4.058e-11, φe change =  2.496e-03
	ne Err =  5.081e-02, ne change =  5.561e-05
	Q = -4.677e+00 -> -2.734e+00, 
	Zstar guess =  9.590e-01. Current Zstar:  9.590e-01 (converged=True)
	Change =  2.205e-03
__________________________________________
TF Iteration 7
	μ = -1.908150470e+00, change: 0.000000000e+00 (converged=True)
	φe Err =  4.018e-11, φe change =  2.022e-03
	ne Err =  4.323e-02, ne change =  4.421e-05
	Q = -2.734e+00 -> -1.282e+00, 
	Zstar guess =  9.590e-01. Current Zstar:  9.590e-01 (converged=True)
	Change =  5.845e-04
__________________________________________
TF Iteration 8
	μ = -1.908150470e+00, change: 0.000000000e+00 (converged=True)
	φe Err =  4.045e-11, φe change =  2.186e-03
	ne Err =  3.505e-02, ne change =  3.499e-05
	Q = -1.282e+00 -> -1.715e-01, 
	Zstar guess =  9.590e-01. Current Zstar:  9.590e-01 (converged=True)
	Change =  1.478e-03
__________________________________________
TF Iteration 9
	μ = -1.908150470e+00, change: 0.000000000e+00 (converged=True)
	φe Err =  4.046e-11, φe change =  1.901e-03
	ne Err =  2.769e-02, ne change =  2.765e-05
	Q = -1.715e-01 ->  6.923e-01, 
	Zstar guess =  9.590e-01. Current Zstar:  9.590e-01 (converged=True)
	Change =  1.475e-03
__________________________________________
TF Iteration 25
	μ = -7.933328456e-01, change: 0.000000000e+00 (converged=True)
	φe Err =  3.946e-11, φe change =  3.069e-04
	ne Err =  1.782e-03, ne change =  6.973e-07
	Q =  2.118e+00 ->  2.141e+00, 
	Zstar guess =  9.590e-01. Current Zstar:  9.590e-01 (converged=True)
	Change =  3.206e-04
__________________________________________
TF Iteration 50
	μ = -3.427511942e-01, change: 2.119438961e-01 (converged=False)
	φe Err =  3.998e-11, φe change =  1.803e-06
	ne Err =  1.109e-02, ne change =  5.884e-09
	Q =  1.356e+00 ->  1.355e+00, 
	Zstar guess =  9.590e-01. Current Zstar:  9.590e-01 (converged=True)
	Change =  1.665e-01
__________________________________________
TF Iteration 75
	μ = -2.458316471e-01, change: 0.000000000e+00 (converged=True)
	φe Err =  4.104e-11, φe change =  6.349e-05
	ne Err =  3.109e-04, ne change =  3.275e-09
	Q =  5.855e-01 ->  5.785e-01, 
	Zstar guess =  9.590e-01. Current Zstar:  9.590e-01 (converged=True)
	Change =  6.772e-05
__________________________________________
TF Iteration 100
	μ = -1.987496422e-01, change: 4.355773931e-02 (converged=False)
	φe Err =  3.907e-11, φe change =  8.070e-07
	ne Err =  1.155e-03, ne change =  4.062e-10
	Q =  2.523e-01 ->  2.510e-01, 
	Zstar guess =  9.590e-01. Current Zstar:  9.590e-01 (converged=True)
	Change =  3.148e-02
__________________________________________
TF Iteration 125
	μ = -1.896346689e-01, change: 0.000000000e+00 (converged=True)
	φe Err =  4.122e-11, φe change =  6.987e-06
	ne Err =  4.507e-05, ne change =  4.237e-10
	Q =  7.088e-02 ->  6.913e-02, 
	Zstar guess =  9.590e-01. Current Zstar:  9.590e-01 (converged=True)
	Change =  7.472e-06
__________________________________________
TF Iteration 150
	μ = -1.852690067e-01, change: 4.520871699e-03 (converged=False)
	φe Err =  4.121e-11, φe change =  9.972e-08
	ne Err =  1.083e-04, ne change =  3.884e-11
	Q =  2.573e-02 ->  2.558e-02, 
	Zstar guess =  9.590e-01. Current Zstar:  9.590e-01 (converged=True)
	Change =  3.204e-03
__________________________________________
TF Iteration 175
	μ = -1.844192014e-01, change: 0.000000000e+00 (converged=True)
	φe Err =  4.194e-11, φe change =  6.637e-07
	ne Err =  4.423e-06, ne change =  4.038e-11
	Q =  6.798e-03 ->  6.622e-03, 
	Zstar guess =  9.590e-01. Current Zstar:  9.590e-01 (converged=True)
	Change =  7.101e-07
__________________________________________
TF Iteration 200
	μ = -1.840107759e-01, change: 4.278895557e-04 (converged=False)
	φe Err =  3.906e-11, φe change =  9.562e-09
	ne Err =  1.015e-05, ne change =  3.648e-12
	Q =  2.430e-03 ->  2.415e-03, 
	Zstar guess =  9.590e-01. Current Zstar:  9.590e-01 (converged=True)
	Change =  3.026e-04
__________________________________________
TF Iteration 225
	μ = -1.839312580e-01, change: 0.000000000e+00 (converged=True)
	φe Err =  3.897e-11, φe change =  6.208e-08
	ne Err =  4.152e-07, ne change =  3.775e-12
	Q =  6.374e-04 ->  6.207e-04, 
	Zstar guess =  9.590e-01. Current Zstar:  9.590e-01 (converged=True)
	Change =  6.640e-08
__________________________________________
TF Iteration 250
	μ = -1.838931512e-01, change: 3.989670129e-05 (converged=False)
	φe Err =  4.164e-11, φe change =  8.870e-10
	ne Err =  9.455e-07, ne change =  3.390e-13
	Q =  2.267e-04 ->  2.253e-04, 
	Zstar guess =  9.590e-01. Current Zstar:  9.590e-01 (converged=True)
	Change =  2.821e-05
__________________________________________
TF Iteration 275
	μ = -1.838857533e-01, change: 0.000000000e+00 (converged=True)
	φe Err =  4.091e-11, φe change =  5.773e-09
	ne Err =  3.867e-08, ne change =  3.516e-13
	Q =  5.930e-05 ->  5.774e-05, 
	Zstar guess =  9.590e-01. Current Zstar:  9.590e-01 (converged=True)
	Change =  6.175e-09
__________________________________________
TF Iteration 300
	μ = -1.838822077e-01, change: 3.722396130e-06 (converged=True)
	φe Err =  4.024e-11, φe change =  8.262e-11
	ne Err =  8.820e-08, ne change =  2.795e-14
	Q =  2.114e-05 ->  2.101e-05, 
	Zstar guess =  9.590e-01. Current Zstar:  9.590e-01 (converged=True)
	Change =  2.632e-06
__________________________________________
TF Iteration 325
	μ = -1.838815150e-01, change: 0.000000000e+00 (converged=True)
	φe Err =  3.914e-11, φe change =  5.448e-10
	ne Err =  3.628e-09, ne change =  3.325e-14
	Q =  5.563e-06 ->  5.419e-06, 
	Zstar guess =  9.590e-01. Current Zstar:  9.590e-01 (converged=True)
	Change =  5.829e-10
__________________________________________
TF Iteration 350
	μ = -1.838811813e-01, change: 3.505281334e-07 (converged=True)
	φe Err =  3.975e-11, φe change =  9.316e-12
	ne Err =  8.305e-09, ne change =  1.570e-15
	Q =  1.990e-06 ->  1.978e-06, 
	Zstar guess =  9.590e-01. Current Zstar:  9.590e-01 (converged=True)
	Change =  2.479e-07
__________________________________________
TF Iteration 375
	μ = -1.838811161e-01, change: 0.000000000e+00 (converged=True)
	φe Err =  4.147e-11, φe change =  5.271e-11
	ne Err =  3.417e-10, ne change =  2.918e-15
	Q =  5.239e-07 ->  5.103e-07, 
	Zstar guess =  9.590e-01. Current Zstar:  9.590e-01 (converged=True)
	Change =  5.626e-11
__________________________________________
TF Iteration 389
	μ = -1.838811005e-01, change: 0.000000000e+00 (converged=True)
	φe Err =  4.022e-11, φe change =  1.679e-12
	ne Err =  9.165e-11, ne change =  3.160e-15
	Q =  3.066e-07 ->  3.031e-07, 
	Zstar guess =  9.590e-01. Current Zstar:  9.590e-01 (converged=True)
	Change =  1.614e-12
	-------------------
	Solving IET.
0: Initial condition Total Error: 5.936e+00
Exiting status 0, reverting to best index so far: 280
Final iter:281, Total Error: 9.290e-13
	-------------------
	Solving IET.
0: Initial condition Total Error: 5.927e+00
Exiting status 0, reverting to best index so far: 279
Final iter:280, Total Error: 9.940e-13
Time to solve CS model: 1.601e+02 [s], time so far: 1.614e+02 [s]
CS model saved.
Ee_pot_density = -1.186e-01 [au], Ee_K = 6.052e-02 [au], Ee_tot = -5.804e-02 [au]
P_e = 2.932e-06 [au], 8.626e-04 [Mbar]
Virial if 6.541e+02 = 6.407e+02 --->  off by 2.083e+00 % 

βEe_pot/Z = -1311.176, βEe_K/Z = 669.294, βEe_tot/Z = -641.883
βP_e Ω/Z = 0.032
