
===========================================
===========================================
Starting case: Ar: Te = 0.749 eV, Ti = 0.749 eV 

T[K]:  8686.252188605766
________________________
Generating NPA
T:  0.027507709966447833
Using More TF fit for initial Zstar = 0.660
	Intializing grid
Initializing, True
Initializing
	Creating Integral Equation Solver
Intialized Potentials and Densities
Initialized
Time to setup correlation sphere (IS) model: 2.667e+00 [s], time so far: 2.668e+00 [s]
Beginning self-consistent electron solver.
_________________________________
__________________________________________
TF Iteration 0
	μ = -1.756008021e+00, change: 2.784438073e+01 (converged=False)
	φe Err =  3.823e-11, φe change =  9.750e-01
	ne Err =  1.118e-01, ne change =  2.110e-04
	Q =  0.000e+00 -> -3.263e+01, 
	Zstar guess =  6.597e-01. Current Zstar:  6.597e-01 (converged=True)
	Change =  1.934e+00
__________________________________________
TF Iteration 1
	μ = -1.756008021e+00, change: 0.000000000e+00 (converged=True)
	φe Err =  4.219e-11, φe change =  6.529e-02
	ne Err =  1.978e-01, ne change =  1.539e-04
	Q = -3.263e+01 -> -2.390e+01, 
	Zstar guess =  6.597e-01. Current Zstar:  6.597e-01 (converged=True)
	Change =  7.311e-02
__________________________________________
TF Iteration 2
	μ = -1.756008021e+00, change: 0.000000000e+00 (converged=True)
	φe Err =  4.061e-11, φe change =  1.544e-02
	ne Err =  1.420e-01, ne change =  1.261e-04
	Q = -2.390e+01 -> -1.709e+01, 
	Zstar guess =  6.597e-01. Current Zstar:  6.597e-01 (converged=True)
	Change =  1.530e-02
__________________________________________
TF Iteration 3
	μ = -1.756008021e+00, change: 0.000000000e+00 (converged=True)
	φe Err =  4.007e-11, φe change =  1.875e-02
	ne Err =  9.202e-02, ne change =  1.042e-04
	Q = -1.709e+01 -> -1.194e+01, 
	Zstar guess =  6.597e-01. Current Zstar:  6.597e-01 (converged=True)
	Change =  2.031e-02
__________________________________________
TF Iteration 4
	μ = -1.756008021e+00, change: 0.000000000e+00 (converged=True)
	φe Err =  4.000e-11, φe change =  1.263e-02
	ne Err =  6.591e-02, ne change =  8.554e-05
	Q = -1.194e+01 -> -8.131e+00, 
	Zstar guess =  6.597e-01. Current Zstar:  6.597e-01 (converged=True)
	Change =  1.416e-02
__________________________________________
TF Iteration 5
	μ = -1.756008021e+00, change: 0.000000000e+00 (converged=True)
	φe Err =  3.893e-11, φe change =  6.192e-03
	ne Err =  5.685e-02, ne change =  6.933e-05
	Q = -8.131e+00 -> -5.353e+00, 
	Zstar guess =  6.597e-01. Current Zstar:  6.597e-01 (converged=True)
	Change =  7.064e-03
__________________________________________
TF Iteration 6
	μ = -1.756008021e+00, change: 0.000000000e+00 (converged=True)
	φe Err =  3.852e-11, φe change =  2.399e-03
	ne Err =  5.079e-02, ne change =  5.554e-05
	Q = -5.353e+00 -> -3.311e+00, 
	Zstar guess =  6.597e-01. Current Zstar:  6.597e-01 (converged=True)
	Change =  2.009e-03
__________________________________________
TF Iteration 7
	μ = -1.756008021e+00, change: 0.000000000e+00 (converged=True)
	φe Err =  3.766e-11, φe change =  2.065e-03
	ne Err =  4.310e-02, ne change =  4.414e-05
	Q = -3.311e+00 -> -1.780e+00, 
	Zstar guess =  6.597e-01. Current Zstar:  6.597e-01 (converged=True)
	Change =  6.988e-04
__________________________________________
TF Iteration 8
	μ = -1.756008021e+00, change: 0.000000000e+00 (converged=True)
	φe Err =  3.909e-11, φe change =  2.209e-03
	ne Err =  3.486e-02, ne change =  3.492e-05
	Q = -1.780e+00 -> -6.066e-01, 
	Zstar guess =  6.597e-01. Current Zstar:  6.597e-01 (converged=True)
	Change =  1.527e-03
__________________________________________
TF Iteration 9
	μ = -1.756008021e+00, change: 0.000000000e+00 (converged=True)
	φe Err =  3.765e-11, φe change =  1.896e-03
	ne Err =  2.750e-02, ne change =  2.760e-05
	Q = -6.066e-01 ->  3.077e-01, 
	Zstar guess =  6.597e-01. Current Zstar:  6.597e-01 (converged=True)
	Change =  1.482e-03
__________________________________________
TF Iteration 25
	μ = -7.308108156e-01, change: 0.000000000e+00 (converged=True)
	φe Err =  3.822e-11, φe change =  2.924e-04
	ne Err =  1.836e-03, ne change =  7.034e-07
	Q =  2.011e+00 ->  2.034e+00, 
	Zstar guess =  6.597e-01. Current Zstar:  6.597e-01 (converged=True)
	Change =  3.061e-04
__________________________________________
TF Iteration 50
	μ = -2.934608007e-01, change: 2.409244912e-01 (converged=False)
	φe Err =  4.046e-11, φe change =  1.820e-06
	ne Err =  1.169e-02, ne change =  5.809e-09
	Q =  1.282e+00 ->  1.281e+00, 
	Zstar guess =  6.597e-01. Current Zstar:  6.597e-01 (converged=True)
	Change =  1.919e-01
__________________________________________
TF Iteration 75
	μ = -1.851755380e-01, change: 0.000000000e+00 (converged=True)
	φe Err =  4.165e-11, φe change =  6.686e-05
	ne Err =  4.358e-04, ne change =  4.694e-09
	Q =  6.385e-01 ->  6.364e-01, 
	Zstar guess =  6.597e-01. Current Zstar:  6.597e-01 (converged=True)
	Change =  7.155e-05
__________________________________________
TF Iteration 100
	μ = -1.181008857e-01, change: 1.111577186e-01 (converged=False)
	φe Err =  3.879e-11, φe change =  1.001e-06
	ne Err =  2.109e-03, ne change =  4.975e-10
	Q =  3.764e-01 ->  3.757e-01, 
	Zstar guess =  6.597e-01. Current Zstar:  6.597e-01 (converged=True)
	Change =  8.308e-02
__________________________________________
TF Iteration 125
	μ = -1.010051252e-01, change: 0.000000000e+00 (converged=True)
	φe Err =  4.118e-11, φe change =  1.452e-05
	ne Err =  9.767e-05, ne change =  1.589e-09
	Q =  1.536e-01 ->  1.516e-01, 
	Zstar guess =  6.597e-01. Current Zstar:  6.597e-01 (converged=True)
	Change =  1.579e-05
__________________________________________
TF Iteration 150
	μ = -9.072602652e-02, change: 2.413855276e-02 (converged=False)
	φe Err =  3.973e-11, φe change =  3.467e-07
	ne Err =  3.245e-04, ne change =  6.989e-11
	Q =  7.324e-02 ->  7.303e-02, 
	Zstar guess =  6.597e-01. Current Zstar:  6.597e-01 (converged=True)
	Change =  1.728e-02
__________________________________________
TF Iteration 175
	μ = -8.812400688e-02, change: 0.000000000e+00 (converged=True)
	φe Err =  4.027e-11, φe change =  2.386e-06
	ne Err =  1.704e-05, ne change =  2.626e-10
	Q =  2.581e-02 ->  2.540e-02, 
	Zstar guess =  6.597e-01. Current Zstar:  6.597e-01 (converged=True)
	Change =  2.601e-06
__________________________________________
TF Iteration 200
	μ = -8.654690471e-02, change: 3.978152627e-03 (converged=False)
	φe Err =  3.886e-11, φe change =  6.104e-08
	ne Err =  5.015e-05, ne change =  1.063e-11
	Q =  1.175e-02 ->  1.172e-02, 
	Zstar guess =  6.597e-01. Current Zstar:  6.597e-01 (converged=True)
	Change =  2.819e-03
__________________________________________
TF Iteration 225
	μ = -8.614492767e-02, change: 0.000000000e+00 (converged=True)
	φe Err =  4.110e-11, φe change =  3.733e-07
	ne Err =  2.691e-06, ne change =  4.106e-11
	Q =  4.053e-03 ->  3.986e-03, 
	Zstar guess =  6.597e-01. Current Zstar:  6.597e-01 (converged=True)
	Change =  4.072e-07
__________________________________________
TF Iteration 250
	μ = -8.590052629e-02, change: 6.239591915e-04 (converged=False)
	φe Err =  3.967e-11, φe change =  9.658e-09
	ne Err =  7.786e-06, ne change =  1.649e-12
	Q =  1.834e-03 ->  1.830e-03, 
	Zstar guess =  6.597e-01. Current Zstar:  6.597e-01 (converged=True)
	Change =  4.414e-04
__________________________________________
TF Iteration 275
	μ = -8.583817675e-02, change: 0.000000000e+00 (converged=True)
	φe Err =  4.261e-11, φe change =  5.792e-08
	ne Err =  4.180e-07, ne change =  6.368e-12
	Q =  6.297e-04 ->  6.192e-04, 
	Zstar guess =  6.597e-01. Current Zstar:  6.597e-01 (converged=True)
	Change =  6.316e-08
__________________________________________
TF Iteration 300
	μ = -8.580037230e-02, change: 9.652944291e-05 (converged=False)
	φe Err =  3.913e-11, φe change =  1.493e-09
	ne Err =  1.203e-06, ne change =  2.528e-13
	Q =  2.838e-04 ->  2.830e-04, 
	Zstar guess =  6.597e-01. Current Zstar:  6.597e-01 (converged=True)
	Change =  6.826e-05
__________________________________________
TF Iteration 325
	μ = -8.579071609e-02, change: 0.000000000e+00 (converged=True)
	φe Err =  4.026e-11, φe change =  9.014e-09
	ne Err =  6.500e-08, ne change =  9.934e-13
	Q =  9.775e-05 ->  9.615e-05, 
	Zstar guess =  6.597e-01. Current Zstar:  6.597e-01 (converged=True)
	Change =  9.833e-09
__________________________________________
TF Iteration 350
	μ = -8.578482345e-02, change: 1.509826882e-05 (converged=False)
	φe Err =  4.065e-11, φe change =  2.349e-10
	ne Err =  1.880e-07, ne change =  4.023e-14
	Q =  4.434e-05 ->  4.423e-05, 
	Zstar guess =  6.597e-01. Current Zstar:  6.597e-01 (converged=True)
	Change =  1.068e-05
__________________________________________
TF Iteration 375
	μ = -8.578331305e-02, change: 0.000000000e+00 (converged=True)
	φe Err =  3.874e-11, φe change =  1.412e-09
	ne Err =  1.016e-08, ne change =  1.569e-13
	Q =  1.529e-05 ->  1.504e-05, 
	Zstar guess =  6.597e-01. Current Zstar:  6.597e-01 (converged=True)
	Change =  1.540e-09
__________________________________________
TF Iteration 400
	μ = -8.578239132e-02, change: 2.361679597e-06 (converged=True)
	φe Err =  3.887e-11, φe change =  3.576e-11
	ne Err =  2.941e-08, ne change =  3.410e-15
	Q =  6.935e-06 ->  6.918e-06, 
	Zstar guess =  6.597e-01. Current Zstar:  6.597e-01 (converged=True)
	Change =  1.670e-06
__________________________________________
TF Iteration 425
	μ = -8.578215509e-02, change: 0.000000000e+00 (converged=True)
	φe Err =  3.879e-11, φe change =  2.278e-10
	ne Err =  1.590e-09, ne change =  2.564e-14
	Q =  2.391e-06 ->  2.352e-06, 
	Zstar guess =  6.597e-01. Current Zstar:  6.597e-01 (converged=True)
	Change =  2.478e-10
__________________________________________
TF Iteration 450
	μ = -8.578201093e-02, change: 3.693478153e-07 (converged=True)
	φe Err =  4.130e-11, φe change =  7.872e-12
	ne Err =  4.600e-09, ne change =  2.547e-15
	Q =  1.085e-06 ->  1.082e-06, 
	Zstar guess =  6.597e-01. Current Zstar:  6.597e-01 (converged=True)
	Change =  2.612e-07
__________________________________________
TF Iteration 475
	μ = -8.578197399e-02, change: 0.000000000e+00 (converged=True)
	φe Err =  3.981e-11, φe change =  3.337e-11
	ne Err =  2.486e-10, ne change =  2.094e-15
	Q =  3.740e-07 ->  3.679e-07, 
	Zstar guess =  6.597e-01. Current Zstar:  6.597e-01 (converged=True)
	Change =  3.634e-11
__________________________________________
TF Iteration 480
	μ = -8.578197399e-02, change: 0.000000000e+00 (converged=True)
	φe Err =  4.006e-11, φe change =  4.753e-12
	ne Err =  9.716e-11, ne change =  1.550e-15
	Q =  3.577e-07 ->  3.563e-07, 
	Zstar guess =  6.597e-01. Current Zstar:  6.597e-01 (converged=True)
	Change =  3.055e-13
	-------------------
	Solving IET.
0: Initial condition Total Error: 3.153e+00
Exiting status 0, reverting to best index so far: 273
Final iter:274, Total Error: 9.432e-13
	-------------------
	Solving IET.
0: Initial condition Total Error: 3.360e+00
QUIT: Total error infinite.
Exiting status 1, reverting to best index so far: 0
Final iter:21, Total Error: 3.360e+00
Time to solve CS model: 1.933e+02 [s], time so far: 1.959e+02 [s]
CS model saved.
Ee_pot_density = -1.186e-01 [au], Ee_K = 6.052e-02 [au], Ee_tot = -5.805e-02 [au]
P_e = 6.994e-07 [au], 2.058e-04 [Mbar]
Virial if 6.541e+02 = 6.408e+02 --->  off by 2.086e+00 % 

βEe_pot/Z = -2588.180, βEe_K/Z = 1321.107, βEe_tot/Z = -1267.073
βP_e Ω/Z = 0.015
