
===========================================
===========================================
Starting case: Ar: Te = 0.825 eV, Ti = 0.825 eV 

T[K]:  9572.29942731547
________________________
Generating NPA
T:  0.03031365318911527
Using More TF fit for initial Zstar = 0.695
	Intializing grid
Initializing, True
Initializing
	Creating Integral Equation Solver
Intialized Potentials and Densities
Initialized
Time to setup correlation sphere (IS) model: 8.309e-01 [s], time so far: 8.310e-01 [s]
Beginning self-consistent electron solver.
_________________________________
__________________________________________
TF Iteration 0
	μ = -1.776990433e+00, change: 2.436917475e+01 (converged=False)
	φe Err =  3.856e-11, φe change =  9.760e-01
	ne Err =  1.124e-01, ne change =  2.110e-04
	Q =  0.000e+00 -> -3.271e+01, 
	Zstar guess =  6.946e-01. Current Zstar:  6.946e-01 (converged=True)
	Change =  1.931e+00
__________________________________________
TF Iteration 1
	μ = -1.776990433e+00, change: 0.000000000e+00 (converged=True)
	φe Err =  4.188e-11, φe change =  6.574e-02
	ne Err =  1.989e-01, ne change =  1.538e-04
	Q = -3.271e+01 -> -2.397e+01, 
	Zstar guess =  6.946e-01. Current Zstar:  6.946e-01 (converged=True)
	Change =  7.362e-02
__________________________________________
TF Iteration 2
	μ = -1.776990433e+00, change: 0.000000000e+00 (converged=True)
	φe Err =  4.173e-11, φe change =  1.549e-02
	ne Err =  1.429e-01, ne change =  1.260e-04
	Q = -2.397e+01 -> -1.713e+01, 
	Zstar guess =  6.946e-01. Current Zstar:  6.946e-01 (converged=True)
	Change =  1.534e-02
__________________________________________
TF Iteration 3
	μ = -1.776990433e+00, change: 0.000000000e+00 (converged=True)
	φe Err =  3.853e-11, φe change =  1.887e-02
	ne Err =  9.268e-02, ne change =  1.042e-04
	Q = -1.713e+01 -> -1.196e+01, 
	Zstar guess =  6.946e-01. Current Zstar:  6.946e-01 (converged=True)
	Change =  2.044e-02
__________________________________________
TF Iteration 4
	μ = -1.776990433e+00, change: 0.000000000e+00 (converged=True)
	φe Err =  3.886e-11, φe change =  1.275e-02
	ne Err =  6.633e-02, ne change =  8.554e-05
	Q = -1.196e+01 -> -8.145e+00, 
	Zstar guess =  6.946e-01. Current Zstar:  6.946e-01 (converged=True)
	Change =  1.429e-02
__________________________________________
TF Iteration 5
	μ = -1.776990433e+00, change: 0.000000000e+00 (converged=True)
	φe Err =  3.912e-11, φe change =  6.283e-03
	ne Err =  5.714e-02, ne change =  6.935e-05
	Q = -8.145e+00 -> -5.356e+00, 
	Zstar guess =  6.946e-01. Current Zstar:  6.946e-01 (converged=True)
	Change =  7.169e-03
__________________________________________
TF Iteration 6
	μ = -1.776990433e+00, change: 0.000000000e+00 (converged=True)
	φe Err =  4.000e-11, φe change =  2.437e-03
	ne Err =  5.106e-02, ne change =  5.557e-05
	Q = -5.356e+00 -> -3.307e+00, 
	Zstar guess =  6.946e-01. Current Zstar:  6.946e-01 (converged=True)
	Change =  2.074e-03
__________________________________________
TF Iteration 7
	μ = -1.776990433e+00, change: 0.000000000e+00 (converged=True)
	φe Err =  3.927e-11, φe change =  2.063e-03
	ne Err =  4.338e-02, ne change =  4.416e-05
	Q = -3.307e+00 -> -1.770e+00, 
	Zstar guess =  6.946e-01. Current Zstar:  6.946e-01 (converged=True)
	Change =  6.682e-04
__________________________________________
TF Iteration 8
	μ = -1.776990433e+00, change: 0.000000000e+00 (converged=True)
	φe Err =  3.979e-11, φe change =  2.214e-03
	ne Err =  3.511e-02, ne change =  3.494e-05
	Q = -1.770e+00 -> -5.927e-01, 
	Zstar guess =  6.946e-01. Current Zstar:  6.946e-01 (converged=True)
	Change =  1.519e-03
__________________________________________
TF Iteration 9
	μ = -1.776990433e+00, change: 0.000000000e+00 (converged=True)
	φe Err =  3.961e-11, φe change =  1.907e-03
	ne Err =  2.771e-02, ne change =  2.761e-05
	Q = -5.927e-01 ->  3.244e-01, 
	Zstar guess =  6.946e-01. Current Zstar:  6.946e-01 (converged=True)
	Change =  1.486e-03
__________________________________________
TF Iteration 25
	μ = -7.382188983e-01, change: 0.000000000e+00 (converged=True)
	φe Err =  3.859e-11, φe change =  2.944e-04
	ne Err =  1.838e-03, ne change =  7.025e-07
	Q =  2.024e+00 ->  2.047e+00, 
	Zstar guess =  6.946e-01. Current Zstar:  6.946e-01 (converged=True)
	Change =  3.082e-04
__________________________________________
TF Iteration 50
	μ = -2.982583759e-01, change: 2.383900161e-01 (converged=False)
	φe Err =  4.082e-11, φe change =  1.715e-06
	ne Err =  1.168e-02, ne change =  5.817e-09
	Q =  1.291e+00 ->  1.290e+00, 
	Zstar guess =  6.946e-01. Current Zstar:  6.946e-01 (converged=True)
	Change =  1.897e-01
__________________________________________
TF Iteration 75
	μ = -1.902005395e-01, change: 0.000000000e+00 (converged=True)
	φe Err =  3.960e-11, φe change =  6.776e-05
	ne Err =  4.037e-04, ne change =  4.776e-09
	Q =  6.431e-01 ->  6.409e-01, 
	Zstar guess =  6.946e-01. Current Zstar:  6.946e-01 (converged=True)
	Change =  7.258e-05
__________________________________________
TF Iteration 100
	μ = -1.248853410e-01, change: 1.016458736e-01 (converged=False)
	φe Err =  4.011e-11, φe change =  1.030e-06
	ne Err =  1.991e-03, ne change =  4.887e-10
	Q =  3.690e-01 ->  3.681e-01, 
	Zstar guess =  6.946e-01. Current Zstar:  6.946e-01 (converged=True)
	Change =  7.562e-02
__________________________________________
TF Iteration 125
	μ = -1.088483659e-01, change: 0.000000000e+00 (converged=True)
	φe Err =  4.087e-11, φe change =  1.354e-05
	ne Err =  8.888e-05, ne change =  1.409e-09
	Q =  1.429e-01 ->  1.408e-01, 
	Zstar guess =  6.946e-01. Current Zstar:  6.946e-01 (converged=True)
	Change =  1.470e-05
__________________________________________
TF Iteration 150
	μ = -9.950568034e-02, change: 1.975957072e-02 (converged=False)
	φe Err =  3.972e-11, φe change =  3.023e-07
	ne Err =  2.861e-04, ne change =  6.596e-11
	Q =  6.554e-02 ->  6.533e-02, 
	Zstar guess =  6.946e-01. Current Zstar:  6.946e-01 (converged=True)
	Change =  1.411e-02
__________________________________________
TF Iteration 175
	μ = -9.722395146e-02, change: 0.000000000e+00 (converged=True)
	φe Err =  4.140e-11, φe change =  2.055e-06
	ne Err =  1.437e-05, ne change =  2.146e-10
	Q =  2.215e-02 ->  2.176e-02, 
	Zstar guess =  6.946e-01. Current Zstar:  6.946e-01 (converged=True)
	Change =  2.235e-06
__________________________________________
TF Iteration 200
	μ = -9.588531175e-02, change: 2.997829291e-03 (converged=False)
	φe Err =  3.956e-11, φe change =  4.848e-08
	ne Err =  4.125e-05, ne change =  9.413e-12
	Q =  9.744e-03 ->  9.714e-03, 
	Zstar guess =  6.946e-01. Current Zstar:  6.946e-01 (converged=True)
	Change =  2.123e-03
__________________________________________
TF Iteration 225
	μ = -9.555663357e-02, change: 0.000000000e+00 (converged=True)
	φe Err =  4.047e-11, φe change =  2.988e-07
	ne Err =  2.109e-06, ne change =  3.119e-11
	Q =  3.232e-03 ->  3.174e-03, 
	Zstar guess =  6.946e-01. Current Zstar:  6.946e-01 (converged=True)
	Change =  3.252e-07
__________________________________________
TF Iteration 250
	μ = -9.536349406e-02, change: 4.364185801e-04 (converged=False)
	φe Err =  3.940e-11, φe change =  7.142e-09
	ne Err =  5.960e-06, ne change =  1.355e-12
	Q =  1.414e-03 ->  1.410e-03, 
	Zstar guess =  6.946e-01. Current Zstar:  6.946e-01 (converged=True)
	Change =  3.087e-04
__________________________________________
TF Iteration 275
	μ = -9.531594648e-02, change: 0.000000000e+00 (converged=True)
	φe Err =  4.062e-11, φe change =  4.334e-08
	ne Err =  3.062e-07, ne change =  4.521e-12
	Q =  4.686e-04 ->  4.603e-04, 
	Zstar guess =  6.946e-01. Current Zstar:  6.946e-01 (converged=True)
	Change =  4.717e-08
__________________________________________
TF Iteration 300
	μ = -9.528793962e-02, change: 6.338632511e-05 (converged=False)
	φe Err =  3.950e-11, φe change =  1.037e-09
	ne Err =  8.647e-07, ne change =  1.978e-13
	Q =  2.052e-04 ->  2.046e-04, 
	Zstar guess =  6.946e-01. Current Zstar:  6.946e-01 (converged=True)
	Change =  4.482e-05
__________________________________________
TF Iteration 325
	μ = -9.528104529e-02, change: 0.000000000e+00 (converged=True)
	φe Err =  4.102e-11, φe change =  6.280e-09
	ne Err =  4.440e-08, ne change =  6.552e-13
	Q =  6.795e-05 ->  6.674e-05, 
	Zstar guess =  6.946e-01. Current Zstar:  6.946e-01 (converged=True)
	Change =  6.834e-09
__________________________________________
TF Iteration 350
	μ = -9.527698614e-02, change: 9.187568831e-06 (converged=True)
	φe Err =  4.039e-11, φe change =  1.488e-10
	ne Err =  1.253e-07, ne change =  2.892e-14
	Q =  2.974e-05 ->  2.965e-05, 
	Zstar guess =  6.946e-01. Current Zstar:  6.946e-01 (converged=True)
	Change =  6.497e-06
__________________________________________
TF Iteration 375
	μ = -9.527598705e-02, change: 0.000000000e+00 (converged=True)
	φe Err =  4.062e-11, φe change =  9.102e-10
	ne Err =  6.434e-09, ne change =  9.578e-14
	Q =  9.847e-06 ->  9.672e-06, 
	Zstar guess =  6.946e-01. Current Zstar:  6.946e-01 (converged=True)
	Change =  9.905e-10
__________________________________________
TF Iteration 400
	μ = -9.527539884e-02, change: 1.331372221e-06 (converged=True)
	φe Err =  3.928e-11, φe change =  2.049e-11
	ne Err =  1.816e-08, ne change =  2.192e-15
	Q =  4.310e-06 ->  4.297e-06, 
	Zstar guess =  6.946e-01. Current Zstar:  6.946e-01 (converged=True)
	Change =  9.414e-07
__________________________________________
TF Iteration 425
	μ = -9.527525407e-02, change: 0.000000000e+00 (converged=True)
	φe Err =  4.281e-11, φe change =  1.312e-10
	ne Err =  9.324e-10, ne change =  1.401e-14
	Q =  1.427e-06 ->  1.401e-06, 
	Zstar guess =  6.946e-01. Current Zstar:  6.946e-01 (converged=True)
	Change =  1.428e-10
__________________________________________
TF Iteration 450
	μ = -9.527516884e-02, change: 1.929225228e-07 (converged=True)
	φe Err =  4.202e-11, φe change =  3.675e-12
	ne Err =  2.631e-09, ne change =  7.224e-16
	Q =  6.245e-07 ->  6.226e-07, 
	Zstar guess =  6.946e-01. Current Zstar:  6.946e-01 (converged=True)
	Change =  1.364e-07
__________________________________________
TF Iteration 469
	μ = -9.527515635e-02, change: 0.000000000e+00 (converged=True)
	φe Err =  4.053e-11, φe change =  4.961e-12
	ne Err =  9.470e-11, ne change =  5.037e-16
	Q =  2.916e-07 ->  2.897e-07, 
	Zstar guess =  6.946e-01. Current Zstar:  6.946e-01 (converged=True)
	Change =  3.504e-12
	-------------------
	Solving IET.
0: Initial condition Total Error: 3.518e+00
Exiting status 0, reverting to best index so far: 274
Final iter:275, Total Error: 9.723e-13
	-------------------
	Solving IET.
0: Initial condition Total Error: 3.478e+00
Exiting status 0, reverting to best index so far: 980
Final iter:981, Total Error: 9.806e-13
Time to solve CS model: 2.008e+02 [s], time so far: 2.016e+02 [s]
CS model saved.
Ee_pot_density = -1.186e-01 [au], Ee_K = 6.052e-02 [au], Ee_tot = -5.805e-02 [au]
P_e = 8.702e-07 [au], 2.560e-04 [Mbar]
Virial if 6.541e+02 = 6.408e+02 --->  off by 2.086e+00 % 

βEe_pot/Z = -2348.590, βEe_K/Z = 1198.815, βEe_tot/Z = -1149.775
βP_e Ω/Z = 0.017
