
===========================================
===========================================
Starting case: Ar: Te = 0.379 eV, Ti = 0.379 eV 

T[K]:  4400.941005243443
________________________
Generating NPA
T:  0.013936943819163437
Using More TF fit for initial Zstar = 0.471
	Intializing grid
Initializing, True
Initializing
	Creating Integral Equation Solver
Intialized Potentials and Densities
Initialized
Time to setup correlation sphere (IS) model: 9.655e-01 [s], time so far: 9.656e-01 [s]
Beginning self-consistent electron solver.
_________________________________
__________________________________________
TF Iteration 0
	μ = -1.609101661e+00, change: 7.628933459e+01 (converged=False)
	φe Err =  3.847e-11, φe change =  9.674e-01
	ne Err =  1.031e-01, ne change =  2.108e-04
	Q =  0.000e+00 -> -2.984e+01, 
	Zstar guess =  4.710e-01. Current Zstar:  4.710e-01 (converged=True)
	Change =  1.947e+00
__________________________________________
TF Iteration 1
	μ = -1.609101661e+00, change: 0.000000000e+00 (converged=True)
	φe Err =  4.007e-11, φe change =  6.081e-02
	ne Err =  1.861e-01, ne change =  1.547e-04
	Q = -2.984e+01 -> -2.173e+01, 
	Zstar guess =  4.710e-01. Current Zstar:  4.710e-01 (converged=True)
	Change =  6.802e-02
__________________________________________
TF Iteration 2
	μ = -1.609101661e+00, change: 0.000000000e+00 (converged=True)
	φe Err =  3.960e-11, φe change =  1.494e-02
	ne Err =  1.320e-01, ne change =  1.266e-04
	Q = -2.173e+01 -> -1.541e+01, 
	Zstar guess =  4.710e-01. Current Zstar:  4.710e-01 (converged=True)
	Change =  1.497e-02
__________________________________________
TF Iteration 3
	μ = -1.609101661e+00, change: 0.000000000e+00 (converged=True)
	φe Err =  4.069e-11, φe change =  1.749e-02
	ne Err =  8.443e-02, ne change =  1.044e-04
	Q = -1.541e+01 -> -1.067e+01, 
	Zstar guess =  4.710e-01. Current Zstar:  4.710e-01 (converged=True)
	Change =  1.900e-02
__________________________________________
TF Iteration 4
	μ = -1.609101661e+00, change: 0.000000000e+00 (converged=True)
	φe Err =  4.228e-11, φe change =  1.134e-02
	ne Err =  6.089e-02, ne change =  8.545e-05
	Q = -1.067e+01 -> -7.198e+00, 
	Zstar guess =  4.710e-01. Current Zstar:  4.710e-01 (converged=True)
	Change =  1.274e-02
__________________________________________
TF Iteration 5
	μ = -1.609101661e+00, change: 0.000000000e+00 (converged=True)
	φe Err =  3.790e-11, φe change =  5.229e-03
	ne Err =  5.308e-02, ne change =  6.909e-05
	Q = -7.198e+00 -> -4.680e+00, 
	Zstar guess =  4.710e-01. Current Zstar:  4.710e-01 (converged=True)
	Change =  5.951e-03
__________________________________________
TF Iteration 6
	μ = -1.609101661e+00, change: 0.000000000e+00 (converged=True)
	φe Err =  3.694e-11, φe change =  2.028e-03
	ne Err =  4.719e-02, ne change =  5.526e-05
	Q = -4.680e+00 -> -2.836e+00, 
	Zstar guess =  4.710e-01. Current Zstar:  4.710e-01 (converged=True)
	Change =  1.341e-03
__________________________________________
TF Iteration 7
	μ = -1.609101661e+00, change: 0.000000000e+00 (converged=True)
	φe Err =  3.879e-11, φe change =  2.056e-03
	ne Err =  3.962e-02, ne change =  4.388e-05
	Q = -2.836e+00 -> -1.453e+00, 
	Zstar guess =  4.710e-01. Current Zstar:  4.710e-01 (converged=True)
	Change =  9.773e-04
__________________________________________
TF Iteration 8
	μ = -1.609101661e+00, change: 0.000000000e+00 (converged=True)
	φe Err =  3.880e-11, φe change =  2.119e-03
	ne Err =  3.175e-02, ne change =  3.473e-05
	Q = -1.453e+00 -> -3.909e-01, 
	Zstar guess =  4.710e-01. Current Zstar:  4.710e-01 (converged=True)
	Change =  1.564e-03
__________________________________________
TF Iteration 9
	μ = -1.609101661e+00, change: 0.000000000e+00 (converged=True)
	φe Err =  3.933e-11, φe change =  1.753e-03
	ne Err =  2.491e-02, ne change =  2.747e-05
	Q = -3.909e-01 ->  4.376e-01, 
	Zstar guess =  4.710e-01. Current Zstar:  4.710e-01 (converged=True)
	Change =  1.412e-03
__________________________________________
TF Iteration 25
	μ = -6.845562168e-01, change: 0.000000000e+00 (converged=True)
	φe Err =  4.136e-11, φe change =  2.777e-04
	ne Err =  1.769e-03, ne change =  7.101e-07
	Q =  1.930e+00 ->  1.951e+00, 
	Zstar guess =  4.710e-01. Current Zstar:  4.710e-01 (converged=True)
	Change =  2.910e-04
__________________________________________
TF Iteration 50
	μ = -2.690102675e-01, change: 2.516073084e-01 (converged=False)
	φe Err =  4.220e-11, φe change =  1.973e-06
	ne Err =  1.149e-02, ne change =  5.712e-09
	Q =  1.223e+00 ->  1.221e+00, 
	Zstar guess =  4.710e-01. Current Zstar:  4.710e-01 (converged=True)
	Change =  2.014e-01
__________________________________________
TF Iteration 75
	μ = -1.622486520e-01, change: 0.000000000e+00 (converged=True)
	φe Err =  4.101e-11, φe change =  6.017e-05
	ne Err =  6.827e-04, ne change =  3.372e-09
	Q =  5.885e-01 ->  5.854e-01, 
	Zstar guess =  4.710e-01. Current Zstar:  4.710e-01 (converged=True)
	Change =  6.367e-05
__________________________________________
TF Iteration 100
	μ = -9.234756367e-02, change: 1.500821798e-01 (converged=False)
	φe Err =  4.110e-11, φe change =  7.202e-07
	ne Err =  2.487e-03, ne change =  5.170e-10
	Q =  3.517e-01 ->  3.505e-01, 
	Zstar guess =  4.710e-01. Current Zstar:  4.710e-01 (converged=True)
	Change =  1.144e-01
__________________________________________
TF Iteration 125
	μ = -7.146549435e-02, change: 0.000000000e+00 (converged=True)
	φe Err =  3.985e-11, φe change =  1.664e-05
	ne Err =  2.435e-04, ne change =  2.081e-09
	Q =  1.755e-01 ->  1.745e-01, 
	Zstar guess =  4.710e-01. Current Zstar:  4.710e-01 (converged=True)
	Change =  1.811e-05
__________________________________________
TF Iteration 150
	μ = -5.622713238e-02, change: 6.156763624e-02 (converged=False)
	φe Err =  3.910e-11, φe change =  5.193e-07
	ne Err =  5.873e-04, ne change =  9.097e-11
	Q =  1.041e-01 ->  1.037e-01, 
	Zstar guess =  4.710e-01. Current Zstar:  4.710e-01 (converged=True)
	Change =  4.490e-02
__________________________________________
TF Iteration 175
	μ = -5.139649225e-02, change: 0.000000000e+00 (converged=True)
	φe Err =  3.896e-11, φe change =  4.629e-06
	ne Err =  8.251e-05, ne change =  6.101e-10
	Q =  4.850e-02 ->  4.810e-02, 
	Zstar guess =  4.710e-01. Current Zstar:  4.710e-01 (converged=True)
	Change =  5.086e-06
__________________________________________
TF Iteration 200
	μ = -4.780301959e-02, change: 1.798030577e-02 (converged=False)
	φe Err =  3.983e-11, φe change =  1.848e-07
	ne Err =  1.454e-04, ne change =  1.943e-11
	Q =  2.727e-02 ->  2.720e-02, 
	Zstar guess =  4.710e-01. Current Zstar:  4.710e-01 (converged=True)
	Change =  1.283e-02
__________________________________________
TF Iteration 225
	μ = -4.665260852e-02, change: 0.000000000e+00 (converged=True)
	φe Err =  3.897e-11, φe change =  1.158e-06
	ne Err =  3.532e-05, ne change =  1.522e-10
	Q =  1.213e-02 ->  1.202e-02, 
	Zstar guess =  4.710e-01. Current Zstar:  4.710e-01 (converged=True)
	Change =  1.275e-06
__________________________________________
TF Iteration 250
	μ = -4.580107035e-02, change: 4.468026639e-03 (converged=False)
	φe Err =  4.039e-11, φe change =  4.793e-08
	ne Err =  4.110e-05, ne change =  4.398e-12
	Q =  6.617e-03 ->  6.594e-03, 
	Zstar guess =  4.710e-01. Current Zstar:  4.710e-01 (converged=True)
	Change =  3.166e-03
__________________________________________
TF Iteration 275
	μ = -4.553876521e-02, change: 0.000000000e+00 (converged=True)
	φe Err =  4.211e-11, φe change =  2.631e-07
	ne Err =  1.947e-05, ne change =  3.439e-11
	Q =  2.771e-03 ->  2.733e-03, 
	Zstar guess =  4.710e-01. Current Zstar:  4.710e-01 (converged=True)
	Change =  2.893e-07
__________________________________________
TF Iteration 300
	μ = -4.536388967e-02, change: 8.591286709e-04 (converged=False)
	φe Err =  4.051e-11, φe change =  9.953e-09
	ne Err =  1.542e-05, ne change =  8.630e-13
	Q =  1.323e-03 ->  1.310e-03, 
	Zstar guess =  4.710e-01. Current Zstar:  4.710e-01 (converged=True)
	Change =  6.078e-04
__________________________________________
TF Iteration 325
	μ = -4.531957472e-02, change: 0.000000000e+00 (converged=True)
	φe Err =  4.107e-11, φe change =  4.241e-08
	ne Err =  8.941e-06, ne change =  5.479e-12
	Q =  4.553e-04 ->  4.446e-04, 
	Zstar guess =  4.710e-01. Current Zstar:  4.710e-01 (converged=True)
	Change =  4.641e-08
__________________________________________
TF Iteration 350
	μ = -4.529546851e-02, change: 1.087229837e-04 (converged=False)
	φe Err =  3.875e-11, φe change =  1.455e-09
	ne Err =  5.734e-06, ne change =  8.057e-14
	Q =  1.767e-04 ->  1.738e-04, 
	Zstar guess =  4.710e-01. Current Zstar:  4.710e-01 (converged=True)
	Change =  7.688e-05
__________________________________________
TF Iteration 375
	μ = -4.528952790e-02, change: 0.000000000e+00 (converged=True)
	φe Err =  4.090e-11, φe change =  6.046e-09
	ne Err =  5.472e-06, ne change =  7.296e-13
	Q =  6.954e-05 ->  6.962e-05, 
	Zstar guess =  4.710e-01. Current Zstar:  4.710e-01 (converged=True)
	Change =  6.198e-09
__________________________________________
TF Iteration 400
	μ = -4.528176689e-02, change: 6.508961910e-05 (converged=False)
	φe Err =  3.968e-11, φe change =  1.560e-09
	ne Err =  7.792e-06, ne change =  8.100e-14
	Q =  8.049e-05 ->  8.380e-05, 
	Zstar guess =  4.710e-01. Current Zstar:  4.710e-01 (converged=True)
	Change =  4.603e-05
__________________________________________
TF Iteration 425
	μ = -4.527361981e-02, change: 0.000000000e+00 (converged=True)
	φe Err =  3.880e-11, φe change =  1.046e-08
	ne Err =  1.062e-05, ne change =  1.302e-12
	Q =  1.159e-04 ->  1.210e-04, 
	Zstar guess =  4.710e-01. Current Zstar:  4.710e-01 (converged=True)
	Change =  1.066e-08
__________________________________________
TF Iteration 450
	μ = -4.525421612e-02, change: 1.643550647e-04 (converged=False)
	φe Err =  4.103e-11, φe change =  2.034e-09
	ne Err =  1.185e-05, ne change =  7.224e-14
	Q =  1.980e-04 ->  2.056e-04, 
	Zstar guess =  4.710e-01. Current Zstar:  4.710e-01 (converged=True)
	Change =  1.162e-04
__________________________________________
TF Iteration 475
	μ = -4.523712923e-02, change: 0.000000000e+00 (converged=True)
	φe Err =  4.218e-11, φe change =  2.068e-08
	ne Err =  1.027e-05, ne change =  2.729e-12
	Q =  2.175e-04 ->  2.235e-04, 
	Zstar guess =  4.710e-01. Current Zstar:  4.710e-01 (converged=True)
	Change =  2.228e-08
__________________________________________
TF Iteration 500
	μ = -4.520977187e-02, change: 1.988311292e-04 (converged=False)
	φe Err =  4.028e-11, φe change =  1.604e-09
	ne Err =  7.463e-06, ne change =  1.411e-13
	Q =  2.519e-04 ->  2.578e-04, 
	Zstar guess =  4.710e-01. Current Zstar:  4.710e-01 (converged=True)
	Change =  1.406e-04
__________________________________________
TF Iteration 525
	μ = -4.519323748e-02, change: 0.000000000e+00 (converged=True)
	φe Err =  4.054e-11, φe change =  1.879e-08
	ne Err =  4.544e-06, ne change =  2.491e-12
	Q =  1.941e-04 ->  1.967e-04, 
	Zstar guess =  4.710e-01. Current Zstar:  4.710e-01 (converged=True)
	Change =  2.060e-08
__________________________________________
TF Iteration 550
	μ = -4.517358838e-02, change: 1.287344575e-04 (converged=False)
	φe Err =  3.811e-11, φe change =  1.145e-09
	ne Err =  2.771e-06, ne change =  1.074e-13
	Q =  1.699e-04 ->  1.724e-04, 
	Zstar guess =  4.710e-01. Current Zstar:  4.710e-01 (converged=True)
	Change =  9.104e-05
__________________________________________
TF Iteration 575
	μ = -4.516407502e-02, change: 0.000000000e+00 (converged=True)
	φe Err =  3.997e-11, φe change =  1.049e-08
	ne Err =  1.429e-06, ne change =  1.388e-12
	Q =  1.078e-04 ->  1.084e-04, 
	Zstar guess =  4.710e-01. Current Zstar:  4.710e-01 (converged=True)
	Change =  1.156e-08
__________________________________________
TF Iteration 600
	μ = -4.515432936e-02, change: 6.039588908e-05 (converged=False)
	φe Err =  4.037e-11, φe change =  5.777e-10
	ne Err =  8.827e-07, ne change =  5.433e-14
	Q =  8.164e-05 ->  8.242e-05, 
	Zstar guess =  4.710e-01. Current Zstar:  4.710e-01 (converged=True)
	Change =  4.271e-05
__________________________________________
TF Iteration 625
	μ = -4.515012598e-02, change: 0.000000000e+00 (converged=True)
	φe Err =  3.949e-11, φe change =  4.553e-09
	ne Err =  4.066e-07, ne change =  6.017e-13
	Q =  4.680e-05 ->  4.690e-05, 
	Zstar guess =  4.710e-01. Current Zstar:  4.710e-01 (converged=True)
	Change =  5.024e-09
__________________________________________
TF Iteration 650
	μ = -4.514613560e-02, change: 2.402636721e-05 (converged=False)
	φe Err =  3.963e-11, φe change =  2.393e-10
	ne Err =  2.757e-07, ne change =  2.140e-14
	Q =  3.290e-05 ->  3.313e-05, 
	Zstar guess =  4.710e-01. Current Zstar:  4.710e-01 (converged=True)
	Change =  1.699e-05
__________________________________________
TF Iteration 675
	μ = -4.514451385e-02, change: 0.000000000e+00 (converged=True)
	φe Err =  3.952e-11, φe change =  1.745e-09
	ne Err =  1.135e-07, ne change =  2.327e-13
	Q =  1.790e-05 ->  1.790e-05, 
	Zstar guess =  4.710e-01. Current Zstar:  4.710e-01 (converged=True)
	Change =  1.926e-09
__________________________________________
TF Iteration 700
	μ = -4.514303431e-02, change: 8.771617757e-06 (converged=True)
	φe Err =  3.949e-11, φe change =  9.033e-11
	ne Err =  8.698e-08, ne change =  9.099e-15
	Q =  1.209e-05 ->  1.216e-05, 
	Zstar guess =  4.710e-01. Current Zstar:  4.710e-01 (converged=True)
	Change =  6.203e-06
__________________________________________
TF Iteration 725
	μ = -4.514245202e-02, change: 0.000000000e+00 (converged=True)
	φe Err =  3.935e-11, φe change =  6.245e-10
	ne Err =  3.178e-08, ne change =  8.256e-14
	Q =  6.394e-06 ->  6.387e-06, 
	Zstar guess =  4.710e-01. Current Zstar:  4.710e-01 (converged=True)
	Change =  6.897e-10
__________________________________________
TF Iteration 750
	μ = -4.514193253e-02, change: 3.052486946e-06 (converged=True)
	φe Err =  4.006e-11, φe change =  3.779e-11
	ne Err =  2.767e-08, ne change =  5.445e-15
	Q =  4.225e-06 ->  4.246e-06, 
	Zstar guess =  4.710e-01. Current Zstar:  4.710e-01 (converged=True)
	Change =  2.158e-06
__________________________________________
TF Iteration 775
	μ = -4.514173176e-02, change: 0.000000000e+00 (converged=True)
	φe Err =  3.886e-11, φe change =  2.133e-10
	ne Err =  9.080e-09, ne change =  2.792e-14
	Q =  2.199e-06 ->  2.195e-06, 
	Zstar guess =  4.710e-01. Current Zstar:  4.710e-01 (converged=True)
	Change =  2.357e-10
__________________________________________
TF Iteration 800
	μ = -4.514155478e-02, change: 1.035079024e-06 (converged=True)
	φe Err =  4.092e-11, φe change =  9.975e-12
	ne Err =  8.908e-09, ne change =  2.371e-15
	Q =  1.435e-06 ->  1.442e-06, 
	Zstar guess =  4.710e-01. Current Zstar:  4.710e-01 (converged=True)
	Change =  7.319e-07
__________________________________________
TF Iteration 825
	μ = -4.514148702e-02, change: 0.000000000e+00 (converged=True)
	φe Err =  4.033e-11, φe change =  7.308e-11
	ne Err =  2.694e-09, ne change =  1.068e-14
	Q =  7.409e-07 ->  7.394e-07, 
	Zstar guess =  4.710e-01. Current Zstar:  4.710e-01 (converged=True)
	Change =  8.069e-11
__________________________________________
TF Iteration 850
	μ = -4.514142762e-02, change: 3.467328586e-07 (converged=True)
	φe Err =  4.136e-11, φe change =  9.537e-12
	ne Err =  2.906e-09, ne change =  3.396e-15
	Q =  4.811e-07 ->  4.832e-07, 
	Zstar guess =  4.710e-01. Current Zstar:  4.710e-01 (converged=True)
	Change =  2.452e-07
__________________________________________
TF Iteration 875
	μ = -4.514140496e-02, change: 0.000000000e+00 (converged=True)
	φe Err =  4.067e-11, φe change =  2.494e-11
	ne Err =  8.448e-10, ne change =  3.817e-15
	Q =  2.477e-07 ->  2.472e-07, 
	Zstar guess =  4.710e-01. Current Zstar:  4.710e-01 (converged=True)
	Change =  2.748e-11
__________________________________________
TF Iteration 900
	μ = -4.514138509e-02, change: 1.159936568e-07 (converged=True)
	φe Err =  3.961e-11, φe change =  3.322e-12
	ne Err =  9.660e-10, ne change =  5.021e-16
	Q =  1.609e-07 ->  1.616e-07, 
	Zstar guess =  4.710e-01. Current Zstar:  4.710e-01 (converged=True)
	Change =  8.202e-08
__________________________________________
TF Iteration 925
	μ = -4.514137750e-02, change: 0.000000000e+00 (converged=True)
	φe Err =  4.138e-11, φe change =  7.702e-12
	ne Err =  2.839e-10, ne change =  1.169e-15
	Q =  8.300e-08 ->  8.283e-08, 
	Zstar guess =  4.710e-01. Current Zstar:  4.710e-01 (converged=True)
	Change =  6.504e-12
__________________________________________
TF Iteration 950
	μ = -4.514137082e-02, change: 3.909124724e-08 (converged=True)
	φe Err =  3.861e-11, φe change =  8.730e-12
	ne Err =  3.290e-10, ne change =  1.430e-15
	Q =  5.413e-08 ->  5.438e-08, 
	Zstar guess =  4.710e-01. Current Zstar:  4.710e-01 (converged=True)
	Change =  2.765e-08
__________________________________________
TF Iteration 975
	μ = -4.514136825e-02, change: 0.000000000e+00 (converged=True)
	φe Err =  3.973e-11, φe change =  2.508e-12
	ne Err =  1.020e-10, ne change =  3.957e-16
	Q =  2.809e-08 ->  2.805e-08, 
	Zstar guess =  4.710e-01. Current Zstar:  4.710e-01 (converged=True)
	Change =  2.057e-12
__________________________________________
TF Iteration 977
	μ = -4.514136825e-02, change: 0.000000000e+00 (converged=True)
	φe Err =  3.939e-11, φe change =  7.889e-12
	ne Err =  9.917e-11, ne change =  3.390e-15
	Q =  2.805e-08 ->  2.803e-08, 
	Zstar guess =  4.710e-01. Current Zstar:  4.710e-01 (converged=True)
	Change =  4.146e-12
	-------------------
	Solving IET.
0: Initial condition Total Error: 9.056e-01
Exiting status 0, reverting to best index so far: 342
Final iter:343, Total Error: 9.596e-13
	-------------------
	Solving IET.
0: Initial condition Total Error: 9.545e-01
Exiting status 0, reverting to best index so far: 262
Final iter:263, Total Error: 9.579e-13
Time to solve CS model: 2.548e+02 [s], time so far: 2.557e+02 [s]
CS model saved.
Ee_pot_density = -1.186e-01 [au], Ee_K = 6.052e-02 [au], Ee_tot = -5.805e-02 [au]
P_e = 1.134e-07 [au], 3.336e-05 [Mbar]
Virial if 6.541e+02 = 6.408e+02 --->  off by 2.086e+00 % 

βEe_pot/Z = -5108.498, βEe_K/Z = 2607.531, βEe_tot/Z = -2500.967
βP_e Ω/Z = 0.005
