
===========================================
===========================================
Starting case: Ar: Te = 1.341 eV, Ti = 1.341 eV 

T[K]:  15557.344913306606
________________________
Generating NPA
T:  0.049267154859329566
Using More TF fit for initial Zstar = 0.907
	Intializing grid
Initializing, True
Initializing
	Creating Integral Equation Solver
Intialized Potentials and Densities
Initialized
Time to setup correlation sphere (IS) model: 1.771e+00 [s], time so far: 1.771e+00 [s]
Beginning self-consistent electron solver.
_________________________________
__________________________________________
TF Iteration 0
	μ = -1.885227851e+00, change: 1.274315604e+01 (converged=False)
	φe Err =  3.939e-11, φe change =  9.804e-01
	ne Err =  1.115e-01, ne change =  2.111e-04
	Q =  0.000e+00 -> -3.146e+01, 
	Zstar guess =  9.075e-01. Current Zstar:  9.075e-01 (converged=True)
	Change =  1.901e+00
__________________________________________
TF Iteration 1
	μ = -1.885227851e+00, change: 0.000000000e+00 (converged=True)
	φe Err =  4.235e-11, φe change =  6.698e-02
	ne Err =  2.007e-01, ne change =  1.536e-04
	Q = -3.146e+01 -> -2.296e+01, 
	Zstar guess =  9.075e-01. Current Zstar:  9.075e-01 (converged=True)
	Change =  7.502e-02
__________________________________________
TF Iteration 2
	μ = -1.885227851e+00, change: 0.000000000e+00 (converged=True)
	φe Err =  3.920e-11, φe change =  1.570e-02
	ne Err =  1.443e-01, ne change =  1.259e-04
	Q = -2.296e+01 -> -1.631e+01, 
	Zstar guess =  9.075e-01. Current Zstar:  9.075e-01 (converged=True)
	Change =  1.552e-02
__________________________________________
TF Iteration 3
	μ = -1.885227851e+00, change: 0.000000000e+00 (converged=True)
	φe Err =  4.021e-11, φe change =  1.915e-02
	ne Err =  9.360e-02, ne change =  1.042e-04
	Q = -1.631e+01 -> -1.129e+01, 
	Zstar guess =  9.075e-01. Current Zstar:  9.075e-01 (converged=True)
	Change =  2.072e-02
__________________________________________
TF Iteration 4
	μ = -1.885227851e+00, change: 0.000000000e+00 (converged=True)
	φe Err =  4.027e-11, φe change =  1.300e-02
	ne Err =  6.670e-02, ne change =  8.554e-05
	Q = -1.129e+01 -> -7.582e+00, 
	Zstar guess =  9.075e-01. Current Zstar:  9.075e-01 (converged=True)
	Change =  1.455e-02
__________________________________________
TF Iteration 5
	μ = -1.885227851e+00, change: 0.000000000e+00 (converged=True)
	φe Err =  3.987e-11, φe change =  6.465e-03
	ne Err =  5.721e-02, ne change =  6.938e-05
	Q = -7.582e+00 -> -4.881e+00, 
	Zstar guess =  9.075e-01. Current Zstar:  9.075e-01 (converged=True)
	Change =  7.377e-03
__________________________________________
TF Iteration 6
	μ = -1.885227851e+00, change: 0.000000000e+00 (converged=True)
	φe Err =  4.080e-11, φe change =  2.512e-03
	ne Err =  5.112e-02, ne change =  5.562e-05
	Q = -4.881e+00 -> -2.900e+00, 
	Zstar guess =  9.075e-01. Current Zstar:  9.075e-01 (converged=True)
	Change =  2.220e-03
__________________________________________
TF Iteration 7
	μ = -1.885227851e+00, change: 0.000000000e+00 (converged=True)
	φe Err =  3.906e-11, φe change =  2.034e-03
	ne Err =  4.350e-02, ne change =  4.421e-05
	Q = -2.900e+00 -> -1.419e+00, 
	Zstar guess =  9.075e-01. Current Zstar:  9.075e-01 (converged=True)
	Change =  5.842e-04
__________________________________________
TF Iteration 8
	μ = -1.885227851e+00, change: 0.000000000e+00 (converged=True)
	φe Err =  4.159e-11, φe change =  2.198e-03
	ne Err =  3.528e-02, ne change =  3.499e-05
	Q = -1.419e+00 -> -2.856e-01, 
	Zstar guess =  9.075e-01. Current Zstar:  9.075e-01 (converged=True)
	Change =  1.484e-03
__________________________________________
TF Iteration 9
	μ = -1.885227851e+00, change: 0.000000000e+00 (converged=True)
	φe Err =  4.073e-11, φe change =  1.912e-03
	ne Err =  2.788e-02, ne change =  2.765e-05
	Q = -2.856e-01 ->  5.961e-01, 
	Zstar guess =  9.075e-01. Current Zstar:  9.075e-01 (converged=True)
	Change =  1.481e-03
__________________________________________
TF Iteration 25
	μ = -7.823939153e-01, change: 0.000000000e+00 (converged=True)
	φe Err =  4.009e-11, φe change =  3.047e-04
	ne Err =  1.800e-03, ne change =  6.981e-07
	Q =  2.100e+00 ->  2.123e+00, 
	Zstar guess =  9.075e-01. Current Zstar:  9.075e-01 (converged=True)
	Change =  3.185e-04
__________________________________________
TF Iteration 50
	μ = -3.324914280e-01, change: 2.186681901e-01 (converged=False)
	φe Err =  3.937e-11, φe change =  1.733e-06
	ne Err =  1.130e-02, ne change =  5.879e-09
	Q =  1.347e+00 ->  1.346e+00, 
	Zstar guess =  9.075e-01. Current Zstar:  9.075e-01 (converged=True)
	Change =  1.723e-01
__________________________________________
TF Iteration 75
	μ = -2.321871570e-01, change: 0.000000000e+00 (converged=True)
	φe Err =  4.207e-11, φe change =  6.578e-05
	ne Err =  3.177e-04, ne change =  3.779e-09
	Q =  6.087e-01 ->  6.029e-01, 
	Zstar guess =  9.075e-01. Current Zstar:  9.075e-01 (converged=True)
	Change =  7.030e-05
__________________________________________
TF Iteration 100
	μ = -1.814346730e-01, change: 5.201359903e-02 (converged=False)
	φe Err =  3.984e-11, φe change =  8.796e-07
	ne Err =  1.294e-03, ne change =  4.245e-10
	Q =  2.775e-01 ->  2.763e-01, 
	Zstar guess =  9.075e-01. Current Zstar:  9.075e-01 (converged=True)
	Change =  3.775e-02
__________________________________________
TF Iteration 125
	μ = -1.712054690e-01, change: 0.000000000e+00 (converged=True)
	φe Err =  3.984e-11, φe change =  8.022e-06
	ne Err =  5.151e-05, ne change =  5.543e-10
	Q =  8.212e-02 ->  8.025e-02, 
	Zstar guess =  9.075e-01. Current Zstar:  9.075e-01 (converged=True)
	Change =  8.604e-06
__________________________________________
TF Iteration 150
	μ = -1.661387063e-01, change: 5.954229091e-03 (converged=False)
	φe Err =  3.872e-11, φe change =  1.234e-07
	ne Err =  1.306e-04, ne change =  4.351e-11
	Q =  3.099e-02 ->  3.082e-02, 
	Zstar guess =  9.075e-01. Current Zstar:  9.075e-01 (converged=True)
	Change =  4.223e-03
__________________________________________
TF Iteration 175
	μ = -1.651129219e-01, change: 0.000000000e+00 (converged=True)
	φe Err =  4.093e-11, φe change =  8.231e-07
	ne Err =  5.495e-06, ne change =  5.701e-11
	Q =  8.529e-03 ->  8.320e-03, 
	Zstar guess =  9.075e-01. Current Zstar:  9.075e-01 (converged=True)
	Change =  8.833e-07
__________________________________________
TF Iteration 200
	μ = -1.646029378e-01, change: 6.090053974e-04 (converged=False)
	φe Err =  3.825e-11, φe change =  1.288e-08
	ne Err =  1.318e-05, ne change =  4.404e-12
	Q =  3.158e-03 ->  3.141e-03, 
	Zstar guess =  9.075e-01. Current Zstar:  9.075e-01 (converged=True)
	Change =  4.308e-04
__________________________________________
TF Iteration 225
	μ = -1.644995611e-01, change: 0.000000000e+00 (converged=True)
	φe Err =  4.070e-11, φe change =  8.301e-08
	ne Err =  5.567e-07, ne change =  5.744e-12
	Q =  8.619e-04 ->  8.406e-04, 
	Zstar guess =  9.075e-01. Current Zstar:  9.075e-01 (converged=True)
	Change =  8.907e-08
__________________________________________
TF Iteration 250
	μ = -1.644483017e-01, change: 6.117325377e-05 (converged=False)
	φe Err =  3.989e-11, φe change =  1.292e-09
	ne Err =  1.323e-06, ne change =  4.462e-13
	Q =  3.174e-04 ->  3.156e-04, 
	Zstar guess =  9.075e-01. Current Zstar:  9.075e-01 (converged=True)
	Change =  4.326e-05
__________________________________________
TF Iteration 275
	μ = -1.644379124e-01, change: 0.000000000e+00 (converged=True)
	φe Err =  4.071e-11, φe change =  8.378e-09
	ne Err =  5.613e-08, ne change =  5.823e-13
	Q =  8.680e-05 ->  8.467e-05, 
	Zstar guess =  9.075e-01. Current Zstar:  9.075e-01 (converged=True)
	Change =  8.992e-09
__________________________________________
TF Iteration 300
	μ = -1.644327335e-01, change: 6.201803524e-06 (converged=True)
	φe Err =  4.103e-11, φe change =  1.329e-10
	ne Err =  1.340e-07, ne change =  4.506e-14
	Q =  3.215e-05 ->  3.197e-05, 
	Zstar guess =  9.075e-01. Current Zstar:  9.075e-01 (converged=True)
	Change =  4.385e-06
__________________________________________
TF Iteration 325
	μ = -1.644316800e-01, change: 0.000000000e+00 (converged=True)
	φe Err =  4.061e-11, φe change =  8.484e-10
	ne Err =  5.691e-09, ne change =  5.903e-14
	Q =  8.802e-06 ->  8.586e-06, 
	Zstar guess =  9.075e-01. Current Zstar:  9.075e-01 (converged=True)
	Change =  9.107e-10
__________________________________________
TF Iteration 350
	μ = -1.644311549e-01, change: 6.289234706e-07 (converged=True)
	φe Err =  3.994e-11, φe change =  1.299e-11
	ne Err =  1.360e-08, ne change =  2.344e-15
	Q =  3.261e-06 ->  3.243e-06, 
	Zstar guess =  9.075e-01. Current Zstar:  9.075e-01 (converged=True)
	Change =  4.447e-07
__________________________________________
TF Iteration 375
	μ = -1.644310480e-01, change: 0.000000000e+00 (converged=True)
	φe Err =  4.123e-11, φe change =  7.961e-11
	ne Err =  5.774e-10, ne change =  3.348e-15
	Q =  8.927e-07 ->  8.708e-07, 
	Zstar guess =  9.075e-01. Current Zstar:  9.075e-01 (converged=True)
	Change =  8.364e-11
__________________________________________
TF Iteration 400
	μ = -1.644310052e-01, change: 0.000000000e+00 (converged=True)
	φe Err =  4.156e-11, φe change =  1.468e-11
	ne Err =  7.890e-11, ne change =  4.737e-15
	Q =  3.331e-07 ->  3.306e-07, 
	Zstar guess =  9.075e-01. Current Zstar:  9.075e-01 (converged=True)
	Change =  5.295e-12
	-------------------
	Solving IET.
0: Initial condition Total Error: 5.506e+00
Exiting status 0, reverting to best index so far: 279
Final iter:280, Total Error: 9.527e-13
	-------------------
	Solving IET.
0: Initial condition Total Error: 5.495e+00
Exiting status 0, reverting to best index so far: 278
Final iter:279, Total Error: 9.796e-13
Time to solve CS model: 1.610e+02 [s], time so far: 1.628e+02 [s]
CS model saved.
Ee_pot_density = -1.186e-01 [au], Ee_K = 6.052e-02 [au], Ee_tot = -5.804e-02 [au]
P_e = 2.415e-06 [au], 7.106e-04 [Mbar]
Virial if 6.541e+02 = 6.407e+02 --->  off by 2.084e+00 % 

βEe_pot/Z = -1444.960, βEe_K/Z = 737.579, βEe_tot/Z = -707.380
βP_e Ω/Z = 0.029
