
===========================================
===========================================
Starting case: Ar: Te = 0.084 eV, Ti = 0.084 eV 

T[K]:  976.5534324270157
________________________
Generating NPA
T:  0.003092559138586697
Using More TF fit for initial Zstar = 0.275
	Intializing grid
Initializing, True
Initializing
	Creating Integral Equation Solver
Intialized Potentials and Densities
Initialized
Time to setup correlation sphere (IS) model: 1.967e+00 [s], time so far: 1.967e+00 [s]
Beginning self-consistent electron solver.
_________________________________
__________________________________________
TF Iteration 0
	μ = -1.296231230e+00, change: 7.552500654e+02 (converged=False)
	φe Err =  3.813e-11, φe change =  9.457e-01
	ne Err =  7.711e-02, ne change =  2.102e-04
	Q =  0.000e+00 -> -1.948e+01, 
	Zstar guess =  2.745e-01. Current Zstar:  2.745e-01 (converged=True)
	Change =  1.935e+00
__________________________________________
TF Iteration 1
	μ = -1.296231230e+00, change: 0.000000000e+00 (converged=True)
	φe Err =  4.240e-11, φe change =  4.859e-02
	ne Err =  1.515e-01, ne change =  1.570e-04
	Q = -1.948e+01 -> -1.362e+01, 
	Zstar guess =  2.745e-01. Current Zstar:  2.745e-01 (converged=True)
	Change =  5.415e-02
__________________________________________
TF Iteration 2
	μ = -1.296231230e+00, change: 0.000000000e+00 (converged=True)
	φe Err =  3.842e-11, φe change =  1.324e-02
	ne Err =  1.025e-01, ne change =  1.280e-04
	Q = -1.362e+01 -> -9.142e+00, 
	Zstar guess =  2.745e-01. Current Zstar:  2.745e-01 (converged=True)
	Change =  1.367e-02
__________________________________________
TF Iteration 3
	μ = -1.296231230e+00, change: 0.000000000e+00 (converged=True)
	φe Err =  3.954e-11, φe change =  1.364e-02
	ne Err =  6.265e-02, ne change =  1.048e-04
	Q = -9.142e+00 -> -5.897e+00, 
	Zstar guess =  2.745e-01. Current Zstar:  2.745e-01 (converged=True)
	Change =  1.497e-02
__________________________________________
TF Iteration 4
	μ = -1.296231230e+00, change: 0.000000000e+00 (converged=True)
	φe Err =  4.055e-11, φe change =  7.596e-03
	ne Err =  4.647e-02, ne change =  8.510e-05
	Q = -5.897e+00 -> -3.619e+00, 
	Zstar guess =  2.745e-01. Current Zstar:  2.745e-01 (converged=True)
	Change =  8.619e-03
__________________________________________
TF Iteration 5
	μ = -1.296231230e+00, change: 0.000000000e+00 (converged=True)
	φe Err =  4.032e-11, φe change =  2.731e-03
	ne Err =  4.128e-02, ne change =  6.836e-05
	Q = -3.619e+00 -> -2.025e+00, 
	Zstar guess =  2.745e-01. Current Zstar:  2.745e-01 (converged=True)
	Change =  2.955e-03
__________________________________________
TF Iteration 6
	μ = -1.296231230e+00, change: 0.000000000e+00 (converged=True)
	φe Err =  4.146e-11, φe change =  1.591e-03
	ne Err =  3.558e-02, ne change =  5.447e-05
	Q = -2.025e+00 -> -8.763e-01, 
	Zstar guess =  2.745e-01. Current Zstar:  2.745e-01 (converged=True)
	Change =  3.649e-04
__________________________________________
TF Iteration 7
	μ = -1.296231230e+00, change: 0.000000000e+00 (converged=True)
	φe Err =  3.793e-11, φe change =  1.945e-03
	ne Err =  2.870e-02, ne change =  4.323e-05
	Q = -8.763e-01 -> -1.601e-02, 
	Zstar guess =  2.745e-01. Current Zstar:  2.745e-01 (converged=True)
	Change =  1.452e-03
__________________________________________
TF Iteration 8
	μ = -1.296231230e+00, change: 0.000000000e+00 (converged=True)
	φe Err =  4.115e-11, φe change =  1.723e-03
	ne Err =  2.234e-02, ne change =  3.426e-05
	Q = -1.601e-02 ->  6.474e-01, 
	Zstar guess =  2.745e-01. Current Zstar:  2.745e-01 (converged=True)
	Change =  1.456e-03
__________________________________________
TF Iteration 9
	μ = -1.296231230e+00, change: 0.000000000e+00 (converged=True)
	φe Err =  4.085e-11, φe change =  1.279e-03
	ne Err =  1.729e-02, ne change =  2.718e-05
	Q =  6.474e-01 ->  1.166e+00, 
	Zstar guess =  2.745e-01. Current Zstar:  2.745e-01 (converged=True)
	Change =  1.109e-03
__________________________________________
TF Iteration 25
	μ = -5.899077516e-01, change: 0.000000000e+00 (converged=True)
	φe Err =  4.233e-11, φe change =  2.418e-04
	ne Err =  1.502e-03, ne change =  7.238e-07
	Q =  1.762e+00 ->  1.774e+00, 
	Zstar guess =  2.745e-01. Current Zstar:  2.745e-01 (converged=True)
	Change =  2.538e-04
__________________________________________
TF Iteration 50
	μ = -2.347876640e-01, change: 2.513901743e-01 (converged=False)
	φe Err =  4.011e-11, φe change =  1.963e-06
	ne Err =  1.024e-02, ne change =  5.353e-09
	Q =  1.096e+00 ->  1.094e+00, 
	Zstar guess =  2.745e-01. Current Zstar:  2.745e-01 (converged=True)
	Change =  2.012e-01
__________________________________________
TF Iteration 75
	μ = -1.384522696e-01, change: 0.000000000e+00 (converged=True)
	φe Err =  4.247e-11, φe change =  5.332e-05
	ne Err =  7.754e-04, ne change =  2.478e-09
	Q =  5.208e-01 ->  5.177e-01, 
	Zstar guess =  2.745e-01. Current Zstar:  2.745e-01 (converged=True)
	Change =  5.618e-05
__________________________________________
TF Iteration 100
	μ = -7.018971644e-02, change: 1.912329732e-01 (converged=False)
	φe Err =  4.060e-11, φe change =  7.553e-07
	ne Err =  2.536e-03, ne change =  4.991e-10
	Q =  3.018e-01 ->  3.006e-01, 
	Zstar guess =  2.745e-01. Current Zstar:  2.745e-01 (converged=True)
	Change =  1.487e-01
__________________________________________
TF Iteration 125
	μ = -4.833037151e-02, change: 0.000000000e+00 (converged=True)
	φe Err =  4.086e-11, φe change =  1.287e-05
	ne Err =  4.996e-04, ne change =  1.091e-09
	Q =  1.424e-01 ->  1.412e-01, 
	Zstar guess =  2.745e-01. Current Zstar:  2.745e-01 (converged=True)
	Change =  1.364e-05
__________________________________________
TF Iteration 150
	μ = -3.251267168e-02, change: 1.028100230e-01 (converged=False)
	φe Err =  4.212e-11, φe change =  3.562e-07
	ne Err =  7.621e-04, ne change =  8.045e-11
	Q =  7.769e-02 ->  7.686e-02, 
	Zstar guess =  2.745e-01. Current Zstar:  2.745e-01 (converged=True)
	Change =  7.653e-02
__________________________________________
TF Iteration 175
	μ = -2.750545736e-02, change: 0.000000000e+00 (converged=True)
	φe Err =  4.202e-11, φe change =  3.649e-06
	ne Err =  2.622e-04, ne change =  3.907e-10
	Q =  3.696e-02 ->  3.696e-02, 
	Zstar guess =  2.745e-01. Current Zstar:  2.745e-01 (converged=True)
	Change =  3.940e-06
__________________________________________
TF Iteration 200
	μ = -2.257321362e-02, change: 5.816042321e-02 (converged=False)
	φe Err =  4.027e-11, φe change =  1.321e-07
	ne Err =  2.156e-04, ne change =  3.394e-11
	Q =  2.697e-02 ->  2.701e-02, 
	Zstar guess =  2.745e-01. Current Zstar:  2.745e-01 (converged=True)
	Change =  4.234e-02
__________________________________________
TF Iteration 225
	μ = -2.032748979e-02, change: 0.000000000e+00 (converged=True)
	φe Err =  3.891e-11, φe change =  2.039e-06
	ne Err =  1.109e-05, ne change =  2.122e-10
	Q =  1.738e-02 ->  1.748e-02, 
	Zstar guess =  2.745e-01. Current Zstar:  2.745e-01 (converged=True)
	Change =  2.246e-06
__________________________________________
TF Iteration 250
	μ = -1.789407840e-02, change: 3.838915910e-02 (converged=False)
	φe Err =  4.102e-11, φe change =  1.351e-07
	ne Err =  1.079e-04, ne change =  1.696e-11
	Q =  1.389e-02 ->  1.393e-02, 
	Zstar guess =  2.745e-01. Current Zstar:  2.745e-01 (converged=True)
	Change =  2.767e-02
__________________________________________
TF Iteration 275
	μ = -1.668540769e-02, change: 0.000000000e+00 (converged=True)
	φe Err =  4.060e-11, φe change =  1.281e-06
	ne Err =  8.593e-06, ne change =  1.310e-10
	Q =  9.769e-03 ->  9.854e-03, 
	Zstar guess =  2.745e-01. Current Zstar:  2.745e-01 (converged=True)
	Change =  1.419e-06
__________________________________________
TF Iteration 300
	μ = -1.528491987e-02, change: 2.681341402e-02 (converged=False)
	φe Err =  3.967e-11, φe change =  1.114e-07
	ne Err =  6.279e-05, ne change =  9.931e-12
	Q =  8.300e-03 ->  8.330e-03, 
	Zstar guess =  2.745e-01. Current Zstar:  2.745e-01 (converged=True)
	Change =  1.922e-02
__________________________________________
TF Iteration 325
	μ = -1.464857174e-02, change: 0.000000000e+00 (converged=True)
	φe Err =  4.139e-11, φe change =  4.470e-07
	ne Err =  3.733e-04, ne change =  3.722e-11
	Q =  4.131e-03 ->  3.291e-03, 
	Zstar guess =  2.745e-01. Current Zstar:  2.745e-01 (converged=True)
	Change =  3.688e-07
__________________________________________
TF Iteration 350
	μ = -1.842103810e-02, change: 9.871121135e-02 (converged=False)
	φe Err =  4.030e-11, φe change =  5.508e-07
	ne Err =  5.312e-04, ne change =  1.423e-11
	Q = -2.822e-02 -> -2.926e-02, 
	Zstar guess =  2.745e-01. Current Zstar:  2.745e-01 (converged=True)
	Change =  6.644e-02
__________________________________________
TF Iteration 375
	μ = -2.152160024e-02, change: 0.000000000e+00 (converged=True)
	φe Err =  4.036e-11, φe change =  3.039e-06
	ne Err =  5.597e-05, ne change =  3.094e-10
	Q = -2.587e-02 -> -2.612e-02, 
	Zstar guess =  2.745e-01. Current Zstar:  2.745e-01 (converged=True)
	Change =  3.354e-06
__________________________________________
TF Iteration 400
	μ = -2.499475755e-02, change: 4.153488401e-02 (converged=False)
	φe Err =  4.044e-11, φe change =  1.600e-07
	ne Err =  1.548e-04, ne change =  2.557e-11
	Q = -2.049e-02 -> -2.054e-02, 
	Zstar guess =  2.745e-01. Current Zstar:  2.745e-01 (converged=True)
	Change =  2.877e-02
__________________________________________
TF Iteration 425
	μ = -2.657313087e-02, change: 0.000000000e+00 (converged=True)
	φe Err =  4.038e-11, φe change =  1.292e-06
	ne Err =  6.608e-06, ne change =  1.388e-10
	Q = -1.256e-02 -> -1.259e-02, 
	Zstar guess =  2.745e-01. Current Zstar:  2.745e-01 (converged=True)
	Change =  1.414e-06
__________________________________________
TF Iteration 450
	μ = -2.813945644e-02, change: 1.570107738e-02 (converged=False)
	φe Err =  4.058e-11, φe change =  4.157e-08
	ne Err =  6.820e-05, ne change =  1.115e-11
	Q = -8.999e-03 -> -9.009e-03, 
	Zstar guess =  2.745e-01. Current Zstar:  2.745e-01 (converged=True)
	Change =  1.102e-02
__________________________________________
TF Iteration 475
	μ = -2.880948492e-02, change: 0.000000000e+00 (converged=True)
	φe Err =  4.215e-11, φe change =  5.183e-07
	ne Err =  2.816e-06, ne change =  5.668e-11
	Q = -5.263e-03 -> -5.268e-03, 
	Zstar guess =  2.745e-01. Current Zstar:  2.745e-01 (converged=True)
	Change =  5.654e-07
__________________________________________
TF Iteration 500
	μ = -2.945494638e-02, change: 6.061780481e-03 (converged=False)
	φe Err =  4.185e-11, φe change =  1.332e-08
	ne Err =  2.790e-05, ne change =  4.558e-12
	Q = -3.677e-03 -> -3.680e-03, 
	Zstar guess =  2.745e-01. Current Zstar:  2.745e-01 (converged=True)
	Change =  4.273e-03
__________________________________________
TF Iteration 525
	μ = -2.972586252e-02, change: 0.000000000e+00 (converged=True)
	φe Err =  4.135e-11, φe change =  2.054e-07
	ne Err =  1.151e-06, ne change =  2.259e-11
	Q = -2.118e-03 -> -2.119e-03, 
	Zstar guess =  2.745e-01. Current Zstar:  2.745e-01 (converged=True)
	Change =  2.238e-07
__________________________________________
TF Iteration 550
	μ = -2.998417069e-02, change: 2.366522939e-03 (converged=False)
	φe Err =  3.970e-11, φe change =  4.866e-09
	ne Err =  1.114e-05, ne change =  1.818e-12
	Q = -1.468e-03 -> -1.468e-03, 
	Zstar guess =  2.745e-01. Current Zstar:  2.745e-01 (converged=True)
	Change =  1.671e-03
__________________________________________
TF Iteration 575
	μ = -3.009183723e-02, change: 0.000000000e+00 (converged=True)
	φe Err =  3.943e-11, φe change =  8.104e-08
	ne Err =  4.599e-07, ne change =  8.937e-12
	Q = -8.405e-04 -> -8.407e-04, 
	Zstar guess =  2.745e-01. Current Zstar:  2.745e-01 (converged=True)
	Change =  8.825e-08
__________________________________________
TF Iteration 600
	μ = -3.019408889e-02, change: 9.275058908e-04 (converged=False)
	φe Err =  3.986e-11, φe change =  1.839e-09
	ne Err =  4.405e-06, ne change =  7.163e-13
	Q = -5.802e-04 -> -5.805e-04, 
	Zstar guess =  2.745e-01. Current Zstar:  2.745e-01 (converged=True)
	Change =  6.555e-04
__________________________________________
TF Iteration 625
	μ = -3.023662660e-02, change: 0.000000000e+00 (converged=True)
	φe Err =  4.055e-11, φe change =  3.187e-08
	ne Err =  1.821e-07, ne change =  3.518e-12
	Q = -3.317e-04 -> -3.318e-04, 
	Zstar guess =  2.745e-01. Current Zstar:  2.745e-01 (converged=True)
	Change =  3.470e-08
__________________________________________
TF Iteration 650
	μ = -3.027693219e-02, change: 3.640697651e-04 (converged=False)
	φe Err =  3.910e-11, φe change =  7.073e-10
	ne Err =  1.735e-06, ne change =  2.841e-13
	Q = -2.285e-04 -> -2.286e-04, 
	Zstar guess =  2.745e-01. Current Zstar:  2.745e-01 (converged=True)
	Change =  2.574e-04
__________________________________________
TF Iteration 675
	μ = -3.029366403e-02, change: 0.000000000e+00 (converged=True)
	φe Err =  4.093e-11, φe change =  1.255e-08
	ne Err =  7.171e-08, ne change =  1.384e-12
	Q = -1.305e-04 -> -1.305e-04, 
	Zstar guess =  2.745e-01. Current Zstar:  2.745e-01 (converged=True)
	Change =  1.366e-08
__________________________________________
TF Iteration 700
	μ = -3.030952711e-02, change: 1.431591015e-04 (converged=False)
	φe Err =  4.031e-11, φe change =  2.806e-10
	ne Err =  6.831e-07, ne change =  1.130e-13
	Q = -8.997e-05 -> -9.001e-05, 
	Zstar guess =  2.745e-01. Current Zstar:  2.745e-01 (converged=True)
	Change =  1.012e-04
__________________________________________
TF Iteration 725
	μ = -3.031611749e-02, change: 0.000000000e+00 (converged=True)
	φe Err =  4.123e-11, φe change =  4.951e-09
	ne Err =  2.823e-08, ne change =  5.491e-13
	Q = -5.141e-05 -> -5.142e-05, 
	Zstar guess =  2.745e-01. Current Zstar:  2.745e-01 (converged=True)
	Change =  5.391e-09
__________________________________________
TF Iteration 750
	μ = -3.032236859e-02, change: 5.639477436e-05 (converged=False)
	φe Err =  4.162e-11, φe change =  1.097e-10
	ne Err =  2.692e-07, ne change =  4.581e-14
	Q = -3.546e-05 -> -3.547e-05, 
	Zstar guess =  2.745e-01. Current Zstar:  2.745e-01 (converged=True)
	Change =  3.988e-05
__________________________________________
TF Iteration 775
	μ = -3.032496648e-02, change: 0.000000000e+00 (converged=True)
	φe Err =  3.834e-11, φe change =  1.949e-09
	ne Err =  1.112e-08, ne change =  2.175e-13
	Q = -2.027e-05 -> -2.027e-05, 
	Zstar guess =  2.745e-01. Current Zstar:  2.745e-01 (converged=True)
	Change =  2.122e-09
__________________________________________
TF Iteration 800
	μ = -3.032743109e-02, change: 2.223166532e-05 (converged=False)
	φe Err =  3.886e-11, φe change =  4.193e-11
	ne Err =  1.061e-07, ne change =  1.344e-14
	Q = -1.398e-05 -> -1.399e-05, 
	Zstar guess =  2.745e-01. Current Zstar:  2.745e-01 (converged=True)
	Change =  1.572e-05
__________________________________________
TF Iteration 825
	μ = -3.032845549e-02, change: 0.000000000e+00 (converged=True)
	φe Err =  4.101e-11, φe change =  7.707e-10
	ne Err =  4.386e-09, ne change =  8.677e-14
	Q = -7.992e-06 -> -7.993e-06, 
	Zstar guess =  2.745e-01. Current Zstar:  2.745e-01 (converged=True)
	Change =  8.392e-10
__________________________________________
TF Iteration 850
	μ = -3.032942741e-02, change: 8.766551110e-06 (converged=True)
	φe Err =  3.785e-11, φe change =  1.658e-11
	ne Err =  4.186e-08, ne change =  3.658e-15
	Q = -5.514e-06 -> -5.516e-06, 
	Zstar guess =  2.745e-01. Current Zstar:  2.745e-01 (converged=True)
	Change =  6.199e-06
__________________________________________
TF Iteration 875
	μ = -3.032983140e-02, change: 0.000000000e+00 (converged=True)
	φe Err =  4.057e-11, φe change =  2.956e-10
	ne Err =  1.730e-09, ne change =  2.792e-14
	Q = -3.152e-06 -> -3.152e-06, 
	Zstar guess =  2.745e-01. Current Zstar:  2.745e-01 (converged=True)
	Change =  3.217e-10
__________________________________________
TF Iteration 900
	μ = -3.033021470e-02, change: 3.457279612e-06 (converged=True)
	φe Err =  3.992e-11, φe change =  7.518e-12
	ne Err =  1.651e-08, ne change =  3.260e-15
	Q = -2.174e-06 -> -2.175e-06, 
	Zstar guess =  2.745e-01. Current Zstar:  2.745e-01 (converged=True)
	Change =  2.445e-06
__________________________________________
TF Iteration 925
	μ = -3.033037403e-02, change: 0.000000000e+00 (converged=True)
	φe Err =  4.231e-11, φe change =  1.205e-10
	ne Err =  6.822e-10, ne change =  1.389e-14
	Q = -1.243e-06 -> -1.243e-06, 
	Zstar guess =  2.745e-01. Current Zstar:  2.745e-01 (converged=True)
	Change =  1.311e-10
__________________________________________
TF Iteration 950
	μ = -3.033052520e-02, change: 1.363512115e-06 (converged=True)
	φe Err =  4.158e-11, φe change =  5.111e-12
	ne Err =  6.511e-09, ne change =  1.116e-15
	Q = -8.576e-07 -> -8.580e-07, 
	Zstar guess =  2.745e-01. Current Zstar:  2.745e-01 (converged=True)
	Change =  9.642e-07
__________________________________________
TF Iteration 975
	μ = -3.033058804e-02, change: 0.000000000e+00 (converged=True)
	φe Err =  3.994e-11, φe change =  4.478e-11
	ne Err =  2.691e-10, ne change =  5.231e-15
	Q = -4.903e-07 -> -4.903e-07, 
	Zstar guess =  2.745e-01. Current Zstar:  2.745e-01 (converged=True)
	Change =  4.847e-11
__________________________________________
TF Iteration 1000
	μ = -3.033063135e-02, change: 0.000000000e+00 (converged=True)
	φe Err =  4.180e-11, φe change =  2.068e-12
	ne Err =  8.769e-11, ne change =  1.419e-15
	Q = -3.380e-07 -> -3.382e-07, 
	Zstar guess =  2.745e-01. Current Zstar:  2.745e-01 (converged=True)
	Change =  1.955e-12
	-------------------
	Solving IET.
0: Initial condition Total Error: 4.641e-01
Exiting status 0, reverting to best index so far: 709
Final iter:710, Total Error: 9.965e-13
	-------------------
	Solving IET.
0: Initial condition Total Error: 1.219e+00
Exiting status 0, reverting to best index so far: 316
Final iter:317, Total Error: 9.621e-13
Time to solve CS model: 2.434e+02 [s], time so far: 2.454e+02 [s]
CS model saved.
Ee_pot_density = -1.186e-01 [au], Ee_K = 6.049e-02 [au], Ee_tot = -5.808e-02 [au]
P_e = 3.717e-12 [au], 1.093e-09 [Mbar]
Virial if 6.538e+02 = 6.408e+02 --->  off by 2.033e+00 % 

βEe_pot/Z = -23022.604, βEe_K/Z = 11745.359, βEe_tot/Z = -11277.245
βP_e Ω/Z = 0.000
