
===========================================
===========================================
Starting case: Ar: Te = 1.104 eV, Ti = 1.104 eV 

T[K]:  12810.550660275081
________________________
Generating NPA
T:  0.04056857945427622
Using More TF fit for initial Zstar = 0.814
	Intializing grid
Initializing, True
Initializing
	Creating Integral Equation Solver
Intialized Potentials and Densities
Initialized
Time to setup correlation sphere (IS) model: 1.786e+00 [s], time so far: 1.787e+00 [s]
Beginning self-consistent electron solver.
_________________________________
__________________________________________
TF Iteration 0
	μ = -1.840957026e+00, change: 1.647083247e+01 (converged=False)
	φe Err =  3.827e-11, φe change =  9.787e-01
	ne Err =  1.127e-01, ne change =  2.111e-04
	Q =  0.000e+00 -> -3.232e+01, 
	Zstar guess =  8.140e-01. Current Zstar:  8.140e-01 (converged=True)
	Change =  1.915e+00
__________________________________________
TF Iteration 1
	μ = -1.840957026e+00, change: 0.000000000e+00 (converged=True)
	φe Err =  4.340e-11, φe change =  6.672e-02
	ne Err =  2.008e-01, ne change =  1.536e-04
	Q = -3.232e+01 -> -2.364e+01, 
	Zstar guess =  8.140e-01. Current Zstar:  8.140e-01 (converged=True)
	Change =  7.472e-02
__________________________________________
TF Iteration 2
	μ = -1.840957026e+00, change: 0.000000000e+00 (converged=True)
	φe Err =  4.191e-11, φe change =  1.563e-02
	ne Err =  1.444e-01, ne change =  1.259e-04
	Q = -2.364e+01 -> -1.686e+01, 
	Zstar guess =  8.140e-01. Current Zstar:  8.140e-01 (converged=True)
	Change =  1.545e-02
__________________________________________
TF Iteration 3
	μ = -1.840957026e+00, change: 0.000000000e+00 (converged=True)
	φe Err =  4.135e-11, φe change =  1.911e-02
	ne Err =  9.376e-02, ne change =  1.042e-04
	Q = -1.686e+01 -> -1.173e+01, 
	Zstar guess =  8.140e-01. Current Zstar:  8.140e-01 (converged=True)
	Change =  2.068e-02
__________________________________________
TF Iteration 4
	μ = -1.840957026e+00, change: 0.000000000e+00 (converged=True)
	φe Err =  3.945e-11, φe change =  1.298e-02
	ne Err =  6.693e-02, ne change =  8.555e-05
	Q = -1.173e+01 -> -7.942e+00, 
	Zstar guess =  8.140e-01. Current Zstar:  8.140e-01 (converged=True)
	Change =  1.453e-02
__________________________________________
TF Iteration 5
	μ = -1.840957026e+00, change: 0.000000000e+00 (converged=True)
	φe Err =  3.835e-11, φe change =  6.454e-03
	ne Err =  5.749e-02, ne change =  6.938e-05
	Q = -7.942e+00 -> -5.176e+00, 
	Zstar guess =  8.140e-01. Current Zstar:  8.140e-01 (converged=True)
	Change =  7.364e-03
__________________________________________
TF Iteration 6
	μ = -1.840957026e+00, change: 0.000000000e+00 (converged=True)
	φe Err =  4.056e-11, φe change =  2.510e-03
	ne Err =  5.139e-02, ne change =  5.562e-05
	Q = -5.176e+00 -> -3.145e+00, 
	Zstar guess =  8.140e-01. Current Zstar:  8.140e-01 (converged=True)
	Change =  2.203e-03
__________________________________________
TF Iteration 7
	μ = -1.840957026e+00, change: 0.000000000e+00 (converged=True)
	φe Err =  3.807e-11, φe change =  2.051e-03
	ne Err =  4.372e-02, ne change =  4.421e-05
	Q = -3.145e+00 -> -1.624e+00, 
	Zstar guess =  8.140e-01. Current Zstar:  8.140e-01 (converged=True)
	Change =  6.020e-04
__________________________________________
TF Iteration 8
	μ = -1.840957026e+00, change: 0.000000000e+00 (converged=True)
	φe Err =  3.981e-11, φe change =  2.213e-03
	ne Err =  3.545e-02, ne change =  3.498e-05
	Q = -1.624e+00 -> -4.595e-01, 
	Zstar guess =  8.140e-01. Current Zstar:  8.140e-01 (converged=True)
	Change =  1.498e-03
__________________________________________
TF Iteration 9
	μ = -1.840957026e+00, change: 0.000000000e+00 (converged=True)
	φe Err =  4.064e-11, φe change =  1.921e-03
	ne Err =  2.801e-02, ne change =  2.764e-05
	Q = -4.595e-01 ->  4.470e-01, 
	Zstar guess =  8.140e-01. Current Zstar:  8.140e-01 (converged=True)
	Change =  1.489e-03
__________________________________________
TF Iteration 25
	μ = -7.629466201e-01, change: 0.000000000e+00 (converged=True)
	φe Err =  4.057e-11, φe change =  3.006e-04
	ne Err =  1.825e-03, ne change =  6.999e-07
	Q =  2.067e+00 ->  2.091e+00, 
	Zstar guess =  8.140e-01. Current Zstar:  8.140e-01 (converged=True)
	Change =  3.144e-04
__________________________________________
TF Iteration 50
	μ = -3.161008554e-01, change: 2.286512738e-01 (converged=False)
	φe Err =  3.937e-11, φe change =  1.666e-06
	ne Err =  1.155e-02, ne change =  5.874e-09
	Q =  1.324e+00 ->  1.323e+00, 
	Zstar guess =  8.140e-01. Current Zstar:  8.140e-01 (converged=True)
	Change =  1.810e-01
__________________________________________
TF Iteration 75
	μ = -2.110213866e-01, change: 0.000000000e+00 (converged=True)
	φe Err =  3.998e-11, φe change =  6.829e-05
	ne Err =  3.377e-04, ne change =  4.498e-09
	Q =  6.374e-01 ->  6.335e-01, 
	Zstar guess =  8.140e-01. Current Zstar:  8.140e-01 (converged=True)
	Change =  7.316e-05
__________________________________________
TF Iteration 100
	μ = -1.534866791e-01, change: 7.108275986e-02 (converged=False)
	φe Err =  3.980e-11, φe change =  9.930e-07
	ne Err =  1.580e-03, ne change =  4.548e-10
	Q =  3.232e-01 ->  3.221e-01, 
	Zstar guess =  8.140e-01. Current Zstar:  8.140e-01 (converged=True)
	Change =  5.208e-02
__________________________________________
TF Iteration 125
	μ = -1.409263372e-01, change: 0.000000000e+00 (converged=True)
	φe Err =  4.212e-11, φe change =  1.023e-05
	ne Err =  6.552e-05, ne change =  8.651e-10
	Q =  1.064e-01 ->  1.043e-01, 
	Zstar guess =  8.140e-01. Current Zstar:  8.140e-01 (converged=True)
	Change =  1.103e-05
__________________________________________
TF Iteration 150
	μ = -1.342814094e-01, change: 9.981682134e-03 (converged=False)
	φe Err =  3.992e-11, φe change =  1.833e-07
	ne Err =  1.843e-04, ne change =  5.287e-11
	Q =  4.338e-02 ->  4.319e-02, 
	Zstar guess =  8.140e-01. Current Zstar:  8.140e-01 (converged=True)
	Change =  7.094e-03
__________________________________________
TF Iteration 175
	μ = -1.328289293e-01, change: 0.000000000e+00 (converged=True)
	φe Err =  4.202e-11, φe change =  1.226e-06
	ne Err =  8.270e-06, ne change =  1.039e-10
	Q =  1.295e-02 ->  1.267e-02, 
	Zstar guess =  8.140e-01. Current Zstar:  8.140e-01 (converged=True)
	Change =  1.323e-06
__________________________________________
TF Iteration 200
	μ = -1.320569169e-01, change: 1.191355147e-03 (converged=False)
	φe Err =  3.943e-11, φe change =  2.252e-08
	ne Err =  2.148e-05, ne change =  6.168e-12
	Q =  5.140e-03 ->  5.117e-03, 
	Zstar guess =  8.140e-01. Current Zstar:  8.140e-01 (converged=True)
	Change =  8.429e-04
__________________________________________
TF Iteration 225
	μ = -1.318876163e-01, change: 0.000000000e+00 (converged=True)
	φe Err =  3.980e-11, φe change =  1.436e-07
	ne Err =  9.745e-07, ne change =  1.217e-11
	Q =  1.520e-03 ->  1.486e-03, 
	Zstar guess =  8.140e-01. Current Zstar:  8.140e-01 (converged=True)
	Change =  1.551e-07
__________________________________________
TF Iteration 250
	μ = -1.317974712e-01, change: 1.396239274e-04 (converged=False)
	φe Err =  4.050e-11, φe change =  2.652e-09
	ne Err =  2.510e-06, ne change =  7.203e-13
	Q =  6.016e-04 ->  5.989e-04, 
	Zstar guess =  8.140e-01. Current Zstar:  8.140e-01 (converged=True)
	Change =  9.874e-05
__________________________________________
TF Iteration 275
	μ = -1.317777050e-01, change: 0.000000000e+00 (converged=True)
	φe Err =  4.237e-11, φe change =  1.676e-08
	ne Err =  1.138e-07, ne change =  1.421e-12
	Q =  1.774e-04 ->  1.736e-04, 
	Zstar guess =  8.140e-01. Current Zstar:  8.140e-01 (converged=True)
	Change =  1.809e-08
__________________________________________
TF Iteration 300
	μ = -1.317671939e-01, change: 1.627798268e-05 (converged=False)
	φe Err =  3.878e-11, φe change =  3.076e-10
	ne Err =  2.926e-07, ne change =  8.144e-14
	Q =  7.014e-05 ->  6.983e-05, 
	Zstar guess =  8.140e-01. Current Zstar:  8.140e-01 (converged=True)
	Change =  1.151e-05
__________________________________________
TF Iteration 325
	μ = -1.317648911e-01, change: 0.000000000e+00 (converged=True)
	φe Err =  4.151e-11, φe change =  1.950e-09
	ne Err =  1.326e-08, ne change =  1.666e-13
	Q =  2.067e-05 ->  2.022e-05, 
	Zstar guess =  8.140e-01. Current Zstar:  8.140e-01 (converged=True)
	Change =  2.105e-09
__________________________________________
TF Iteration 350
	μ = -1.317636669e-01, change: 1.895772204e-06 (converged=True)
	φe Err =  3.947e-11, φe change =  3.428e-11
	ne Err =  3.407e-08, ne change =  6.365e-15
	Q =  8.169e-06 ->  8.132e-06, 
	Zstar guess =  8.140e-01. Current Zstar:  8.140e-01 (converged=True)
	Change =  1.341e-06
__________________________________________
TF Iteration 375
	μ = -1.317633987e-01, change: 0.000000000e+00 (converged=True)
	φe Err =  4.085e-11, φe change =  2.242e-10
	ne Err =  1.544e-09, ne change =  1.771e-14
	Q =  2.407e-06 ->  2.355e-06, 
	Zstar guess =  8.140e-01. Current Zstar:  8.140e-01 (converged=True)
	Change =  2.421e-10
__________________________________________
TF Iteration 400
	μ = -1.317632561e-01, change: 2.207716079e-07 (converged=True)
	φe Err =  4.117e-11, φe change =  4.314e-12
	ne Err =  3.968e-09, ne change =  1.579e-15
	Q =  9.513e-07 ->  9.470e-07, 
	Zstar guess =  8.140e-01. Current Zstar:  8.140e-01 (converged=True)
	Change =  1.561e-07
__________________________________________
TF Iteration 420
	μ = -1.317632372e-01, change: 0.000000000e+00 (converged=True)
	φe Err =  3.980e-11, φe change =  6.449e-12
	ne Err =  9.784e-11, ne change =  1.372e-15
	Q =  4.051e-07 ->  4.025e-07, 
	Zstar guess =  8.140e-01. Current Zstar:  8.140e-01 (converged=True)
	Change =  9.764e-13
	-------------------
	Solving IET.
0: Initial condition Total Error: 4.679e+00
Exiting status 0, reverting to best index so far: 277
Final iter:278, Total Error: 9.882e-13
	-------------------
	Solving IET.
0: Initial condition Total Error: 4.661e+00
Exiting status 0, reverting to best index so far: 384
Final iter:385, Total Error: 9.440e-13
Time to solve CS model: 1.731e+02 [s], time so far: 1.749e+02 [s]
CS model saved.
Ee_pot_density = -1.186e-01 [au], Ee_K = 6.052e-02 [au], Ee_tot = -5.805e-02 [au]
P_e = 1.625e-06 [au], 4.780e-04 [Mbar]
Virial if 6.541e+02 = 6.408e+02 --->  off by 2.085e+00 % 

βEe_pot/Z = -1754.849, βEe_K/Z = 895.755, βEe_tot/Z = -859.095
βP_e Ω/Z = 0.024
