
===========================================
===========================================
Starting case: Ar: Te = 2.076 eV, Ti = 2.076 eV 

T[K]:  24085.89368109483
________________________
Generating NPA
T:  0.07627544806163417
Using More TF fit for initial Zstar = 1.168
	Intializing grid
Initializing, True
Initializing
	Creating Integral Equation Solver
Intialized Potentials and Densities
Initialized
Time to setup correlation sphere (IS) model: 7.446e-01 [s], time so far: 7.447e-01 [s]
Beginning self-consistent electron solver.
_________________________________
__________________________________________
TF Iteration 0
	μ = -1.994892754e+00, change: 7.186295704e+00 (converged=False)
	φe Err =  3.813e-11, φe change =  9.838e-01
	ne Err =  1.039e-01, ne change =  2.111e-04
	Q =  0.000e+00 -> -2.768e+01, 
	Zstar guess =  1.168e+00. Current Zstar:  1.168e+00 (converged=True)
	Change =  1.852e+00
__________________________________________
TF Iteration 1
	μ = -1.994892754e+00, change: 0.000000000e+00 (converged=True)
	φe Err =  4.120e-11, φe change =  6.611e-02
	ne Err =  1.962e-01, ne change =  1.538e-04
	Q = -2.768e+01 -> -1.994e+01, 
	Zstar guess =  1.168e+00. Current Zstar:  1.168e+00 (converged=True)
	Change =  7.402e-02
__________________________________________
TF Iteration 2
	μ = -1.994892754e+00, change: 0.000000000e+00 (converged=True)
	φe Err =  4.070e-11, φe change =  1.573e-02
	ne Err =  1.401e-01, ne change =  1.260e-04
	Q = -1.994e+01 -> -1.391e+01, 
	Zstar guess =  1.168e+00. Current Zstar:  1.168e+00 (converged=True)
	Change =  1.562e-02
__________________________________________
TF Iteration 3
	μ = -1.994892754e+00, change: 0.000000000e+00 (converged=True)
	φe Err =  3.988e-11, φe change =  1.878e-02
	ne Err =  9.011e-02, ne change =  1.042e-04
	Q = -1.391e+01 -> -9.383e+00, 
	Zstar guess =  1.168e+00. Current Zstar:  1.168e+00 (converged=True)
	Change =  2.033e-02
__________________________________________
TF Iteration 4
	μ = -1.994892754e+00, change: 0.000000000e+00 (converged=True)
	φe Err =  3.945e-11, φe change =  1.254e-02
	ne Err =  6.389e-02, ne change =  8.548e-05
	Q = -9.383e+00 -> -6.068e+00, 
	Zstar guess =  1.168e+00. Current Zstar:  1.168e+00 (converged=True)
	Change =  1.404e-02
__________________________________________
TF Iteration 5
	μ = -1.994892754e+00, change: 0.000000000e+00 (converged=True)
	φe Err =  3.717e-11, φe change =  6.122e-03
	ne Err =  5.472e-02, ne change =  6.927e-05
	Q = -6.068e+00 -> -3.672e+00, 
	Zstar guess =  1.168e+00. Current Zstar:  1.168e+00 (converged=True)
	Change =  6.982e-03
__________________________________________
TF Iteration 6
	μ = -1.994892754e+00, change: 0.000000000e+00 (converged=True)
	φe Err =  4.178e-11, φe change =  2.345e-03
	ne Err =  4.874e-02, ne change =  5.551e-05
	Q = -3.672e+00 -> -1.925e+00, 
	Zstar guess =  1.168e+00. Current Zstar:  1.168e+00 (converged=True)
	Change =  2.015e-03
__________________________________________
TF Iteration 7
	μ = -1.994892754e+00, change: 0.000000000e+00 (converged=True)
	φe Err =  4.098e-11, φe change =  1.962e-03
	ne Err =  4.133e-02, ne change =  4.413e-05
	Q = -1.925e+00 -> -6.240e-01, 
	Zstar guess =  1.168e+00. Current Zstar:  1.168e+00 (converged=True)
	Change =  6.359e-04
__________________________________________
TF Iteration 8
	μ = -1.994892754e+00, change: 0.000000000e+00 (converged=True)
	φe Err =  3.644e-11, φe change =  2.111e-03
	ne Err =  3.343e-02, ne change =  3.494e-05
	Q = -6.240e-01 ->  3.695e-01, 
	Zstar guess =  1.168e+00. Current Zstar:  1.168e+00 (converged=True)
	Change =  1.456e-03
__________________________________________
TF Iteration 9
	μ = -1.994892754e+00, change: 0.000000000e+00 (converged=True)
	φe Err =  3.904e-11, φe change =  1.826e-03
	ne Err =  2.637e-02, ne change =  2.762e-05
	Q =  3.695e-01 ->  1.141e+00, 
	Zstar guess =  1.168e+00. Current Zstar:  1.168e+00 (converged=True)
	Change =  1.431e-03
__________________________________________
TF Iteration 25
	μ = -8.405987827e-01, change: 0.000000000e+00 (converged=True)
	φe Err =  3.911e-11, φe change =  3.148e-04
	ne Err =  1.685e-03, ne change =  6.943e-07
	Q =  2.189e+00 ->  2.210e+00, 
	Zstar guess =  1.168e+00. Current Zstar:  1.168e+00 (converged=True)
	Change =  3.282e-04
__________________________________________
TF Iteration 50
	μ = -3.963403850e-01, change: 1.764141633e-01 (converged=False)
	φe Err =  4.169e-11, φe change =  2.234e-06
	ne Err =  9.723e-03, ne change =  5.945e-09
	Q =  1.354e+00 ->  1.353e+00, 
	Zstar guess =  1.168e+00. Current Zstar:  1.168e+00 (converged=True)
	Change =  1.362e-01
__________________________________________
TF Iteration 75
	μ = -3.156699383e-01, change: 0.000000000e+00 (converged=True)
	φe Err =  3.863e-11, φe change =  5.098e-05
	ne Err =  2.793e-04, ne change =  1.183e-09
	Q =  4.655e-01 ->  4.556e-01, 
	Zstar guess =  1.168e+00. Current Zstar:  1.168e+00 (converged=True)
	Change =  5.385e-05
__________________________________________
TF Iteration 100
	μ = -2.816369001e-01, change: 2.115961507e-02 (converged=False)
	φe Err =  4.145e-11, φe change =  5.364e-07
	ne Err =  7.223e-04, ne change =  3.265e-10
	Q =  1.642e-01 ->  1.630e-01, 
	Zstar guess =  1.168e+00. Current Zstar:  1.168e+00 (converged=True)
	Change =  1.512e-02
__________________________________________
TF Iteration 125
	μ = -2.759374118e-01, change: 0.000000000e+00 (converged=True)
	φe Err =  3.936e-11, φe change =  3.957e-06
	ne Err =  2.629e-05, ne change =  1.062e-10
	Q =  3.871e-02 ->  3.753e-02, 
	Zstar guess =  1.168e+00. Current Zstar:  1.168e+00 (converged=True)
	Change =  4.182e-06
__________________________________________
TF Iteration 150
	μ = -2.735219605e-01, change: 1.583014417e-03 (converged=False)
	φe Err =  4.199e-11, φe change =  4.401e-08
	ne Err =  5.173e-05, ne change =  2.384e-11
	Q =  1.226e-02 ->  1.216e-02, 
	Zstar guess =  1.168e+00. Current Zstar:  1.168e+00 (converged=True)
	Change =  1.120e-03
__________________________________________
TF Iteration 175
	μ = -2.731149567e-01, change: 0.000000000e+00 (converged=True)
	φe Err =  4.133e-11, φe change =  2.850e-07
	ne Err =  1.921e-06, ne change =  7.685e-12
	Q =  2.801e-03 ->  2.714e-03, 
	Zstar guess =  1.168e+00. Current Zstar:  1.168e+00 (converged=True)
	Change =  3.011e-07
__________________________________________
TF Iteration 200
	μ = -2.729420572e-01, change: 1.138058440e-04 (converged=False)
	φe Err =  3.988e-11, φe change =  3.185e-09
	ne Err =  3.707e-06, ne change =  1.709e-12
	Q =  8.810e-04 ->  8.739e-04, 
	Zstar guess =  1.168e+00. Current Zstar:  1.168e+00 (converged=True)
	Change =  8.048e-05
__________________________________________
TF Iteration 225
	μ = -2.729129076e-01, change: 0.000000000e+00 (converged=True)
	φe Err =  4.021e-11, φe change =  2.040e-08
	ne Err =  1.377e-07, ne change =  5.482e-13
	Q =  2.007e-04 ->  1.944e-04, 
	Zstar guess =  1.168e+00. Current Zstar:  1.168e+00 (converged=True)
	Change =  2.155e-08
__________________________________________
TF Iteration 250
	μ = -2.729005348e-01, change: 8.144688986e-06 (converged=True)
	φe Err =  3.837e-11, φe change =  2.277e-10
	ne Err =  2.652e-07, ne change =  1.231e-13
	Q =  6.305e-05 ->  6.254e-05, 
	Zstar guess =  1.168e+00. Current Zstar:  1.168e+00 (converged=True)
	Change =  5.759e-06
__________________________________________
TF Iteration 275
	μ = -2.728984492e-01, change: 0.000000000e+00 (converged=True)
	φe Err =  3.930e-11, φe change =  1.461e-09
	ne Err =  9.853e-09, ne change =  3.982e-14
	Q =  1.436e-05 ->  1.391e-05, 
	Zstar guess =  1.168e+00. Current Zstar:  1.168e+00 (converged=True)
	Change =  1.543e-09
__________________________________________
TF Iteration 300
	μ = -2.728975640e-01, change: 5.827106879e-07 (converged=True)
	φe Err =  3.790e-11, φe change =  1.934e-11
	ne Err =  1.898e-08, ne change =  1.040e-14
	Q =  4.511e-06 ->  4.474e-06, 
	Zstar guess =  1.168e+00. Current Zstar:  1.168e+00 (converged=True)
	Change =  4.121e-07
__________________________________________
TF Iteration 325
	μ = -2.728974148e-01, change: 0.000000000e+00 (converged=True)
	φe Err =  4.085e-11, φe change =  1.030e-10
	ne Err =  7.049e-10, ne change =  2.053e-15
	Q =  1.027e-06 ->  9.953e-07, 
	Zstar guess =  1.168e+00. Current Zstar:  1.168e+00 (converged=True)
	Change =  1.088e-10
__________________________________________
TF Iteration 350
	μ = -2.728973629e-01, change: 0.000000000e+00 (converged=True)
	φe Err =  3.972e-11, φe change =  4.989e-12
	ne Err =  7.869e-11, ne change =  1.617e-15
	Q =  3.263e-07 ->  3.227e-07, 
	Zstar guess =  1.168e+00. Current Zstar:  1.168e+00 (converged=True)
	Change =  9.789e-13
	-------------------
	Solving IET.
0: Initial condition Total Error: 7.533e+00
Exiting status 0, reverting to best index so far: 282
Final iter:283, Total Error: 9.734e-13
	-------------------
	Solving IET.
0: Initial condition Total Error: 7.528e+00
Exiting status 0, reverting to best index so far: 282
Final iter:283, Total Error: 9.633e-13
Time to solve CS model: 6.362e+01 [s], time so far: 6.437e+01 [s]
CS model saved.
Ee_pot_density = -1.185e-01 [au], Ee_K = 6.051e-02 [au], Ee_tot = -5.803e-02 [au]
P_e = 5.673e-06 [au], 1.669e-03 [Mbar]
Virial if 6.540e+02 = 6.407e+02 --->  off by 2.079e+00 % 

βEe_pot/Z = -933.171, βEe_K/Z = 476.356, βEe_tot/Z = -456.815
βP_e Ω/Z = 0.045
