
===========================================
===========================================
Starting case: Ar: Te = 0.587 eV, Ti = 0.587 eV 

T[K]:  6813.540339932889
________________________
Generating NPA
T:  0.02157718742744101
Using More TF fit for initial Zstar = 0.582
	Intializing grid
Initializing, True
Initializing
	Creating Integral Equation Solver
Intialized Potentials and Densities
Initialized
Time to setup correlation sphere (IS) model: 1.412e+00 [s], time so far: 1.412e+00 [s]
Beginning self-consistent electron solver.
_________________________________
__________________________________________
TF Iteration 0
	μ = -1.703763058e+00, change: 3.919892849e+01 (converged=False)
	φe Err =  3.888e-11, φe change =  9.725e-01
	ne Err =  1.095e-01, ne change =  2.109e-04
	Q =  0.000e+00 -> -3.202e+01, 
	Zstar guess =  5.820e-01. Current Zstar:  5.820e-01 (converged=True)
	Change =  1.941e+00
__________________________________________
TF Iteration 1
	μ = -1.703763058e+00, change: 0.000000000e+00 (converged=True)
	φe Err =  4.185e-11, φe change =  6.392e-02
	ne Err =  1.944e-01, ne change =  1.542e-04
	Q = -3.202e+01 -> -2.344e+01, 
	Zstar guess =  5.820e-01. Current Zstar:  5.820e-01 (converged=True)
	Change =  7.155e-02
__________________________________________
TF Iteration 2
	μ = -1.703763058e+00, change: 0.000000000e+00 (converged=True)
	φe Err =  3.975e-11, φe change =  1.528e-02
	ne Err =  1.391e-01, ne change =  1.262e-04
	Q = -2.344e+01 -> -1.674e+01, 
	Zstar guess =  5.820e-01. Current Zstar:  5.820e-01 (converged=True)
	Change =  1.519e-02
__________________________________________
TF Iteration 3
	μ = -1.703763058e+00, change: 0.000000000e+00 (converged=True)
	φe Err =  3.997e-11, φe change =  1.838e-02
	ne Err =  8.983e-02, ne change =  1.043e-04
	Q = -1.674e+01 -> -1.168e+01, 
	Zstar guess =  5.820e-01. Current Zstar:  5.820e-01 (converged=True)
	Change =  1.993e-02
__________________________________________
TF Iteration 4
	μ = -1.703763058e+00, change: 0.000000000e+00 (converged=True)
	φe Err =  4.130e-11, φe change =  1.225e-02
	ne Err =  6.449e-02, ne change =  8.552e-05
	Q = -1.168e+01 -> -7.946e+00, 
	Zstar guess =  5.820e-01. Current Zstar:  5.820e-01 (converged=True)
	Change =  1.374e-02
__________________________________________
TF Iteration 5
	μ = -1.703763058e+00, change: 0.000000000e+00 (converged=True)
	φe Err =  3.974e-11, φe change =  5.905e-03
	ne Err =  5.581e-02, ne change =  6.926e-05
	Q = -7.946e+00 -> -5.228e+00, 
	Zstar guess =  5.820e-01. Current Zstar:  5.820e-01 (converged=True)
	Change =  6.733e-03
__________________________________________
TF Iteration 6
	μ = -1.703763058e+00, change: 0.000000000e+00 (converged=True)
	φe Err =  3.841e-11, φe change =  2.279e-03
	ne Err =  4.981e-02, ne change =  5.546e-05
	Q = -5.228e+00 -> -3.231e+00, 
	Zstar guess =  5.820e-01. Current Zstar:  5.820e-01 (converged=True)
	Change =  1.805e-03
__________________________________________
TF Iteration 7
	μ = -1.703763058e+00, change: 0.000000000e+00 (converged=True)
	φe Err =  3.887e-11, φe change =  2.065e-03
	ne Err =  4.214e-02, ne change =  4.406e-05
	Q = -3.231e+00 -> -1.734e+00, 
	Zstar guess =  5.820e-01. Current Zstar:  5.820e-01 (converged=True)
	Change =  7.887e-04
__________________________________________
TF Iteration 8
	μ = -1.703763058e+00, change: 0.000000000e+00 (converged=True)
	φe Err =  3.847e-11, φe change =  2.188e-03
	ne Err =  3.399e-02, ne change =  3.486e-05
	Q = -1.734e+00 -> -5.848e-01, 
	Zstar guess =  5.820e-01. Current Zstar:  5.820e-01 (converged=True)
	Change =  1.544e-03
__________________________________________
TF Iteration 9
	μ = -1.703763058e+00, change: 0.000000000e+00 (converged=True)
	φe Err =  3.867e-11, φe change =  1.857e-03
	ne Err =  2.677e-02, ne change =  2.756e-05
	Q = -5.848e-01 ->  3.106e-01, 
	Zstar guess =  5.820e-01. Current Zstar:  5.820e-01 (converged=True)
	Change =  1.465e-03
__________________________________________
TF Iteration 25
	μ = -7.134768329e-01, change: 0.000000000e+00 (converged=True)
	φe Err =  3.807e-11, φe change =  2.872e-04
	ne Err =  1.822e-03, ne change =  7.058e-07
	Q =  1.980e+00 ->  2.003e+00, 
	Zstar guess =  5.820e-01. Current Zstar:  5.820e-01 (converged=True)
	Change =  3.009e-04
__________________________________________
TF Iteration 50
	μ = -2.831709024e-01, change: 2.461818976e-01 (converged=False)
	φe Err =  4.025e-11, φe change =  1.934e-06
	ne Err =  1.167e-02, ne change =  5.788e-09
	Q =  1.260e+00 ->  1.258e+00, 
	Zstar guess =  5.820e-01. Current Zstar:  5.820e-01 (converged=True)
	Change =  1.966e-01
__________________________________________
TF Iteration 75
	μ = -1.751243527e-01, change: 0.000000000e+00 (converged=True)
	φe Err =  3.911e-11, φe change =  6.412e-05
	ne Err =  5.276e-04, ne change =  4.277e-09
	Q =  6.210e-01 ->  6.187e-01, 
	Zstar guess =  5.820e-01. Current Zstar:  5.820e-01 (converged=True)
	Change =  6.837e-05
__________________________________________
TF Iteration 100
	μ = -1.054861665e-01, change: 1.309173890e-01 (converged=False)
	φe Err =  3.880e-11, φe change =  8.636e-07
	ne Err =  2.338e-03, ne change =  5.130e-10
	Q =  3.789e-01 ->  3.782e-01, 
	Zstar guess =  5.820e-01. Current Zstar:  5.820e-01 (converged=True)
	Change =  9.882e-02
__________________________________________
TF Iteration 125
	μ = -8.620697210e-02, change: 0.000000000e+00 (converged=True)
	φe Err =  4.110e-11, φe change =  1.635e-05
	ne Err =  1.272e-04, ne change =  1.959e-09
	Q =  1.731e-01 ->  1.715e-01, 
	Zstar guess =  5.820e-01. Current Zstar:  5.820e-01 (converged=True)
	Change =  1.783e-05
__________________________________________
TF Iteration 150
	μ = -7.368482989e-02, change: 3.718739003e-02 (converged=False)
	φe Err =  3.968e-11, φe change =  4.515e-07
	ne Err =  4.248e-04, ne change =  7.878e-11
	Q =  9.074e-02 ->  9.053e-02, 
	Zstar guess =  5.820e-01. Current Zstar:  5.820e-01 (converged=True)
	Change =  2.679e-02
__________________________________________
TF Iteration 175
	μ = -7.022779230e-02, change: 0.000000000e+00 (converged=True)
	φe Err =  4.113e-11, φe change =  3.283e-06
	ne Err =  2.628e-05, ne change =  4.001e-10
	Q =  3.556e-02 ->  3.510e-02, 
	Zstar guess =  5.820e-01. Current Zstar:  5.820e-01 (converged=True)
	Change =  3.596e-06
__________________________________________
TF Iteration 200
	μ = -6.795933170e-02, change: 7.572927607e-03 (converged=False)
	φe Err =  3.997e-11, φe change =  1.015e-07
	ne Err =  7.764e-05, ne change =  1.381e-11
	Q =  1.760e-02 ->  1.757e-02, 
	Zstar guess =  5.820e-01. Current Zstar:  5.820e-01 (converged=True)
	Change =  5.375e-03
__________________________________________
TF Iteration 225
	μ = -6.732622687e-02, change: 0.000000000e+00 (converged=True)
	φe Err =  3.918e-11, φe change =  6.154e-07
	ne Err =  5.020e-06, ne change =  7.489e-11
	Q =  6.692e-03 ->  6.602e-03, 
	Zstar guess =  5.820e-01. Current Zstar:  5.820e-01 (converged=True)
	Change =  6.746e-07
__________________________________________
TF Iteration 250
	μ = -6.690858310e-02, change: 1.426774600e-03 (converged=False)
	φe Err =  3.878e-11, φe change =  1.939e-08
	ne Err =  1.432e-05, ne change =  2.535e-12
	Q =  3.284e-03 ->  3.278e-03, 
	Zstar guess =  5.820e-01. Current Zstar:  5.820e-01 (converged=True)
	Change =  1.010e-03
__________________________________________
TF Iteration 275
	μ = -6.679162820e-02, change: 0.000000000e+00 (converged=True)
	φe Err =  4.234e-11, φe change =  1.142e-07
	ne Err =  9.502e-07, ne change =  1.389e-11
	Q =  1.243e-03 ->  1.226e-03, 
	Zstar guess =  5.820e-01. Current Zstar:  5.820e-01 (converged=True)
	Change =  1.252e-07
__________________________________________
TF Iteration 300
	μ = -6.671442110e-02, change: 2.647359347e-04 (converged=False)
	φe Err =  4.243e-11, φe change =  3.605e-09
	ne Err =  2.647e-06, ne change =  4.665e-13
	Q =  6.081e-04 ->  6.070e-04, 
	Zstar guess =  5.820e-01. Current Zstar:  5.820e-01 (converged=True)
	Change =  1.872e-04
__________________________________________
TF Iteration 325
	μ = -6.669286670e-02, change: 0.000000000e+00 (converged=True)
	φe Err =  3.980e-11, φe change =  2.101e-08
	ne Err =  1.793e-07, ne change =  2.555e-12
	Q =  2.290e-04 ->  2.258e-04, 
	Zstar guess =  5.820e-01. Current Zstar:  5.820e-01 (converged=True)
	Change =  2.303e-08
__________________________________________
TF Iteration 350
	μ = -6.667869694e-02, change: 4.854381633e-05 (converged=False)
	φe Err =  4.007e-11, φe change =  6.595e-10
	ne Err =  4.852e-07, ne change =  8.453e-14
	Q =  1.116e-04 ->  1.113e-04, 
	Zstar guess =  5.820e-01. Current Zstar:  5.820e-01 (converged=True)
	Change =  3.433e-05
__________________________________________
TF Iteration 375
	μ = -6.667475275e-02, change: 0.000000000e+00 (converged=True)
	φe Err =  4.056e-11, φe change =  3.847e-09
	ne Err =  3.372e-08, ne change =  4.692e-13
	Q =  4.189e-05 ->  4.131e-05, 
	Zstar guess =  5.820e-01. Current Zstar:  5.820e-01 (converged=True)
	Change =  4.217e-09
__________________________________________
TF Iteration 400
	μ = -6.667216406e-02, change: 8.864053536e-06 (converged=True)
	φe Err =  4.020e-11, φe change =  1.193e-10
	ne Err =  8.860e-08, ne change =  1.424e-14
	Q =  2.038e-05 ->  2.034e-05, 
	Zstar guess =  5.820e-01. Current Zstar:  5.820e-01 (converged=True)
	Change =  6.268e-06
__________________________________________
TF Iteration 425
	μ = -6.667144438e-02, change: 0.000000000e+00 (converged=True)
	φe Err =  4.193e-11, φe change =  7.030e-10
	ne Err =  6.334e-09, ne change =  8.617e-14
	Q =  7.643e-06 ->  7.537e-06, 
	Zstar guess =  5.820e-01. Current Zstar:  5.820e-01 (converged=True)
	Change =  7.704e-10
__________________________________________
TF Iteration 450
	μ = -6.667097240e-02, change: 1.615640984e-06 (converged=True)
	φe Err =  3.853e-11, φe change =  2.070e-11
	ne Err =  1.615e-08, ne change =  1.880e-15
	Q =  3.715e-06 ->  3.707e-06, 
	Zstar guess =  5.820e-01. Current Zstar:  5.820e-01 (converged=True)
	Change =  1.142e-06
__________________________________________
TF Iteration 475
	μ = -6.667084127e-02, change: 0.000000000e+00 (converged=True)
	φe Err =  4.137e-11, φe change =  1.292e-10
	ne Err =  1.190e-09, ne change =  1.787e-14
	Q =  1.393e-06 ->  1.373e-06, 
	Zstar guess =  5.820e-01. Current Zstar:  5.820e-01 (converged=True)
	Change =  1.416e-10
__________________________________________
TF Iteration 500
	μ = -6.667075532e-02, change: 2.941183876e-07 (converged=True)
	φe Err =  4.090e-11, φe change =  7.268e-12
	ne Err =  2.942e-09, ne change =  3.107e-15
	Q =  6.764e-07 ->  6.750e-07, 
	Zstar guess =  5.820e-01. Current Zstar:  5.820e-01 (converged=True)
	Change =  2.080e-07
__________________________________________
TF Iteration 525
	μ = -6.667073146e-02, change: 0.000000000e+00 (converged=True)
	φe Err =  4.128e-11, φe change =  2.251e-11
	ne Err =  2.234e-10, ne change =  2.409e-15
	Q =  2.534e-07 ->  2.499e-07, 
	Zstar guess =  5.820e-01. Current Zstar:  5.820e-01 (converged=True)
	Change =  2.463e-11
__________________________________________
TF Iteration 540
	μ = -6.667072441e-02, change: 0.000000000e+00 (converged=True)
	φe Err =  3.993e-11, φe change =  6.221e-12
	ne Err =  9.831e-11, ne change =  1.949e-15
	Q =  1.735e-07 ->  1.730e-07, 
	Zstar guess =  5.820e-01. Current Zstar:  5.820e-01 (converged=True)
	Change =  1.623e-12
	-------------------
	Solving IET.
0: Initial condition Total Error: 2.284e+00
Exiting status 0, reverting to best index so far: 293
Final iter:294, Total Error: 9.235e-13
	-------------------
	Solving IET.
0: Initial condition Total Error: 3.251e+00
Exiting status 0, reverting to best index so far: 411
Final iter:412, Total Error: 9.284e-13
Time to solve CS model: 2.185e+02 [s], time so far: 2.199e+02 [s]
CS model saved.
Ee_pot_density = -1.186e-01 [au], Ee_K = 6.052e-02 [au], Ee_tot = -5.805e-02 [au]
P_e = 3.921e-07 [au], 1.154e-04 [Mbar]
Virial if 6.541e+02 = 6.408e+02 --->  off by 2.086e+00 % 

βEe_pot/Z = -3299.595, βEe_K/Z = 1684.228, βEe_tot/Z = -1615.367
βP_e Ω/Z = 0.011
