
===========================================
===========================================
Starting case: Ar: Te = 1.277 eV, Ti = 1.277 eV 

T[K]:  14819.841533032017
________________________
Generating NPA
T:  0.046931621807401847
Using More TF fit for initial Zstar = 0.883
	Intializing grid
Initializing, True
Initializing
	Creating Integral Equation Solver
Intialized Potentials and Densities
Initialized
Time to setup correlation sphere (IS) model: 2.626e+00 [s], time so far: 2.626e+00 [s]
Beginning self-consistent electron solver.
_________________________________
__________________________________________
TF Iteration 0
	μ = -1.873985204e+00, change: 1.358430152e+01 (converged=False)
	φe Err =  4.060e-11, φe change =  9.799e-01
	ne Err =  1.120e-01, ne change =  2.111e-04
	Q =  0.000e+00 -> -3.172e+01, 
	Zstar guess =  8.830e-01. Current Zstar:  8.830e-01 (converged=True)
	Change =  1.905e+00
__________________________________________
TF Iteration 1
	μ = -1.873985204e+00, change: 0.000000000e+00 (converged=True)
	φe Err =  4.058e-11, φe change =  6.695e-02
	ne Err =  2.009e-01, ne change =  1.536e-04
	Q = -3.172e+01 -> -2.316e+01, 
	Zstar guess =  8.830e-01. Current Zstar:  8.830e-01 (converged=True)
	Change =  7.498e-02
__________________________________________
TF Iteration 2
	μ = -1.873985204e+00, change: 0.000000000e+00 (converged=True)
	φe Err =  4.338e-11, φe change =  1.568e-02
	ne Err =  1.445e-01, ne change =  1.259e-04
	Q = -2.316e+01 -> -1.648e+01, 
	Zstar guess =  8.830e-01. Current Zstar:  8.830e-01 (converged=True)
	Change =  1.550e-02
__________________________________________
TF Iteration 3
	μ = -1.873985204e+00, change: 0.000000000e+00 (converged=True)
	φe Err =  3.882e-11, φe change =  1.915e-02
	ne Err =  9.371e-02, ne change =  1.042e-04
	Q = -1.648e+01 -> -1.142e+01, 
	Zstar guess =  8.830e-01. Current Zstar:  8.830e-01 (converged=True)
	Change =  2.072e-02
__________________________________________
TF Iteration 4
	μ = -1.873985204e+00, change: 0.000000000e+00 (converged=True)
	φe Err =  4.025e-11, φe change =  1.300e-02
	ne Err =  6.681e-02, ne change =  8.554e-05
	Q = -1.142e+01 -> -7.690e+00, 
	Zstar guess =  8.830e-01. Current Zstar:  8.830e-01 (converged=True)
	Change =  1.456e-02
__________________________________________
TF Iteration 5
	μ = -1.873985204e+00, change: 0.000000000e+00 (converged=True)
	φe Err =  3.909e-11, φe change =  6.471e-03
	ne Err =  5.733e-02, ne change =  6.938e-05
	Q = -7.690e+00 -> -4.968e+00, 
	Zstar guess =  8.830e-01. Current Zstar:  8.830e-01 (converged=True)
	Change =  7.383e-03
__________________________________________
TF Iteration 6
	μ = -1.873985204e+00, change: 0.000000000e+00 (converged=True)
	φe Err =  3.811e-11, φe change =  2.516e-03
	ne Err =  5.122e-02, ne change =  5.562e-05
	Q = -4.968e+00 -> -2.972e+00, 
	Zstar guess =  8.830e-01. Current Zstar:  8.830e-01 (converged=True)
	Change =  2.222e-03
__________________________________________
TF Iteration 7
	μ = -1.873985204e+00, change: 0.000000000e+00 (converged=True)
	φe Err =  3.904e-11, φe change =  2.039e-03
	ne Err =  4.359e-02, ne change =  4.421e-05
	Q = -2.972e+00 -> -1.479e+00, 
	Zstar guess =  8.830e-01. Current Zstar:  8.830e-01 (converged=True)
	Change =  5.864e-04
__________________________________________
TF Iteration 8
	μ = -1.873985204e+00, change: 0.000000000e+00 (converged=True)
	φe Err =  3.917e-11, φe change =  2.203e-03
	ne Err =  3.535e-02, ne change =  3.499e-05
	Q = -1.479e+00 -> -3.358e-01, 
	Zstar guess =  8.830e-01. Current Zstar:  8.830e-01 (converged=True)
	Change =  1.488e-03
__________________________________________
TF Iteration 9
	μ = -1.873985204e+00, change: 0.000000000e+00 (converged=True)
	φe Err =  4.127e-11, φe change =  1.915e-03
	ne Err =  2.794e-02, ne change =  2.765e-05
	Q = -3.358e-01 ->  5.535e-01, 
	Zstar guess =  8.830e-01. Current Zstar:  8.830e-01 (converged=True)
	Change =  1.484e-03
__________________________________________
TF Iteration 25
	μ = -7.772517869e-01, change: 0.000000000e+00 (converged=True)
	φe Err =  3.906e-11, φe change =  3.037e-04
	ne Err =  1.808e-03, ne change =  6.986e-07
	Q =  2.092e+00 ->  2.115e+00, 
	Zstar guess =  8.830e-01. Current Zstar:  8.830e-01 (converged=True)
	Change =  3.175e-04
__________________________________________
TF Iteration 50
	μ = -3.279362423e-01, change: 2.215511999e-01 (converged=False)
	φe Err =  3.952e-11, φe change =  1.708e-06
	ne Err =  1.138e-02, ne change =  5.878e-09
	Q =  1.341e+00 ->  1.341e+00, 
	Zstar guess =  8.830e-01. Current Zstar:  8.830e-01 (converged=True)
	Change =  1.748e-01
__________________________________________
TF Iteration 75
	μ = -2.261906933e-01, change: 0.000000000e+00 (converged=True)
	φe Err =  3.828e-11, φe change =  6.666e-05
	ne Err =  3.215e-04, ne change =  3.997e-09
	Q =  6.181e-01 ->  6.128e-01, 
	Zstar guess =  8.830e-01. Current Zstar:  8.830e-01 (converged=True)
	Change =  7.130e-05
__________________________________________
TF Iteration 100
	μ = -1.736588565e-01, change: 5.654297774e-02 (converged=False)
	φe Err =  3.984e-11, φe change =  9.127e-07
	ne Err =  1.365e-03, ne change =  4.328e-10
	Q =  2.897e-01 ->  2.885e-01, 
	Zstar guess =  8.830e-01. Current Zstar:  8.830e-01 (converged=True)
	Change =  4.113e-02
__________________________________________
TF Iteration 125
	μ = -1.628565769e-01, change: 0.000000000e+00 (converged=True)
	φe Err =  3.981e-11, φe change =  8.560e-06
	ne Err =  5.488e-05, ne change =  6.260e-10
	Q =  8.801e-02 ->  8.607e-02, 
	Zstar guess =  8.830e-01. Current Zstar:  8.830e-01 (converged=True)
	Change =  9.194e-06
__________________________________________
TF Iteration 150
	μ = -1.574164805e-01, change: 6.804754993e-03 (converged=False)
	φe Err =  4.158e-11, φe change =  1.368e-07
	ne Err =  1.429e-04, ne change =  4.587e-11
	Q =  3.386e-02 ->  3.368e-02, 
	Zstar guess =  8.830e-01. Current Zstar:  8.830e-01 (converged=True)
	Change =  4.828e-03
__________________________________________
TF Iteration 175
	μ = -1.562935712e-01, change: 0.000000000e+00 (converged=True)
	φe Err =  4.192e-11, φe change =  9.135e-07
	ne Err =  6.109e-06, ne change =  6.699e-11
	Q =  9.510e-03 ->  9.285e-03, 
	Zstar guess =  8.830e-01. Current Zstar:  8.830e-01 (converged=True)
	Change =  9.818e-07
__________________________________________
TF Iteration 200
	μ = -1.557258427e-01, change: 7.226638040e-04 (converged=False)
	φe Err =  3.861e-11, φe change =  1.485e-08
	ne Err =  1.494e-05, ne change =  4.803e-12
	Q =  3.582e-03 ->  3.563e-03, 
	Zstar guess =  8.830e-01. Current Zstar:  8.830e-01 (converged=True)
	Change =  5.112e-04
__________________________________________
TF Iteration 225
	μ = -1.556083732e-01, change: 0.000000000e+00 (converged=True)
	φe Err =  4.020e-11, φe change =  9.587e-08
	ne Err =  6.436e-07, ne change =  7.033e-12
	Q =  9.994e-04 ->  9.756e-04, 
	Zstar guess =  8.830e-01. Current Zstar:  8.830e-01 (converged=True)
	Change =  1.031e-07
__________________________________________
TF Iteration 250
	μ = -1.555488894e-01, change: 7.594078082e-05 (converged=False)
	φe Err =  4.059e-11, φe change =  1.568e-09
	ne Err =  1.568e-06, ne change =  5.015e-13
	Q =  3.761e-04 ->  3.741e-04, 
	Zstar guess =  8.830e-01. Current Zstar:  8.830e-01 (converged=True)
	Change =  5.370e-05
__________________________________________
TF Iteration 275
	μ = -1.555365743e-01, change: 0.000000000e+00 (converged=True)
	φe Err =  3.884e-11, φe change =  1.005e-08
	ne Err =  6.750e-08, ne change =  7.368e-13
	Q =  1.048e-04 ->  1.023e-04, 
	Zstar guess =  8.830e-01. Current Zstar:  8.830e-01 (converged=True)
	Change =  1.080e-08
__________________________________________
TF Iteration 300
	μ = -1.555303417e-01, change: 7.957589026e-06 (converged=True)
	φe Err =  4.249e-11, φe change =  1.636e-10
	ne Err =  1.643e-07, ne change =  5.260e-14
	Q =  3.940e-05 ->  3.920e-05, 
	Zstar guess =  8.830e-01. Current Zstar:  8.830e-01 (converged=True)
	Change =  5.627e-06
__________________________________________
TF Iteration 325
	μ = -1.555290515e-01, change: 0.000000000e+00 (converged=True)
	φe Err =  4.014e-11, φe change =  1.051e-09
	ne Err =  7.071e-09, ne change =  7.800e-14
	Q =  1.098e-05 ->  1.071e-05, 
	Zstar guess =  8.830e-01. Current Zstar:  8.830e-01 (converged=True)
	Change =  1.130e-09
__________________________________________
TF Iteration 350
	μ = -1.555283986e-01, change: 8.336490936e-07 (converged=True)
	φe Err =  4.080e-11, φe change =  1.857e-11
	ne Err =  1.721e-08, ne change =  7.466e-15
	Q =  4.128e-06 ->  4.106e-06, 
	Zstar guess =  8.830e-01. Current Zstar:  8.830e-01 (converged=True)
	Change =  5.895e-07
__________________________________________
TF Iteration 375
	μ = -1.555282634e-01, change: 0.000000000e+00 (converged=True)
	φe Err =  4.181e-11, φe change =  1.048e-10
	ne Err =  7.408e-10, ne change =  4.146e-15
	Q =  1.150e-06 ->  1.122e-06, 
	Zstar guess =  8.830e-01. Current Zstar:  8.830e-01 (converged=True)
	Change =  1.119e-10
__________________________________________
TF Iteration 400
	μ = -1.555281950e-01, change: 8.733202739e-08 (converged=True)
	φe Err =  3.686e-11, φe change =  2.905e-12
	ne Err =  1.803e-09, ne change =  3.177e-15
	Q =  4.324e-07 ->  4.301e-07, 
	Zstar guess =  8.830e-01. Current Zstar:  8.830e-01 (converged=True)
	Change =  6.176e-08
__________________________________________
TF Iteration 409
	μ = -1.555281950e-01, change: 0.000000000e+00 (converged=True)
	φe Err =  3.865e-11, φe change =  2.279e-12
	ne Err =  8.416e-11, ne change =  1.439e-15
	Q =  2.802e-07 ->  2.774e-07, 
	Zstar guess =  8.830e-01. Current Zstar:  8.830e-01 (converged=True)
	Change =  2.762e-13
	-------------------
	Solving IET.
0: Initial condition Total Error: 5.295e+00
Exiting status 0, reverting to best index so far: 279
Final iter:280, Total Error: 9.138e-13
	-------------------
	Solving IET.
0: Initial condition Total Error: 5.283e+00
Exiting status 0, reverting to best index so far: 278
Final iter:279, Total Error: 9.906e-13
Time to solve CS model: 1.681e+02 [s], time so far: 1.707e+02 [s]
CS model saved.
Ee_pot_density = -1.186e-01 [au], Ee_K = 6.052e-02 [au], Ee_tot = -5.804e-02 [au]
P_e = 2.190e-06 [au], 6.443e-04 [Mbar]
Virial if 6.541e+02 = 6.407e+02 --->  off by 2.084e+00 % 

βEe_pot/Z = -1516.884, βEe_K/Z = 774.291, βEe_tot/Z = -742.593
βP_e Ω/Z = 0.028
