
===========================================
===========================================
Starting case: Ar: Te = 0.559 eV, Ti = 0.559 eV 

T[K]:  6490.541199633585
________________________
Generating NPA
T:  0.02055431053210747
Using More TF fit for initial Zstar = 0.568
	Intializing grid
Initializing, True
Initializing
	Creating Integral Equation Solver
Intialized Potentials and Densities
Initialized
Time to setup correlation sphere (IS) model: 2.295e+00 [s], time so far: 2.295e+00 [s]
Beginning self-consistent electron solver.
_________________________________
__________________________________________
TF Iteration 0
	μ = -1.693309420e+00, change: 4.205249861e+01 (converged=False)
	φe Err =  3.904e-11, φe change =  9.720e-01
	ne Err =  1.089e-01, ne change =  2.109e-04
	Q =  0.000e+00 -> -3.184e+01, 
	Zstar guess =  5.679e-01. Current Zstar:  5.679e-01 (converged=True)
	Change =  1.942e+00
__________________________________________
TF Iteration 1
	μ = -1.693309420e+00, change: 0.000000000e+00 (converged=True)
	φe Err =  4.118e-11, φe change =  6.361e-02
	ne Err =  1.936e-01, ne change =  1.542e-04
	Q = -3.184e+01 -> -2.330e+01, 
	Zstar guess =  5.679e-01. Current Zstar:  5.679e-01 (converged=True)
	Change =  7.120e-02
__________________________________________
TF Iteration 2
	μ = -1.693309420e+00, change: 0.000000000e+00 (converged=True)
	φe Err =  4.072e-11, φe change =  1.525e-02
	ne Err =  1.384e-01, ne change =  1.263e-04
	Q = -2.330e+01 -> -1.663e+01, 
	Zstar guess =  5.679e-01. Current Zstar:  5.679e-01 (converged=True)
	Change =  1.517e-02
__________________________________________
TF Iteration 3
	μ = -1.693309420e+00, change: 0.000000000e+00 (converged=True)
	φe Err =  3.989e-11, φe change =  1.829e-02
	ne Err =  8.931e-02, ne change =  1.043e-04
	Q = -1.663e+01 -> -1.159e+01, 
	Zstar guess =  5.679e-01. Current Zstar:  5.679e-01 (converged=True)
	Change =  1.984e-02
__________________________________________
TF Iteration 4
	μ = -1.693309420e+00, change: 0.000000000e+00 (converged=True)
	φe Err =  3.918e-11, φe change =  1.216e-02
	ne Err =  6.414e-02, ne change =  8.551e-05
	Q = -1.159e+01 -> -7.886e+00, 
	Zstar guess =  5.679e-01. Current Zstar:  5.679e-01 (converged=True)
	Change =  1.365e-02
__________________________________________
TF Iteration 5
	μ = -1.693309420e+00, change: 0.000000000e+00 (converged=True)
	φe Err =  3.952e-11, φe change =  5.838e-03
	ne Err =  5.556e-02, ne change =  6.924e-05
	Q = -7.886e+00 -> -5.185e+00, 
	Zstar guess =  5.679e-01. Current Zstar:  5.679e-01 (converged=True)
	Change =  6.657e-03
__________________________________________
TF Iteration 6
	μ = -1.693309420e+00, change: 0.000000000e+00 (converged=True)
	φe Err =  3.832e-11, φe change =  2.253e-03
	ne Err =  4.956e-02, ne change =  5.544e-05
	Q = -5.185e+00 -> -3.201e+00, 
	Zstar guess =  5.679e-01. Current Zstar:  5.679e-01 (converged=True)
	Change =  1.759e-03
__________________________________________
TF Iteration 7
	μ = -1.693309420e+00, change: 0.000000000e+00 (converged=True)
	φe Err =  4.080e-11, φe change =  2.065e-03
	ne Err =  4.191e-02, ne change =  4.404e-05
	Q = -3.201e+00 -> -1.714e+00, 
	Zstar guess =  5.679e-01. Current Zstar:  5.679e-01 (converged=True)
	Change =  8.085e-04
__________________________________________
TF Iteration 8
	μ = -1.693309420e+00, change: 0.000000000e+00 (converged=True)
	φe Err =  4.036e-11, φe change =  2.182e-03
	ne Err =  3.378e-02, ne change =  3.485e-05
	Q = -1.714e+00 -> -5.719e-01, 
	Zstar guess =  5.679e-01. Current Zstar:  5.679e-01 (converged=True)
	Change =  1.547e-03
__________________________________________
TF Iteration 9
	μ = -1.693309420e+00, change: 0.000000000e+00 (converged=True)
	φe Err =  3.836e-11, φe change =  1.848e-03
	ne Err =  2.659e-02, ne change =  2.755e-05
	Q = -5.719e-01 ->  3.179e-01, 
	Zstar guess =  5.679e-01. Current Zstar:  5.679e-01 (converged=True)
	Change =  1.460e-03
__________________________________________
TF Iteration 25
	μ = -7.101596604e-01, change: 0.000000000e+00 (converged=True)
	φe Err =  3.994e-11, φe change =  2.862e-04
	ne Err =  1.818e-03, ne change =  7.062e-07
	Q =  1.974e+00 ->  1.997e+00, 
	Zstar guess =  5.679e-01. Current Zstar:  5.679e-01 (converged=True)
	Change =  2.998e-04
__________________________________________
TF Iteration 50
	μ = -2.813629162e-01, change: 2.470291886e-01 (converged=False)
	φe Err =  3.802e-11, φe change =  1.941e-06
	ne Err =  1.166e-02, ne change =  5.781e-09
	Q =  1.256e+00 ->  1.254e+00, 
	Zstar guess =  5.679e-01. Current Zstar:  5.679e-01 (converged=True)
	Change =  1.973e-01
__________________________________________
TF Iteration 75
	μ = -1.734316922e-01, change: 0.000000000e+00 (converged=True)
	φe Err =  3.823e-11, φe change =  6.358e-05
	ne Err =  5.466e-04, ne change =  4.174e-09
	Q =  6.171e-01 ->  6.147e-01, 
	Zstar guess =  5.679e-01. Current Zstar:  5.679e-01 (converged=True)
	Change =  6.773e-05
__________________________________________
TF Iteration 100
	μ = -1.035522139e-01, change: 1.340378763e-01 (converged=False)
	φe Err =  3.813e-11, φe change =  8.323e-07
	ne Err =  2.370e-03, ne change =  5.148e-10
	Q =  3.772e-01 ->  3.764e-01, 
	Zstar guess =  5.679e-01. Current Zstar:  5.679e-01 (converged=True)
	Change =  1.013e-01
__________________________________________
TF Iteration 125
	μ = -8.393783880e-02, change: 0.000000000e+00 (converged=True)
	φe Err =  3.952e-11, φe change =  1.658e-05
	ne Err =  1.355e-04, ne change =  2.011e-09
	Q =  1.754e-01 ->  1.739e-01, 
	Zstar guess =  5.679e-01. Current Zstar:  5.679e-01 (converged=True)
	Change =  1.808e-05
__________________________________________
TF Iteration 150
	μ = -7.100621762e-02, change: 4.003997372e-02 (converged=False)
	φe Err =  3.927e-11, φe change =  4.689e-07
	ne Err =  4.448e-04, ne change =  8.043e-11
	Q =  9.363e-02 ->  9.341e-02, 
	Zstar guess =  5.679e-01. Current Zstar:  5.679e-01 (converged=True)
	Change =  2.889e-02
__________________________________________
TF Iteration 175
	μ = -6.737614774e-02, change: 0.000000000e+00 (converged=True)
	φe Err =  3.967e-11, φe change =  3.464e-06
	ne Err =  2.900e-05, ne change =  4.288e-10
	Q =  3.747e-02 ->  3.701e-02, 
	Zstar guess =  5.679e-01. Current Zstar:  5.679e-01 (converged=True)
	Change =  3.797e-06
__________________________________________
TF Iteration 200
	μ = -6.495768999e-02, change: 8.507055384e-03 (converged=False)
	φe Err =  4.051e-11, φe change =  1.109e-07
	ne Err =  8.397e-05, ne change =  1.445e-11
	Q =  1.885e-02 ->  1.882e-02, 
	Zstar guess =  5.679e-01. Current Zstar:  5.679e-01 (converged=True)
	Change =  6.041e-03
__________________________________________
TF Iteration 225
	μ = -6.427065499e-02, change: 0.000000000e+00 (converged=True)
	φe Err =  3.837e-11, φe change =  6.728e-07
	ne Err =  5.839e-06, ne change =  8.319e-11
	Q =  7.308e-03 ->  7.215e-03, 
	Zstar guess =  5.679e-01. Current Zstar:  5.679e-01 (converged=True)
	Change =  7.382e-07
__________________________________________
TF Iteration 250
	μ = -6.381013204e-02, change: 1.663571423e-03 (converged=False)
	φe Err =  4.003e-11, φe change =  2.207e-08
	ne Err =  1.604e-05, ne change =  2.732e-12
	Q =  3.643e-03 ->  3.637e-03, 
	Zstar guess =  5.679e-01. Current Zstar:  5.679e-01 (converged=True)
	Change =  1.177e-03
__________________________________________
TF Iteration 275
	μ = -6.367901874e-02, change: 0.000000000e+00 (converged=True)
	φe Err =  4.064e-11, φe change =  1.292e-07
	ne Err =  1.184e-06, ne change =  1.597e-11
	Q =  1.404e-03 ->  1.386e-03, 
	Zstar guess =  5.679e-01. Current Zstar:  5.679e-01 (converged=True)
	Change =  1.418e-07
__________________________________________
TF Iteration 300
	μ = -6.359099533e-02, change: 3.193850106e-04 (converged=False)
	φe Err =  4.032e-11, φe change =  4.241e-09
	ne Err =  3.067e-06, ne change =  5.227e-13
	Q =  6.981e-04 ->  6.969e-04, 
	Zstar guess =  5.679e-01. Current Zstar:  5.679e-01 (converged=True)
	Change =  2.259e-04
__________________________________________
TF Iteration 325
	μ = -6.356596045e-02, change: 0.000000000e+00 (converged=True)
	φe Err =  4.012e-11, φe change =  2.462e-08
	ne Err =  2.439e-07, ne change =  3.042e-12
	Q =  2.679e-04 ->  2.644e-04, 
	Zstar guess =  5.679e-01. Current Zstar:  5.679e-01 (converged=True)
	Change =  2.701e-08
__________________________________________
TF Iteration 350
	μ = -6.354923589e-02, change: 6.060915165e-05 (converged=False)
	φe Err =  3.931e-11, φe change =  8.030e-10
	ne Err =  5.826e-07, ne change =  9.946e-14
	Q =  1.326e-04 ->  1.323e-04, 
	Zstar guess =  5.679e-01. Current Zstar:  5.679e-01 (converged=True)
	Change =  4.286e-05
__________________________________________
TF Iteration 375
	μ = -6.354449883e-02, change: 0.000000000e+00 (converged=True)
	φe Err =  4.089e-11, φe change =  4.649e-09
	ne Err =  5.119e-08, ne change =  5.724e-13
	Q =  5.069e-05 ->  5.001e-05, 
	Zstar guess =  5.679e-01. Current Zstar:  5.679e-01 (converged=True)
	Change =  5.099e-09
__________________________________________
TF Iteration 400
	μ = -6.354134349e-02, change: 1.142081175e-05 (converged=False)
	φe Err =  4.137e-11, φe change =  1.547e-10
	ne Err =  1.101e-07, ne change =  2.021e-14
	Q =  2.500e-05 ->  2.495e-05, 
	Zstar guess =  5.679e-01. Current Zstar:  5.679e-01 (converged=True)
	Change =  8.076e-06
__________________________________________
TF Iteration 425
	μ = -6.354045245e-02, change: 0.000000000e+00 (converged=True)
	φe Err =  4.138e-11, φe change =  8.706e-10
	ne Err =  1.099e-08, ne change =  1.057e-13
	Q =  9.533e-06 ->  9.405e-06, 
	Zstar guess =  5.679e-01. Current Zstar:  5.679e-01 (converged=True)
	Change =  9.549e-10
__________________________________________
TF Iteration 450
	μ = -6.353986036e-02, change: 2.140466793e-06 (converged=True)
	φe Err =  4.065e-11, φe change =  2.683e-11
	ne Err =  2.077e-08, ne change =  3.780e-15
	Q =  4.689e-06 ->  4.679e-06, 
	Zstar guess =  5.679e-01. Current Zstar:  5.679e-01 (converged=True)
	Change =  1.514e-06
__________________________________________
TF Iteration 475
	μ = -6.353969362e-02, change: 0.000000000e+00 (converged=True)
	φe Err =  3.955e-11, φe change =  1.635e-10
	ne Err =  2.415e-09, ne change =  1.878e-14
	Q =  1.784e-06 ->  1.760e-06, 
	Zstar guess =  5.679e-01. Current Zstar:  5.679e-01 (converged=True)
	Change =  1.792e-10
__________________________________________
TF Iteration 500
	μ = -6.353958311e-02, change: 3.989487850e-07 (converged=True)
	φe Err =  4.066e-11, φe change =  7.771e-12
	ne Err =  3.913e-09, ne change =  4.632e-16
	Q =  8.749e-07 ->  8.729e-07, 
	Zstar guess =  5.679e-01. Current Zstar:  5.679e-01 (converged=True)
	Change =  2.821e-07
__________________________________________
TF Iteration 525
	μ = -6.353955208e-02, change: 0.000000000e+00 (converged=True)
	φe Err =  3.772e-11, φe change =  2.980e-11
	ne Err =  5.433e-10, ne change =  3.014e-15
	Q =  3.318e-07 ->  3.273e-07, 
	Zstar guess =  5.679e-01. Current Zstar:  5.679e-01 (converged=True)
	Change =  3.265e-11
__________________________________________
TF Iteration 550
	μ = -6.353953159e-02, change: 7.387507039e-08 (converged=True)
	φe Err =  4.080e-11, φe change =  3.811e-12
	ne Err =  7.382e-10, ne change =  1.427e-15
	Q =  1.622e-07 ->  1.618e-07, 
	Zstar guess =  5.679e-01. Current Zstar:  5.679e-01 (converged=True)
	Change =  5.224e-08
__________________________________________
TF Iteration 575
	μ = -6.353952585e-02, change: 0.000000000e+00 (converged=True)
	φe Err =  4.044e-11, φe change =  8.546e-12
	ne Err =  1.250e-10, ne change =  3.913e-15
	Q =  6.131e-08 ->  6.046e-08, 
	Zstar guess =  5.679e-01. Current Zstar:  5.679e-01 (converged=True)
	Change =  1.880e-12
__________________________________________
TF Iteration 586
	μ = -6.353952415e-02, change: 0.000000000e+00 (converged=True)
	φe Err =  4.032e-11, φe change =  1.598e-11
	ne Err =  9.336e-11, ne change =  3.024e-15
	Q =  4.370e-08 ->  4.309e-08, 
	Zstar guess =  5.679e-01. Current Zstar:  5.679e-01 (converged=True)
	Change =  1.076e-11
	-------------------
	Solving IET.
0: Initial condition Total Error: 2.117e+00
Exiting status 0, reverting to best index so far: 304
Final iter:305, Total Error: 9.815e-13
	-------------------
	Solving IET.
0: Initial condition Total Error: 2.261e+00
QUIT: Total error infinite.
Exiting status 1, reverting to best index so far: 12
Final iter:21, Total Error: 6.256e-01
Time to solve CS model: 2.325e+02 [s], time so far: 2.348e+02 [s]
CS model saved.
Ee_pot_density = -1.186e-01 [au], Ee_K = 6.052e-02 [au], Ee_tot = -5.805e-02 [au]
P_e = 3.468e-07 [au], 1.020e-04 [Mbar]
Virial if 6.541e+02 = 6.408e+02 --->  off by 2.086e+00 % 

βEe_pot/Z = -3463.805, βEe_K/Z = 1768.044, βEe_tot/Z = -1695.761
βP_e Ω/Z = 0.010
