
===========================================
===========================================
Starting case: Ar: Te = 0.113 eV, Ti = 0.113 eV 

T[K]:  1306.9155758827183
________________________
Generating NPA
T:  0.00413875326566881
Using More TF fit for initial Zstar = 0.297
	Intializing grid
Initializing, True
Initializing
	Creating Integral Equation Solver
Intialized Potentials and Densities
Initialized
Time to setup correlation sphere (IS) model: 1.127e+00 [s], time so far: 1.127e+00 [s]
Beginning self-consistent electron solver.
_________________________________
__________________________________________
TF Iteration 0
	μ = -1.349067338e+00, change: 4.238885350e+03 (converged=False)
	φe Err =  3.882e-11, φe change =  9.500e-01
	ne Err =  8.130e-02, ne change =  2.103e-04
	Q =  0.000e+00 -> -2.122e+01, 
	Zstar guess =  2.970e-01. Current Zstar:  2.970e-01 (converged=True)
	Change =  1.939e+00
__________________________________________
TF Iteration 1
	μ = -1.349067338e+00, change: 0.000000000e+00 (converged=True)
	φe Err =  4.070e-11, φe change =  5.069e-02
	ne Err =  1.576e-01, ne change =  1.566e-04
	Q = -2.122e+01 -> -1.498e+01, 
	Zstar guess =  2.970e-01. Current Zstar:  2.970e-01 (converged=True)
	Change =  5.653e-02
__________________________________________
TF Iteration 2
	μ = -1.349067338e+00, change: 0.000000000e+00 (converged=True)
	φe Err =  3.818e-11, φe change =  1.359e-02
	ne Err =  1.075e-01, ne change =  1.278e-04
	Q = -1.498e+01 -> -1.019e+01, 
	Zstar guess =  2.970e-01. Current Zstar:  2.970e-01 (converged=True)
	Change =  1.396e-02
__________________________________________
TF Iteration 3
	μ = -1.349067338e+00, change: 0.000000000e+00 (converged=True)
	φe Err =  4.078e-11, φe change =  1.434e-02
	ne Err =  6.632e-02, ne change =  1.048e-04
	Q = -1.019e+01 -> -6.686e+00, 
	Zstar guess =  2.970e-01. Current Zstar:  2.970e-01 (converged=True)
	Change =  1.570e-02
__________________________________________
TF Iteration 4
	μ = -1.349067338e+00, change: 0.000000000e+00 (converged=True)
	φe Err =  3.952e-11, φe change =  8.240e-03
	ne Err =  4.888e-02, ne change =  8.517e-05
	Q = -6.686e+00 -> -4.206e+00, 
	Zstar guess =  2.970e-01. Current Zstar:  2.970e-01 (converged=True)
	Change =  9.334e-03
__________________________________________
TF Iteration 5
	μ = -1.349067338e+00, change: 0.000000000e+00 (converged=True)
	φe Err =  3.805e-11, φe change =  3.122e-03
	ne Err =  4.334e-02, ne change =  6.849e-05
	Q = -4.206e+00 -> -2.458e+00, 
	Zstar guess =  2.970e-01. Current Zstar:  2.970e-01 (converged=True)
	Change =  3.444e-03
__________________________________________
TF Iteration 6
	μ = -1.349067338e+00, change: 0.000000000e+00 (converged=True)
	φe Err =  3.915e-11, φe change =  1.604e-03
	ne Err =  3.764e-02, ne change =  5.460e-05
	Q = -2.458e+00 -> -1.194e+00, 
	Zstar guess =  2.970e-01. Current Zstar:  2.970e-01 (converged=True)
	Change =  1.341e-04
__________________________________________
TF Iteration 7
	μ = -1.349067338e+00, change: 0.000000000e+00 (converged=True)
	φe Err =  4.145e-11, φe change =  1.976e-03
	ne Err =  3.060e-02, ne change =  4.333e-05
	Q = -1.194e+00 -> -2.478e-01, 
	Zstar guess =  2.970e-01. Current Zstar:  2.970e-01 (converged=True)
	Change =  1.403e-03
__________________________________________
TF Iteration 8
	μ = -1.349067338e+00, change: 0.000000000e+00 (converged=True)
	φe Err =  3.721e-11, φe change =  1.802e-03
	ne Err =  2.395e-02, ne change =  3.433e-05
	Q = -2.478e-01 ->  4.813e-01, 
	Zstar guess =  2.970e-01. Current Zstar:  2.970e-01 (converged=True)
	Change =  1.493e-03
__________________________________________
TF Iteration 9
	μ = -1.349067338e+00, change: 0.000000000e+00 (converged=True)
	φe Err =  3.994e-11, φe change =  1.364e-03
	ne Err =  1.857e-02, ne change =  2.722e-05
	Q =  4.813e-01 ->  1.051e+00, 
	Zstar guess =  2.970e-01. Current Zstar:  2.970e-01 (converged=True)
	Change =  1.169e-03
__________________________________________
TF Iteration 25
	μ = -6.066900733e-01, change: 0.000000000e+00 (converged=True)
	φe Err =  4.082e-11, φe change =  2.484e-04
	ne Err =  1.550e-03, ne change =  7.216e-07
	Q =  1.793e+00 ->  1.807e+00, 
	Zstar guess =  2.970e-01. Current Zstar:  2.970e-01 (converged=True)
	Change =  2.606e-04
__________________________________________
TF Iteration 50
	μ = -2.404249277e-01, change: 2.522549225e-01 (converged=False)
	φe Err =  4.238e-11, φe change =  1.972e-06
	ne Err =  1.049e-02, ne change =  5.422e-09
	Q =  1.119e+00 ->  1.117e+00, 
	Zstar guess =  2.970e-01. Current Zstar:  2.970e-01 (converged=True)
	Change =  2.020e-01
__________________________________________
TF Iteration 75
	μ = -1.417068929e-01, change: 0.000000000e+00 (converged=True)
	φe Err =  4.124e-11, φe change =  5.456e-05
	ne Err =  7.836e-04, ne change =  2.507e-09
	Q =  5.318e-01 ->  5.286e-01, 
	Zstar guess =  2.970e-01. Current Zstar:  2.970e-01 (converged=True)
	Change =  5.747e-05
__________________________________________
TF Iteration 100
	μ = -7.305286020e-02, change: 1.836299401e-01 (converged=False)
	φe Err =  4.122e-11, φe change =  8.438e-07
	ne Err =  2.531e-03, ne change =  4.955e-10
	Q =  3.058e-01 ->  3.044e-01, 
	Zstar guess =  2.970e-01. Current Zstar:  2.970e-01 (converged=True)
	Change =  1.422e-01
__________________________________________
TF Iteration 125
	μ = -5.184625704e-02, change: 0.000000000e+00 (converged=True)
	φe Err =  4.069e-11, φe change =  1.274e-05
	ne Err =  5.293e-04, ne change =  1.175e-09
	Q =  1.417e-01 ->  1.403e-01, 
	Zstar guess =  2.970e-01. Current Zstar:  2.970e-01 (converged=True)
	Change =  1.351e-05
__________________________________________
TF Iteration 150
	μ = -3.645586288e-02, change: 9.353462797e-02 (converged=False)
	φe Err =  4.130e-11, φe change =  2.861e-07
	ne Err =  7.223e-04, ne change =  8.411e-11
	Q =  7.818e-02 ->  7.761e-02, 
	Zstar guess =  2.970e-01. Current Zstar:  2.970e-01 (converged=True)
	Change =  6.930e-02
__________________________________________
TF Iteration 175
	μ = -3.125452284e-02, change: 0.000000000e+00 (converged=True)
	φe Err =  4.114e-11, φe change =  3.827e-06
	ne Err =  2.714e-04, ne change =  4.224e-10
	Q =  3.805e-02 ->  3.769e-02, 
	Zstar guess =  2.970e-01. Current Zstar:  2.970e-01 (converged=True)
	Change =  4.150e-06
__________________________________________
TF Iteration 200
	μ = -2.687468382e-02, change: 4.315397562e-02 (converged=False)
	φe Err =  3.896e-11, φe change =  1.498e-07
	ne Err =  1.899e-04, ne change =  2.969e-11
	Q =  2.450e-02 ->  2.450e-02, 
	Zstar guess =  2.970e-01. Current Zstar:  2.970e-01 (converged=True)
	Change =  3.118e-02
__________________________________________
TF Iteration 225
	μ = -2.493552229e-02, change: 0.000000000e+00 (converged=True)
	φe Err =  3.939e-11, φe change =  1.798e-06
	ne Err =  1.049e-05, ne change =  1.908e-10
	Q =  1.548e-02 ->  1.555e-02, 
	Zstar guess =  2.970e-01. Current Zstar:  2.970e-01 (converged=True)
	Change =  1.982e-06
__________________________________________
TF Iteration 250
	μ = -2.286775942e-02, change: 2.558751781e-02 (converged=False)
	φe Err =  4.048e-11, φe change =  1.144e-07
	ne Err =  9.134e-05, ne change =  1.439e-11
	Q =  1.212e-02 ->  1.216e-02, 
	Zstar guess =  2.970e-01. Current Zstar:  2.970e-01 (converged=True)
	Change =  1.833e-02
__________________________________________
TF Iteration 275
	μ = -2.187333752e-02, change: 0.000000000e+00 (converged=True)
	φe Err =  3.982e-11, φe change =  1.014e-06
	ne Err =  6.458e-06, ne change =  1.060e-10
	Q =  8.170e-03 ->  8.226e-03, 
	Zstar guess =  2.970e-01. Current Zstar:  2.970e-01 (converged=True)
	Change =  1.122e-06
__________________________________________
TF Iteration 300
	μ = -2.077373992e-02, change: 1.531808048e-02 (converged=False)
	φe Err =  3.742e-11, φe change =  7.624e-08
	ne Err =  4.878e-05, ne change =  7.742e-12
	Q =  6.600e-03 ->  6.620e-03, 
	Zstar guess =  2.970e-01. Current Zstar:  2.970e-01 (converged=True)
	Change =  1.091e-02
__________________________________________
TF Iteration 325
	μ = -2.023262114e-02, change: 0.000000000e+00 (converged=True)
	φe Err =  3.946e-11, φe change =  5.822e-07
	ne Err =  4.138e-06, ne change =  6.033e-11
	Q =  4.528e-03 ->  4.561e-03, 
	Zstar guess =  2.970e-01. Current Zstar:  2.970e-01 (converged=True)
	Change =  6.451e-07
__________________________________________
TF Iteration 350
	μ = -1.971115535e-02, change: 4.962179176e-03 (converged=False)
	φe Err =  4.084e-11, φe change =  8.439e-08
	ne Err =  2.142e-04, ne change =  2.894e-11
	Q =  3.310e-03 ->  3.210e-03, 
	Zstar guess =  2.970e-01. Current Zstar:  2.970e-01 (converged=True)
	Change =  3.518e-03
__________________________________________
TF Iteration 375
	μ = -2.032787134e-02, change: 0.000000000e+00 (converged=True)
	φe Err =  3.954e-11, φe change =  1.073e-06
	ne Err =  4.256e-04, ne change =  1.216e-10
	Q = -6.598e-03 -> -7.336e-03, 
	Zstar guess =  2.970e-01. Current Zstar:  2.970e-01 (converged=True)
	Change =  1.229e-06
__________________________________________
TF Iteration 400
	μ = -2.229815118e-02, change: 2.969948007e-02 (converged=False)
	φe Err =  4.041e-11, φe change =  1.575e-07
	ne Err =  1.253e-04, ne change =  1.490e-11
	Q = -1.281e-02 -> -1.295e-02, 
	Zstar guess =  2.970e-01. Current Zstar:  2.970e-01 (converged=True)
	Change =  2.069e-02
__________________________________________
TF Iteration 425
	μ = -2.341683603e-02, change: 0.000000000e+00 (converged=True)
	φe Err =  4.071e-11, φe change =  1.142e-06
	ne Err =  1.031e-05, ne change =  1.207e-10
	Q = -9.454e-03 -> -9.531e-03, 
	Zstar guess =  2.970e-01. Current Zstar:  2.970e-01 (converged=True)
	Change =  1.263e-06
__________________________________________
TF Iteration 450
	μ = -2.467905973e-02, change: 1.523891686e-02 (converged=False)
	φe Err =  4.040e-11, φe change =  7.648e-08
	ne Err =  5.700e-05, ne change =  8.971e-12
	Q = -7.650e-03 -> -7.674e-03, 
	Zstar guess =  2.970e-01. Current Zstar:  2.970e-01 (converged=True)
	Change =  1.069e-02
__________________________________________
TF Iteration 475
	μ = -2.529247380e-02, change: 0.000000000e+00 (converged=True)
	φe Err =  4.196e-11, φe change =  5.889e-07
	ne Err =  3.380e-06, ne change =  6.308e-11
	Q = -5.087e-03 -> -5.118e-03, 
	Zstar guess =  2.970e-01. Current Zstar:  2.970e-01 (converged=True)
	Change =  6.498e-07
__________________________________________
TF Iteration 500
	μ = -2.595799697e-02, change: 7.492010955e-03 (converged=False)
	φe Err =  4.026e-11, φe change =  3.493e-08
	ne Err =  2.982e-05, ne change =  4.685e-12
	Q = -3.986e-03 -> -3.996e-03, 
	Zstar guess =  2.970e-01. Current Zstar:  2.970e-01 (converged=True)
	Change =  5.278e-03
__________________________________________
TF Iteration 525
	μ = -2.627389492e-02, change: 0.000000000e+00 (converged=True)
	φe Err =  3.953e-11, φe change =  2.949e-07
	ne Err =  1.635e-06, ne change =  3.181e-11
	Q = -2.600e-03 -> -2.614e-03, 
	Zstar guess =  2.970e-01. Current Zstar:  2.970e-01 (converged=True)
	Change =  3.250e-07
__________________________________________
TF Iteration 550
	μ = -2.661171047e-02, change: 3.675799100e-03 (converged=False)
	φe Err =  4.092e-11, φe change =  1.643e-08
	ne Err =  1.508e-05, ne change =  2.367e-12
	Q = -2.012e-03 -> -2.017e-03, 
	Zstar guess =  2.970e-01. Current Zstar:  2.970e-01 (converged=True)
	Change =  2.594e-03
__________________________________________
TF Iteration 575
	μ = -2.677032303e-02, change: 0.000000000e+00 (converged=True)
	φe Err =  4.119e-11, φe change =  1.460e-07
	ne Err =  7.965e-07, ne change =  1.579e-11
	Q = -1.301e-03 -> -1.307e-03, 
	Zstar guess =  2.970e-01. Current Zstar:  2.970e-01 (converged=True)
	Change =  1.608e-07
__________________________________________
TF Iteration 600
	μ = -2.693872260e-02, change: 1.802121104e-03 (converged=False)
	φe Err =  4.067e-11, φe change =  7.887e-09
	ne Err =  7.506e-06, ne change =  1.179e-12
	Q = -1.001e-03 -> -1.003e-03, 
	Zstar guess =  2.970e-01. Current Zstar:  2.970e-01 (converged=True)
	Change =  1.273e-03
__________________________________________
TF Iteration 625
	μ = -2.701739326e-02, change: 0.000000000e+00 (converged=True)
	φe Err =  4.085e-11, φe change =  7.190e-08
	ne Err =  3.898e-07, ne change =  7.793e-12
	Q = -6.438e-04 -> -6.469e-04, 
	Zstar guess =  2.970e-01. Current Zstar:  2.970e-01 (converged=True)
	Change =  7.918e-08
__________________________________________
TF Iteration 650
	μ = -2.710063947e-02, change: 8.838068964e-04 (converged=False)
	φe Err =  4.005e-11, φe change =  3.819e-09
	ne Err =  3.708e-06, ne change =  5.776e-13
	Q = -4.941e-04 -> -4.952e-04, 
	Zstar guess =  2.970e-01. Current Zstar:  2.970e-01 (converged=True)
	Change =  6.247e-04
__________________________________________
TF Iteration 675
	μ = -2.713939549e-02, change: 0.000000000e+00 (converged=True)
	φe Err =  4.037e-11, φe change =  3.532e-08
	ne Err =  1.909e-07, ne change =  3.833e-12
	Q = -3.169e-04 -> -3.185e-04, 
	Zstar guess =  2.970e-01. Current Zstar:  2.970e-01 (converged=True)
	Change =  3.889e-08
__________________________________________
TF Iteration 700
	μ = -2.718034842e-02, change: 4.332770784e-04 (converged=False)
	φe Err =  3.958e-11, φe change =  1.879e-09
	ne Err =  1.824e-06, ne change =  2.856e-13
	Q = -2.430e-04 -> -2.436e-04, 
	Zstar guess =  2.970e-01. Current Zstar:  2.970e-01 (converged=True)
	Change =  3.063e-04
__________________________________________
TF Iteration 725
	μ = -2.719944663e-02, change: 0.000000000e+00 (converged=True)
	φe Err =  4.210e-11, φe change =  1.734e-08
	ne Err =  9.315e-08, ne change =  1.877e-12
	Q = -1.561e-04 -> -1.569e-04, 
	Zstar guess =  2.970e-01. Current Zstar:  2.970e-01 (converged=True)
	Change =  1.909e-08
__________________________________________
TF Iteration 750
	μ = -2.721957666e-02, change: 2.121752863e-04 (converged=False)
	φe Err =  4.052e-11, φe change =  8.986e-10
	ne Err =  8.953e-07, ne change =  1.389e-13
	Q = -1.193e-04 -> -1.195e-04, 
	Zstar guess =  2.970e-01. Current Zstar:  2.970e-01 (converged=True)
	Change =  1.500e-04
__________________________________________
TF Iteration 775
	μ = -2.722891621e-02, change: 0.000000000e+00 (converged=True)
	φe Err =  4.248e-11, φe change =  8.469e-09
	ne Err =  4.556e-08, ne change =  9.195e-13
	Q = -7.629e-05 -> -7.665e-05, 
	Zstar guess =  2.970e-01. Current Zstar:  2.970e-01 (converged=True)
	Change =  9.323e-09
__________________________________________
TF Iteration 800
	μ = -2.723875447e-02, change: 1.036564622e-04 (converged=False)
	φe Err =  3.839e-11, φe change =  4.406e-10
	ne Err =  4.377e-07, ne change =  6.768e-14
	Q = -5.830e-05 -> -5.843e-05, 
	Zstar guess =  2.970e-01. Current Zstar:  2.970e-01 (converged=True)
	Change =  7.329e-05
__________________________________________
TF Iteration 825
	μ = -2.724332296e-02, change: 0.000000000e+00 (converged=True)
	φe Err =  3.893e-11, φe change =  4.151e-09
	ne Err =  2.232e-08, ne change =  4.534e-13
	Q = -3.733e-05 -> -3.750e-05, 
	Zstar guess =  2.970e-01. Current Zstar:  2.970e-01 (converged=True)
	Change =  4.569e-09
__________________________________________
TF Iteration 850
	μ = -2.724813810e-02, change: 5.072287326e-05 (converged=False)
	φe Err =  4.023e-11, φe change =  2.186e-10
	ne Err =  2.143e-07, ne change =  3.657e-14
	Q = -2.854e-05 -> -2.860e-05, 
	Zstar guess =  2.970e-01. Current Zstar:  2.970e-01 (converged=True)
	Change =  3.587e-05
__________________________________________
TF Iteration 875
	μ = -2.725037500e-02, change: 0.000000000e+00 (converged=True)
	φe Err =  4.083e-11, φe change =  2.025e-09
	ne Err =  1.094e-08, ne change =  2.159e-13
	Q = -1.828e-05 -> -1.836e-05, 
	Zstar guess =  2.970e-01. Current Zstar:  2.970e-01 (converged=True)
	Change =  2.230e-09
__________________________________________
TF Iteration 900
	μ = -2.725273331e-02, change: 2.484016195e-05 (converged=False)
	φe Err =  3.934e-11, φe change =  1.042e-10
	ne Err =  1.049e-07, ne change =  1.613e-14
	Q = -1.398e-05 -> -1.401e-05, 
	Zstar guess =  2.970e-01. Current Zstar:  2.970e-01 (converged=True)
	Change =  1.756e-05
__________________________________________
TF Iteration 925
	μ = -2.725382910e-02, change: 0.000000000e+00 (converged=True)
	φe Err =  3.969e-11, φe change =  1.002e-09
	ne Err =  5.359e-09, ne change =  1.139e-13
	Q = -8.954e-06 -> -8.997e-06, 
	Zstar guess =  2.970e-01. Current Zstar:  2.970e-01 (converged=True)
	Change =  1.103e-09
__________________________________________
TF Iteration 950
	μ = -2.725498452e-02, change: 1.216951509e-05 (converged=False)
	φe Err =  4.043e-11, φe change =  5.334e-11
	ne Err =  5.142e-08, ne change =  6.302e-15
	Q = -6.849e-06 -> -6.864e-06, 
	Zstar guess =  2.970e-01. Current Zstar:  2.970e-01 (converged=True)
	Change =  8.605e-06
__________________________________________
TF Iteration 975
	μ = -2.725552144e-02, change: 0.000000000e+00 (converged=True)
	φe Err =  4.033e-11, φe change =  4.824e-10
	ne Err =  2.626e-09, ne change =  5.254e-14
	Q = -4.388e-06 -> -4.408e-06, 
	Zstar guess =  2.970e-01. Current Zstar:  2.970e-01 (converged=True)
	Change =  5.312e-10
__________________________________________
TF Iteration 1000
	μ = -2.725608761e-02, change: 5.963104386e-06 (converged=True)
	φe Err =  3.890e-11, φe change =  2.547e-11
	ne Err =  2.520e-08, ne change =  4.336e-15
	Q = -3.356e-06 -> -3.363e-06, 
	Zstar guess =  2.970e-01. Current Zstar:  2.970e-01 (converged=True)
	Change =  4.217e-06
__________________________________________
TF Iteration 1025
	μ = -2.725635072e-02, change: 0.000000000e+00 (converged=True)
	φe Err =  4.083e-11, φe change =  2.334e-10
	ne Err =  1.287e-09, ne change =  2.344e-14
	Q = -2.150e-06 -> -2.160e-06, 
	Zstar guess =  2.970e-01. Current Zstar:  2.970e-01 (converged=True)
	Change =  2.569e-10
__________________________________________
TF Iteration 1050
	μ = -2.725662818e-02, change: 2.922243721e-06 (converged=True)
	φe Err =  4.045e-11, φe change =  2.133e-11
	ne Err =  1.235e-08, ne change =  4.961e-15
	Q = -1.645e-06 -> -1.648e-06, 
	Zstar guess =  2.970e-01. Current Zstar:  2.970e-01 (converged=True)
	Change =  2.066e-06
__________________________________________
TF Iteration 1075
	μ = -2.725675712e-02, change: 0.000000000e+00 (converged=True)
	φe Err =  3.980e-11, φe change =  1.158e-10
	ne Err =  6.308e-10, ne change =  1.225e-14
	Q = -1.054e-06 -> -1.059e-06, 
	Zstar guess =  2.970e-01. Current Zstar:  2.970e-01 (converged=True)
	Change =  1.275e-10
__________________________________________
TF Iteration 1100
	μ = -2.725689310e-02, change: 1.432118277e-06 (converged=True)
	φe Err =  4.150e-11, φe change =  1.293e-11
	ne Err =  6.051e-09, ne change =  4.783e-15
	Q = -8.060e-07 -> -8.078e-07, 
	Zstar guess =  2.970e-01. Current Zstar:  2.970e-01 (converged=True)
	Change =  1.013e-06
__________________________________________
TF Iteration 1125
	μ = -2.725695629e-02, change: 0.000000000e+00 (converged=True)
	φe Err =  3.955e-11, φe change =  5.855e-11
	ne Err =  3.092e-10, ne change =  4.942e-15
	Q = -5.164e-07 -> -5.189e-07, 
	Zstar guess =  2.970e-01. Current Zstar:  2.970e-01 (converged=True)
	Change =  6.437e-11
__________________________________________
TF Iteration 1150
	μ = -2.725702293e-02, change: 7.018603458e-07 (converged=True)
	φe Err =  3.905e-11, φe change =  2.922e-12
	ne Err =  2.966e-09, ne change =  3.662e-16
	Q = -3.950e-07 -> -3.959e-07, 
	Zstar guess =  2.970e-01. Current Zstar:  2.970e-01 (converged=True)
	Change =  4.963e-07
__________________________________________
TF Iteration 1160
	μ = -2.725702293e-02, change: 0.000000000e+00 (converged=True)
	φe Err =  3.901e-11, φe change =  3.257e-12
	ne Err =  8.961e-11, ne change =  7.112e-16
	Q = -3.415e-07 -> -3.425e-07, 
	Zstar guess =  2.970e-01. Current Zstar:  2.970e-01 (converged=True)
	Change =  2.532e-12
	-------------------
	Solving IET.
0: Initial condition Total Error: 9.918e-01
Exiting status 0, reverting to best index so far: 785
Final iter:786, Total Error: 9.763e-13
	-------------------
	Solving IET.
0: Initial condition Total Error: 7.713e-01
Exiting status 0, reverting to best index so far: 309
Final iter:310, Total Error: 9.722e-13
Time to solve CS model: 2.796e+02 [s], time so far: 2.807e+02 [s]
CS model saved.
Ee_pot_density = -1.186e-01 [au], Ee_K = 6.050e-02 [au], Ee_tot = -5.808e-02 [au]
P_e = 1.930e-10 [au], 5.679e-08 [Mbar]
Virial if 6.538e+02 = 6.408e+02 --->  off by 2.037e+00 % 

βEe_pot/Z = -17202.948, βEe_K/Z = 8776.680, βEe_tot/Z = -8426.268
βP_e Ω/Z = 0.000
