
===========================================
===========================================
Starting case: Ar: Te = 0.283 eV, Ti = 0.283 eV 

T[K]:  3288.471056499954
________________________
Generating NPA
T:  0.010413962902656471
Using More TF fit for initial Zstar = 0.414
	Intializing grid
Initializing, True
Initializing
	Creating Integral Equation Solver
Intialized Potentials and Densities
Initialized
Time to setup correlation sphere (IS) model: 9.941e-01 [s], time so far: 9.942e-01 [s]
Beginning self-consistent electron solver.
_________________________________
__________________________________________
TF Iteration 0
	μ = -1.545151127e+00, change: 1.269790236e+02 (converged=False)
	φe Err =  3.771e-11, φe change =  9.636e-01
	ne Err =  9.789e-02, ne change =  2.107e-04
	Q =  0.000e+00 -> -2.788e+01, 
	Zstar guess =  4.140e-01. Current Zstar:  4.140e-01 (converged=True)
	Change =  1.948e+00
__________________________________________
TF Iteration 1
	μ = -1.545151127e+00, change: 0.000000000e+00 (converged=True)
	φe Err =  4.084e-11, φe change =  5.843e-02
	ne Err =  1.795e-01, ne change =  1.552e-04
	Q = -2.788e+01 -> -2.019e+01, 
	Zstar guess =  4.140e-01. Current Zstar:  4.140e-01 (converged=True)
	Change =  6.532e-02
__________________________________________
TF Iteration 2
	μ = -1.545151127e+00, change: 0.000000000e+00 (converged=True)
	φe Err =  4.068e-11, φe change =  1.466e-02
	ne Err =  1.263e-01, ne change =  1.269e-04
	Q = -2.019e+01 -> -1.422e+01, 
	Zstar guess =  4.140e-01. Current Zstar:  4.140e-01 (converged=True)
	Change =  1.478e-02
__________________________________________
TF Iteration 3
	μ = -1.545151127e+00, change: 0.000000000e+00 (converged=True)
	φe Err =  4.127e-11, φe change =  1.678e-02
	ne Err =  8.017e-02, ne change =  1.045e-04
	Q = -1.422e+01 -> -9.759e+00, 
	Zstar guess =  4.140e-01. Current Zstar:  4.140e-01 (converged=True)
	Change =  1.827e-02
__________________________________________
TF Iteration 4
	μ = -1.545151127e+00, change: 0.000000000e+00 (converged=True)
	φe Err =  3.912e-11, φe change =  1.062e-02
	ne Err =  5.805e-02, ne change =  8.540e-05
	Q = -9.759e+00 -> -6.512e+00, 
	Zstar guess =  4.140e-01. Current Zstar:  4.140e-01 (converged=True)
	Change =  1.196e-02
__________________________________________
TF Iteration 5
	μ = -1.545151127e+00, change: 0.000000000e+00 (converged=True)
	φe Err =  3.891e-11, φe change =  4.713e-03
	ne Err =  5.086e-02, ne change =  6.895e-05
	Q = -6.512e+00 -> -4.170e+00, 
	Zstar guess =  4.140e-01. Current Zstar:  4.140e-01 (converged=True)
	Change =  5.349e-03
__________________________________________
TF Iteration 6
	μ = -1.545151127e+00, change: 0.000000000e+00 (converged=True)
	φe Err =  3.864e-11, φe change =  1.870e-03
	ne Err =  4.504e-02, ne change =  5.511e-05
	Q = -4.170e+00 -> -2.460e+00, 
	Zstar guess =  4.140e-01. Current Zstar:  4.140e-01 (converged=True)
	Change =  9.978e-04
__________________________________________
TF Iteration 7
	μ = -1.545151127e+00, change: 0.000000000e+00 (converged=True)
	φe Err =  4.007e-11, φe change =  2.045e-03
	ne Err =  3.757e-02, ne change =  4.375e-05
	Q = -2.460e+00 -> -1.178e+00, 
	Zstar guess =  4.140e-01. Current Zstar:  4.140e-01 (converged=True)
	Change =  1.104e-03
__________________________________________
TF Iteration 8
	μ = -1.545151127e+00, change: 0.000000000e+00 (converged=True)
	φe Err =  3.783e-11, φe change =  2.056e-03
	ne Err =  2.994e-02, ne change =  3.463e-05
	Q = -1.178e+00 -> -1.932e-01, 
	Zstar guess =  4.140e-01. Current Zstar:  4.140e-01 (converged=True)
	Change =  1.565e-03
__________________________________________
TF Iteration 9
	μ = -1.545151127e+00, change: 0.000000000e+00 (converged=True)
	φe Err =  4.190e-11, φe change =  1.667e-03
	ne Err =  2.342e-02, ne change =  2.740e-05
	Q = -1.932e-01 ->  5.758e-01, 
	Zstar guess =  4.140e-01. Current Zstar:  4.140e-01 (converged=True)
	Change =  1.363e-03
__________________________________________
TF Iteration 25
	μ = -6.657392465e-01, change: 0.000000000e+00 (converged=True)
	φe Err =  3.969e-11, φe change =  2.709e-04
	ne Err =  1.721e-03, ne change =  7.130e-07
	Q =  1.898e+00 ->  1.917e+00, 
	Zstar guess =  4.140e-01. Current Zstar:  4.140e-01 (converged=True)
	Change =  2.840e-04
__________________________________________
TF Iteration 50
	μ = -2.613249623e-01, change: 2.530478189e-01 (converged=False)
	φe Err =  4.013e-11, φe change =  1.982e-06
	ne Err =  1.129e-02, ne change =  5.650e-09
	Q =  1.198e+00 ->  1.196e+00, 
	Zstar guess =  4.140e-01. Current Zstar:  4.140e-01 (converged=True)
	Change =  2.027e-01
__________________________________________
TF Iteration 75
	μ = -1.558177325e-01, change: 0.000000000e+00 (converged=True)
	φe Err =  3.864e-11, φe change =  5.881e-05
	ne Err =  7.499e-04, ne change =  2.905e-09
	Q =  5.718e-01 ->  5.685e-01, 
	Zstar guess =  4.140e-01. Current Zstar:  4.140e-01 (converged=True)
	Change =  6.202e-05
__________________________________________
TF Iteration 100
	μ = -8.654819538e-02, change: 1.568541390e-01 (converged=False)
	φe Err =  4.106e-11, φe change =  8.257e-07
	ne Err =  2.490e-03, ne change =  5.109e-10
	Q =  3.323e-01 ->  3.308e-01, 
	Zstar guess =  4.140e-01. Current Zstar:  4.140e-01 (converged=True)
	Change =  1.199e-01
__________________________________________
TF Iteration 125
	μ = -6.589358726e-02, change: 0.000000000e+00 (converged=True)
	φe Err =  4.122e-11, φe change =  1.527e-05
	ne Err =  3.486e-04, ne change =  1.834e-09
	Q =  1.625e-01 ->  1.614e-01, 
	Zstar guess =  4.140e-01. Current Zstar:  4.140e-01 (converged=True)
	Change =  1.652e-05
__________________________________________
TF Iteration 150
	μ = -5.032686455e-02, change: 7.138594730e-02 (converged=False)
	φe Err =  3.914e-11, φe change =  4.533e-07
	ne Err =  6.514e-04, ne change =  9.287e-11
	Q =  9.767e-02 ->  9.722e-02, 
	Zstar guess =  4.140e-01. Current Zstar:  4.140e-01 (converged=True)
	Change =  5.231e-02
__________________________________________
TF Iteration 175
	μ = -4.505301348e-02, change: 0.000000000e+00 (converged=True)
	φe Err =  3.879e-11, φe change =  4.874e-06
	ne Err =  1.543e-04, ne change =  6.254e-10
	Q =  4.896e-02 ->  4.867e-02, 
	Zstar guess =  4.140e-01. Current Zstar:  4.140e-01 (converged=True)
	Change =  5.347e-06
__________________________________________
TF Iteration 200
	μ = -4.082872575e-02, change: 2.542640112e-02 (converged=False)
	φe Err =  4.159e-11, φe change =  2.160e-07
	ne Err =  1.994e-04, ne change =  2.328e-11
	Q =  2.931e-02 ->  2.919e-02, 
	Zstar guess =  4.140e-01. Current Zstar:  4.140e-01 (converged=True)
	Change =  1.821e-02
__________________________________________
TF Iteration 225
	μ = -3.934411918e-02, change: 0.000000000e+00 (converged=True)
	φe Err =  4.074e-11, φe change =  1.494e-06
	ne Err =  8.101e-05, ne change =  1.901e-10
	Q =  1.463e-02 ->  1.458e-02, 
	Zstar guess =  4.140e-01. Current Zstar:  4.140e-01 (converged=True)
	Change =  1.645e-06
__________________________________________
TF Iteration 250
	μ = -3.801557010e-02, change: 9.391584160e-03 (converged=False)
	φe Err =  4.041e-11, φe change =  8.196e-08
	ne Err =  6.914e-05, ne change =  7.869e-12
	Q =  9.768e-03 ->  9.792e-03, 
	Zstar guess =  4.140e-01. Current Zstar:  4.140e-01 (converged=True)
	Change =  6.672e-03
__________________________________________
TF Iteration 275
	μ = -3.747483839e-02, change: 0.000000000e+00 (converged=True)
	φe Err =  3.861e-11, φe change =  5.683e-07
	ne Err =  1.165e-05, ne change =  7.208e-11
	Q =  5.436e-03 ->  5.432e-03, 
	Zstar guess =  4.140e-01. Current Zstar:  4.140e-01 (converged=True)
	Change =  6.292e-07
__________________________________________
TF Iteration 300
	μ = -3.697845051e-02, change: 3.595034504e-03 (converged=False)
	φe Err =  4.078e-11, φe change =  3.296e-08
	ne Err =  2.130e-05, ne change =  2.952e-12
	Q =  3.659e-03 ->  3.667e-03, 
	Zstar guess =  4.140e-01. Current Zstar:  4.140e-01 (converged=True)
	Change =  2.547e-03
__________________________________________
TF Iteration 325
	μ = -3.678009901e-02, change: 0.000000000e+00 (converged=True)
	φe Err =  3.817e-11, φe change =  2.101e-07
	ne Err =  2.342e-06, ne change =  2.656e-11
	Q =  2.001e-03 ->  1.999e-03, 
	Zstar guess =  4.140e-01. Current Zstar:  4.140e-01 (converged=True)
	Change =  2.328e-07
__________________________________________
TF Iteration 350
	μ = -3.659730951e-02, change: 1.348116987e-03 (converged=False)
	φe Err =  4.152e-11, φe change =  1.242e-08
	ne Err =  7.985e-06, ne change =  1.096e-12
	Q =  1.355e-03 ->  1.358e-03, 
	Zstar guess =  4.140e-01. Current Zstar:  4.140e-01 (converged=True)
	Change =  9.539e-04
__________________________________________
TF Iteration 375
	μ = -3.652328632e-02, change: 0.000000000e+00 (converged=True)
	φe Err =  4.126e-11, φe change =  7.868e-08
	ne Err =  1.074e-06, ne change =  9.926e-12
	Q =  7.484e-04 ->  7.479e-04, 
	Zstar guess =  4.140e-01. Current Zstar:  4.140e-01 (converged=True)
	Change =  8.721e-08
__________________________________________
TF Iteration 400
	μ = -3.645528981e-02, change: 5.009245851e-04 (converged=False)
	φe Err =  4.080e-11, φe change =  4.644e-09
	ne Err =  2.928e-06, ne change =  4.020e-13
	Q =  5.036e-04 ->  5.047e-04, 
	Zstar guess =  4.140e-01. Current Zstar:  4.140e-01 (converged=True)
	Change =  3.543e-04
__________________________________________
TF Iteration 425
	μ = -3.642820178e-02, change: 0.000000000e+00 (converged=True)
	φe Err =  3.934e-11, φe change =  2.878e-08
	ne Err =  2.805e-07, ne change =  3.626e-12
	Q =  2.735e-04 ->  2.731e-04, 
	Zstar guess =  4.140e-01. Current Zstar:  4.140e-01 (converged=True)
	Change =  3.190e-08
__________________________________________
TF Iteration 450
	μ = -3.640370018e-02, change: 1.796471424e-04 (converged=False)
	φe Err =  3.949e-11, φe change =  1.679e-09
	ne Err =  1.033e-06, ne change =  1.458e-13
	Q =  1.811e-04 ->  1.813e-04, 
	Zstar guess =  4.140e-01. Current Zstar:  4.140e-01 (converged=True)
	Change =  1.270e-04
__________________________________________
TF Iteration 475
	μ = -3.639409280e-02, change: 0.000000000e+00 (converged=True)
	φe Err =  3.790e-11, φe change =  1.016e-08
	ne Err =  8.044e-08, ne change =  1.281e-12
	Q =  9.680e-05 ->  9.659e-05, 
	Zstar guess =  4.140e-01. Current Zstar:  4.140e-01 (converged=True)
	Change =  1.126e-08
__________________________________________
TF Iteration 500
	μ = -3.638550812e-02, change: 6.269293952e-05 (converged=False)
	φe Err =  3.994e-11, φe change =  5.817e-10
	ne Err =  3.585e-07, ne change =  4.761e-14
	Q =  6.331e-05 ->  6.338e-05, 
	Zstar guess =  4.140e-01. Current Zstar:  4.140e-01 (converged=True)
	Change =  4.433e-05
__________________________________________
TF Iteration 525
	μ = -3.638217234e-02, change: 0.000000000e+00 (converged=True)
	φe Err =  3.830e-11, φe change =  3.519e-09
	ne Err =  2.645e-08, ne change =  4.433e-13
	Q =  3.358e-05 ->  3.349e-05, 
	Zstar guess =  4.140e-01. Current Zstar:  4.140e-01 (converged=True)
	Change =  3.899e-09
__________________________________________
TF Iteration 550
	μ = -3.637920797e-02, change: 2.160832451e-05 (converged=False)
	φe Err =  3.964e-11, φe change =  2.016e-10
	ne Err =  1.233e-07, ne change =  1.861e-14
	Q =  2.184e-05 ->  2.186e-05, 
	Zstar guess =  4.140e-01. Current Zstar:  4.140e-01 (converged=True)
	Change =  1.528e-05
__________________________________________
TF Iteration 575
	μ = -3.637806074e-02, change: 0.000000000e+00 (converged=True)
	φe Err =  3.997e-11, φe change =  1.209e-09
	ne Err =  9.015e-09, ne change =  1.522e-13
	Q =  1.154e-05 ->  1.151e-05, 
	Zstar guess =  4.140e-01. Current Zstar:  4.140e-01 (converged=True)
	Change =  1.340e-09
__________________________________________
TF Iteration 600
	μ = -3.637704368e-02, change: 7.407795686e-06 (converged=True)
	φe Err =  3.977e-11, φe change =  6.899e-11
	ne Err =  4.224e-08, ne change =  5.718e-15
	Q =  7.490e-06 ->  7.497e-06, 
	Zstar guess =  4.140e-01. Current Zstar:  4.140e-01 (converged=True)
	Change =  5.238e-06
__________________________________________
TF Iteration 625
	μ = -3.637665074e-02, change: 0.000000000e+00 (converged=True)
	φe Err =  4.304e-11, φe change =  4.107e-10
	ne Err =  3.086e-09, ne change =  5.022e-14
	Q =  3.953e-06 ->  3.942e-06, 
	Zstar guess =  4.140e-01. Current Zstar:  4.140e-01 (converged=True)
	Change =  4.551e-10
__________________________________________
TF Iteration 650
	μ = -3.637630275e-02, change: 2.533700116e-06 (converged=True)
	φe Err =  4.173e-11, φe change =  2.283e-11
	ne Err =  1.444e-08, ne change =  1.383e-15
	Q =  2.562e-06 ->  2.564e-06, 
	Zstar guess =  4.140e-01. Current Zstar:  4.140e-01 (converged=True)
	Change =  1.792e-06
__________________________________________
TF Iteration 675
	μ = -3.637616840e-02, change: 0.000000000e+00 (converged=True)
	φe Err =  3.793e-11, φe change =  1.467e-10
	ne Err =  1.056e-09, ne change =  2.058e-14
	Q =  1.351e-06 ->  1.348e-06, 
	Zstar guess =  4.140e-01. Current Zstar:  4.140e-01 (converged=True)
	Change =  1.620e-10
__________________________________________
TF Iteration 700
	μ = -3.637604948e-02, change: 8.656901587e-07 (converged=True)
	φe Err =  3.919e-11, φe change =  1.256e-11
	ne Err =  4.934e-09, ne change =  1.602e-15
	Q =  8.756e-07 ->  8.763e-07, 
	Zstar guess =  4.140e-01. Current Zstar:  4.140e-01 (converged=True)
	Change =  6.121e-07
__________________________________________
TF Iteration 725
	μ = -3.637600359e-02, change: 0.000000000e+00 (converged=True)
	φe Err =  3.861e-11, φe change =  4.781e-11
	ne Err =  3.608e-10, ne change =  6.173e-15
	Q =  4.616e-07 ->  4.603e-07, 
	Zstar guess =  4.140e-01. Current Zstar:  4.140e-01 (converged=True)
	Change =  5.297e-11
__________________________________________
TF Iteration 750
	μ = -3.637596298e-02, change: 2.956347929e-07 (converged=True)
	φe Err =  4.352e-11, φe change =  3.344e-12
	ne Err =  1.685e-09, ne change =  2.596e-15
	Q =  2.990e-07 ->  2.993e-07, 
	Zstar guess =  4.140e-01. Current Zstar:  4.140e-01 (converged=True)
	Change =  2.090e-07
__________________________________________
TF Iteration 760
	μ = -3.637596298e-02, change: 0.000000000e+00 (converged=True)
	φe Err =  4.347e-11, φe change =  4.330e-12
	ne Err =  8.808e-11, ne change =  1.442e-15
	Q =  2.410e-07 ->  2.412e-07, 
	Zstar guess =  4.140e-01. Current Zstar:  4.140e-01 (converged=True)
	Change =  1.154e-12
	-------------------
	Solving IET.
0: Initial condition Total Error: 4.099e-01
Exiting status 0, reverting to best index so far: 388
Final iter:389, Total Error: 9.561e-13
	-------------------
	Solving IET.
0: Initial condition Total Error: 4.448e-01
Exiting status 0, reverting to best index so far: 255
Final iter:256, Total Error: 9.402e-13
Time to solve CS model: 2.795e+02 [s], time so far: 2.804e+02 [s]
CS model saved.
Ee_pot_density = -1.186e-01 [au], Ee_K = 6.052e-02 [au], Ee_tot = -5.805e-02 [au]
P_e = 4.251e-08 [au], 1.251e-05 [Mbar]
Virial if 6.541e+02 = 6.408e+02 --->  off by 2.085e+00 % 

βEe_pot/Z = -6836.703, βEe_K/Z = 3489.624, βEe_tot/Z = -3347.079
βP_e Ω/Z = 0.002
