
===========================================
===========================================
Starting case: Ar: Te = 0.039 eV, Ti = 0.039 eV 

T[K]:  448.9782290256438
________________________
Generating NPA
T:  0.0014218287285611452
Using More TF fit for initial Zstar = 0.235
	Intializing grid
Initializing, True
Initializing
	Creating Integral Equation Solver
Intialized Potentials and Densities
Initialized
Time to setup correlation sphere (IS) model: 9.751e-01 [s], time so far: 9.752e-01 [s]
Beginning self-consistent electron solver.
_________________________________
__________________________________________
TF Iteration 0
	μ = -1.198248303e+00, change: 3.757959183e+02 (converged=False)
	φe Err =  3.731e-11, φe change =  9.369e-01
	ne Err =  6.993e-02, ne change =  2.100e-04
	Q =  0.000e+00 -> -1.645e+01, 
	Zstar guess =  2.355e-01. Current Zstar:  2.355e-01 (converged=True)
	Change =  1.926e+00
__________________________________________
TF Iteration 1
	μ = -1.198248303e+00, change: 0.000000000e+00 (converged=True)
	φe Err =  3.912e-11, φe change =  4.476e-02
	ne Err =  1.403e-01, ne change =  1.577e-04
	Q = -1.645e+01 -> -1.127e+01, 
	Zstar guess =  2.355e-01. Current Zstar:  2.355e-01 (converged=True)
	Change =  4.980e-02
__________________________________________
TF Iteration 2
	μ = -1.198248303e+00, change: 0.000000000e+00 (converged=True)
	φe Err =  4.072e-11, φe change =  1.254e-02
	ne Err =  9.312e-02, ne change =  1.284e-04
	Q = -1.127e+01 -> -7.340e+00, 
	Zstar guess =  2.355e-01. Current Zstar:  2.355e-01 (converged=True)
	Change =  1.306e-02
__________________________________________
TF Iteration 3
	μ = -1.198248303e+00, change: 0.000000000e+00 (converged=True)
	φe Err =  3.742e-11, φe change =  1.233e-02
	ne Err =  5.607e-02, ne change =  1.049e-04
	Q = -7.340e+00 -> -4.544e+00, 
	Zstar guess =  2.355e-01. Current Zstar:  2.355e-01 (converged=True)
	Change =  1.358e-02
__________________________________________
TF Iteration 4
	μ = -1.198248303e+00, change: 0.000000000e+00 (converged=True)
	φe Err =  3.900e-11, φe change =  6.426e-03
	ne Err =  4.215e-02, ne change =  8.495e-05
	Q = -4.544e+00 -> -2.621e+00, 
	Zstar guess =  2.355e-01. Current Zstar:  2.355e-01 (converged=True)
	Change =  7.317e-03
__________________________________________
TF Iteration 5
	μ = -1.198248303e+00, change: 0.000000000e+00 (converged=True)
	φe Err =  4.013e-11, φe change =  2.085e-03
	ne Err =  3.746e-02, ne change =  6.812e-05
	Q = -2.621e+00 -> -1.295e+00, 
	Zstar guess =  2.355e-01. Current Zstar:  2.355e-01 (converged=True)
	Change =  2.102e-03
__________________________________________
TF Iteration 6
	μ = -1.198248303e+00, change: 0.000000000e+00 (converged=True)
	φe Err =  4.102e-11, φe change =  1.608e-03
	ne Err =  3.179e-02, ne change =  5.424e-05
	Q = -1.295e+00 -> -3.446e-01, 
	Zstar guess =  2.355e-01. Current Zstar:  2.355e-01 (converged=True)
	Change =  7.371e-04
__________________________________________
TF Iteration 7
	μ = -1.198248303e+00, change: 0.000000000e+00 (converged=True)
	φe Err =  4.078e-11, φe change =  1.870e-03
	ne Err =  2.524e-02, ne change =  4.304e-05
	Q = -3.446e-01 ->  3.678e-01, 
	Zstar guess =  2.355e-01. Current Zstar:  2.355e-01 (converged=True)
	Change =  1.504e-03
__________________________________________
TF Iteration 8
	μ = -1.198248303e+00, change: 0.000000000e+00 (converged=True)
	φe Err =  4.006e-11, φe change =  1.568e-03
	ne Err =  1.946e-02, ne change =  3.414e-05
	Q =  3.678e-01 ->  9.182e-01, 
	Zstar guess =  2.355e-01. Current Zstar:  2.355e-01 (converged=True)
	Change =  1.369e-03
__________________________________________
TF Iteration 9
	μ = -1.198248303e+00, change: 0.000000000e+00 (converged=True)
	φe Err =  3.850e-11, φe change =  1.123e-03
	ne Err =  1.502e-02, ne change =  2.711e-05
	Q =  9.182e-01 ->  1.349e+00, 
	Zstar guess =  2.355e-01. Current Zstar:  2.355e-01 (converged=True)
	Change =  9.957e-04
__________________________________________
TF Iteration 25
	μ = -5.575495671e-01, change: 0.000000000e+00 (converged=True)
	φe Err =  4.072e-11, φe change =  2.289e-04
	ne Err =  1.413e-03, ne change =  7.278e-07
	Q =  1.698e+00 ->  1.708e+00, 
	Zstar guess =  2.355e-01. Current Zstar:  2.355e-01 (converged=True)
	Change =  2.404e-04
__________________________________________
TF Iteration 50
	μ = -2.239921119e-01, change: 2.493570360e-01 (converged=False)
	φe Err =  3.968e-11, φe change =  1.943e-06
	ne Err =  9.742e-03, ne change =  5.217e-09
	Q =  1.051e+00 ->  1.049e+00, 
	Zstar guess =  2.355e-01. Current Zstar:  2.355e-01 (converged=True)
	Change =  1.994e-01
__________________________________________
TF Iteration 75
	μ = -1.324743333e-01, change: 0.000000000e+00 (converged=True)
	φe Err =  4.058e-11, φe change =  5.084e-05
	ne Err =  7.548e-04, ne change =  2.445e-09
	Q =  4.992e-01 ->  4.962e-01, 
	Zstar guess =  2.355e-01. Current Zstar:  2.355e-01 (converged=True)
	Change =  5.360e-05
__________________________________________
TF Iteration 100
	μ = -6.576214675e-02, change: 2.020322901e-01 (converged=False)
	φe Err =  4.011e-11, φe change =  5.334e-07
	ne Err =  2.493e-03, ne change =  5.195e-10
	Q =  2.931e-01 ->  2.922e-01, 
	Zstar guess =  2.355e-01. Current Zstar:  2.355e-01 (converged=True)
	Change =  1.579e-01
__________________________________________
TF Iteration 125
	μ = -4.238403102e-02, change: 0.000000000e+00 (converged=True)
	φe Err =  3.910e-11, φe change =  1.383e-05
	ne Err =  3.001e-04, ne change =  1.023e-09
	Q =  1.483e-01 ->  1.476e-01, 
	Zstar guess =  2.355e-01. Current Zstar:  2.355e-01 (converged=True)
	Change =  1.472e-05
__________________________________________
TF Iteration 150
	μ = -2.522671760e-02, change: 1.367428293e-01 (converged=False)
	φe Err =  3.888e-11, φe change =  4.791e-07
	ne Err =  8.786e-04, ne change =  1.060e-10
	Q =  7.794e-02 ->  7.729e-02, 
	Zstar guess =  2.355e-01. Current Zstar:  2.355e-01 (converged=True)
	Change =  1.035e-01
__________________________________________
TF Iteration 175
	μ = -2.014092818e-02, change: 0.000000000e+00 (converged=True)
	φe Err =  3.870e-11, φe change =  2.880e-06
	ne Err =  2.916e-04, ne change =  2.821e-10
	Q =  3.246e-02 ->  3.196e-02, 
	Zstar guess =  2.355e-01. Current Zstar:  2.355e-01 (converged=True)
	Change =  3.059e-06
__________________________________________
TF Iteration 200
	μ = -1.637618788e-02, change: 5.717036259e-02 (converged=False)
	φe Err =  4.109e-11, φe change =  2.836e-08
	ne Err =  1.537e-04, ne change =  2.633e-11
	Q =  1.872e-02 ->  1.869e-02, 
	Zstar guess =  2.355e-01. Current Zstar:  2.355e-01 (converged=True)
	Change =  4.160e-02
__________________________________________
TF Iteration 225
	μ = -1.488524189e-02, change: 0.000000000e+00 (converged=True)
	φe Err =  4.032e-11, φe change =  1.082e-06
	ne Err =  5.667e-06, ne change =  1.026e-10
	Q =  1.050e-02 ->  1.051e-02, 
	Zstar guess =  2.355e-01. Current Zstar:  2.355e-01 (converged=True)
	Change =  1.176e-06
__________________________________________
TF Iteration 250
	μ = -1.344673568e-02, change: 2.892724781e-02 (converged=False)
	φe Err =  3.702e-11, φe change =  3.407e-08
	ne Err =  6.060e-05, ne change =  1.032e-11
	Q =  7.452e-03 ->  7.460e-03, 
	Zstar guess =  2.355e-01. Current Zstar:  2.355e-01 (converged=True)
	Change =  2.075e-02
__________________________________________
TF Iteration 275
	μ = -1.281570751e-02, change: 0.000000000e+00 (converged=True)
	φe Err =  4.226e-11, φe change =  5.170e-07
	ne Err =  2.448e-06, ne change =  4.842e-11
	Q =  4.566e-03 ->  4.583e-03, 
	Zstar guess =  2.355e-01. Current Zstar:  2.355e-01 (converged=True)
	Change =  5.660e-07
__________________________________________
TF Iteration 300
	μ = -1.216609164e-02, change: 1.502512010e-02 (converged=False)
	φe Err =  3.823e-11, φe change =  2.465e-08
	ne Err =  2.787e-05, ne change =  4.761e-12
	Q =  3.437e-03 ->  3.444e-03, 
	Zstar guess =  2.355e-01. Current Zstar:  2.355e-01 (converged=True)
	Change =  1.070e-02
__________________________________________
TF Iteration 325
	μ = -1.186518447e-02, change: 0.000000000e+00 (converged=True)
	φe Err =  3.819e-11, φe change =  2.651e-07
	ne Err =  1.349e-06, ne change =  2.456e-11
	Q =  2.214e-03 ->  2.226e-03, 
	Zstar guess =  2.355e-01. Current Zstar:  2.355e-01 (converged=True)
	Change =  2.913e-07
__________________________________________
TF Iteration 350
	μ = -1.154297188e-02, change: 8.031267023e-03 (converged=False)
	φe Err =  3.985e-11, φe change =  1.517e-08
	ne Err =  1.397e-05, ne change =  2.401e-12
	Q =  1.727e-03 ->  1.731e-03, 
	Zstar guess =  2.355e-01. Current Zstar:  2.355e-01 (converged=True)
	Change =  5.702e-03
__________________________________________
TF Iteration 375
	μ = -1.138887435e-02, change: 0.000000000e+00 (converged=True)
	φe Err =  3.892e-11, φe change =  1.413e-07
	ne Err =  7.589e-07, ne change =  1.300e-11
	Q =  1.144e-03 ->  1.152e-03, 
	Zstar guess =  2.355e-01. Current Zstar:  2.355e-01 (converged=True)
	Change =  1.555e-07
__________________________________________
TF Iteration 400
	μ = -1.122010649e-02, change: 4.381365510e-03 (converged=False)
	φe Err =  4.049e-11, φe change =  8.852e-09
	ne Err =  7.363e-06, ne change =  1.270e-12
	Q =  9.109e-04 ->  9.135e-04, 
	Zstar guess =  2.355e-01. Current Zstar:  2.355e-01 (converged=True)
	Change =  3.105e-03
__________________________________________
TF Iteration 425
	μ = -1.113791485e-02, change: 0.000000000e+00 (converged=True)
	φe Err =  4.019e-11, φe change =  7.724e-08
	ne Err =  4.304e-07, ne change =  7.083e-12
	Q =  6.140e-04 ->  6.184e-04, 
	Zstar guess =  2.355e-01. Current Zstar:  2.355e-01 (converged=True)
	Change =  8.507e-08
__________________________________________
TF Iteration 450
	μ = -1.104670482e-02, change: 2.420806653e-03 (converged=False)
	φe Err =  4.175e-11, φe change =  5.050e-09
	ne Err =  3.992e-06, ne change =  6.898e-13
	Q =  4.942e-04 ->  4.957e-04, 
	Zstar guess =  2.355e-01. Current Zstar:  2.355e-01 (converged=True)
	Change =  1.714e-03
__________________________________________
TF Iteration 475
	μ = -1.100182494e-02, change: 0.000000000e+00 (converged=True)
	φe Err =  3.934e-11, φe change =  4.264e-08
	ne Err =  2.415e-07, ne change =  3.902e-12
	Q =  3.362e-04 ->  3.387e-04, 
	Zstar guess =  2.355e-01. Current Zstar:  2.355e-01 (converged=True)
	Change =  4.698e-08
__________________________________________
TF Iteration 500
	μ = -1.095167859e-02, change: 1.347404946e-03 (converged=False)
	φe Err =  3.953e-11, φe change =  2.849e-09
	ne Err =  2.199e-06, ne change =  3.756e-13
	Q =  2.723e-04 ->  2.731e-04, 
	Zstar guess =  2.355e-01. Current Zstar:  2.355e-01 (converged=True)
	Change =  9.534e-04
__________________________________________
TF Iteration 525
	μ = -1.092686457e-02, change: 0.000000000e+00 (converged=True)
	φe Err =  3.961e-11, φe change =  2.378e-08
	ne Err =  1.364e-07, ne change =  2.173e-12
	Q =  1.863e-04 ->  1.878e-04, 
	Zstar guess =  2.355e-01. Current Zstar:  2.355e-01 (converged=True)
	Change =  2.621e-08
__________________________________________
TF Iteration 550
	μ = -1.089903074e-02, change: 7.523570468e-04 (converged=False)
	φe Err =  4.044e-11, φe change =  1.597e-09
	ne Err =  1.221e-06, ne change =  2.123e-13
	Q =  1.512e-04 ->  1.517e-04, 
	Zstar guess =  2.355e-01. Current Zstar:  2.355e-01 (converged=True)
	Change =  5.322e-04
__________________________________________
TF Iteration 575
	μ = -1.088521242e-02, change: 0.000000000e+00 (converged=True)
	φe Err =  3.858e-11, φe change =  1.332e-08
	ne Err =  7.712e-08, ne change =  1.216e-12
	Q =  1.039e-04 ->  1.047e-04, 
	Zstar guess =  2.355e-01. Current Zstar:  2.355e-01 (converged=True)
	Change =  1.469e-08
__________________________________________
TF Iteration 600
	μ = -1.086965118e-02, change: 4.227743146e-04 (converged=False)
	φe Err =  3.928e-11, φe change =  9.166e-10
	ne Err =  6.835e-07, ne change =  1.234e-13
	Q =  8.468e-05 ->  8.495e-05, 
	Zstar guess =  2.355e-01. Current Zstar:  2.355e-01 (converged=True)
	Change =  2.990e-04
__________________________________________
TF Iteration 625
	μ = -1.086191870e-02, change: 0.000000000e+00 (converged=True)
	φe Err =  3.723e-11, φe change =  7.419e-09
	ne Err =  4.267e-08, ne change =  6.757e-13
	Q =  5.806e-05 ->  5.852e-05, 
	Zstar guess =  2.355e-01. Current Zstar:  2.355e-01 (converged=True)
	Change =  8.177e-09
__________________________________________
TF Iteration 650
	μ = -1.085323623e-02, change: 2.360342362e-04 (converged=False)
	φe Err =  3.968e-11, φe change =  5.008e-10
	ne Err =  3.810e-07, ne change =  6.393e-14
	Q =  4.721e-05 ->  4.736e-05, 
	Zstar guess =  2.355e-01. Current Zstar:  2.355e-01 (converged=True)
	Change =  1.669e-04
__________________________________________
TF Iteration 675
	μ = -1.084892711e-02, change: 0.000000000e+00 (converged=True)
	φe Err =  3.910e-11, φe change =  4.174e-09
	ne Err =  2.443e-08, ne change =  3.792e-13
	Q =  3.243e-05 ->  3.270e-05, 
	Zstar guess =  2.355e-01. Current Zstar:  2.355e-01 (converged=True)
	Change =  4.603e-09
__________________________________________
TF Iteration 700
	μ = -1.084405560e-02, change: 1.330133601e-04 (converged=False)
	φe Err =  4.041e-11, φe change =  3.002e-10
	ne Err =  2.143e-07, ne change =  4.146e-14
	Q =  2.656e-05 ->  2.665e-05, 
	Zstar guess =  2.355e-01. Current Zstar:  2.355e-01 (converged=True)
	Change =  9.406e-05
__________________________________________
TF Iteration 725
	μ = -1.084162047e-02, change: 0.000000000e+00 (converged=True)
	φe Err =  4.186e-11, φe change =  2.360e-09
	ne Err =  1.379e-08, ne change =  2.126e-13
	Q =  1.833e-05 ->  1.848e-05, 
	Zstar guess =  2.355e-01. Current Zstar:  2.355e-01 (converged=True)
	Change =  2.603e-09
__________________________________________
TF Iteration 750
	μ = -1.083886797e-02, change: 7.516937746e-05 (converged=False)
	φe Err =  4.017e-11, φe change =  1.649e-10
	ne Err =  1.211e-07, ne change =  2.171e-14
	Q =  1.500e-05 ->  1.505e-05, 
	Zstar guess =  2.355e-01. Current Zstar:  2.355e-01 (converged=True)
	Change =  5.315e-05
__________________________________________
TF Iteration 775
	μ = -1.083749310e-02, change: 0.000000000e+00 (converged=True)
	φe Err =  4.092e-11, φe change =  1.333e-09
	ne Err =  7.768e-09, ne change =  1.239e-13
	Q =  1.035e-05 ->  1.043e-05, 
	Zstar guess =  2.355e-01. Current Zstar:  2.355e-01 (converged=True)
	Change =  1.470e-09
__________________________________________
TF Iteration 800
	μ = -1.083593986e-02, change: 4.242256093e-05 (converged=False)
	φe Err =  4.064e-11, φe change =  9.157e-11
	ne Err =  6.831e-08, ne change =  1.093e-14
	Q =  8.465e-06 ->  8.493e-06, 
	Zstar guess =  2.355e-01. Current Zstar:  2.355e-01 (converged=True)
	Change =  3.000e-05
__________________________________________
TF Iteration 825
	μ = -1.083516434e-02, change: 0.000000000e+00 (converged=True)
	φe Err =  4.115e-11, φe change =  7.541e-10
	ne Err =  4.376e-09, ne change =  6.868e-14
	Q =  5.836e-06 ->  5.883e-06, 
	Zstar guess =  2.355e-01. Current Zstar:  2.355e-01 (converged=True)
	Change =  8.313e-10
__________________________________________
TF Iteration 850
	μ = -1.083428848e-02, change: 2.392322866e-05 (converged=False)
	φe Err =  4.073e-11, φe change =  5.093e-11
	ne Err =  3.851e-08, ne change =  6.156e-15
	Q =  4.773e-06 ->  4.788e-06, 
	Zstar guess =  2.355e-01. Current Zstar:  2.355e-01 (converged=True)
	Change =  1.692e-05
__________________________________________
TF Iteration 875
	μ = -1.083385128e-02, change: 0.000000000e+00 (converged=True)
	φe Err =  3.983e-11, φe change =  4.222e-10
	ne Err =  2.466e-09, ne change =  3.738e-14
	Q =  3.290e-06 ->  3.316e-06, 
	Zstar guess =  2.355e-01. Current Zstar:  2.355e-01 (converged=True)
	Change =  4.656e-10
__________________________________________
TF Iteration 900
	μ = -1.083335759e-02, change: 1.348519364e-05 (converged=False)
	φe Err =  4.088e-11, φe change =  2.866e-11
	ne Err =  2.171e-08, ne change =  2.758e-15
	Q =  2.690e-06 ->  2.699e-06, 
	Zstar guess =  2.355e-01. Current Zstar:  2.355e-01 (converged=True)
	Change =  9.536e-06
__________________________________________
TF Iteration 925
	μ = -1.083311118e-02, change: 0.000000000e+00 (converged=True)
	φe Err =  4.077e-11, φe change =  2.388e-10
	ne Err =  1.389e-09, ne change =  2.235e-14
	Q =  1.854e-06 ->  1.869e-06, 
	Zstar guess =  2.355e-01. Current Zstar:  2.355e-01 (converged=True)
	Change =  2.633e-10
__________________________________________
TF Iteration 950
	μ = -1.083283297e-02, change: 7.599541487e-06 (converged=True)
	φe Err =  4.192e-11, φe change =  1.575e-11
	ne Err =  1.223e-08, ne change =  1.808e-15
	Q =  1.516e-06 ->  1.521e-06, 
	Zstar guess =  2.355e-01. Current Zstar:  2.355e-01 (converged=True)
	Change =  5.374e-06
__________________________________________
TF Iteration 975
	μ = -1.083269412e-02, change: 0.000000000e+00 (converged=True)
	φe Err =  3.830e-11, φe change =  1.355e-10
	ne Err =  7.826e-10, ne change =  1.253e-14
	Q =  1.045e-06 ->  1.053e-06, 
	Zstar guess =  2.355e-01. Current Zstar:  2.355e-01 (converged=True)
	Change =  1.493e-10
__________________________________________
TF Iteration 1000
	μ = -1.083253735e-02, change: 4.282108350e-06 (converged=True)
	φe Err =  3.996e-11, φe change =  8.884e-12
	ne Err =  6.893e-09, ne change =  1.068e-15
	Q =  8.542e-07 ->  8.570e-07, 
	Zstar guess =  2.355e-01. Current Zstar:  2.355e-01 (converged=True)
	Change =  3.028e-06
__________________________________________
TF Iteration 1025
	μ = -1.083245912e-02, change: 0.000000000e+00 (converged=True)
	φe Err =  4.241e-11, φe change =  7.348e-11
	ne Err =  4.409e-10, ne change =  4.042e-15
	Q =  5.886e-07 ->  5.934e-07, 
	Zstar guess =  2.355e-01. Current Zstar:  2.355e-01 (converged=True)
	Change =  8.094e-11
__________________________________________
TF Iteration 1050
	μ = -1.083237080e-02, change: 2.412651312e-06 (converged=True)
	φe Err =  4.188e-11, φe change =  4.953e-12
	ne Err =  3.884e-09, ne change =  1.645e-15
	Q =  4.813e-07 ->  4.828e-07, 
	Zstar guess =  2.355e-01. Current Zstar:  2.355e-01 (converged=True)
	Change =  1.706e-06
__________________________________________
TF Iteration 1075
	μ = -1.083232672e-02, change: 0.000000000e+00 (converged=True)
	φe Err =  4.154e-11, φe change =  4.049e-11
	ne Err =  2.484e-10, ne change =  3.767e-15
	Q =  3.316e-07 ->  3.343e-07, 
	Zstar guess =  2.355e-01. Current Zstar:  2.355e-01 (converged=True)
	Change =  4.443e-11
__________________________________________
TF Iteration 1100
	μ = -1.083229168e-02, change: 0.000000000e+00 (converged=True)
	φe Err =  3.789e-11, φe change =  3.657e-12
	ne Err =  8.932e-11, ne change =  2.513e-15
	Q =  2.700e-07 ->  2.711e-07, 
	Zstar guess =  2.355e-01. Current Zstar:  2.355e-01 (converged=True)
	Change =  3.309e-12
	-------------------
	Solving IET.
0: Initial condition Total Error: 5.297e+01
Exiting status 0, reverting to best index so far: 4739
Final iter:4740, Total Error: 9.989e-13
	-------------------
	Solving IET.
0: Initial condition Total Error: 5.288e+01
Exiting status 0, reverting to best index so far: 3463
Final iter:3464, Total Error: 9.913e-13
Time to solve CS model: 2.788e+02 [s], time so far: 2.798e+02 [s]
CS model saved.
Ee_pot_density = -1.186e-01 [au], Ee_K = 6.046e-02 [au], Ee_tot = -5.812e-02 [au]
P_e = 4.755e-12 [au], 1.399e-09 [Mbar]
Virial if 6.535e+02 = 6.408e+02 --->  off by 1.980e+00 % 

βEe_pot/Z = -50076.565, βEe_K/Z = 25534.068, βEe_tot/Z = -24542.496
βP_e Ω/Z = 0.000
