
===========================================
===========================================
Starting case: Ar: Te = 1.159 eV, Ti = 1.159 eV 

T[K]:  13448.062498311501
________________________
Generating NPA
T:  0.04258745829409237
Using More TF fit for initial Zstar = 0.836
	Intializing grid
Initializing, True
Initializing
	Creating Integral Equation Solver
Intialized Potentials and Densities
Initialized
Time to setup correlation sphere (IS) model: 3.204e+00 [s], time so far: 3.204e+00 [s]
Beginning self-consistent electron solver.
_________________________________
__________________________________________
TF Iteration 0
	μ = -1.851862951e+00, change: 1.544353387e+01 (converged=False)
	φe Err =  6.721e-11, φe change =  9.791e-01
	ne Err =  1.125e-01, ne change =  2.111e-04
	Q =  0.000e+00 -> -3.215e+01, 
	Zstar guess =  8.362e-01. Current Zstar:  8.362e-01 (converged=True)
	Change =  1.912e+00
__________________________________________
TF Iteration 1
	μ = -1.851862951e+00, change: 0.000000000e+00 (converged=True)
	φe Err =  4.100e-11, φe change =  6.682e-02
	ne Err =  2.009e-01, ne change =  1.536e-04
	Q = -3.215e+01 -> -2.351e+01, 
	Zstar guess =  8.362e-01. Current Zstar:  8.362e-01 (converged=True)
	Change =  7.483e-02
__________________________________________
TF Iteration 2
	μ = -1.851862951e+00, change: 0.000000000e+00 (converged=True)
	φe Err =  4.293e-11, φe change =  1.565e-02
	ne Err =  1.445e-01, ne change =  1.259e-04
	Q = -2.351e+01 -> -1.675e+01, 
	Zstar guess =  8.362e-01. Current Zstar:  8.362e-01 (converged=True)
	Change =  1.547e-02
__________________________________________
TF Iteration 3
	μ = -1.851862951e+00, change: 0.000000000e+00 (converged=True)
	φe Err =  3.837e-11, φe change =  1.913e-02
	ne Err =  9.379e-02, ne change =  1.042e-04
	Q = -1.675e+01 -> -1.164e+01, 
	Zstar guess =  8.362e-01. Current Zstar:  8.362e-01 (converged=True)
	Change =  2.070e-02
__________________________________________
TF Iteration 4
	μ = -1.851862951e+00, change: 0.000000000e+00 (converged=True)
	φe Err =  3.912e-11, φe change =  1.299e-02
	ne Err =  6.693e-02, ne change =  8.555e-05
	Q = -1.164e+01 -> -7.870e+00, 
	Zstar guess =  8.362e-01. Current Zstar:  8.362e-01 (converged=True)
	Change =  1.455e-02
__________________________________________
TF Iteration 5
	μ = -1.851862951e+00, change: 0.000000000e+00 (converged=True)
	φe Err =  3.803e-11, φe change =  6.465e-03
	ne Err =  5.746e-02, ne change =  6.938e-05
	Q = -7.870e+00 -> -5.116e+00, 
	Zstar guess =  8.362e-01. Current Zstar:  8.362e-01 (converged=True)
	Change =  7.376e-03
__________________________________________
TF Iteration 6
	μ = -1.851862951e+00, change: 0.000000000e+00 (converged=True)
	φe Err =  3.907e-11, φe change =  2.515e-03
	ne Err =  5.136e-02, ne change =  5.562e-05
	Q = -5.116e+00 -> -3.095e+00, 
	Zstar guess =  8.362e-01. Current Zstar:  8.362e-01 (converged=True)
	Change =  2.213e-03
__________________________________________
TF Iteration 7
	μ = -1.851862951e+00, change: 0.000000000e+00 (converged=True)
	φe Err =  3.869e-11, φe change =  2.047e-03
	ne Err =  4.371e-02, ne change =  4.421e-05
	Q = -3.095e+00 -> -1.581e+00, 
	Zstar guess =  8.362e-01. Current Zstar:  8.362e-01 (converged=True)
	Change =  5.954e-04
__________________________________________
TF Iteration 8
	μ = -1.851862951e+00, change: 0.000000000e+00 (converged=True)
	φe Err =  4.032e-11, φe change =  2.211e-03
	ne Err =  3.544e-02, ne change =  3.499e-05
	Q = -1.581e+00 -> -4.227e-01, 
	Zstar guess =  8.362e-01. Current Zstar:  8.362e-01 (converged=True)
	Change =  1.494e-03
__________________________________________
TF Iteration 9
	μ = -1.851862951e+00, change: 0.000000000e+00 (converged=True)
	φe Err =  3.777e-11, φe change =  1.920e-03
	ne Err =  2.800e-02, ne change =  2.765e-05
	Q = -4.227e-01 ->  4.790e-01, 
	Zstar guess =  8.362e-01. Current Zstar:  8.362e-01 (converged=True)
	Change =  1.488e-03
__________________________________________
TF Iteration 25
	μ = -7.675424301e-01, change: 0.000000000e+00 (converged=True)
	φe Err =  3.835e-11, φe change =  3.016e-04
	ne Err =  1.820e-03, ne change =  6.994e-07
	Q =  2.075e+00 ->  2.098e+00, 
	Zstar guess =  8.362e-01. Current Zstar:  8.362e-01 (converged=True)
	Change =  3.154e-04
__________________________________________
TF Iteration 50
	μ = -3.197731163e-01, change: 2.265118845e-01 (converged=False)
	φe Err =  3.980e-11, φe change =  1.676e-06
	ne Err =  1.151e-02, ne change =  5.876e-09
	Q =  1.330e+00 ->  1.329e+00, 
	Zstar guess =  8.362e-01. Current Zstar:  8.362e-01 (converged=True)
	Change =  1.792e-01
__________________________________________
TF Iteration 75
	μ = -2.156453680e-01, change: 0.000000000e+00 (converged=True)
	φe Err =  4.027e-11, φe change =  6.792e-05
	ne Err =  3.313e-04, ne change =  4.358e-09
	Q =  6.324e-01 ->  6.281e-01, 
	Zstar guess =  8.362e-01. Current Zstar:  8.362e-01 (converged=True)
	Change =  7.273e-05
__________________________________________
TF Iteration 100
	μ = -1.597137629e-01, change: 6.610228811e-02 (converged=False)
	φe Err =  3.953e-11, φe change =  9.699e-07
	ne Err =  1.508e-03, ne change =  4.479e-10
	Q =  3.126e-01 ->  3.114e-01, 
	Zstar guess =  8.362e-01. Current Zstar:  8.362e-01 (converged=True)
	Change =  4.831e-02
__________________________________________
TF Iteration 125
	μ = -1.477440371e-01, change: 0.000000000e+00 (converged=True)
	φe Err =  4.029e-11, φe change =  9.667e-06
	ne Err =  6.189e-05, ne change =  7.817e-10
	Q =  1.002e-01 ->  9.814e-02, 
	Zstar guess =  8.362e-01. Current Zstar:  8.362e-01 (converged=True)
	Change =  1.041e-05
__________________________________________
TF Iteration 150
	μ = -1.415142165e-01, change: 8.810401515e-03 (converged=False)
	φe Err =  4.102e-11, φe change =  1.667e-07
	ne Err =  1.697e-04, ne change =  5.055e-11
	Q =  4.006e-02 ->  3.987e-02, 
	Zstar guess =  8.362e-01. Current Zstar:  8.362e-01 (converged=True)
	Change =  6.258e-03
__________________________________________
TF Iteration 175
	μ = -1.401779350e-01, change: 0.000000000e+00 (converged=True)
	φe Err =  3.915e-11, φe change =  1.114e-06
	ne Err =  7.491e-06, ne change =  9.032e-11
	Q =  1.172e-02 ->  1.146e-02, 
	Zstar guess =  8.362e-01. Current Zstar:  8.362e-01 (converged=True)
	Change =  1.201e-06
__________________________________________
TF Iteration 200
	μ = -1.394792583e-01, change: 1.012196394e-03 (converged=False)
	φe Err =  3.939e-11, φe change =  1.970e-08
	ne Err =  1.910e-05, ne change =  5.694e-12
	Q =  4.573e-03 ->  4.551e-03, 
	Zstar guess =  8.362e-01. Current Zstar:  8.362e-01 (converged=True)
	Change =  7.161e-04
__________________________________________
TF Iteration 225
	μ = -1.393291598e-01, change: 0.000000000e+00 (converged=True)
	φe Err =  3.858e-11, φe change =  1.258e-07
	ne Err =  8.504e-07, ne change =  1.020e-11
	Q =  1.324e-03 ->  1.294e-03, 
	Zstar guess =  8.362e-01. Current Zstar:  8.362e-01 (converged=True)
	Change =  1.356e-07
__________________________________________
TF Iteration 250
	μ = -1.392505510e-01, change: 1.142685002e-04 (converged=False)
	φe Err =  4.106e-11, φe change =  2.242e-09
	ne Err =  2.151e-06, ne change =  6.408e-13
	Q =  5.158e-04 ->  5.134e-04, 
	Zstar guess =  8.362e-01. Current Zstar:  8.362e-01 (converged=True)
	Change =  8.081e-05
__________________________________________
TF Iteration 275
	μ = -1.392336140e-01, change: 0.000000000e+00 (converged=True)
	φe Err =  4.026e-11, φe change =  1.420e-08
	ne Err =  9.600e-08, ne change =  1.151e-12
	Q =  1.495e-04 ->  1.461e-04, 
	Zstar guess =  8.362e-01. Current Zstar:  8.362e-01 (converged=True)
	Change =  1.531e-08
__________________________________________
TF Iteration 300
	μ = -1.392247408e-01, change: 1.290046573e-05 (converged=False)
	φe Err =  3.872e-11, φe change =  2.508e-10
	ne Err =  2.428e-07, ne change =  7.042e-14
	Q =  5.823e-05 ->  5.795e-05, 
	Zstar guess =  8.362e-01. Current Zstar:  8.362e-01 (converged=True)
	Change =  9.122e-06
__________________________________________
TF Iteration 325
	μ = -1.392228294e-01, change: 0.000000000e+00 (converged=True)
	φe Err =  4.090e-11, φe change =  1.601e-09
	ne Err =  1.083e-08, ne change =  1.278e-13
	Q =  1.687e-05 ->  1.649e-05, 
	Zstar guess =  8.362e-01. Current Zstar:  8.362e-01 (converged=True)
	Change =  1.726e-09
__________________________________________
TF Iteration 350
	μ = -1.392218281e-01, change: 1.455702592e-06 (converged=True)
	φe Err =  3.996e-11, φe change =  2.924e-11
	ne Err =  2.740e-08, ne change =  8.788e-15
	Q =  6.571e-06 ->  6.540e-06, 
	Zstar guess =  8.362e-01. Current Zstar:  8.362e-01 (converged=True)
	Change =  1.029e-06
__________________________________________
TF Iteration 375
	μ = -1.392216124e-01, change: 0.000000000e+00 (converged=True)
	φe Err =  4.033e-11, φe change =  1.819e-10
	ne Err =  1.223e-09, ne change =  1.420e-14
	Q =  1.904e-06 ->  1.862e-06, 
	Zstar guess =  8.362e-01. Current Zstar:  8.362e-01 (converged=True)
	Change =  1.960e-10
__________________________________________
TF Iteration 400
	μ = -1.392214994e-01, change: 1.643000264e-07 (converged=True)
	φe Err =  4.109e-11, φe change =  5.132e-12
	ne Err =  3.092e-09, ne change =  1.434e-15
	Q =  7.415e-07 ->  7.380e-07, 
	Zstar guess =  8.362e-01. Current Zstar:  8.362e-01 (converged=True)
	Change =  1.162e-07
__________________________________________
TF Iteration 419
	μ = -1.392214846e-01, change: 0.000000000e+00 (converged=True)
	φe Err =  3.977e-11, φe change =  5.130e-12
	ne Err =  9.534e-11, ne change =  3.337e-15
	Q =  3.147e-07 ->  3.118e-07, 
	Zstar guess =  8.362e-01. Current Zstar:  8.362e-01 (converged=True)
	Change =  1.008e-12
	-------------------
	Solving IET.
0: Initial condition Total Error: 4.881e+00
Exiting status 0, reverting to best index so far: 278
Final iter:279, Total Error: 9.308e-13
	-------------------
	Solving IET.
0: Initial condition Total Error: 4.866e+00
Exiting status 0, reverting to best index so far: 315
Final iter:316, Total Error: 9.370e-13
Time to solve CS model: 1.822e+02 [s], time so far: 1.854e+02 [s]
CS model saved.
Ee_pot_density = -1.186e-01 [au], Ee_K = 6.052e-02 [au], Ee_tot = -5.804e-02 [au]
P_e = 1.796e-06 [au], 5.284e-04 [Mbar]
Virial if 6.541e+02 = 6.407e+02 --->  off by 2.085e+00 % 

βEe_pot/Z = -1671.646, βEe_K/Z = 853.286, βEe_tot/Z = -818.361
βP_e Ω/Z = 0.025
