
===========================================
===========================================
Starting case: Ar: Te = 0.124 eV, Ti = 0.124 eV 

T[K]:  1440.2284146184616
________________________
Generating NPA
T:  0.00456092969148765
Using More TF fit for initial Zstar = 0.306
	Intializing grid
Initializing, True
Initializing
	Creating Integral Equation Solver
Intialized Potentials and Densities
Initialized
Time to setup correlation sphere (IS) model: 1.401e+00 [s], time so far: 1.402e+00 [s]
Beginning self-consistent electron solver.
_________________________________
__________________________________________
TF Iteration 0
	μ = -1.368147359e+00, change: 4.242632628e+03 (converged=False)
	φe Err =  3.917e-11, φe change =  9.514e-01
	ne Err =  8.286e-02, ne change =  2.104e-04
	Q =  0.000e+00 -> -2.186e+01, 
	Zstar guess =  3.058e-01. Current Zstar:  3.058e-01 (converged=True)
	Change =  1.941e+00
__________________________________________
TF Iteration 1
	μ = -1.368147359e+00, change: 0.000000000e+00 (converged=True)
	φe Err =  3.961e-11, φe change =  5.145e-02
	ne Err =  1.598e-01, ne change =  1.564e-04
	Q = -2.186e+01 -> -1.548e+01, 
	Zstar guess =  3.058e-01. Current Zstar:  3.058e-01 (converged=True)
	Change =  5.739e-02
__________________________________________
TF Iteration 2
	μ = -1.368147359e+00, change: 0.000000000e+00 (converged=True)
	φe Err =  4.102e-11, φe change =  1.371e-02
	ne Err =  1.094e-01, ne change =  1.277e-04
	Q = -1.548e+01 -> -1.057e+01, 
	Zstar guess =  3.058e-01. Current Zstar:  3.058e-01 (converged=True)
	Change =  1.406e-02
__________________________________________
TF Iteration 3
	μ = -1.368147359e+00, change: 0.000000000e+00 (converged=True)
	φe Err =  4.104e-11, φe change =  1.459e-02
	ne Err =  6.766e-02, ne change =  1.048e-04
	Q = -1.057e+01 -> -6.979e+00, 
	Zstar guess =  3.058e-01. Current Zstar:  3.058e-01 (converged=True)
	Change =  1.597e-02
__________________________________________
TF Iteration 4
	μ = -1.368147359e+00, change: 0.000000000e+00 (converged=True)
	φe Err =  3.941e-11, φe change =  8.475e-03
	ne Err =  4.976e-02, ne change =  8.519e-05
	Q = -6.979e+00 -> -4.425e+00, 
	Zstar guess =  3.058e-01. Current Zstar:  3.058e-01 (converged=True)
	Change =  9.593e-03
__________________________________________
TF Iteration 5
	μ = -1.368147359e+00, change: 0.000000000e+00 (converged=True)
	φe Err =  3.940e-11, φe change =  3.269e-03
	ne Err =  4.409e-02, ne change =  6.853e-05
	Q = -4.425e+00 -> -2.619e+00, 
	Zstar guess =  3.058e-01. Current Zstar:  3.058e-01 (converged=True)
	Change =  3.624e-03
__________________________________________
TF Iteration 6
	μ = -1.368147359e+00, change: 0.000000000e+00 (converged=True)
	φe Err =  3.836e-11, φe change =  1.613e-03
	ne Err =  3.838e-02, ne change =  5.465e-05
	Q = -2.619e+00 -> -1.313e+00, 
	Zstar guess =  3.058e-01. Current Zstar:  3.058e-01 (converged=True)
	Change =  8.801e-05
__________________________________________
TF Iteration 7
	μ = -1.368147359e+00, change: 0.000000000e+00 (converged=True)
	φe Err =  3.992e-11, φe change =  1.986e-03
	ne Err =  3.129e-02, ne change =  4.337e-05
	Q = -1.313e+00 -> -3.351e-01, 
	Zstar guess =  3.058e-01. Current Zstar:  3.058e-01 (converged=True)
	Change =  1.382e-03
__________________________________________
TF Iteration 8
	μ = -1.368147359e+00, change: 0.000000000e+00 (converged=True)
	φe Err =  3.925e-11, φe change =  1.830e-03
	ne Err =  2.453e-02, ne change =  3.436e-05
	Q = -3.351e-01 ->  4.184e-01, 
	Zstar guess =  3.058e-01. Current Zstar:  3.058e-01 (converged=True)
	Change =  1.505e-03
__________________________________________
TF Iteration 9
	μ = -1.368147359e+00, change: 0.000000000e+00 (converged=True)
	φe Err =  4.036e-11, φe change =  1.394e-03
	ne Err =  1.904e-02, ne change =  2.723e-05
	Q =  4.184e-01 ->  1.007e+00, 
	Zstar guess =  3.058e-01. Current Zstar:  3.058e-01 (converged=True)
	Change =  1.190e-03
__________________________________________
TF Iteration 25
	μ = -6.126418007e-01, change: 0.000000000e+00 (converged=True)
	φe Err =  3.872e-11, φe change =  2.507e-04
	ne Err =  1.567e-03, ne change =  7.208e-07
	Q =  1.804e+00 ->  1.819e+00, 
	Zstar guess =  3.058e-01. Current Zstar:  3.058e-01 (converged=True)
	Change =  2.631e-04
__________________________________________
TF Iteration 50
	μ = -2.424362732e-01, change: 2.525257272e-01 (converged=False)
	φe Err =  3.972e-11, φe change =  1.974e-06
	ne Err =  1.057e-02, ne change =  5.446e-09
	Q =  1.127e+00 ->  1.125e+00, 
	Zstar guess =  3.058e-01. Current Zstar:  3.058e-01 (converged=True)
	Change =  2.023e-01
__________________________________________
TF Iteration 75
	μ = -1.429016737e-01, change: 0.000000000e+00 (converged=True)
	φe Err =  3.984e-11, φe change =  5.499e-05
	ne Err =  7.858e-04, ne change =  2.520e-09
	Q =  5.357e-01 ->  5.325e-01, 
	Zstar guess =  3.058e-01. Current Zstar:  3.058e-01 (converged=True)
	Change =  5.792e-05
__________________________________________
TF Iteration 100
	μ = -7.417045308e-02, change: 1.804991108e-01 (converged=False)
	φe Err =  4.073e-11, φe change =  8.753e-07
	ne Err =  2.523e-03, ne change =  4.962e-10
	Q =  3.070e-01 ->  3.055e-01, 
	Zstar guess =  3.058e-01. Current Zstar:  3.058e-01 (converged=True)
	Change =  1.396e-01
__________________________________________
TF Iteration 125
	μ = -5.321083698e-02, change: 0.000000000e+00 (converged=True)
	φe Err =  3.994e-11, φe change =  1.274e-05
	ne Err =  5.251e-04, ne change =  1.213e-09
	Q =  1.419e-01 ->  1.405e-01, 
	Zstar guess =  3.058e-01. Current Zstar:  3.058e-01 (converged=True)
	Change =  1.352e-05
__________________________________________
TF Iteration 150
	μ = -3.789746269e-02, change: 8.971784331e-02 (converged=False)
	φe Err =  4.182e-11, φe change =  2.838e-07
	ne Err =  7.073e-04, ne change =  9.556e-11
	Q =  7.930e-02 ->  7.862e-02, 
	Zstar guess =  3.058e-01. Current Zstar:  3.058e-01 (converged=True)
	Change =  6.635e-02
__________________________________________
TF Iteration 175
	μ = -3.259584353e-02, change: 0.000000000e+00 (converged=True)
	φe Err =  3.934e-11, φe change =  4.265e-06
	ne Err =  2.032e-04, ne change =  4.755e-10
	Q =  4.134e-02 ->  4.141e-02, 
	Zstar guess =  3.058e-01. Current Zstar:  3.058e-01 (converged=True)
	Change =  4.648e-06
__________________________________________
TF Iteration 200
	μ = -2.721882626e-02, change: 5.326488537e-02 (converged=False)
	φe Err =  3.981e-11, φe change =  2.001e-07
	ne Err =  2.373e-04, ne change =  3.615e-11
	Q =  3.100e-02 ->  3.106e-02, 
	Zstar guess =  3.058e-01. Current Zstar:  3.058e-01 (converged=True)
	Change =  3.868e-02
__________________________________________
TF Iteration 225
	μ = -2.518719884e-02, change: 0.000000000e+00 (converged=True)
	φe Err =  4.082e-11, φe change =  1.654e-06
	ne Err =  2.584e-04, ne change =  1.830e-10
	Q =  1.490e-02 ->  1.454e-02, 
	Zstar guess =  3.058e-01. Current Zstar:  3.058e-01 (converged=True)
	Change =  1.799e-06
__________________________________________
TF Iteration 250
	μ = -2.382534338e-02, change: 1.517122456e-02 (converged=False)
	φe Err =  4.086e-11, φe change =  8.145e-08
	ne Err =  6.678e-05, ne change =  9.058e-12
	Q =  7.843e-03 ->  7.817e-03, 
	Zstar guess =  3.058e-01. Current Zstar:  3.058e-01 (converged=True)
	Change =  1.081e-02
__________________________________________
TF Iteration 275
	μ = -2.323246808e-02, change: 0.000000000e+00 (converged=True)
	φe Err =  4.290e-11, φe change =  6.087e-07
	ne Err =  5.223e-06, ne change =  6.459e-11
	Q =  4.951e-03 ->  4.981e-03, 
	Zstar guess =  3.058e-01. Current Zstar:  3.058e-01 (converged=True)
	Change =  6.738e-07
__________________________________________
TF Iteration 300
	μ = -2.258449553e-02, change: 8.339185427e-03 (converged=False)
	φe Err =  3.892e-11, φe change =  4.491e-08
	ne Err =  2.886e-05, ne change =  4.531e-12
	Q =  3.948e-03 ->  3.960e-03, 
	Zstar guess =  3.058e-01. Current Zstar:  3.058e-01 (converged=True)
	Change =  5.921e-03
__________________________________________
TF Iteration 325
	μ = -2.226739397e-02, change: 0.000000000e+00 (converged=True)
	φe Err =  3.916e-11, φe change =  3.367e-07
	ne Err =  2.288e-06, ne change =  3.555e-11
	Q =  2.682e-03 ->  2.701e-03, 
	Zstar guess =  3.058e-01. Current Zstar:  3.058e-01 (converged=True)
	Change =  3.731e-07
__________________________________________
TF Iteration 350
	μ = -2.191415462e-02, change: 4.722279207e-03 (converged=False)
	φe Err =  3.995e-11, φe change =  2.609e-08
	ne Err =  1.576e-05, ne change =  2.477e-12
	Q =  2.170e-03 ->  2.177e-03, 
	Zstar guess =  3.058e-01. Current Zstar:  3.058e-01 (converged=True)
	Change =  3.347e-03
__________________________________________
TF Iteration 375
	μ = -2.173987091e-02, change: 0.000000000e+00 (converged=True)
	φe Err =  3.787e-11, φe change =  1.880e-07
	ne Err =  1.311e-06, ne change =  1.978e-11
	Q =  1.482e-03 ->  1.493e-03, 
	Zstar guess =  3.058e-01. Current Zstar:  3.058e-01 (converged=True)
	Change =  2.084e-07
__________________________________________
TF Iteration 400
	μ = -2.154488037e-02, change: 2.661839369e-03 (converged=False)
	φe Err =  4.069e-11, φe change =  1.495e-08
	ne Err =  8.704e-06, ne change =  1.374e-12
	Q =  1.203e-03 ->  1.207e-03, 
	Zstar guess =  3.058e-01. Current Zstar:  3.058e-01 (converged=True)
	Change =  1.885e-03
__________________________________________
TF Iteration 425
	μ = -2.144833148e-02, change: 0.000000000e+00 (converged=True)
	φe Err =  4.112e-11, φe change =  1.050e-07
	ne Err =  7.424e-07, ne change =  1.103e-11
	Q =  8.238e-04 ->  8.299e-04, 
	Zstar guess =  3.058e-01. Current Zstar:  3.058e-01 (converged=True)
	Change =  1.164e-07
__________________________________________
TF Iteration 450
	μ = -2.134004655e-02, change: 1.494820184e-03 (converged=False)
	φe Err =  4.013e-11, φe change =  8.416e-09
	ne Err =  4.833e-06, ne change =  7.612e-13
	Q =  6.698e-04 ->  6.720e-04, 
	Zstar guess =  3.058e-01. Current Zstar:  3.058e-01 (converged=True)
	Change =  1.058e-03
__________________________________________
TF Iteration 475
	μ = -2.128631911e-02, change: 0.000000000e+00 (converged=True)
	φe Err =  4.190e-11, φe change =  5.875e-08
	ne Err =  4.190e-07, ne change =  6.165e-12
	Q =  4.594e-04 ->  4.628e-04, 
	Zstar guess =  3.058e-01. Current Zstar:  3.058e-01 (converged=True)
	Change =  6.516e-08
__________________________________________
TF Iteration 500
	μ = -2.122600731e-02, change: 8.380182279e-04 (converged=False)
	φe Err =  4.099e-11, φe change =  4.758e-09
	ne Err =  2.692e-06, ne change =  4.250e-13
	Q =  3.735e-04 ->  3.748e-04, 
	Zstar guess =  3.058e-01. Current Zstar:  3.058e-01 (converged=True)
	Change =  5.928e-04
__________________________________________
TF Iteration 525
	μ = -2.119602681e-02, change: 0.000000000e+00 (converged=True)
	φe Err =  4.038e-11, φe change =  3.289e-08
	ne Err =  2.358e-07, ne change =  3.451e-12
	Q =  2.566e-04 ->  2.585e-04, 
	Zstar guess =  3.058e-01. Current Zstar:  3.058e-01 (converged=True)
	Change =  3.648e-08
__________________________________________
TF Iteration 550
	μ = -2.116233603e-02, change: 4.695519442e-04 (converged=False)
	φe Err =  4.162e-11, φe change =  2.657e-09
	ne Err =  1.503e-06, ne change =  2.384e-13
	Q =  2.087e-04 ->  2.094e-04, 
	Zstar guess =  3.058e-01. Current Zstar:  3.058e-01 (converged=True)
	Change =  3.321e-04
__________________________________________
TF Iteration 575
	μ = -2.114565049e-02, change: 0.000000000e+00 (converged=True)
	φe Err =  3.987e-11, φe change =  1.837e-08
	ne Err =  1.328e-07, ne change =  1.927e-12
	Q =  1.429e-04 ->  1.439e-04, 
	Zstar guess =  3.058e-01. Current Zstar:  3.058e-01 (converged=True)
	Change =  2.038e-08
__________________________________________
TF Iteration 600
	μ = -2.112685618e-02, change: 2.630881642e-04 (converged=False)
	φe Err =  4.173e-11, φe change =  1.505e-09
	ne Err =  8.401e-07, ne change =  1.301e-13
	Q =  1.167e-04 ->  1.171e-04, 
	Zstar guess =  3.058e-01. Current Zstar:  3.058e-01 (converged=True)
	Change =  1.861e-04
__________________________________________
TF Iteration 625
	μ = -2.111748610e-02, change: 0.000000000e+00 (converged=True)
	φe Err =  3.907e-11, φe change =  1.032e-08
	ne Err =  7.448e-08, ne change =  1.083e-12
	Q =  8.031e-05 ->  8.092e-05, 
	Zstar guess =  3.058e-01. Current Zstar:  3.058e-01 (converged=True)
	Change =  1.145e-08
__________________________________________
TF Iteration 650
	μ = -2.110692741e-02, change: 1.478424295e-04 (converged=False)
	φe Err =  4.115e-11, φe change =  8.378e-10
	ne Err =  4.716e-07, ne change =  6.910e-14
	Q =  6.553e-05 ->  6.575e-05, 
	Zstar guess =  3.058e-01. Current Zstar:  3.058e-01 (converged=True)
	Change =  1.045e-04
__________________________________________
TF Iteration 675
	μ = -2.110167313e-02, change: 0.000000000e+00 (converged=True)
	φe Err =  3.886e-11, φe change =  5.778e-09
	ne Err =  4.165e-08, ne change =  6.044e-13
	Q =  4.501e-05 ->  4.535e-05, 
	Zstar guess =  3.058e-01. Current Zstar:  3.058e-01 (converged=True)
	Change =  6.409e-09
__________________________________________
TF Iteration 700
	μ = -2.109576159e-02, change: 8.277193147e-05 (converged=False)
	φe Err =  4.188e-11, φe change =  4.718e-10
	ne Err =  2.639e-07, ne change =  4.080e-14
	Q =  3.668e-05 ->  3.680e-05, 
	Zstar guess =  3.058e-01. Current Zstar:  3.058e-01 (converged=True)
	Change =  5.853e-05
__________________________________________
TF Iteration 725
	μ = -2.109282375e-02, change: 0.000000000e+00 (converged=True)
	φe Err =  3.954e-11, φe change =  3.229e-09
	ne Err =  2.326e-08, ne change =  3.391e-13
	Q =  2.516e-05 ->  2.535e-05, 
	Zstar guess =  3.058e-01. Current Zstar:  3.058e-01 (converged=True)
	Change =  3.581e-09
__________________________________________
TF Iteration 750
	μ = -2.108952157e-02, change: 4.623586452e-05 (converged=False)
	φe Err =  4.247e-11, φe change =  2.597e-10
	ne Err =  1.474e-07, ne change =  2.188e-14
	Q =  2.048e-05 ->  2.055e-05, 
	Zstar guess =  3.058e-01. Current Zstar:  3.058e-01 (converged=True)
	Change =  3.269e-05
__________________________________________
TF Iteration 775
	μ = -2.108788170e-02, change: 0.000000000e+00 (converged=True)
	φe Err =  4.078e-11, φe change =  1.804e-09
	ne Err =  1.297e-08, ne change =  1.898e-13
	Q =  1.404e-05 ->  1.415e-05, 
	Zstar guess =  3.058e-01. Current Zstar:  3.058e-01 (converged=True)
	Change =  2.001e-09
__________________________________________
TF Iteration 800
	μ = -2.108603948e-02, change: 2.579315385e-05 (converged=False)
	φe Err =  3.909e-11, φe change =  1.517e-10
	ne Err =  8.220e-08, ne change =  1.553e-14
	Q =  1.143e-05 ->  1.146e-05, 
	Zstar guess =  3.058e-01. Current Zstar:  3.058e-01 (converged=True)
	Change =  1.824e-05
__________________________________________
TF Iteration 825
	μ = -2.108512503e-02, change: 0.000000000e+00 (converged=True)
	φe Err =  3.862e-11, φe change =  1.001e-09
	ne Err =  7.230e-09, ne change =  1.036e-13
	Q =  7.830e-06 ->  7.889e-06, 
	Zstar guess =  3.058e-01. Current Zstar:  3.058e-01 (converged=True)
	Change =  1.110e-09
__________________________________________
TF Iteration 850
	μ = -2.108409805e-02, change: 1.437856008e-05 (converged=False)
	φe Err =  4.048e-11, φe change =  8.395e-11
	ne Err =  4.582e-08, ne change =  7.532e-15
	Q =  6.369e-06 ->  6.391e-06, 
	Zstar guess =  3.058e-01. Current Zstar:  3.058e-01 (converged=True)
	Change =  1.017e-05
__________________________________________
TF Iteration 875
	μ = -2.108358844e-02, change: 0.000000000e+00 (converged=True)
	φe Err =  4.057e-11, φe change =  5.608e-10
	ne Err =  4.028e-09, ne change =  5.981e-14
	Q =  4.363e-06 ->  4.396e-06, 
	Zstar guess =  3.058e-01. Current Zstar:  3.058e-01 (converged=True)
	Change =  6.219e-10
__________________________________________
TF Iteration 900
	μ = -2.108301628e-02, change: 8.010377098e-06 (converged=True)
	φe Err =  4.023e-11, φe change =  4.653e-11
	ne Err =  2.552e-08, ne change =  6.491e-15
	Q =  3.548e-06 ->  3.560e-06, 
	Zstar guess =  3.058e-01. Current Zstar:  3.058e-01 (converged=True)
	Change =  5.664e-06
__________________________________________
TF Iteration 925
	μ = -2.108273241e-02, change: 0.000000000e+00 (converged=True)
	φe Err =  3.856e-11, φe change =  3.144e-10
	ne Err =  2.243e-09, ne change =  3.349e-14
	Q =  2.430e-06 ->  2.449e-06, 
	Zstar guess =  3.058e-01. Current Zstar:  3.058e-01 (converged=True)
	Change =  3.485e-10
__________________________________________
TF Iteration 950
	μ = -2.108241372e-02, change: 4.461728122e-06 (converged=True)
	φe Err =  3.986e-11, φe change =  2.538e-11
	ne Err =  1.422e-08, ne change =  1.119e-15
	Q =  1.976e-06 ->  1.983e-06, 
	Zstar guess =  3.058e-01. Current Zstar:  3.058e-01 (converged=True)
	Change =  3.155e-06
__________________________________________
TF Iteration 975
	μ = -2.108225562e-02, change: 0.000000000e+00 (converged=True)
	φe Err =  4.030e-11, φe change =  1.732e-10
	ne Err =  1.249e-09, ne change =  1.995e-14
	Q =  1.354e-06 ->  1.364e-06, 
	Zstar guess =  3.058e-01. Current Zstar:  3.058e-01 (converged=True)
	Change =  1.921e-10
__________________________________________
TF Iteration 1000
	μ = -2.108207813e-02, change: 2.484981605e-06 (converged=True)
	φe Err =  3.953e-11, φe change =  1.325e-11
	ne Err =  7.917e-09, ne change =  8.605e-16
	Q =  1.101e-06 ->  1.104e-06, 
	Zstar guess =  3.058e-01. Current Zstar:  3.058e-01 (converged=True)
	Change =  1.757e-06
__________________________________________
TF Iteration 1025
	μ = -2.108199007e-02, change: 0.000000000e+00 (converged=True)
	φe Err =  3.896e-11, φe change =  9.961e-11
	ne Err =  6.958e-10, ne change =  1.471e-14
	Q =  7.539e-07 ->  7.595e-07, 
	Zstar guess =  3.058e-01. Current Zstar:  3.058e-01 (converged=True)
	Change =  1.102e-10
__________________________________________
TF Iteration 1050
	μ = -2.108189122e-02, change: 1.383972520e-06 (converged=True)
	φe Err =  3.913e-11, φe change =  8.768e-12
	ne Err =  4.409e-09, ne change =  1.344e-15
	Q =  6.130e-07 ->  6.151e-07, 
	Zstar guess =  3.058e-01. Current Zstar:  3.058e-01 (converged=True)
	Change =  9.786e-07
__________________________________________
TF Iteration 1075
	μ = -2.108184218e-02, change: 0.000000000e+00 (converged=True)
	φe Err =  4.055e-11, φe change =  5.552e-11
	ne Err =  3.875e-10, ne change =  7.133e-15
	Q =  4.199e-07 ->  4.230e-07, 
	Zstar guess =  3.058e-01. Current Zstar:  3.058e-01 (converged=True)
	Change =  6.140e-11
__________________________________________
TF Iteration 1100
	μ = -2.108178713e-02, change: 7.707668083e-07 (converged=True)
	φe Err =  4.017e-11, φe change =  4.535e-12
	ne Err =  2.456e-09, ne change =  1.868e-15
	Q =  3.414e-07 ->  3.425e-07, 
	Zstar guess =  3.058e-01. Current Zstar:  3.058e-01 (converged=True)
	Change =  5.450e-07
__________________________________________
TF Iteration 1125
	μ = -2.108175982e-02, change: 0.000000000e+00 (converged=True)
	φe Err =  3.891e-11, φe change =  3.064e-11
	ne Err =  2.158e-10, ne change =  6.541e-15
	Q =  2.338e-07 ->  2.356e-07, 
	Zstar guess =  3.058e-01. Current Zstar:  3.058e-01 (converged=True)
	Change =  3.393e-11
__________________________________________
TF Iteration 1140
	μ = -2.108174838e-02, change: 0.000000000e+00 (converged=True)
	φe Err =  3.991e-11, φe change =  4.346e-12
	ne Err =  9.052e-11, ne change =  2.083e-15
	Q =  2.129e-07 ->  2.137e-07, 
	Zstar guess =  3.058e-01. Current Zstar:  3.058e-01 (converged=True)
	Change =  4.660e-12
	-------------------
	Solving IET.
0: Initial condition Total Error: 2.406e+00
Exiting status 0, reverting to best index so far: 809
Final iter:810, Total Error: 9.747e-13
	-------------------
	Solving IET.
0: Initial condition Total Error: inf
QUIT: Total error infinite.
Exiting status 1, reverting to best index so far: 0
Final iter:21, Total Error: inf
Time to solve CS model: 3.025e+02 [s], time so far: 3.039e+02 [s]
CS model saved.
Ee_pot_density = -1.186e-01 [au], Ee_K = 6.050e-02 [au], Ee_tot = -5.808e-02 [au]
P_e = 1.751e-09 [au], 5.151e-07 [Mbar]
Virial if 6.539e+02 = 6.408e+02 --->  off by 2.044e+00 % 

βEe_pot/Z = -15610.618, βEe_K/Z = 7964.871, βEe_tot/Z = -7645.747
βP_e Ω/Z = 0.000
