
===========================================
===========================================
Starting case: Ar: Te = 0.041 eV, Ti = 0.041 eV 

T[K]:  471.3214478001543
________________________
Generating NPA
T:  0.0014925854563674534
Using More TF fit for initial Zstar = 0.237
	Intializing grid
Initializing, True
Initializing
	Creating Integral Equation Solver
Intialized Potentials and Densities
Initialized
Time to setup correlation sphere (IS) model: 1.274e+00 [s], time so far: 1.274e+00 [s]
Beginning self-consistent electron solver.
_________________________________
__________________________________________
TF Iteration 0
	μ = -1.202418737e+00, change: 3.815537125e+02 (converged=False)
	φe Err =  3.702e-11, φe change =  9.373e-01
	ne Err =  7.022e-02, ne change =  2.100e-04
	Q =  0.000e+00 -> -1.658e+01, 
	Zstar guess =  2.372e-01. Current Zstar:  2.372e-01 (converged=True)
	Change =  1.927e+00
__________________________________________
TF Iteration 1
	μ = -1.202418737e+00, change: 0.000000000e+00 (converged=True)
	φe Err =  4.044e-11, φe change =  4.492e-02
	ne Err =  1.408e-01, ne change =  1.576e-04
	Q = -1.658e+01 -> -1.136e+01, 
	Zstar guess =  2.372e-01. Current Zstar:  2.372e-01 (converged=True)
	Change =  4.998e-02
__________________________________________
TF Iteration 2
	μ = -1.202418737e+00, change: 0.000000000e+00 (converged=True)
	φe Err =  4.097e-11, φe change =  1.257e-02
	ne Err =  9.351e-02, ne change =  1.284e-04
	Q = -1.136e+01 -> -7.413e+00, 
	Zstar guess =  2.372e-01. Current Zstar:  2.372e-01 (converged=True)
	Change =  1.309e-02
__________________________________________
TF Iteration 3
	μ = -1.202418737e+00, change: 0.000000000e+00 (converged=True)
	φe Err =  3.951e-11, φe change =  1.238e-02
	ne Err =  5.634e-02, ne change =  1.049e-04
	Q = -7.413e+00 -> -4.598e+00, 
	Zstar guess =  2.372e-01. Current Zstar:  2.372e-01 (converged=True)
	Change =  1.364e-02
__________________________________________
TF Iteration 4
	μ = -1.202418737e+00, change: 0.000000000e+00 (converged=True)
	φe Err =  4.007e-11, φe change =  6.475e-03
	ne Err =  4.233e-02, ne change =  8.496e-05
	Q = -4.598e+00 -> -2.661e+00, 
	Zstar guess =  2.372e-01. Current Zstar:  2.372e-01 (converged=True)
	Change =  7.371e-03
__________________________________________
TF Iteration 5
	μ = -1.202418737e+00, change: 0.000000000e+00 (converged=True)
	φe Err =  4.055e-11, φe change =  2.110e-03
	ne Err =  3.763e-02, ne change =  6.813e-05
	Q = -2.661e+00 -> -1.324e+00, 
	Zstar guess =  2.372e-01. Current Zstar:  2.372e-01 (converged=True)
	Change =  2.137e-03
__________________________________________
TF Iteration 6
	μ = -1.202418737e+00, change: 0.000000000e+00 (converged=True)
	φe Err =  4.002e-11, φe change =  1.607e-03
	ne Err =  3.195e-02, ne change =  5.425e-05
	Q = -1.324e+00 -> -3.655e-01, 
	Zstar guess =  2.372e-01. Current Zstar:  2.372e-01 (converged=True)
	Change =  7.228e-04
__________________________________________
TF Iteration 7
	μ = -1.202418737e+00, change: 0.000000000e+00 (converged=True)
	φe Err =  4.073e-11, φe change =  1.874e-03
	ne Err =  2.539e-02, ne change =  4.305e-05
	Q = -3.655e-01 ->  3.528e-01, 
	Zstar guess =  2.372e-01. Current Zstar:  2.372e-01 (converged=True)
	Change =  1.503e-03
__________________________________________
TF Iteration 8
	μ = -1.202418737e+00, change: 0.000000000e+00 (converged=True)
	φe Err =  3.955e-11, φe change =  1.574e-03
	ne Err =  1.958e-02, ne change =  3.415e-05
	Q =  3.528e-01 ->  9.078e-01, 
	Zstar guess =  2.372e-01. Current Zstar:  2.372e-01 (converged=True)
	Change =  1.373e-03
__________________________________________
TF Iteration 9
	μ = -1.202418737e+00, change: 0.000000000e+00 (converged=True)
	φe Err =  3.968e-11, φe change =  1.130e-03
	ne Err =  1.511e-02, ne change =  2.711e-05
	Q =  9.078e-01 ->  1.342e+00, 
	Zstar guess =  2.372e-01. Current Zstar:  2.372e-01 (converged=True)
	Change =  1.001e-03
__________________________________________
TF Iteration 25
	μ = -5.589597967e-01, change: 0.000000000e+00 (converged=True)
	φe Err =  3.862e-11, φe change =  2.295e-04
	ne Err =  1.417e-03, ne change =  7.276e-07
	Q =  1.701e+00 ->  1.711e+00, 
	Zstar guess =  2.372e-01. Current Zstar:  2.372e-01 (converged=True)
	Change =  2.410e-04
__________________________________________
TF Iteration 50
	μ = -2.244618944e-01, change: 2.494526810e-01 (converged=False)
	φe Err =  4.098e-11, φe change =  1.944e-06
	ne Err =  9.764e-03, ne change =  5.223e-09
	Q =  1.053e+00 ->  1.051e+00, 
	Zstar guess =  2.372e-01. Current Zstar:  2.372e-01 (converged=True)
	Change =  1.995e-01
__________________________________________
TF Iteration 75
	μ = -1.327296481e-01, change: 0.000000000e+00 (converged=True)
	φe Err =  4.051e-11, φe change =  5.096e-05
	ne Err =  7.558e-04, ne change =  2.445e-09
	Q =  5.001e-01 ->  4.972e-01, 
	Zstar guess =  2.372e-01. Current Zstar:  2.372e-01 (converged=True)
	Change =  5.371e-05
__________________________________________
TF Iteration 100
	μ = -6.602470361e-02, change: 2.007047265e-01 (converged=False)
	φe Err =  4.133e-11, φe change =  5.783e-07
	ne Err =  2.491e-03, ne change =  4.974e-10
	Q =  2.934e-01 ->  2.926e-01, 
	Zstar guess =  2.372e-01. Current Zstar:  2.372e-01 (converged=True)
	Change =  1.568e-01
__________________________________________
TF Iteration 125
	μ = -4.253644941e-02, change: 0.000000000e+00 (converged=True)
	φe Err =  4.059e-11, φe change =  1.387e-05
	ne Err =  3.825e-04, ne change =  9.878e-10
	Q =  1.482e-01 ->  1.472e-01, 
	Zstar guess =  2.372e-01. Current Zstar:  2.372e-01 (converged=True)
	Change =  1.473e-05
__________________________________________
TF Iteration 150
	μ = -2.539479198e-02, change: 1.378894926e-01 (converged=False)
	φe Err =  3.889e-11, φe change =  4.148e-07
	ne Err =  8.515e-04, ne change =  1.384e-10
	Q =  7.846e-02 ->  7.792e-02, 
	Zstar guess =  2.372e-01. Current Zstar:  2.372e-01 (converged=True)
	Change =  1.044e-01
__________________________________________
TF Iteration 175
	μ = -2.059718765e-02, change: 0.000000000e+00 (converged=True)
	φe Err =  4.082e-11, φe change =  2.916e-06
	ne Err =  1.671e-04, ne change =  2.745e-10
	Q =  3.214e-02 ->  3.185e-02, 
	Zstar guess =  2.372e-01. Current Zstar:  2.372e-01 (converged=True)
	Change =  3.122e-06
__________________________________________
TF Iteration 200
	μ = -1.661119096e-02, change: 6.024584579e-02 (converged=False)
	φe Err =  3.866e-11, φe change =  3.247e-08
	ne Err =  1.631e-04, ne change =  2.801e-11
	Q =  1.998e-02 ->  1.997e-02, 
	Zstar guess =  2.372e-01. Current Zstar:  2.372e-01 (converged=True)
	Change =  4.390e-02
__________________________________________
TF Iteration 225
	μ = -1.500032858e-02, change: 0.000000000e+00 (converged=True)
	φe Err =  4.121e-11, φe change =  1.191e-06
	ne Err =  5.852e-06, ne change =  1.135e-10
	Q =  1.140e-02 ->  1.141e-02, 
	Zstar guess =  2.372e-01. Current Zstar:  2.372e-01 (converged=True)
	Change =  1.297e-06
__________________________________________
TF Iteration 250
	μ = -1.342667098e-02, change: 3.180834868e-02 (converged=False)
	φe Err =  3.773e-11, φe change =  4.207e-08
	ne Err =  6.661e-05, ne change =  1.127e-11
	Q =  8.198e-03 ->  8.208e-03, 
	Zstar guess =  2.372e-01. Current Zstar:  2.372e-01 (converged=True)
	Change =  2.285e-02
__________________________________________
TF Iteration 275
	μ = -1.272435699e-02, change: 0.000000000e+00 (converged=True)
	φe Err =  4.040e-11, φe change =  5.959e-07
	ne Err =  2.897e-06, ne change =  5.608e-11
	Q =  5.126e-03 ->  5.149e-03, 
	Zstar guess =  2.372e-01. Current Zstar:  2.372e-01 (converged=True)
	Change =  6.536e-07
__________________________________________
TF Iteration 300
	μ = -1.198566445e-02, change: 1.748655010e-02 (converged=False)
	φe Err =  3.945e-11, φe change =  3.222e-08
	ne Err =  3.194e-05, ne change =  5.418e-12
	Q =  3.946e-03 ->  3.955e-03, 
	Zstar guess =  2.372e-01. Current Zstar:  2.372e-01 (converged=True)
	Change =  1.247e-02
__________________________________________
TF Iteration 325
	μ = -1.163414570e-02, change: 0.000000000e+00 (converged=True)
	φe Err =  3.967e-11, φe change =  3.252e-07
	ne Err =  1.767e-06, ne change =  3.026e-11
	Q =  2.618e-03 ->  2.636e-03, 
	Zstar guess =  2.372e-01. Current Zstar:  2.372e-01 (converged=True)
	Change =  3.580e-07
__________________________________________
TF Iteration 350
	μ = -1.124627758e-02, change: 1.004447770e-02 (converged=False)
	φe Err =  4.210e-11, φe change =  2.136e-08
	ne Err =  1.699e-05, ne change =  2.895e-12
	Q =  2.105e-03 ->  2.111e-03, 
	Zstar guess =  2.372e-01. Current Zstar:  2.372e-01 (converged=True)
	Change =  7.138e-03
__________________________________________
TF Iteration 375
	μ = -1.105419673e-02, change: 0.000000000e+00 (converged=True)
	φe Err =  4.252e-11, φe change =  1.871e-07
	ne Err =  1.099e-06, ne change =  1.728e-11
	Q =  1.449e-03 ->  1.461e-03, 
	Zstar guess =  2.372e-01. Current Zstar:  2.372e-01 (converged=True)
	Change =  2.064e-07
__________________________________________
TF Iteration 400
	μ = -1.083594547e-02, change: 5.956173817e-03 (converged=False)
	φe Err =  4.030e-11, φe change =  1.358e-08
	ne Err =  9.634e-06, ne change =  1.649e-12
	Q =  1.196e-03 ->  1.200e-03, 
	Zstar guess =  2.372e-01. Current Zstar:  2.372e-01 (converged=True)
	Change =  4.224e-03
__________________________________________
TF Iteration 425
	μ = -1.072520032e-02, change: 0.000000000e+00 (converged=True)
	φe Err =  4.043e-11, φe change =  1.113e-07
	ne Err =  6.861e-07, ne change =  1.024e-11
	Q =  8.422e-04 ->  8.497e-04, 
	Zstar guess =  2.372e-01. Current Zstar:  2.372e-01 (converged=True)
	Change =  1.229e-07
__________________________________________
TF Iteration 450
	μ = -1.059710876e-02, change: 3.606584222e-03 (converged=False)
	φe Err =  4.136e-11, φe change =  8.539e-09
	ne Err =  5.679e-06, ne change =  9.718e-13
	Q =  7.060e-04 ->  7.086e-04, 
	Zstar guess =  2.372e-01. Current Zstar:  2.372e-01 (converged=True)
	Change =  2.555e-03
__________________________________________
TF Iteration 475
	μ = -1.058360676e-02, change: 0.000000000e+00 (converged=True)
	φe Err =  4.060e-11, φe change =  2.806e-07
	ne Err =  4.383e-04, ne change =  8.914e-11
	Q = -1.135e-04 -> -2.575e-04, 
	Zstar guess =  2.372e-01. Current Zstar:  2.372e-01 (converged=True)
	Change =  2.478e-07
__________________________________________
TF Iteration 500
	μ = -1.185941740e-02, change: 5.025748507e-02 (converged=False)
	φe Err =  4.100e-11, φe change =  1.298e-07
	ne Err =  2.209e-04, ne change =  9.996e-12
	Q = -9.255e-03 -> -9.526e-03, 
	Zstar guess =  2.372e-01. Current Zstar:  2.372e-01 (converged=True)
	Change =  3.466e-02
__________________________________________
TF Iteration 525
	μ = -1.286939898e-02, change: 0.000000000e+00 (converged=True)
	φe Err =  3.812e-11, φe change =  9.078e-07
	ne Err =  1.526e-05, ne change =  8.177e-11
	Q = -7.595e-03 -> -7.654e-03, 
	Zstar guess =  2.372e-01. Current Zstar:  2.372e-01 (converged=True)
	Change =  9.971e-07
__________________________________________
TF Iteration 550
	μ = -1.396081710e-02, change: 2.279523033e-02 (converged=False)
	φe Err =  4.180e-11, φe change =  4.404e-08
	ne Err =  4.699e-05, ne change =  8.290e-12
	Q = -5.861e-03 -> -5.874e-03, 
	Zstar guess =  2.372e-01. Current Zstar:  2.372e-01 (converged=True)
	Change =  1.594e-02
__________________________________________
TF Iteration 575
	μ = -1.445325071e-02, change: 0.000000000e+00 (converged=True)
	φe Err =  4.028e-11, φe change =  3.933e-07
	ne Err =  1.869e-06, ne change =  3.647e-11
	Q = -3.593e-03 -> -3.604e-03, 
	Zstar guess =  2.372e-01. Current Zstar:  2.372e-01 (converged=True)
	Change =  4.296e-07
__________________________________________
TF Iteration 600
	μ = -1.494567211e-02, change: 9.285051556e-03 (converged=False)
	φe Err =  4.001e-11, φe change =  1.391e-08
	ne Err =  2.090e-05, ne change =  3.645e-12
	Q = -2.602e-03 -> -2.605e-03, 
	Zstar guess =  2.372e-01. Current Zstar:  2.372e-01 (converged=True)
	Change =  6.535e-03
__________________________________________
TF Iteration 625
	μ = -1.515937384e-02, change: 0.000000000e+00 (converged=True)
	φe Err =  4.054e-11, φe change =  1.641e-07
	ne Err =  7.863e-07, ne change =  1.538e-11
	Q = -1.546e-03 -> -1.549e-03, 
	Zstar guess =  2.372e-01. Current Zstar:  2.372e-01 (converged=True)
	Change =  1.788e-07
__________________________________________
TF Iteration 650
	μ = -1.536881907e-02, change: 3.793486918e-03 (converged=False)
	φe Err =  4.127e-11, φe change =  5.054e-09
	ne Err =  8.846e-06, ne change =  1.532e-12
	Q = -1.100e-03 -> -1.102e-03, 
	Zstar guess =  2.372e-01. Current Zstar:  2.372e-01 (converged=True)
	Change =  2.677e-03
__________________________________________
TF Iteration 675
	μ = -1.545849634e-02, change: 0.000000000e+00 (converged=True)
	φe Err =  3.834e-11, φe change =  6.783e-08
	ne Err =  3.282e-07, ne change =  6.389e-12
	Q = -6.468e-04 -> -6.479e-04, 
	Zstar guess =  2.372e-01. Current Zstar:  2.372e-01 (converged=True)
	Change =  7.388e-08
__________________________________________
TF Iteration 700
	μ = -1.554572703e-02, change: 1.554710366e-03 (converged=False)
	φe Err =  4.105e-11, φe change =  1.987e-09
	ne Err =  3.678e-06, ne change =  6.381e-13
	Q = -4.574e-04 -> -4.578e-04, 
	Zstar guess =  2.372e-01. Current Zstar:  2.372e-01 (converged=True)
	Change =  1.098e-03
__________________________________________
TF Iteration 725
	μ = -1.558287224e-02, change: 0.000000000e+00 (converged=True)
	φe Err =  4.117e-11, φe change =  2.793e-08
	ne Err =  1.358e-07, ne change =  2.638e-12
	Q = -2.676e-04 -> -2.680e-04, 
	Zstar guess =  2.372e-01. Current Zstar:  2.372e-01 (converged=True)
	Change =  3.041e-08
__________________________________________
TF Iteration 750
	μ = -1.561891259e-02, change: 6.379383853e-04 (converged=False)
	φe Err =  4.085e-11, φe change =  7.863e-10
	ne Err =  1.518e-06, ne change =  2.643e-13
	Q = -1.888e-04 -> -1.890e-04, 
	Zstar guess =  2.372e-01. Current Zstar:  2.372e-01 (converged=True)
	Change =  4.509e-04
__________________________________________
TF Iteration 775
	μ = -1.563421958e-02, change: 0.000000000e+00 (converged=True)
	φe Err =  3.889e-11, φe change =  1.146e-08
	ne Err =  5.589e-08, ne change =  1.081e-12
	Q = -1.102e-04 -> -1.103e-04, 
	Zstar guess =  2.372e-01. Current Zstar:  2.372e-01 (converged=True)
	Change =  1.247e-08
__________________________________________
TF Iteration 800
	μ = -1.564903735e-02, change: 2.615672183e-04 (converged=False)
	φe Err =  4.145e-11, φe change =  3.209e-10
	ne Err =  6.240e-07, ne change =  1.096e-13
	Q = -7.759e-05 -> -7.766e-05, 
	Zstar guess =  2.372e-01. Current Zstar:  2.372e-01 (converged=True)
	Change =  1.849e-04
__________________________________________
TF Iteration 825
	μ = -1.565533342e-02, change: 0.000000000e+00 (converged=True)
	φe Err =  4.130e-11, φe change =  4.720e-09
	ne Err =  2.299e-08, ne change =  4.418e-13
	Q = -4.534e-05 -> -4.540e-05, 
	Zstar guess =  2.372e-01. Current Zstar:  2.372e-01 (converged=True)
	Change =  5.138e-09
__________________________________________
TF Iteration 850
	μ = -1.566143469e-02, change: 1.076396976e-04 (converged=False)
	φe Err =  4.082e-11, φe change =  1.334e-10
	ne Err =  2.570e-07, ne change =  4.400e-14
	Q = -3.196e-05 -> -3.199e-05, 
	Zstar guess =  2.372e-01. Current Zstar:  2.372e-01 (converged=True)
	Change =  7.611e-05
__________________________________________
TF Iteration 875
	μ = -1.566402903e-02, change: 0.000000000e+00 (converged=True)
	φe Err =  4.146e-11, φe change =  1.950e-09
	ne Err =  9.474e-09, ne change =  1.831e-13
	Q = -1.868e-05 -> -1.871e-05, 
	Zstar guess =  2.372e-01. Current Zstar:  2.372e-01 (converged=True)
	Change =  2.122e-09
__________________________________________
TF Iteration 900
	μ = -1.566654419e-02, change: 4.436268506e-05 (converged=False)
	φe Err =  4.187e-11, φe change =  5.424e-11
	ne Err =  1.060e-07, ne change =  1.772e-14
	Q = -1.318e-05 -> -1.319e-05, 
	Zstar guess =  2.372e-01. Current Zstar:  2.372e-01 (converged=True)
	Change =  3.137e-05
__________________________________________
TF Iteration 925
	μ = -1.566761400e-02, change: 0.000000000e+00 (converged=True)
	φe Err =  3.939e-11, φe change =  8.017e-10
	ne Err =  3.907e-09, ne change =  7.469e-14
	Q = -7.705e-06 -> -7.716e-06, 
	Zstar guess =  2.372e-01. Current Zstar:  2.372e-01 (converged=True)
	Change =  8.729e-10
__________________________________________
TF Iteration 950
	μ = -1.566865135e-02, change: 1.829514261e-05 (converged=False)
	φe Err =  4.033e-11, φe change =  2.146e-11
	ne Err =  4.370e-08, ne change =  6.676e-15
	Q = -5.435e-06 -> -5.440e-06, 
	Zstar guess =  2.372e-01. Current Zstar:  2.372e-01 (converged=True)
	Change =  1.294e-05
__________________________________________
TF Iteration 975
	μ = -1.566909264e-02, change: 0.000000000e+00 (converged=True)
	φe Err =  3.970e-11, φe change =  3.374e-10
	ne Err =  1.611e-09, ne change =  3.475e-14
	Q = -3.178e-06 -> -3.183e-06, 
	Zstar guess =  2.372e-01. Current Zstar:  2.372e-01 (converged=True)
	Change =  3.669e-10
__________________________________________
TF Iteration 1000
	μ = -1.566952057e-02, change: 7.546863138e-06 (converged=True)
	φe Err =  4.163e-11, φe change =  2.129e-11
	ne Err =  1.803e-08, ne change =  7.473e-15
	Q = -2.242e-06 -> -2.244e-06, 
	Zstar guess =  2.372e-01. Current Zstar:  2.372e-01 (converged=True)
	Change =  5.336e-06
__________________________________________
TF Iteration 1025
	μ = -1.566970262e-02, change: 0.000000000e+00 (converged=True)
	φe Err =  3.896e-11, φe change =  1.375e-10
	ne Err =  6.648e-10, ne change =  1.269e-14
	Q = -1.311e-06 -> -1.313e-06, 
	Zstar guess =  2.372e-01. Current Zstar:  2.372e-01 (converged=True)
	Change =  1.497e-10
__________________________________________
TF Iteration 1050
	μ = -1.566987917e-02, change: 3.113463072e-06 (converged=True)
	φe Err =  4.181e-11, φe change =  9.564e-12
	ne Err =  7.438e-09, ne change =  3.942e-15
	Q = -9.250e-07 -> -9.258e-07, 
	Zstar guess =  2.372e-01. Current Zstar:  2.372e-01 (converged=True)
	Change =  2.202e-06
__________________________________________
TF Iteration 1075
	μ = -1.566995428e-02, change: 0.000000000e+00 (converged=True)
	φe Err =  4.069e-11, φe change =  5.334e-11
	ne Err =  2.743e-10, ne change =  3.057e-15
	Q = -5.410e-07 -> -5.418e-07, 
	Zstar guess =  2.372e-01. Current Zstar:  2.372e-01 (converged=True)
	Change =  5.772e-11
__________________________________________
TF Iteration 1090
	μ = -1.566998296e-02, change: 0.000000000e+00 (converged=True)
	φe Err =  4.148e-11, φe change =  3.210e-12
	ne Err =  9.953e-11, ne change =  4.487e-16
	Q = -4.550e-07 -> -4.555e-07, 
	Zstar guess =  2.372e-01. Current Zstar:  2.372e-01 (converged=True)
	Change =  1.132e-12
	-------------------
	Solving IET.
0: Initial condition Total Error: 3.398e+01
Exiting status 0, reverting to best index so far: 5519
Final iter:5520, Total Error: 9.971e-13
	-------------------
	Solving IET.
0: Initial condition Total Error: 3.394e+01
Exiting status 0, reverting to best index so far: 5246
Final iter:5247, Total Error: 9.917e-13
Time to solve CS model: 2.695e+02 [s], time so far: 2.707e+02 [s]
CS model saved.
Ee_pot_density = -1.186e-01 [au], Ee_K = 6.047e-02 [au], Ee_tot = -5.812e-02 [au]
P_e = 3.014e-13 [au], 8.868e-11 [Mbar]
Virial if 6.535e+02 = 6.408e+02 --->  off by 1.982e+00 % 

βEe_pot/Z = -47702.453, βEe_K/Z = 24324.023, βEe_tot/Z = -23378.429
βP_e Ω/Z = 0.000
