
===========================================
===========================================
Starting case: Ar: Te = 3.061 eV, Ti = 3.061 eV 

T[K]:  35522.05882352941
________________________
Generating NPA
T:  0.11249160976588983
Using More TF fit for initial Zstar = 1.473
	Intializing grid
Initializing, True
Initializing
	Creating Integral Equation Solver
Intialized Potentials and Densities
Initialized
Time to setup correlation sphere (IS) model: 8.596e-01 [s], time so far: 8.596e-01 [s]
Beginning self-consistent electron solver.
_________________________________
__________________________________________
TF Iteration 0
	μ = -2.115170360e+00, change: 4.296607316e+00 (converged=False)
	φe Err =  3.906e-11, φe change =  9.864e-01
	ne Err =  9.078e-02, ne change =  2.110e-04
	Q =  0.000e+00 -> -2.240e+01, 
	Zstar guess =  1.473e+00. Current Zstar:  1.473e+00 (converged=True)
	Change =  1.781e+00
__________________________________________
TF Iteration 1
	μ = -2.115170360e+00, change: 0.000000000e+00 (converged=True)
	φe Err =  3.939e-11, φe change =  6.322e-02
	ne Err =  1.860e-01, ne change =  1.543e-04
	Q = -2.240e+01 -> -1.575e+01, 
	Zstar guess =  1.473e+00. Current Zstar:  1.473e+00 (converged=True)
	Change =  7.073e-02
__________________________________________
TF Iteration 2
	μ = -2.115170360e+00, change: 0.000000000e+00 (converged=True)
	φe Err =  4.245e-11, φe change =  1.549e-02
	ne Err =  1.311e-01, ne change =  1.264e-04
	Q = -1.575e+01 -> -1.060e+01, 
	Zstar guess =  1.473e+00. Current Zstar:  1.473e+00 (converged=True)
	Change =  1.551e-02
__________________________________________
TF Iteration 3
	μ = -2.115170360e+00, change: 0.000000000e+00 (converged=True)
	φe Err =  4.041e-11, φe change =  1.775e-02
	ne Err =  8.295e-02, ne change =  1.043e-04
	Q = -1.060e+01 -> -6.784e+00, 
	Zstar guess =  1.473e+00. Current Zstar:  1.473e+00 (converged=True)
	Change =  1.924e-02
__________________________________________
TF Iteration 4
	μ = -2.115170360e+00, change: 0.000000000e+00 (converged=True)
	φe Err =  3.964e-11, φe change =  1.145e-02
	ne Err =  5.844e-02, ne change =  8.535e-05
	Q = -6.784e+00 -> -4.027e+00, 
	Zstar guess =  1.473e+00. Current Zstar:  1.473e+00 (converged=True)
	Change =  1.282e-02
__________________________________________
TF Iteration 5
	μ = -2.115170360e+00, change: 0.000000000e+00 (converged=True)
	φe Err =  3.872e-11, φe change =  5.335e-03
	ne Err =  4.998e-02, ne change =  6.904e-05
	Q = -4.027e+00 -> -2.061e+00, 
	Zstar guess =  1.473e+00. Current Zstar:  1.473e+00 (converged=True)
	Change =  6.078e-03
__________________________________________
TF Iteration 6
	μ = -2.115170360e+00, change: 0.000000000e+00 (converged=True)
	φe Err =  3.853e-11, φe change =  1.998e-03
	ne Err =  4.419e-02, ne change =  5.527e-05
	Q = -2.061e+00 -> -6.416e-01, 
	Zstar guess =  1.473e+00. Current Zstar:  1.473e+00 (converged=True)
	Change =  1.540e-03
__________________________________________
TF Iteration 7
	μ = -2.115170360e+00, change: 0.000000000e+00 (converged=True)
	φe Err =  3.847e-11, φe change =  1.851e-03
	ne Err =  3.714e-02, ne change =  4.393e-05
	Q = -6.416e-01 ->  4.106e-01, 
	Zstar guess =  1.473e+00. Current Zstar:  1.473e+00 (converged=True)
	Change =  7.750e-04
__________________________________________
TF Iteration 8
	μ = -2.115170360e+00, change: 0.000000000e+00 (converged=True)
	φe Err =  3.973e-11, φe change =  1.955e-03
	ne Err =  2.984e-02, ne change =  3.480e-05
	Q =  4.106e-01 ->  1.212e+00, 
	Zstar guess =  1.473e+00. Current Zstar:  1.473e+00 (converged=True)
	Change =  1.417e-03
__________________________________________
TF Iteration 9
	μ = -2.115170360e+00, change: 0.000000000e+00 (converged=True)
	φe Err =  3.904e-11, φe change =  1.659e-03
	ne Err =  2.343e-02, ne change =  2.754e-05
	Q =  1.212e+00 ->  1.835e+00, 
	Zstar guess =  1.473e+00. Current Zstar:  1.473e+00 (converged=True)
	Change =  1.334e-03
__________________________________________
TF Iteration 25
	μ = -9.226459218e-01, change: 0.000000000e+00 (converged=True)
	φe Err =  4.212e-11, φe change =  3.288e-04
	ne Err =  1.520e-03, ne change =  6.904e-07
	Q =  2.274e+00 ->  2.291e+00, 
	Zstar guess =  1.473e+00. Current Zstar:  1.473e+00 (converged=True)
	Change =  3.416e-04
__________________________________________
TF Iteration 50
	μ = -5.132106658e-01, change: 1.178059646e-01 (converged=False)
	φe Err =  3.808e-11, φe change =  2.770e-06
	ne Err =  7.202e-03, ne change =  5.980e-09
	Q =  1.210e+00 ->  1.205e+00, 
	Zstar guess =  1.473e+00. Current Zstar:  1.473e+00 (converged=True)
	Change =  8.834e-02
__________________________________________
TF Iteration 75
	μ = -4.550921741e-01, change: 0.000000000e+00 (converged=True)
	φe Err =  3.918e-11, φe change =  3.303e-05
	ne Err =  2.119e-04, ne change =  7.586e-10
	Q =  2.992e-01 ->  2.893e-01, 
	Zstar guess =  1.473e+00. Current Zstar:  1.473e+00 (converged=True)
	Change =  3.432e-05
__________________________________________
TF Iteration 100
	μ = -4.341691724e-01, change: 7.816332120e-03 (converged=False)
	φe Err =  4.101e-11, φe change =  2.930e-07
	ne Err =  3.680e-04, ne change =  2.180e-10
	Q =  8.479e-02 ->  8.391e-02, 
	Zstar guess =  1.473e+00. Current Zstar:  1.473e+00 (converged=True)
	Change =  5.549e-03
__________________________________________
TF Iteration 125
	μ = -4.312448460e-01, change: 0.000000000e+00 (converged=True)
	φe Err =  4.025e-11, φe change =  1.742e-06
	ne Err =  1.233e-05, ne change =  3.768e-11
	Q =  1.642e-02 ->  1.579e-02, 
	Zstar guess =  1.473e+00. Current Zstar:  1.473e+00 (converged=True)
	Change =  1.810e-06
__________________________________________
TF Iteration 150
	μ = -4.301802603e-01, change: 4.055932540e-04 (converged=False)
	φe Err =  3.898e-11, φe change =  1.576e-08
	ne Err =  1.882e-05, ne change =  1.128e-11
	Q =  4.408e-03 ->  4.361e-03, 
	Zstar guess =  1.473e+00. Current Zstar:  1.473e+00 (converged=True)
	Change =  2.869e-04
__________________________________________
TF Iteration 175
	μ = -4.300309814e-01, change: 0.000000000e+00 (converged=True)
	φe Err =  3.991e-11, φe change =  8.899e-08
	ne Err =  6.340e-07, ne change =  1.930e-12
	Q =  8.411e-04 ->  8.089e-04, 
	Zstar guess =  1.473e+00. Current Zstar:  1.473e+00 (converged=True)
	Change =  9.242e-08
__________________________________________
TF Iteration 200
	μ = -4.299767727e-01, change: 2.063356115e-05 (converged=False)
	φe Err =  3.951e-11, φe change =  8.013e-10
	ne Err =  9.571e-07, ne change =  5.751e-13
	Q =  2.245e-04 ->  2.221e-04, 
	Zstar guess =  1.473e+00. Current Zstar:  1.473e+00 (converged=True)
	Change =  1.459e-05
__________________________________________
TF Iteration 225
	μ = -4.299691940e-01, change: 0.000000000e+00 (converged=True)
	φe Err =  4.126e-11, φe change =  4.518e-09
	ne Err =  3.223e-08, ne change =  9.697e-14
	Q =  4.271e-05 ->  4.107e-05, 
	Zstar guess =  1.473e+00. Current Zstar:  1.473e+00 (converged=True)
	Change =  4.692e-09
__________________________________________
TF Iteration 250
	μ = -4.299664432e-01, change: 1.049134678e-06 (converged=True)
	φe Err =  4.178e-11, φe change =  4.274e-11
	ne Err =  4.866e-08, ne change =  3.050e-14
	Q =  1.141e-05 ->  1.129e-05, 
	Zstar guess =  1.473e+00. Current Zstar:  1.473e+00 (converged=True)
	Change =  7.419e-07
__________________________________________
TF Iteration 275
	μ = -4.299660568e-01, change: 0.000000000e+00 (converged=True)
	φe Err =  3.881e-11, φe change =  2.312e-10
	ne Err =  1.645e-09, ne change =  5.043e-15
	Q =  2.182e-06 ->  2.098e-06, 
	Zstar guess =  1.473e+00. Current Zstar:  1.473e+00 (converged=True)
	Change =  2.402e-10
__________________________________________
TF Iteration 300
	μ = -4.299659158e-01, change: 5.379221824e-08 (converged=True)
	φe Err =  4.046e-11, φe change =  3.359e-12
	ne Err =  2.495e-09, ne change =  8.386e-16
	Q =  5.849e-07 ->  5.787e-07, 
	Zstar guess =  1.473e+00. Current Zstar:  1.473e+00 (converged=True)
	Change =  3.804e-08
__________________________________________
TF Iteration 310
	μ = -4.299659158e-01, change: 0.000000000e+00 (converged=True)
	φe Err =  4.041e-11, φe change =  6.650e-12
	ne Err =  8.482e-11, ne change =  1.899e-15
	Q =  3.275e-07 ->  3.229e-07, 
	Zstar guess =  1.473e+00. Current Zstar:  1.473e+00 (converged=True)
	Change =  1.668e-12
	-------------------
	Solving IET.
0: Initial condition Total Error: 9.529e+00
Exiting status 0, reverting to best index so far: 285
Final iter:286, Total Error: 9.308e-13
	-------------------
	Solving IET.
0: Initial condition Total Error: 9.527e+00
Exiting status 0, reverting to best index so far: 285
Final iter:286, Total Error: 9.240e-13
Time to solve CS model: 9.503e+01 [s], time so far: 9.589e+01 [s]
CS model saved.
Ee_pot_density = -1.185e-01 [au], Ee_K = 6.050e-02 [au], Ee_tot = -5.801e-02 [au]
P_e = 1.175e-05 [au], 3.456e-03 [Mbar]
Virial if 6.539e+02 = 6.406e+02 --->  off by 2.072e+00 % 

βEe_pot/Z = -632.562, βEe_K/Z = 322.932, βEe_tot/Z = -309.630
βP_e Ω/Z = 0.063
