
===========================================
===========================================
Starting case: Ar: Te = 0.954 eV, Ti = 0.954 eV 

T[K]:  11073.681716075615
________________________
Generating NPA
T:  0.035068245578471706
Using More TF fit for initial Zstar = 0.751
	Intializing grid
Initializing, True
Initializing
	Creating Integral Equation Solver
Intialized Potentials and Densities
Initialized
Time to setup correlation sphere (IS) model: 2.947e+00 [s], time so far: 2.947e+00 [s]
Beginning self-consistent electron solver.
_________________________________
__________________________________________
TF Iteration 0
	μ = -1.808718961e+00, change: 2.000831094e+01 (converged=False)
	φe Err =  3.822e-11, φe change =  9.774e-01
	ne Err =  1.128e-01, ne change =  2.110e-04
	Q =  0.000e+00 -> -3.264e+01, 
	Zstar guess =  7.514e-01. Current Zstar:  7.514e-01 (converged=True)
	Change =  1.924e+00
__________________________________________
TF Iteration 1
	μ = -1.808718961e+00, change: 0.000000000e+00 (converged=True)
	φe Err =  4.206e-11, φe change =  6.631e-02
	ne Err =  2.001e-01, ne change =  1.537e-04
	Q = -3.264e+01 -> -2.390e+01, 
	Zstar guess =  7.514e-01. Current Zstar:  7.514e-01 (converged=True)
	Change =  7.426e-02
__________________________________________
TF Iteration 2
	μ = -1.808718961e+00, change: 0.000000000e+00 (converged=True)
	φe Err =  4.011e-11, φe change =  1.557e-02
	ne Err =  1.439e-01, ne change =  1.259e-04
	Q = -2.390e+01 -> -1.708e+01, 
	Zstar guess =  7.514e-01. Current Zstar:  7.514e-01 (converged=True)
	Change =  1.540e-02
__________________________________________
TF Iteration 3
	μ = -1.808718961e+00, change: 0.000000000e+00 (converged=True)
	φe Err =  4.072e-11, φe change =  1.901e-02
	ne Err =  9.340e-02, ne change =  1.042e-04
	Q = -1.708e+01 -> -1.191e+01, 
	Zstar guess =  7.514e-01. Current Zstar:  7.514e-01 (converged=True)
	Change =  2.058e-02
__________________________________________
TF Iteration 4
	μ = -1.808718961e+00, change: 0.000000000e+00 (converged=True)
	φe Err =  3.837e-11, φe change =  1.289e-02
	ne Err =  6.676e-02, ne change =  8.555e-05
	Q = -1.191e+01 -> -8.091e+00, 
	Zstar guess =  7.514e-01. Current Zstar:  7.514e-01 (converged=True)
	Change =  1.444e-02
__________________________________________
TF Iteration 5
	μ = -1.808718961e+00, change: 0.000000000e+00 (converged=True)
	φe Err =  3.897e-11, φe change =  6.389e-03
	ne Err =  5.742e-02, ne change =  6.937e-05
	Q = -8.091e+00 -> -5.303e+00, 
	Zstar guess =  7.514e-01. Current Zstar:  7.514e-01 (converged=True)
	Change =  7.290e-03
__________________________________________
TF Iteration 6
	μ = -1.808718961e+00, change: 0.000000000e+00 (converged=True)
	φe Err =  3.880e-11, φe change =  2.483e-03
	ne Err =  5.133e-02, ne change =  5.560e-05
	Q = -5.303e+00 -> -3.255e+00, 
	Zstar guess =  7.514e-01. Current Zstar:  7.514e-01 (converged=True)
	Change =  2.153e-03
__________________________________________
TF Iteration 7
	μ = -1.808718961e+00, change: 0.000000000e+00 (converged=True)
	φe Err =  4.060e-11, φe change =  2.058e-03
	ne Err =  4.364e-02, ne change =  4.419e-05
	Q = -3.255e+00 -> -1.720e+00, 
	Zstar guess =  7.514e-01. Current Zstar:  7.514e-01 (converged=True)
	Change =  6.298e-04
__________________________________________
TF Iteration 8
	μ = -1.808718961e+00, change: 0.000000000e+00 (converged=True)
	φe Err =  4.032e-11, φe change =  2.217e-03
	ne Err =  3.536e-02, ne change =  3.497e-05
	Q = -1.720e+00 -> -5.442e-01, 
	Zstar guess =  7.514e-01. Current Zstar:  7.514e-01 (converged=True)
	Change =  1.508e-03
__________________________________________
TF Iteration 9
	μ = -1.808718961e+00, change: 0.000000000e+00 (converged=True)
	φe Err =  3.980e-11, φe change =  1.918e-03
	ne Err =  2.793e-02, ne change =  2.763e-05
	Q = -5.442e-01 ->  3.713e-01, 
	Zstar guess =  7.514e-01. Current Zstar:  7.514e-01 (converged=True)
	Change =  1.490e-03
__________________________________________
TF Iteration 25
	μ = -7.500400348e-01, change: 0.000000000e+00 (converged=True)
	φe Err =  4.002e-11, φe change =  2.975e-04
	ne Err =  1.835e-03, ne change =  7.012e-07
	Q =  2.045e+00 ->  2.068e+00, 
	Zstar guess =  7.514e-01. Current Zstar:  7.514e-01 (converged=True)
	Change =  3.113e-04
__________________________________________
TF Iteration 50
	μ = -3.064073967e-01, change: 2.340494738e-01 (converged=False)
	φe Err =  4.181e-11, φe change =  1.653e-06
	ne Err =  1.164e-02, ne change =  5.850e-09
	Q =  1.307e+00 ->  1.306e+00, 
	Zstar guess =  7.514e-01. Current Zstar:  7.514e-01 (converged=True)
	Change =  1.858e-01
__________________________________________
TF Iteration 75
	μ = -1.993206803e-01, change: 0.000000000e+00 (converged=True)
	φe Err =  4.079e-11, φe change =  6.854e-05
	ne Err =  3.644e-04, ne change =  4.751e-09
	Q =  6.448e-01 ->  6.420e-01, 
	Zstar guess =  7.514e-01. Current Zstar:  7.514e-01 (converged=True)
	Change =  7.347e-05
__________________________________________
TF Iteration 100
	μ = -1.374608270e-01, change: 8.644597464e-02 (converged=False)
	φe Err =  4.155e-11, φe change =  1.035e-06
	ne Err =  1.792e-03, ne change =  4.733e-10
	Q =  3.503e-01 ->  3.493e-01, 
	Zstar guess =  7.514e-01. Current Zstar:  7.514e-01 (converged=True)
	Change =  6.382e-02
__________________________________________
TF Iteration 125
	μ = -1.231304022e-01, change: 0.000000000e+00 (converged=True)
	φe Err =  4.032e-11, φe change =  1.193e-05
	ne Err =  7.682e-05, ne change =  1.131e-09
	Q =  1.251e-01 ->  1.230e-01, 
	Zstar guess =  7.514e-01. Current Zstar:  7.514e-01 (converged=True)
	Change =  1.291e-05
__________________________________________
TF Iteration 150
	μ = -1.151722996e-01, change: 1.425157209e-02 (converged=False)
	φe Err =  3.984e-11, φe change =  2.391e-07
	ne Err =  2.323e-04, ne change =  5.962e-11
	Q =  5.409e-02 ->  5.388e-02, 
	Zstar guess =  7.514e-01. Current Zstar:  7.514e-01 (converged=True)
	Change =  1.015e-02
__________________________________________
TF Iteration 175
	μ = -1.133324313e-01, change: 0.000000000e+00 (converged=True)
	φe Err =  3.702e-11, φe change =  1.607e-06
	ne Err =  1.100e-05, ne change =  1.528e-10
	Q =  1.718e-02 ->  1.684e-02, 
	Zstar guess =  7.514e-01. Current Zstar:  7.514e-01 (converged=True)
	Change =  1.742e-06
__________________________________________
TF Iteration 200
	μ = -1.123048139e-01, change: 1.915025666e-03 (converged=False)
	φe Err =  4.118e-11, φe change =  3.349e-08
	ne Err =  3.013e-05, ne change =  7.716e-12
	Q =  7.176e-03 ->  7.149e-03, 
	Zstar guess =  7.514e-01. Current Zstar:  7.514e-01 (converged=True)
	Change =  1.355e-03
__________________________________________
TF Iteration 225
	μ = -1.120663019e-01, change: 0.000000000e+00 (converged=True)
	φe Err =  4.120e-11, φe change =  2.094e-07
	ne Err =  1.445e-06, ne change =  1.991e-11
	Q =  2.245e-03 ->  2.201e-03, 
	Zstar guess =  7.514e-01. Current Zstar:  7.514e-01 (converged=True)
	Change =  2.270e-07
__________________________________________
TF Iteration 250
	μ = -1.119330164e-01, change: 2.500455860e-04 (converged=False)
	φe Err =  3.948e-11, φe change =  4.420e-09
	ne Err =  3.916e-06, ne change =  9.978e-13
	Q =  9.352e-04 ->  9.317e-04, 
	Zstar guess =  7.514e-01. Current Zstar:  7.514e-01 (converged=True)
	Change =  1.768e-04
__________________________________________
TF Iteration 275
	μ = -1.119019952e-01, change: 0.000000000e+00 (converged=True)
	φe Err =  3.983e-11, φe change =  2.733e-08
	ne Err =  1.886e-07, ne change =  2.599e-12
	Q =  2.927e-04 ->  2.869e-04, 
	Zstar guess =  7.514e-01. Current Zstar:  7.514e-01 (converged=True)
	Change =  2.962e-08
__________________________________________
TF Iteration 300
	μ = -1.118846176e-01, change: 3.260784661e-05 (converged=False)
	φe Err =  4.015e-11, φe change =  5.776e-10
	ne Err =  5.104e-07, ne change =  1.306e-13
	Q =  1.219e-04 ->  1.215e-04, 
	Zstar guess =  7.514e-01. Current Zstar:  7.514e-01 (converged=True)
	Change =  2.306e-05
__________________________________________
TF Iteration 325
	μ = -1.118805761e-01, change: 0.000000000e+00 (converged=True)
	φe Err =  4.098e-11, φe change =  3.559e-09
	ne Err =  2.457e-08, ne change =  3.370e-13
	Q =  3.813e-05 ->  3.738e-05, 
	Zstar guess =  7.514e-01. Current Zstar:  7.514e-01 (converged=True)
	Change =  3.858e-09
__________________________________________
TF Iteration 350
	μ = -1.118783127e-01, change: 4.246993808e-06 (converged=True)
	φe Err =  3.977e-11, φe change =  7.697e-11
	ne Err =  6.647e-08, ne change =  1.880e-14
	Q =  1.588e-05 ->  1.582e-05, 
	Zstar guess =  7.514e-01. Current Zstar:  7.514e-01 (converged=True)
	Change =  3.003e-06
__________________________________________
TF Iteration 375
	μ = -1.118777864e-01, change: 0.000000000e+00 (converged=True)
	φe Err =  4.147e-11, φe change =  4.667e-10
	ne Err =  3.200e-09, ne change =  4.554e-14
	Q =  4.965e-06 ->  4.867e-06, 
	Zstar guess =  7.514e-01. Current Zstar:  7.514e-01 (converged=True)
	Change =  5.057e-10
__________________________________________
TF Iteration 400
	μ = -1.118774918e-01, change: 5.529051217e-07 (converged=True)
	φe Err =  4.231e-11, φe change =  9.304e-12
	ne Err =  8.653e-09, ne change =  1.354e-15
	Q =  2.068e-06 ->  2.060e-06, 
	Zstar guess =  7.514e-01. Current Zstar:  7.514e-01 (converged=True)
	Change =  3.910e-07
__________________________________________
TF Iteration 425
	μ = -1.118774232e-01, change: 0.000000000e+00 (converged=True)
	φe Err =  4.253e-11, φe change =  5.730e-11
	ne Err =  4.166e-10, ne change =  4.271e-15
	Q =  6.464e-07 ->  6.336e-07, 
	Zstar guess =  7.514e-01. Current Zstar:  7.514e-01 (converged=True)
	Change =  6.177e-11
__________________________________________
TF Iteration 449
	μ = -1.118773929e-01, change: 0.000000000e+00 (converged=True)
	φe Err =  4.271e-11, φe change =  7.337e-12
	ne Err =  8.515e-11, ne change =  1.496e-15
	Q =  2.727e-07 ->  2.706e-07, 
	Zstar guess =  7.514e-01. Current Zstar:  7.514e-01 (converged=True)
	Change =  4.384e-12
	-------------------
	Solving IET.
0: Initial condition Total Error: 4.087e+00
Exiting status 0, reverting to best index so far: 276
Final iter:277, Total Error: 9.451e-13
	-------------------
	Solving IET.
0: Initial condition Total Error: 4.060e+00
QUIT: Total error infinite.
Exiting status 1, reverting to best index so far: 25
Final iter:30, Total Error: 3.210e-01
Time to solve CS model: 1.959e+02 [s], time so far: 1.988e+02 [s]
CS model saved.
Ee_pot_density = -1.186e-01 [au], Ee_K = 6.052e-02 [au], Ee_tot = -5.805e-02 [au]
P_e = 1.195e-06 [au], 3.516e-04 [Mbar]
Virial if 6.541e+02 = 6.408e+02 --->  off by 2.085e+00 % 

βEe_pot/Z = -2030.133, βEe_K/Z = 1036.267, βEe_tot/Z = -993.867
βP_e Ω/Z = 0.020
