
===========================================
===========================================
Starting case: Ar: Te = 0.088 eV, Ti = 0.088 eV 

T[K]:  1025.1512164065807
________________________
Generating NPA
T:  0.0032464590850418014
Using More TF fit for initial Zstar = 0.278
	Intializing grid
Initializing, True
Initializing
	Creating Integral Equation Solver
Intialized Potentials and Densities
Initialized
Time to setup correlation sphere (IS) model: 1.249e+00 [s], time so far: 1.249e+00 [s]
Beginning self-consistent electron solver.
_________________________________
__________________________________________
TF Iteration 0
	μ = -1.304516306e+00, change: 8.528746849e+02 (converged=False)
	φe Err =  3.726e-11, φe change =  9.464e-01
	ne Err =  7.775e-02, ne change =  2.102e-04
	Q =  0.000e+00 -> -1.975e+01, 
	Zstar guess =  2.779e-01. Current Zstar:  2.779e-01 (converged=True)
	Change =  1.936e+00
__________________________________________
TF Iteration 1
	μ = -1.304516306e+00, change: 0.000000000e+00 (converged=True)
	φe Err =  4.195e-11, φe change =  4.892e-02
	ne Err =  1.525e-01, ne change =  1.569e-04
	Q = -1.975e+01 -> -1.383e+01, 
	Zstar guess =  2.779e-01. Current Zstar:  2.779e-01 (converged=True)
	Change =  5.452e-02
__________________________________________
TF Iteration 2
	μ = -1.304516306e+00, change: 0.000000000e+00 (converged=True)
	φe Err =  4.086e-11, φe change =  1.330e-02
	ne Err =  1.032e-01, ne change =  1.280e-04
	Q = -1.383e+01 -> -9.303e+00, 
	Zstar guess =  2.779e-01. Current Zstar:  2.779e-01 (converged=True)
	Change =  1.372e-02
__________________________________________
TF Iteration 3
	μ = -1.304516306e+00, change: 0.000000000e+00 (converged=True)
	φe Err =  4.002e-11, φe change =  1.375e-02
	ne Err =  6.322e-02, ne change =  1.048e-04
	Q = -9.303e+00 -> -6.018e+00, 
	Zstar guess =  2.779e-01. Current Zstar:  2.779e-01 (converged=True)
	Change =  1.508e-02
__________________________________________
TF Iteration 4
	μ = -1.304516306e+00, change: 0.000000000e+00 (converged=True)
	φe Err =  3.942e-11, φe change =  7.697e-03
	ne Err =  4.684e-02, ne change =  8.511e-05
	Q = -6.018e+00 -> -3.709e+00, 
	Zstar guess =  2.779e-01. Current Zstar:  2.779e-01 (converged=True)
	Change =  8.731e-03
__________________________________________
TF Iteration 5
	μ = -1.304516306e+00, change: 0.000000000e+00 (converged=True)
	φe Err =  4.016e-11, φe change =  2.791e-03
	ne Err =  4.160e-02, ne change =  6.838e-05
	Q = -3.709e+00 -> -2.091e+00, 
	Zstar guess =  2.779e-01. Current Zstar:  2.779e-01 (converged=True)
	Change =  3.030e-03
__________________________________________
TF Iteration 6
	μ = -1.304516306e+00, change: 0.000000000e+00 (converged=True)
	φe Err =  4.050e-11, φe change =  1.592e-03
	ne Err =  3.591e-02, ne change =  5.449e-05
	Q = -2.091e+00 -> -9.248e-01, 
	Zstar guess =  2.779e-01. Current Zstar:  2.779e-01 (converged=True)
	Change =  3.301e-04
__________________________________________
TF Iteration 7
	μ = -1.304516306e+00, change: 0.000000000e+00 (converged=True)
	φe Err =  4.071e-11, φe change =  1.950e-03
	ne Err =  2.900e-02, ne change =  4.324e-05
	Q = -9.248e-01 -> -5.132e-02, 
	Zstar guess =  2.779e-01. Current Zstar:  2.779e-01 (converged=True)
	Change =  1.445e-03
__________________________________________
TF Iteration 8
	μ = -1.304516306e+00, change: 0.000000000e+00 (converged=True)
	φe Err =  3.931e-11, φe change =  1.735e-03
	ne Err =  2.259e-02, ne change =  3.427e-05
	Q = -5.132e-02 ->  6.222e-01, 
	Zstar guess =  2.779e-01. Current Zstar:  2.779e-01 (converged=True)
	Change =  1.462e-03
__________________________________________
TF Iteration 9
	μ = -1.304516306e+00, change: 0.000000000e+00 (converged=True)
	φe Err =  3.893e-11, φe change =  1.292e-03
	ne Err =  1.749e-02, ne change =  2.718e-05
	Q =  6.222e-01 ->  1.149e+00, 
	Zstar guess =  2.779e-01. Current Zstar:  2.779e-01 (converged=True)
	Change =  1.119e-03
__________________________________________
TF Iteration 25
	μ = -5.925696504e-01, change: 0.000000000e+00 (converged=True)
	φe Err =  4.098e-11, φe change =  2.428e-04
	ne Err =  1.509e-03, ne change =  7.235e-07
	Q =  1.767e+00 ->  1.779e+00, 
	Zstar guess =  2.779e-01. Current Zstar:  2.779e-01 (converged=True)
	Change =  2.549e-04
__________________________________________
TF Iteration 50
	μ = -2.356790302e-01, change: 2.515357118e-01 (converged=False)
	φe Err =  4.135e-11, φe change =  1.964e-06
	ne Err =  1.028e-02, ne change =  5.364e-09
	Q =  1.100e+00 ->  1.098e+00, 
	Zstar guess =  2.779e-01. Current Zstar:  2.779e-01 (converged=True)
	Change =  2.014e-01
__________________________________________
TF Iteration 75
	μ = -1.389586765e-01, change: 0.000000000e+00 (converged=True)
	φe Err =  3.947e-11, φe change =  5.352e-05
	ne Err =  7.769e-04, ne change =  2.481e-09
	Q =  5.225e-01 ->  5.194e-01, 
	Zstar guess =  2.779e-01. Current Zstar:  2.779e-01 (converged=True)
	Change =  5.638e-05
__________________________________________
TF Iteration 100
	μ = -7.067905891e-02, change: 1.895854458e-01 (converged=False)
	φe Err =  4.033e-11, φe change =  7.696e-07
	ne Err =  2.529e-03, ne change =  4.960e-10
	Q =  3.023e-01 ->  3.011e-01, 
	Zstar guess =  2.779e-01. Current Zstar:  2.779e-01 (converged=True)
	Change =  1.473e-01
__________________________________________
TF Iteration 125
	μ = -4.888526253e-02, change: 0.000000000e+00 (converged=True)
	φe Err =  4.094e-11, φe change =  1.285e-05
	ne Err =  5.251e-04, ne change =  1.093e-09
	Q =  1.425e-01 ->  1.413e-01, 
	Zstar guess =  2.779e-01. Current Zstar:  2.779e-01 (converged=True)
	Change =  1.361e-05
__________________________________________
TF Iteration 150
	μ = -3.313362262e-02, change: 1.006100730e-01 (converged=False)
	φe Err =  4.083e-11, φe change =  3.249e-07
	ne Err =  7.432e-04, ne change =  1.072e-10
	Q =  7.712e-02 ->  7.631e-02, 
	Zstar guess =  2.779e-01. Current Zstar:  2.779e-01 (converged=True)
	Change =  7.481e-02
__________________________________________
TF Iteration 175
	μ = -2.784263412e-02, change: 0.000000000e+00 (converged=True)
	φe Err =  3.751e-11, φe change =  3.959e-06
	ne Err =  1.473e-04, ne change =  4.182e-10
	Q =  3.936e-02 ->  3.939e-02, 
	Zstar guess =  2.779e-01. Current Zstar:  2.779e-01 (converged=True)
	Change =  4.301e-06
__________________________________________
TF Iteration 200
	μ = -2.363693198e-02, change: 3.869434496e-02 (converged=False)
	φe Err =  3.974e-11, φe change =  1.244e-07
	ne Err =  2.604e-04, ne change =  3.245e-11
	Q =  2.060e-02 ->  2.030e-02, 
	Zstar guess =  2.779e-01. Current Zstar:  2.779e-01 (converged=True)
	Change =  2.790e-02
__________________________________________
TF Iteration 225
	μ = -2.222402316e-02, change: 0.000000000e+00 (converged=True)
	φe Err =  3.960e-11, φe change =  1.242e-06
	ne Err =  2.189e-05, ne change =  1.276e-10
	Q =  1.087e-02 ->  1.090e-02, 
	Zstar guess =  2.779e-01. Current Zstar:  2.779e-01 (converged=True)
	Change =  1.366e-06
__________________________________________
TF Iteration 250
	μ = -2.076673050e-02, change: 1.987781491e-02 (converged=False)
	φe Err =  3.829e-11, φe change =  7.100e-08
	ne Err =  6.403e-05, ne change =  1.032e-11
	Q =  8.263e-03 ->  8.282e-03, 
	Zstar guess =  2.779e-01. Current Zstar:  2.779e-01 (converged=True)
	Change =  1.420e-02
__________________________________________
TF Iteration 275
	μ = -2.007070076e-02, change: 0.000000000e+00 (converged=True)
	φe Err =  4.032e-11, φe change =  6.729e-07
	ne Err =  3.906e-06, ne change =  6.828e-11
	Q =  5.518e-03 ->  5.556e-03, 
	Zstar guess =  2.779e-01. Current Zstar:  2.779e-01 (converged=True)
	Change =  7.427e-07
__________________________________________
TF Iteration 300
	μ = -1.930022402e-02, change: 1.161541800e-02 (converged=False)
	φe Err =  4.004e-11, φe change =  4.618e-08
	ne Err =  3.428e-05, ne change =  5.532e-12
	Q =  4.450e-03 ->  4.464e-03, 
	Zstar guess =  2.779e-01. Current Zstar:  2.779e-01 (converged=True)
	Change =  8.261e-03
__________________________________________
TF Iteration 325
	μ = -1.891855312e-02, change: 0.000000000e+00 (converged=True)
	φe Err =  4.060e-11, φe change =  3.868e-07
	ne Err =  2.411e-06, ne change =  3.895e-11
	Q =  3.066e-03 ->  3.090e-03, 
	Zstar guess =  2.779e-01. Current Zstar:  2.779e-01 (converged=True)
	Change =  4.277e-07
__________________________________________
TF Iteration 350
	μ = -1.848605660e-02, change: 6.899203577e-03 (converged=False)
	φe Err =  4.106e-11, φe change =  2.893e-08
	ne Err =  1.934e-05, ne change =  3.135e-12
	Q =  2.523e-03 ->  2.532e-03, 
	Zstar guess =  2.779e-01. Current Zstar:  2.779e-01 (converged=True)
	Change =  4.895e-03
__________________________________________
TF Iteration 375
	μ = -1.826780176e-02, change: 0.000000000e+00 (converged=True)
	φe Err =  4.037e-11, φe change =  2.273e-07
	ne Err =  1.480e-06, ne change =  2.279e-11
	Q =  1.767e-03 ->  1.782e-03, 
	Zstar guess =  2.779e-01. Current Zstar:  2.779e-01 (converged=True)
	Change =  2.516e-07
__________________________________________
TF Iteration 400
	μ = -1.801723238e-02, change: 4.133133352e-03 (converged=False)
	φe Err =  4.079e-11, φe change =  1.783e-08
	ne Err =  1.124e-05, ne change =  1.823e-12
	Q =  1.471e-03 ->  1.476e-03, 
	Zstar guess =  2.779e-01. Current Zstar:  2.779e-01 (converged=True)
	Change =  2.929e-03
__________________________________________
TF Iteration 425
	μ = -1.788939783e-02, change: 0.000000000e+00 (converged=True)
	φe Err =  3.958e-11, φe change =  1.355e-07
	ne Err =  9.056e-07, ne change =  1.354e-11
	Q =  1.040e-03 ->  1.049e-03, 
	Zstar guess =  2.779e-01. Current Zstar:  2.779e-01 (converged=True)
	Change =  1.500e-07
__________________________________________
TF Iteration 450
	μ = -1.774146578e-02, change: 2.490152606e-03 (converged=False)
	φe Err =  3.858e-11, φe change =  1.096e-08
	ne Err =  6.647e-06, ne change =  1.080e-12
	Q =  8.718e-04 ->  8.751e-04, 
	Zstar guess =  2.779e-01. Current Zstar:  2.779e-01 (converged=True)
	Change =  1.763e-03
__________________________________________
TF Iteration 475
	μ = -1.766553650e-02, change: 0.000000000e+00 (converged=True)
	φe Err =  3.971e-11, φe change =  8.109e-08
	ne Err =  5.485e-07, ne change =  8.088e-12
	Q =  6.195e-04 ->  6.251e-04, 
	Zstar guess =  2.779e-01. Current Zstar:  2.779e-01 (converged=True)
	Change =  8.981e-08
__________________________________________
TF Iteration 500
	μ = -1.757726792e-02, change: 1.503808693e-03 (converged=False)
	φe Err =  3.907e-11, φe change =  6.664e-09
	ne Err =  3.971e-06, ne change =  6.476e-13
	Q =  5.215e-04 ->  5.234e-04, 
	Zstar guess =  2.779e-01. Current Zstar:  2.779e-01 (converged=True)
	Change =  1.064e-03
__________________________________________
TF Iteration 525
	μ = -1.753180904e-02, change: 0.000000000e+00 (converged=True)
	φe Err =  3.990e-11, φe change =  4.901e-08
	ne Err =  3.364e-07, ne change =  4.885e-12
	Q =  3.719e-04 ->  3.753e-04, 
	Zstar guess =  2.779e-01. Current Zstar:  2.779e-01 (converged=True)
	Change =  5.430e-08
__________________________________________
TF Iteration 550
	μ = -1.747880258e-02, change: 9.083110214e-04 (converged=False)
	φe Err =  4.045e-11, φe change =  4.013e-09
	ne Err =  2.383e-06, ne change =  3.890e-13
	Q =  3.132e-04 ->  3.144e-04, 
	Zstar guess =  2.779e-01. Current Zstar:  2.779e-01 (converged=True)
	Change =  6.426e-04
__________________________________________
TF Iteration 575
	μ = -1.745142421e-02, change: 0.000000000e+00 (converged=True)
	φe Err =  3.969e-11, φe change =  2.962e-08
	ne Err =  2.044e-07, ne change =  2.950e-12
	Q =  2.242e-04 ->  2.263e-04, 
	Zstar guess =  2.779e-01. Current Zstar:  2.779e-01 (converged=True)
	Change =  3.282e-08
__________________________________________
TF Iteration 600
	μ = -1.741943758e-02, change: 5.508675262e-04 (converged=False)
	φe Err =  3.885e-11, φe change =  2.454e-09
	ne Err =  1.439e-06, ne change =  2.368e-13
	Q =  1.893e-04 ->  1.900e-04, 
	Zstar guess =  2.779e-01. Current Zstar:  2.779e-01 (converged=True)
	Change =  3.896e-04
__________________________________________
TF Iteration 625
	μ = -1.740293989e-02, change: 0.000000000e+00 (converged=True)
	φe Err =  3.772e-11, φe change =  1.786e-08
	ne Err =  1.237e-07, ne change =  1.778e-12
	Q =  1.351e-04 ->  1.363e-04, 
	Zstar guess =  2.779e-01. Current Zstar:  2.779e-01 (converged=True)
	Change =  1.979e-08
__________________________________________
TF Iteration 650
	μ = -1.738363956e-02, change: 3.339018557e-04 (converged=False)
	φe Err =  4.278e-11, φe change =  1.502e-09
	ne Err =  8.699e-07, ne change =  1.399e-13
	Q =  1.144e-04 ->  1.149e-04, 
	Zstar guess =  2.779e-01. Current Zstar:  2.779e-01 (converged=True)
	Change =  2.361e-04
__________________________________________
TF Iteration 675
	μ = -1.737362560e-02, change: 0.000000000e+00 (converged=True)
	φe Err =  3.931e-11, φe change =  1.088e-08
	ne Err =  7.545e-08, ne change =  1.084e-12
	Q =  8.209e-05 ->  8.285e-05, 
	Zstar guess =  2.779e-01. Current Zstar:  2.779e-01 (converged=True)
	Change =  1.205e-08
__________________________________________
TF Iteration 700
	μ = -1.736190101e-02, change: 2.029260379e-04 (converged=False)
	φe Err =  4.030e-11, φe change =  9.102e-10
	ne Err =  5.280e-07, ne change =  8.565e-14
	Q =  6.947e-05 ->  6.973e-05, 
	Zstar guess =  2.779e-01. Current Zstar:  2.779e-01 (converged=True)
	Change =  1.435e-04
__________________________________________
TF Iteration 725
	μ = -1.735583105e-02, change: 0.000000000e+00 (converged=True)
	φe Err =  4.006e-11, φe change =  6.581e-09
	ne Err =  4.554e-08, ne change =  6.565e-13
	Q =  4.973e-05 ->  5.019e-05, 
	Zstar guess =  2.779e-01. Current Zstar:  2.779e-01 (converged=True)
	Change =  7.293e-09
__________________________________________
TF Iteration 750
	μ = -1.734873677e-02, change: 1.228059045e-04 (converged=False)
	φe Err =  3.996e-11, φe change =  5.496e-10
	ne Err =  3.193e-07, ne change =  5.395e-14
	Q =  4.201e-05 ->  4.217e-05, 
	Zstar guess =  2.779e-01. Current Zstar:  2.779e-01 (converged=True)
	Change =  8.684e-05
__________________________________________
TF Iteration 775
	μ = -1.734506941e-02, change: 0.000000000e+00 (converged=True)
	φe Err =  4.000e-11, φe change =  3.971e-09
	ne Err =  2.745e-08, ne change =  3.963e-13
	Q =  3.003e-05 ->  3.031e-05, 
	Zstar guess =  2.779e-01. Current Zstar:  2.779e-01 (converged=True)
	Change =  4.401e-09
__________________________________________
TF Iteration 800
	μ = -1.734078796e-02, change: 7.412000791e-05 (converged=False)
	φe Err =  3.979e-11, φe change =  3.302e-10
	ne Err =  1.926e-07, ne change =  2.866e-14
	Q =  2.535e-05 ->  2.545e-05, 
	Zstar guess =  2.779e-01. Current Zstar:  2.779e-01 (converged=True)
	Change =  5.241e-05
__________________________________________
TF Iteration 825
	μ = -1.733857674e-02, change: 0.000000000e+00 (converged=True)
	φe Err =  3.995e-11, φe change =  2.391e-09
	ne Err =  1.652e-08, ne change =  2.367e-13
	Q =  1.810e-05 ->  1.827e-05, 
	Zstar guess =  2.779e-01. Current Zstar:  2.779e-01 (converged=True)
	Change =  2.649e-09
__________________________________________
TF Iteration 850
	μ = -1.733599709e-02, change: 4.466027795e-05 (converged=False)
	φe Err =  4.111e-11, φe change =  1.993e-10
	ne Err =  1.160e-07, ne change =  2.018e-14
	Q =  1.527e-05 ->  1.533e-05, 
	Zstar guess =  2.779e-01. Current Zstar:  2.779e-01 (converged=True)
	Change =  3.158e-05
__________________________________________
TF Iteration 875
	μ = -1.733466556e-02, change: 0.000000000e+00 (converged=True)
	φe Err =  3.998e-11, φe change =  1.436e-09
	ne Err =  9.940e-09, ne change =  1.436e-13
	Q =  1.090e-05 ->  1.100e-05, 
	Zstar guess =  2.779e-01. Current Zstar:  2.779e-01 (converged=True)
	Change =  1.591e-09
__________________________________________
TF Iteration 900
	μ = -1.733311281e-02, change: 2.688272258e-05 (converged=False)
	φe Err =  4.104e-11, φe change =  1.194e-10
	ne Err =  6.984e-08, ne change =  1.241e-14
	Q =  9.191e-06 ->  9.226e-06, 
	Zstar guess =  2.779e-01. Current Zstar:  2.779e-01 (converged=True)
	Change =  1.901e-05
__________________________________________
TF Iteration 925
	μ = -1.733231160e-02, change: 0.000000000e+00 (converged=True)
	φe Err =  3.959e-11, φe change =  8.618e-10
	ne Err =  5.978e-09, ne change =  8.395e-14
	Q =  6.559e-06 ->  6.619e-06, 
	Zstar guess =  2.779e-01. Current Zstar:  2.779e-01 (converged=True)
	Change =  9.551e-10
__________________________________________
TF Iteration 950
	μ = -1.733137750e-02, change: 1.617254148e-05 (converged=False)
	φe Err =  4.238e-11, φe change =  7.616e-11
	ne Err =  4.201e-08, ne change =  9.324e-15
	Q =  5.529e-06 ->  5.550e-06, 
	Zstar guess =  2.779e-01. Current Zstar:  2.779e-01 (converged=True)
	Change =  1.144e-05
__________________________________________
TF Iteration 975
	μ = -1.733089560e-02, change: 0.000000000e+00 (converged=True)
	φe Err =  4.268e-11, φe change =  5.179e-10
	ne Err =  3.594e-09, ne change =  4.956e-14
	Q =  3.945e-06 ->  3.981e-06, 
	Zstar guess =  2.779e-01. Current Zstar:  2.779e-01 (converged=True)
	Change =  5.739e-10
__________________________________________
TF Iteration 1000
	μ = -1.733033387e-02, change: 9.725407479e-06 (converged=True)
	φe Err =  3.970e-11, φe change =  4.661e-11
	ne Err =  2.526e-08, ne change =  5.822e-15
	Q =  3.325e-06 ->  3.337e-06, 
	Zstar guess =  2.779e-01. Current Zstar:  2.779e-01 (converged=True)
	Change =  6.877e-06
__________________________________________
TF Iteration 1025
	μ = -1.733004412e-02, change: 0.000000000e+00 (converged=True)
	φe Err =  4.136e-11, φe change =  3.120e-10
	ne Err =  2.161e-09, ne change =  3.047e-14
	Q =  2.372e-06 ->  2.393e-06, 
	Zstar guess =  2.779e-01. Current Zstar:  2.779e-01 (converged=True)
	Change =  3.458e-10
__________________________________________
TF Iteration 1050
	μ = -1.732970641e-02, change: 5.847075072e-06 (converged=True)
	φe Err =  4.107e-11, φe change =  2.445e-11
	ne Err =  1.519e-08, ne change =  3.346e-15
	Q =  1.999e-06 ->  2.006e-06, 
	Zstar guess =  2.779e-01. Current Zstar:  2.779e-01 (converged=True)
	Change =  4.135e-06
__________________________________________
TF Iteration 1075
	μ = -1.732953222e-02, change: 0.000000000e+00 (converged=True)
	φe Err =  4.200e-11, φe change =  1.839e-10
	ne Err =  1.299e-09, ne change =  1.523e-14
	Q =  1.426e-06 ->  1.439e-06, 
	Zstar guess =  2.779e-01. Current Zstar:  2.779e-01 (converged=True)
	Change =  2.037e-10
__________________________________________
TF Iteration 1100
	μ = -1.732932920e-02, change: 3.515007624e-06 (converged=True)
	φe Err =  3.930e-11, φe change =  1.728e-11
	ne Err =  9.130e-09, ne change =  4.434e-15
	Q =  1.202e-06 ->  1.206e-06, 
	Zstar guess =  2.779e-01. Current Zstar:  2.779e-01 (converged=True)
	Change =  2.486e-06
__________________________________________
TF Iteration 1125
	μ = -1.732922449e-02, change: 0.000000000e+00 (converged=True)
	φe Err =  4.038e-11, φe change =  1.138e-10
	ne Err =  7.807e-10, ne change =  1.181e-14
	Q =  8.571e-07 ->  8.649e-07, 
	Zstar guess =  2.779e-01. Current Zstar:  2.779e-01 (converged=True)
	Change =  1.261e-10
__________________________________________
TF Iteration 1150
	μ = -1.732910245e-02, change: 2.112913014e-06 (converged=True)
	φe Err =  4.163e-11, φe change =  1.393e-11
	ne Err =  5.488e-09, ne change =  7.193e-15
	Q =  7.222e-07 ->  7.250e-07, 
	Zstar guess =  2.779e-01. Current Zstar:  2.779e-01 (converged=True)
	Change =  1.494e-06
__________________________________________
TF Iteration 1175
	μ = -1.732903951e-02, change: 0.000000000e+00 (converged=True)
	φe Err =  4.210e-11, φe change =  6.613e-11
	ne Err =  4.692e-10, ne change =  4.608e-15
	Q =  5.152e-07 ->  5.199e-07, 
	Zstar guess =  2.779e-01. Current Zstar:  2.779e-01 (converged=True)
	Change =  7.323e-11
__________________________________________
TF Iteration 1200
	μ = -1.732896616e-02, change: 1.270027405e-06 (converged=True)
	φe Err =  4.195e-11, φe change =  5.476e-12
	ne Err =  3.299e-09, ne change =  1.237e-15
	Q =  4.341e-07 ->  4.358e-07, 
	Zstar guess =  2.779e-01. Current Zstar:  2.779e-01 (converged=True)
	Change =  8.981e-07
__________________________________________
TF Iteration 1225
	μ = -1.732892833e-02, change: 0.000000000e+00 (converged=True)
	φe Err =  3.928e-11, φe change =  3.835e-11
	ne Err =  2.820e-10, ne change =  2.307e-15
	Q =  3.097e-07 ->  3.125e-07, 
	Zstar guess =  2.779e-01. Current Zstar:  2.779e-01 (converged=True)
	Change =  4.209e-11
__________________________________________
TF Iteration 1250
	μ = -1.732888424e-02, change: 7.633711456e-07 (converged=True)
	φe Err =  4.112e-11, φe change =  8.101e-12
	ne Err =  1.983e-09, ne change =  2.170e-15
	Q =  2.609e-07 ->  2.619e-07, 
	Zstar guess =  2.779e-01. Current Zstar:  2.779e-01 (converged=True)
	Change =  5.398e-07
__________________________________________
TF Iteration 1260
	μ = -1.732888424e-02, change: 0.000000000e+00 (converged=True)
	φe Err =  4.082e-11, φe change =  4.418e-12
	ne Err =  9.709e-11, ne change =  8.323e-16
	Q =  2.346e-07 ->  2.357e-07, 
	Zstar guess =  2.779e-01. Current Zstar:  2.779e-01 (converged=True)
	Change =  4.891e-12
	-------------------
	Solving IET.
0: Initial condition Total Error: 6.911e+00
Exiting status 0, reverting to best index so far: 1675
Final iter:1676, Total Error: 9.937e-13
	-------------------
	Solving IET.
0: Initial condition Total Error: 7.348e+00
Exiting status 0, reverting to best index so far: 1664
Final iter:1665, Total Error: 9.928e-13
Time to solve CS model: 2.955e+02 [s], time so far: 2.968e+02 [s]
CS model saved.
Ee_pot_density = -1.186e-01 [au], Ee_K = 6.049e-02 [au], Ee_tot = -5.809e-02 [au]
P_e = 3.662e-10 [au], 1.077e-07 [Mbar]
Virial if 6.537e+02 = 6.408e+02 --->  off by 2.017e+00 % 

βEe_pot/Z = -21931.409, βEe_K/Z = 11186.934, βEe_tot/Z = -10744.475
βP_e Ω/Z = 0.000
