
===========================================
===========================================
Starting case: Ar: Te = 1.709 eV, Ti = 1.709 eV 

T[K]:  19833.30464928829
________________________
Generating NPA
T:  0.06280830674988647
Using More TF fit for initial Zstar = 1.043
	Intializing grid
Initializing, True
Initializing
	Creating Integral Equation Solver
Intialized Potentials and Densities
Initialized
Time to setup correlation sphere (IS) model: 2.497e+00 [s], time so far: 2.497e+00 [s]
Beginning self-consistent electron solver.
_________________________________
__________________________________________
TF Iteration 0
	μ = -1.943881616e+00, change: 9.268736063e+00 (converged=False)
	φe Err =  3.801e-11, φe change =  9.823e-01
	ne Err =  1.082e-01, ne change =  2.111e-04
	Q =  0.000e+00 -> -2.968e+01, 
	Zstar guess =  1.043e+00. Current Zstar:  1.043e+00 (converged=True)
	Change =  1.877e+00
__________________________________________
TF Iteration 1
	μ = -1.943881616e+00, change: 0.000000000e+00 (converged=True)
	φe Err =  4.287e-11, φe change =  6.678e-02
	ne Err =  1.991e-01, ne change =  1.536e-04
	Q = -2.968e+01 -> -2.153e+01, 
	Zstar guess =  1.043e+00. Current Zstar:  1.043e+00 (converged=True)
	Change =  7.477e-02
__________________________________________
TF Iteration 2
	μ = -1.943881616e+00, change: 0.000000000e+00 (converged=True)
	φe Err =  4.022e-11, φe change =  1.574e-02
	ne Err =  1.427e-01, ne change =  1.259e-04
	Q = -2.153e+01 -> -1.517e+01, 
	Zstar guess =  1.043e+00. Current Zstar:  1.043e+00 (converged=True)
	Change =  1.559e-02
__________________________________________
TF Iteration 3
	μ = -1.943881616e+00, change: 0.000000000e+00 (converged=True)
	φe Err =  3.943e-11, φe change =  1.903e-02
	ne Err =  9.223e-02, ne change =  1.042e-04
	Q = -1.517e+01 -> -1.038e+01, 
	Zstar guess =  1.043e+00. Current Zstar:  1.043e+00 (converged=True)
	Change =  2.059e-02
__________________________________________
TF Iteration 4
	μ = -1.943881616e+00, change: 0.000000000e+00 (converged=True)
	φe Err =  3.903e-11, φe change =  1.284e-02
	ne Err =  6.556e-02, ne change =  8.551e-05
	Q = -1.038e+01 -> -6.859e+00, 
	Zstar guess =  1.043e+00. Current Zstar:  1.043e+00 (converged=True)
	Change =  1.437e-02
__________________________________________
TF Iteration 5
	μ = -1.943881616e+00, change: 0.000000000e+00 (converged=True)
	φe Err =  3.875e-11, φe change =  6.343e-03
	ne Err =  5.617e-02, ne change =  6.934e-05
	Q = -6.859e+00 -> -4.301e+00, 
	Zstar guess =  1.043e+00. Current Zstar:  1.043e+00 (converged=True)
	Change =  7.236e-03
__________________________________________
TF Iteration 6
	μ = -1.943881616e+00, change: 0.000000000e+00 (converged=True)
	φe Err =  3.989e-11, φe change =  2.450e-03
	ne Err =  5.012e-02, ne change =  5.558e-05
	Q = -4.301e+00 -> -2.430e+00, 
	Zstar guess =  1.043e+00. Current Zstar:  1.043e+00 (converged=True)
	Change =  2.151e-03
__________________________________________
TF Iteration 7
	μ = -1.943881616e+00, change: 0.000000000e+00 (converged=True)
	φe Err =  4.022e-11, φe change =  2.000e-03
	ne Err =  4.260e-02, ne change =  4.418e-05
	Q = -2.430e+00 -> -1.033e+00, 
	Zstar guess =  1.043e+00. Current Zstar:  1.043e+00 (converged=True)
	Change =  5.969e-04
__________________________________________
TF Iteration 8
	μ = -1.943881616e+00, change: 0.000000000e+00 (converged=True)
	φe Err =  3.820e-11, φe change =  2.160e-03
	ne Err =  3.452e-02, ne change =  3.497e-05
	Q = -1.033e+00 ->  3.399e-02, 
	Zstar guess =  1.043e+00. Current Zstar:  1.043e+00 (converged=True)
	Change =  1.469e-03
__________________________________________
TF Iteration 9
	μ = -1.943881616e+00, change: 0.000000000e+00 (converged=True)
	φe Err =  3.889e-11, φe change =  1.876e-03
	ne Err =  2.726e-02, ne change =  2.764e-05
	Q =  3.399e-02 ->  8.638e-01, 
	Zstar guess =  1.043e+00. Current Zstar:  1.043e+00 (converged=True)
	Change =  1.460e-03
__________________________________________
TF Iteration 25
	μ = -8.116528005e-01, change: 0.000000000e+00 (converged=True)
	φe Err =  3.993e-11, φe change =  3.101e-04
	ne Err =  1.747e-03, ne change =  6.960e-07
	Q =  2.147e+00 ->  2.169e+00, 
	Zstar guess =  1.043e+00. Current Zstar:  1.043e+00 (converged=True)
	Change =  3.237e-04
__________________________________________
TF Iteration 50
	μ = -3.617689279e-01, change: 1.990976264e-01 (converged=False)
	φe Err =  4.230e-11, φe change =  1.960e-06
	ne Err =  1.063e-02, ne change =  5.903e-09
	Q =  1.364e+00 ->  1.363e+00, 
	Zstar guess =  1.043e+00. Current Zstar:  1.043e+00 (converged=True)
	Change =  1.554e-01
__________________________________________
TF Iteration 75
	μ = -2.710872218e-01, change: 0.000000000e+00 (converged=True)
	φe Err =  3.964e-11, φe change =  5.886e-05
	ne Err =  3.001e-04, ne change =  2.405e-09
	Q =  5.404e-01 ->  5.319e-01, 
	Zstar guess =  1.043e+00. Current Zstar:  1.043e+00 (converged=True)
	Change =  6.256e-05
__________________________________________
TF Iteration 100
	μ = -2.296432656e-01, change: 3.256007304e-02 (converged=False)
	φe Err =  4.048e-11, φe change =  6.900e-07
	ne Err =  9.572e-04, ne change =  3.749e-10
	Q =  2.137e-01 ->  2.123e-01, 
	Zstar guess =  1.043e+00. Current Zstar:  1.043e+00 (converged=True)
	Change =  2.340e-02
__________________________________________
TF Iteration 125
	μ = -2.220956477e-01, change: 0.000000000e+00 (converged=True)
	φe Err =  4.053e-11, φe change =  5.565e-06
	ne Err =  3.626e-05, ne change =  2.615e-10
	Q =  5.561e-02 ->  5.410e-02, 
	Zstar guess =  1.043e+00. Current Zstar:  1.043e+00 (converged=True)
	Change =  5.923e-06
__________________________________________
TF Iteration 150
	μ = -2.186619408e-01, change: 2.930024891e-03 (converged=False)
	φe Err =  4.007e-11, φe change =  7.107e-08
	ne Err =  8.017e-05, ne change =  3.208e-11
	Q =  1.905e-02 ->  1.892e-02, 
	Zstar guess =  1.043e+00. Current Zstar:  1.043e+00 (converged=True)
	Change =  2.075e-03
__________________________________________
TF Iteration 175
	μ = -2.180326288e-01, change: 0.000000000e+00 (converged=True)
	φe Err =  3.857e-11, φe change =  4.698e-07
	ne Err =  3.135e-06, ne change =  2.212e-11
	Q =  4.732e-03 ->  4.599e-03, 
	Zstar guess =  1.043e+00. Current Zstar:  1.043e+00 (converged=True)
	Change =  5.000e-07
__________________________________________
TF Iteration 200
	μ = -2.177459460e-01, change: 2.465188176e-04 (converged=False)
	φe Err =  4.226e-11, φe change =  6.085e-09
	ne Err =  6.703e-06, ne change =  2.687e-12
	Q =  1.601e-03 ->  1.590e-03, 
	Zstar guess =  1.043e+00. Current Zstar:  1.043e+00 (converged=True)
	Change =  1.743e-04
__________________________________________
TF Iteration 225
	μ = -2.176932981e-01, change: 0.000000000e+00 (converged=True)
	φe Err =  4.026e-11, φe change =  3.942e-08
	ne Err =  2.634e-07, ne change =  1.858e-12
	Q =  3.969e-04 ->  3.857e-04, 
	Zstar guess =  1.043e+00. Current Zstar:  1.043e+00 (converged=True)
	Change =  4.196e-08
__________________________________________
TF Iteration 250
	μ = -2.176692481e-01, change: 2.070583693e-05 (converged=False)
	φe Err =  4.170e-11, φe change =  5.090e-10
	ne Err =  5.627e-07, ne change =  2.245e-13
	Q =  1.345e-04 ->  1.336e-04, 
	Zstar guess =  1.043e+00. Current Zstar:  1.043e+00 (converged=True)
	Change =  1.464e-05
__________________________________________
TF Iteration 275
	μ = -2.176648298e-01, change: 0.000000000e+00 (converged=True)
	φe Err =  4.146e-11, φe change =  3.302e-09
	ne Err =  2.211e-08, ne change =  1.536e-13
	Q =  3.331e-05 ->  3.237e-05, 
	Zstar guess =  1.043e+00. Current Zstar:  1.043e+00 (converged=True)
	Change =  3.516e-09
__________________________________________
TF Iteration 300
	μ = -2.176628120e-01, change: 1.737256311e-06 (converged=True)
	φe Err =  4.019e-11, φe change =  4.362e-11
	ne Err =  4.721e-08, ne change =  1.932e-14
	Q =  1.128e-05 ->  1.120e-05, 
	Zstar guess =  1.043e+00. Current Zstar:  1.043e+00 (converged=True)
	Change =  1.228e-06
__________________________________________
TF Iteration 325
	μ = -2.176624413e-01, change: 0.000000000e+00 (converged=True)
	φe Err =  4.211e-11, φe change =  2.746e-10
	ne Err =  1.855e-09, ne change =  1.048e-14
	Q =  2.795e-06 ->  2.716e-06, 
	Zstar guess =  1.043e+00. Current Zstar:  1.043e+00 (converged=True)
	Change =  2.923e-10
__________________________________________
TF Iteration 350
	μ = -2.176622721e-01, change: 1.457504076e-07 (converged=True)
	φe Err =  3.855e-11, φe change =  3.777e-12
	ne Err =  3.961e-09, ne change =  8.315e-16
	Q =  9.466e-07 ->  9.401e-07, 
	Zstar guess =  1.043e+00. Current Zstar:  1.043e+00 (converged=True)
	Change =  1.031e-07
__________________________________________
TF Iteration 370
	μ = -2.176622527e-01, change: 0.000000000e+00 (converged=True)
	φe Err =  4.188e-11, φe change =  2.757e-12
	ne Err =  8.405e-11, ne change =  1.965e-15
	Q =  3.546e-07 ->  3.513e-07, 
	Zstar guess =  1.043e+00. Current Zstar:  1.043e+00 (converged=True)
	Change =  3.436e-13
	-------------------
	Solving IET.
0: Initial condition Total Error: 6.603e+00
Exiting status 0, reverting to best index so far: 281
Final iter:282, Total Error: 9.371e-13
	-------------------
	Solving IET.
0: Initial condition Total Error: 6.597e+00
Exiting status 0, reverting to best index so far: 281
Final iter:282, Total Error: 9.207e-13
Time to solve CS model: 1.465e+02 [s], time so far: 1.490e+02 [s]
CS model saved.
Ee_pot_density = -1.186e-01 [au], Ee_K = 6.052e-02 [au], Ee_tot = -5.804e-02 [au]
P_e = 3.903e-06 [au], 1.148e-03 [Mbar]
Virial if 6.541e+02 = 6.407e+02 --->  off by 2.082e+00 % 

βEe_pot/Z = -1133.353, βEe_K/Z = 578.530, βEe_tot/Z = -554.823
βP_e Ω/Z = 0.037
