
===========================================
===========================================
Starting case: Ar: Te = 0.166 eV, Ti = 0.166 eV 

T[K]:  1927.4490113826039
________________________
Generating NPA
T:  0.006103864731187306
Using More TF fit for initial Zstar = 0.336
	Intializing grid
Initializing, True
Initializing
	Creating Integral Equation Solver
Intialized Potentials and Densities
Initialized
Time to setup correlation sphere (IS) model: 2.262e+00 [s], time so far: 2.262e+00 [s]
Beginning self-consistent electron solver.
_________________________________
__________________________________________
TF Iteration 0
	μ = -1.428510027e+00, change: 4.817093560e+02 (converged=False)
	φe Err =  3.758e-11, φe change =  9.559e-01
	ne Err =  8.792e-02, ne change =  2.105e-04
	Q =  0.000e+00 -> -2.392e+01, 
	Zstar guess =  3.365e-01. Current Zstar:  3.365e-01 (converged=True)
	Change =  1.944e+00
__________________________________________
TF Iteration 1
	μ = -1.428510027e+00, change: 0.000000000e+00 (converged=True)
	φe Err =  4.265e-11, φe change =  5.385e-02
	ne Err =  1.666e-01, ne change =  1.560e-04
	Q = -2.392e+01 -> -1.709e+01, 
	Zstar guess =  3.365e-01. Current Zstar:  3.365e-01 (converged=True)
	Change =  6.013e-02
__________________________________________
TF Iteration 2
	μ = -1.428510027e+00, change: 0.000000000e+00 (converged=True)
	φe Err =  4.033e-11, φe change =  1.407e-02
	ne Err =  1.152e-01, ne change =  1.274e-04
	Q = -1.709e+01 -> -1.182e+01, 
	Zstar guess =  3.365e-01. Current Zstar:  3.365e-01 (converged=True)
	Change =  1.434e-02
__________________________________________
TF Iteration 3
	μ = -1.428510027e+00, change: 0.000000000e+00 (converged=True)
	φe Err =  3.948e-11, φe change =  1.536e-02
	ne Err =  7.194e-02, ne change =  1.047e-04
	Q = -1.182e+01 -> -7.927e+00, 
	Zstar guess =  3.365e-01. Current Zstar:  3.365e-01 (converged=True)
	Change =  1.678e-02
__________________________________________
TF Iteration 4
	μ = -1.428510027e+00, change: 0.000000000e+00 (converged=True)
	φe Err =  3.714e-11, φe change =  9.216e-03
	ne Err =  5.259e-02, ne change =  8.527e-05
	Q = -7.927e+00 -> -5.134e+00, 
	Zstar guess =  3.365e-01. Current Zstar:  3.365e-01 (converged=True)
	Change =  1.041e-02
__________________________________________
TF Iteration 5
	μ = -1.428510027e+00, change: 0.000000000e+00 (converged=True)
	φe Err =  3.894e-11, φe change =  3.750e-03
	ne Err =  4.645e-02, ne change =  6.868e-05
	Q = -5.134e+00 -> -3.145e+00, 
	Zstar guess =  3.365e-01. Current Zstar:  3.365e-01 (converged=True)
	Change =  4.207e-03
__________________________________________
TF Iteration 6
	μ = -1.428510027e+00, change: 0.000000000e+00 (converged=True)
	φe Err =  3.852e-11, φe change =  1.666e-03
	ne Err =  4.071e-02, ne change =  5.481e-05
	Q = -3.145e+00 -> -1.702e+00, 
	Zstar guess =  3.365e-01. Current Zstar:  3.365e-01 (converged=True)
	Change =  3.824e-04
__________________________________________
TF Iteration 7
	μ = -1.428510027e+00, change: 0.000000000e+00 (converged=True)
	φe Err =  4.009e-11, φe change =  2.012e-03
	ne Err =  3.347e-02, ne change =  4.350e-05
	Q = -1.702e+00 -> -6.203e-01, 
	Zstar guess =  3.365e-01. Current Zstar:  3.365e-01 (converged=True)
	Change =  1.303e-03
__________________________________________
TF Iteration 8
	μ = -1.428510027e+00, change: 0.000000000e+00 (converged=True)
	φe Err =  3.951e-11, φe change =  1.914e-03
	ne Err =  2.639e-02, ne change =  3.445e-05
	Q = -6.203e-01 ->  2.120e-01, 
	Zstar guess =  3.365e-01. Current Zstar:  3.365e-01 (converged=True)
	Change =  1.536e-03
__________________________________________
TF Iteration 9
	μ = -1.428510027e+00, change: 0.000000000e+00 (converged=True)
	φe Err =  3.934e-11, φe change =  1.490e-03
	ne Err =  2.054e-02, ne change =  2.729e-05
	Q =  2.120e-01 ->  8.622e-01, 
	Zstar guess =  3.365e-01. Current Zstar:  3.365e-01 (converged=True)
	Change =  1.254e-03
__________________________________________
TF Iteration 25
	μ = -6.311259293e-01, change: 0.000000000e+00 (converged=True)
	φe Err =  4.124e-11, φe change =  2.579e-04
	ne Err =  1.621e-03, ne change =  7.182e-07
	Q =  1.837e+00 ->  1.854e+00, 
	Zstar guess =  3.365e-01. Current Zstar:  3.365e-01 (converged=True)
	Change =  2.705e-04
__________________________________________
TF Iteration 50
	μ = -2.487652002e-01, change: 2.531659202e-01 (converged=False)
	φe Err =  3.968e-11, φe change =  1.981e-06
	ne Err =  1.084e-02, ne change =  5.520e-09
	Q =  1.152e+00 ->  1.150e+00, 
	Zstar guess =  3.365e-01. Current Zstar:  3.365e-01 (converged=True)
	Change =  2.028e-01
__________________________________________
TF Iteration 75
	μ = -1.468243998e-01, change: 0.000000000e+00 (converged=True)
	φe Err =  3.986e-11, φe change =  5.628e-05
	ne Err =  7.881e-04, ne change =  2.582e-09
	Q =  5.478e-01 ->  5.444e-01, 
	Zstar guess =  3.365e-01. Current Zstar:  3.365e-01 (converged=True)
	Change =  5.927e-05
__________________________________________
TF Iteration 100
	μ = -7.793999379e-02, change: 1.713949965e-01 (converged=False)
	φe Err =  3.981e-11, φe change =  9.352e-07
	ne Err =  2.506e-03, ne change =  4.995e-10
	Q =  3.123e-01 ->  3.107e-01, 
	Zstar guess =  3.365e-01. Current Zstar:  3.365e-01 (converged=True)
	Change =  1.320e-01
__________________________________________
TF Iteration 125
	μ = -5.748342038e-02, change: 0.000000000e+00 (converged=True)
	φe Err =  4.119e-11, φe change =  1.311e-05
	ne Err =  4.893e-04, ne change =  1.371e-09
	Q =  1.445e-01 ->  1.431e-01, 
	Zstar guess =  3.365e-01. Current Zstar:  3.365e-01 (converged=True)
	Change =  1.399e-05
__________________________________________
TF Iteration 150
	μ = -4.233896147e-02, change: 8.171271226e-02 (converged=False)
	φe Err =  3.910e-11, φe change =  2.981e-07
	ne Err =  6.833e-04, ne change =  9.388e-11
	Q =  8.266e-02 ->  8.211e-02, 
	Zstar guess =  3.365e-01. Current Zstar:  3.365e-01 (converged=True)
	Change =  6.019e-02
__________________________________________
TF Iteration 175
	μ = -3.696070655e-02, change: 0.000000000e+00 (converged=True)
	φe Err =  4.052e-11, φe change =  4.456e-06
	ne Err =  2.445e-04, ne change =  5.128e-10
	Q =  4.309e-02 ->  4.279e-02, 
	Zstar guess =  3.365e-01. Current Zstar:  3.365e-01 (converged=True)
	Change =  4.858e-06
__________________________________________
TF Iteration 200
	μ = -3.234846503e-02, change: 3.749759655e-02 (converged=False)
	φe Err =  4.039e-11, φe change =  2.000e-07
	ne Err =  2.047e-04, ne change =  3.018e-11
	Q =  2.754e-02 ->  2.752e-02, 
	Zstar guess =  3.365e-01. Current Zstar:  3.365e-01 (converged=True)
	Change =  2.702e-02
__________________________________________
TF Iteration 225
	μ = -3.036394641e-02, change: 0.000000000e+00 (converged=True)
	φe Err =  4.116e-11, φe change =  1.935e-06
	ne Err =  1.378e-05, ne change =  2.190e-10
	Q =  1.694e-02 ->  1.700e-02, 
	Zstar guess =  3.365e-01. Current Zstar:  3.365e-01 (converged=True)
	Change =  2.138e-06
__________________________________________
TF Iteration 250
	μ = -2.832097501e-02, change: 2.013539203e-02 (converged=False)
	φe Err =  4.255e-11, φe change =  1.244e-07
	ne Err =  8.955e-05, ne change =  1.365e-11
	Q =  1.283e-02 ->  1.285e-02, 
	Zstar guess =  3.365e-01. Current Zstar:  3.365e-01 (converged=True)
	Change =  1.438e-02
__________________________________________
TF Iteration 275
	μ = -2.738692552e-02, change: 0.000000000e+00 (converged=True)
	φe Err =  4.011e-11, φe change =  9.701e-07
	ne Err =  6.533e-06, ne change =  1.084e-10
	Q =  8.175e-03 ->  8.211e-03, 
	Zstar guess =  3.365e-01. Current Zstar:  3.365e-01 (converged=True)
	Change =  1.074e-06
__________________________________________
TF Iteration 300
	μ = -2.641493769e-02, change: 1.039260620e-02 (converged=False)
	φe Err =  4.057e-11, φe change =  6.845e-08
	ne Err =  4.244e-05, ne change =  6.535e-12
	Q =  6.223e-03 ->  6.237e-03, 
	Zstar guess =  3.365e-01. Current Zstar:  3.365e-01 (converged=True)
	Change =  7.387e-03
__________________________________________
TF Iteration 325
	μ = -2.596930494e-02, change: 0.000000000e+00 (converged=True)
	φe Err =  4.008e-11, φe change =  4.772e-07
	ne Err =  3.410e-06, ne change =  5.295e-11
	Q =  3.953e-03 ->  3.970e-03, 
	Zstar guess =  3.365e-01. Current Zstar:  3.365e-01 (converged=True)
	Change =  5.290e-07
__________________________________________
TF Iteration 350
	μ = -2.550543290e-02, change: 5.164107354e-03 (converged=False)
	φe Err =  3.928e-11, φe change =  3.501e-08
	ne Err =  2.019e-05, ne change =  3.127e-12
	Q =  3.001e-03 ->  3.008e-03, 
	Zstar guess =  3.365e-01. Current Zstar:  3.365e-01 (converged=True)
	Change =  3.661e-03
__________________________________________
TF Iteration 375
	μ = -2.529279215e-02, change: 0.000000000e+00 (converged=True)
	φe Err =  4.087e-11, φe change =  2.311e-07
	ne Err =  1.705e-06, ne change =  2.555e-11
	Q =  1.900e-03 ->  1.908e-03, 
	Zstar guess =  3.365e-01. Current Zstar:  3.365e-01 (converged=True)
	Change =  2.563e-07
__________________________________________
TF Iteration 400
	μ = -2.507160472e-02, change: 2.511454126e-03 (converged=False)
	φe Err =  3.951e-11, φe change =  1.728e-08
	ne Err =  9.606e-06, ne change =  1.491e-12
	Q =  1.439e-03 ->  1.442e-03, 
	Zstar guess =  3.365e-01. Current Zstar:  3.365e-01 (converged=True)
	Change =  1.778e-03
__________________________________________
TF Iteration 425
	μ = -2.497027697e-02, change: 0.000000000e+00 (converged=True)
	φe Err =  3.852e-11, φe change =  1.108e-07
	ne Err =  8.317e-07, ne change =  1.223e-11
	Q =  9.083e-04 ->  9.120e-04, 
	Zstar guess =  3.365e-01. Current Zstar:  3.365e-01 (converged=True)
	Change =  1.229e-07
__________________________________________
TF Iteration 450
	μ = -2.486493746e-02, change: 1.207481137e-03 (converged=False)
	φe Err =  3.960e-11, φe change =  8.342e-09
	ne Err =  4.567e-06, ne change =  7.150e-13
	Q =  6.872e-04 ->  6.888e-04, 
	Zstar guess =  3.365e-01. Current Zstar:  3.365e-01 (converged=True)
	Change =  8.543e-04
__________________________________________
TF Iteration 475
	μ = -2.481676814e-02, change: 0.000000000e+00 (converged=True)
	φe Err =  3.989e-11, φe change =  5.300e-08
	ne Err =  4.103e-07, ne change =  5.846e-12
	Q =  4.327e-04 ->  4.344e-04, 
	Zstar guess =  3.365e-01. Current Zstar:  3.365e-01 (converged=True)
	Change =  5.879e-08
__________________________________________
TF Iteration 500
	μ = -2.476670545e-02, change: 5.760085302e-04 (converged=False)
	φe Err =  3.947e-11, φe change =  3.980e-09
	ne Err =  2.164e-06, ne change =  3.365e-13
	Q =  3.270e-04 ->  3.278e-04, 
	Zstar guess =  3.365e-01. Current Zstar:  3.365e-01 (converged=True)
	Change =  4.074e-04
__________________________________________
TF Iteration 525
	μ = -2.474385312e-02, change: 0.000000000e+00 (converged=True)
	φe Err =  3.950e-11, φe change =  2.505e-08
	ne Err =  2.290e-07, ne change =  2.760e-12
	Q =  2.053e-04 ->  2.061e-04, 
	Zstar guess =  3.365e-01. Current Zstar:  3.365e-01 (converged=True)
	Change =  2.777e-08
__________________________________________
TF Iteration 550
	μ = -2.472031585e-02, change: 2.698190913e-04 (converged=False)
	φe Err =  4.088e-11, φe change =  1.815e-09
	ne Err =  1.029e-06, ne change =  1.452e-13
	Q =  1.537e-04 ->  1.540e-04, 
	Zstar guess =  3.365e-01. Current Zstar:  3.365e-01 (converged=True)
	Change =  1.908e-04
__________________________________________
TF Iteration 575
	μ = -2.470975821e-02, change: 0.000000000e+00 (converged=True)
	φe Err =  4.000e-11, φe change =  1.134e-08
	ne Err =  1.464e-06, ne change =  1.178e-12
	Q =  9.581e-05 ->  9.602e-05, 
	Zstar guess =  3.365e-01. Current Zstar:  3.365e-01 (converged=True)
	Change =  1.242e-08
__________________________________________
TF Iteration 600
	μ = -2.473260458e-02, change: 1.072951236e-03 (converged=False)
	φe Err =  3.967e-11, φe change =  5.886e-08
	ne Err =  1.349e-04, ne change =  1.347e-11
	Q = -1.005e-04 -> -1.377e-04, 
	Zstar guess =  3.365e-01. Current Zstar:  3.365e-01 (converged=True)
	Change =  7.583e-04
__________________________________________
TF Iteration 625
	μ = -2.469111285e-02, change: 0.000000000e+00 (converged=True)
	φe Err =  3.947e-11, φe change =  9.868e-08
	ne Err =  1.004e-04, ne change =  1.217e-11
	Q =  8.286e-04 ->  8.990e-04, 
	Zstar guess =  3.365e-01. Current Zstar:  3.365e-01 (converged=True)
	Change =  1.014e-07
__________________________________________
TF Iteration 650
	μ = -2.450026415e-02, change: 2.552712946e-03 (converged=False)
	φe Err =  4.062e-11, φe change =  1.539e-08
	ne Err =  1.632e-05, ne change =  1.360e-12
	Q =  1.361e-03 ->  1.378e-03, 
	Zstar guess =  3.365e-01. Current Zstar:  3.365e-01 (converged=True)
	Change =  1.807e-03
__________________________________________
TF Iteration 675
	μ = -2.439298981e-02, change: 0.000000000e+00 (converged=True)
	φe Err =  4.143e-11, φe change =  1.204e-07
	ne Err =  1.719e-06, ne change =  1.343e-11
	Q =  9.782e-04 ->  9.847e-04, 
	Zstar guess =  3.365e-01. Current Zstar:  3.365e-01 (converged=True)
	Change =  1.336e-07
__________________________________________
TF Iteration 700
	μ = -2.427656962e-02, change: 1.381849133e-03 (converged=False)
	φe Err =  3.895e-11, φe change =  9.521e-09
	ne Err =  5.144e-06, ne change =  7.775e-13
	Q =  7.677e-04 ->  7.701e-04, 
	Zstar guess =  3.365e-01. Current Zstar:  3.365e-01 (converged=True)
	Change =  9.778e-04
__________________________________________
TF Iteration 725
	μ = -2.422209404e-02, change: 0.000000000e+00 (converged=True)
	φe Err =  4.033e-11, φe change =  6.084e-08
	ne Err =  4.591e-07, ne change =  6.775e-12
	Q =  4.937e-04 ->  4.961e-04, 
	Zstar guess =  3.365e-01. Current Zstar:  3.365e-01 (converged=True)
	Change =  6.755e-08
__________________________________________
TF Iteration 750
	μ = -2.416448728e-02, change: 6.844656583e-04 (converged=False)
	φe Err =  4.086e-11, φe change =  4.732e-09
	ne Err =  2.528e-06, ne change =  3.793e-13
	Q =  3.795e-04 ->  3.805e-04, 
	Zstar guess =  3.365e-01. Current Zstar:  3.365e-01 (converged=True)
	Change =  4.842e-04
__________________________________________
TF Iteration 775
	μ = -2.413770096e-02, change: 0.000000000e+00 (converged=True)
	φe Err =  3.883e-11, φe change =  2.980e-08
	ne Err =  2.246e-07, ne change =  3.313e-12
	Q =  2.426e-04 ->  2.437e-04, 
	Zstar guess =  3.365e-01. Current Zstar:  3.365e-01 (converged=True)
	Change =  3.309e-08
__________________________________________
TF Iteration 800
	μ = -2.410946097e-02, change: 3.367368301e-04 (converged=False)
	φe Err =  3.978e-11, φe change =  2.346e-09
	ne Err =  1.240e-06, ne change =  1.879e-13
	Q =  1.863e-04 ->  1.868e-04, 
	Zstar guess =  3.365e-01. Current Zstar:  3.365e-01 (converged=True)
	Change =  2.382e-04
__________________________________________
TF Iteration 825
	μ = -2.409628278e-02, change: 0.000000000e+00 (converged=True)
	φe Err =  4.177e-11, φe change =  1.476e-08
	ne Err =  1.121e-07, ne change =  1.641e-12
	Q =  1.196e-04 ->  1.202e-04, 
	Zstar guess =  3.365e-01. Current Zstar:  3.365e-01 (converged=True)
	Change =  1.639e-08
__________________________________________
TF Iteration 850
	μ = -2.408235210e-02, change: 1.661587176e-04 (converged=False)
	φe Err =  4.040e-11, φe change =  1.153e-09
	ne Err =  6.110e-07, ne change =  9.008e-14
	Q =  9.187e-05 ->  9.213e-05, 
	Zstar guess =  3.365e-01. Current Zstar:  3.365e-01 (converged=True)
	Change =  1.175e-04
__________________________________________
TF Iteration 875
	μ = -2.407586882e-02, change: 0.000000000e+00 (converged=True)
	φe Err =  3.785e-11, φe change =  7.244e-09
	ne Err =  5.502e-08, ne change =  8.022e-13
	Q =  5.882e-05 ->  5.910e-05, 
	Zstar guess =  3.365e-01. Current Zstar:  3.365e-01 (converged=True)
	Change =  8.044e-09
__________________________________________
TF Iteration 900
	μ = -2.406902771e-02, change: 8.159938753e-05 (converged=False)
	φe Err =  4.002e-11, φe change =  5.664e-10
	ne Err =  2.999e-07, ne change =  4.664e-14
	Q =  4.510e-05 ->  4.523e-05, 
	Zstar guess =  3.365e-01. Current Zstar:  3.365e-01 (converged=True)
	Change =  5.770e-05
__________________________________________
TF Iteration 925
	μ = -2.406584785e-02, change: 0.000000000e+00 (converged=True)
	φe Err =  4.021e-11, φe change =  3.555e-09
	ne Err =  2.696e-08, ne change =  3.963e-13
	Q =  2.885e-05 ->  2.898e-05, 
	Zstar guess =  3.365e-01. Current Zstar:  3.365e-01 (converged=True)
	Change =  3.948e-09
__________________________________________
TF Iteration 950
	μ = -2.406249516e-02, change: 3.999148250e-05 (converged=False)
	φe Err =  3.936e-11, φe change =  2.757e-10
	ne Err =  1.469e-07, ne change =  1.989e-14
	Q =  2.210e-05 ->  2.216e-05, 
	Zstar guess =  3.365e-01. Current Zstar:  3.365e-01 (converged=True)
	Change =  2.828e-05
__________________________________________
TF Iteration 975
	μ = -2.406093766e-02, change: 0.000000000e+00 (converged=True)
	φe Err =  4.030e-11, φe change =  1.736e-09
	ne Err =  1.320e-08, ne change =  1.915e-13
	Q =  1.413e-05 ->  1.419e-05, 
	Zstar guess =  3.365e-01. Current Zstar:  3.365e-01 (converged=True)
	Change =  1.928e-09
__________________________________________
TF Iteration 1000
	μ = -2.405929608e-02, change: 1.958168054e-05 (converged=False)
	φe Err =  3.967e-11, φe change =  1.326e-10
	ne Err =  7.193e-08, ne change =  8.061e-15
	Q =  1.082e-05 ->  1.085e-05, 
	Zstar guess =  3.365e-01. Current Zstar:  3.365e-01 (converged=True)
	Change =  1.385e-05
__________________________________________
TF Iteration 1025
	μ = -2.405853368e-02, change: 0.000000000e+00 (converged=True)
	φe Err =  4.049e-11, φe change =  8.518e-10
	ne Err =  6.458e-09, ne change =  9.383e-14
	Q =  6.915e-06 ->  6.947e-06, 
	Zstar guess =  3.365e-01. Current Zstar:  3.365e-01 (converged=True)
	Change =  9.458e-10
__________________________________________
TF Iteration 1050
	μ = -2.405773030e-02, change: 9.583119320e-06 (converged=True)
	φe Err =  3.984e-11, φe change =  7.163e-11
	ne Err =  3.520e-08, ne change =  9.822e-15
	Q =  5.295e-06 ->  5.309e-06, 
	Zstar guess =  3.365e-01. Current Zstar:  3.365e-01 (converged=True)
	Change =  6.776e-06
__________________________________________
TF Iteration 1075
	μ = -2.405735725e-02, change: 0.000000000e+00 (converged=True)
	φe Err =  4.042e-11, φe change =  4.167e-10
	ne Err =  3.159e-09, ne change =  4.350e-14
	Q =  3.383e-06 ->  3.399e-06, 
	Zstar guess =  3.365e-01. Current Zstar:  3.365e-01 (converged=True)
	Change =  4.626e-10
__________________________________________
TF Iteration 1100
	μ = -2.405696418e-02, change: 4.688629283e-06 (converged=True)
	φe Err =  4.010e-11, φe change =  3.640e-11
	ne Err =  1.722e-08, ne change =  4.725e-15
	Q =  2.590e-06 ->  2.598e-06, 
	Zstar guess =  3.365e-01. Current Zstar:  3.365e-01 (converged=True)
	Change =  3.315e-06
__________________________________________
TF Iteration 1125
	μ = -2.405678168e-02, change: 0.000000000e+00 (converged=True)
	φe Err =  4.268e-11, φe change =  2.062e-10
	ne Err =  1.546e-09, ne change =  2.441e-14
	Q =  1.655e-06 ->  1.663e-06, 
	Zstar guess =  3.365e-01. Current Zstar:  3.365e-01 (converged=True)
	Change =  2.288e-10
__________________________________________
TF Iteration 1150
	μ = -2.405658939e-02, change: 2.293692000e-06 (converged=True)
	φe Err =  3.859e-11, φe change =  1.458e-11
	ne Err =  8.424e-09, ne change =  2.513e-15
	Q =  1.267e-06 ->  1.271e-06, 
	Zstar guess =  3.365e-01. Current Zstar:  3.365e-01 (converged=True)
	Change =  1.622e-06
__________________________________________
TF Iteration 1175
	μ = -2.405650011e-02, change: 0.000000000e+00 (converged=True)
	φe Err =  3.892e-11, φe change =  9.750e-11
	ne Err =  7.561e-10, ne change =  9.640e-15
	Q =  8.097e-07 ->  8.134e-07, 
	Zstar guess =  3.365e-01. Current Zstar:  3.365e-01 (converged=True)
	Change =  1.082e-10
__________________________________________
TF Iteration 1200
	μ = -2.405640605e-02, change: 1.122037251e-06 (converged=True)
	φe Err =  4.028e-11, φe change =  1.061e-11
	ne Err =  4.121e-09, ne change =  1.891e-15
	Q =  6.199e-07 ->  6.216e-07, 
	Zstar guess =  3.365e-01. Current Zstar:  3.365e-01 (converged=True)
	Change =  7.934e-07
__________________________________________
TF Iteration 1225
	μ = -2.405636237e-02, change: 0.000000000e+00 (converged=True)
	φe Err =  4.014e-11, φe change =  5.413e-11
	ne Err =  3.698e-10, ne change =  1.064e-14
	Q =  3.961e-07 ->  3.979e-07, 
	Zstar guess =  3.365e-01. Current Zstar:  3.365e-01 (converged=True)
	Change =  5.899e-11
__________________________________________
TF Iteration 1250
	μ = -2.405631636e-02, change: 5.488735616e-07 (converged=True)
	φe Err =  3.880e-11, φe change =  7.756e-12
	ne Err =  2.016e-09, ne change =  1.329e-15
	Q =  3.032e-07 ->  3.041e-07, 
	Zstar guess =  3.365e-01. Current Zstar:  3.365e-01 (converged=True)
	Change =  3.881e-07
__________________________________________
TF Iteration 1270
	μ = -2.405630491e-02, change: 0.000000000e+00 (converged=True)
	φe Err =  4.002e-11, φe change =  3.803e-12
	ne Err =  9.898e-11, ne change =  3.302e-15
	Q =  2.271e-07 ->  2.278e-07, 
	Zstar guess =  3.365e-01. Current Zstar:  3.365e-01 (converged=True)
	Change =  2.426e-12
	-------------------
	Solving IET.
0: Initial condition Total Error: 6.023e-01
Exiting status 0, reverting to best index so far: 298
Final iter:299, Total Error: 9.987e-13
	-------------------
	Solving IET.
0: Initial condition Total Error: 6.470e-01
Exiting status 0, reverting to best index so far: 412
Final iter:413, Total Error: 9.746e-13
Time to solve CS model: 4.966e+02 [s], time so far: 4.989e+02 [s]
CS model saved.
Ee_pot_density = -1.186e-01 [au], Ee_K = 6.051e-02 [au], Ee_tot = -5.806e-02 [au]
P_e = 7.156e-09 [au], 2.105e-06 [Mbar]
Virial if 6.540e+02 = 6.408e+02 --->  off by 2.067e+00 % 

βEe_pot/Z = -11664.398, βEe_K/Z = 5952.777, βEe_tot/Z = -5711.621
βP_e Ω/Z = 0.001
