
===========================================
===========================================
Starting case: Ar: Te = 0.174 eV, Ti = 0.174 eV 

T[K]:  2023.3677267098337
________________________
Generating NPA
T:  0.006407621074462347
Using More TF fit for initial Zstar = 0.342
	Intializing grid
Initializing, True
Initializing
	Creating Integral Equation Solver
Intialized Potentials and Densities
Initialized
Time to setup correlation sphere (IS) model: 1.208e+00 [s], time so far: 1.208e+00 [s]
Beginning self-consistent electron solver.
_________________________________
__________________________________________
TF Iteration 0
	μ = -1.438906694e+00, change: 4.071291278e+02 (converged=False)
	φe Err =  3.949e-11, φe change =  9.566e-01
	ne Err =  8.880e-02, ne change =  2.105e-04
	Q =  0.000e+00 -> -2.428e+01, 
	Zstar guess =  3.423e-01. Current Zstar:  3.423e-01 (converged=True)
	Change =  1.945e+00
__________________________________________
TF Iteration 1
	μ = -1.438906694e+00, change: 0.000000000e+00 (converged=True)
	φe Err =  4.186e-11, φe change =  5.427e-02
	ne Err =  1.678e-01, ne change =  1.559e-04
	Q = -2.428e+01 -> -1.737e+01, 
	Zstar guess =  3.423e-01. Current Zstar:  3.423e-01 (converged=True)
	Change =  6.060e-02
__________________________________________
TF Iteration 2
	μ = -1.438906694e+00, change: 0.000000000e+00 (converged=True)
	φe Err =  4.133e-11, φe change =  1.412e-02
	ne Err =  1.162e-01, ne change =  1.274e-04
	Q = -1.737e+01 -> -1.204e+01, 
	Zstar guess =  3.423e-01. Current Zstar:  3.423e-01 (converged=True)
	Change =  1.438e-02
__________________________________________
TF Iteration 3
	μ = -1.438906694e+00, change: 0.000000000e+00 (converged=True)
	φe Err =  3.950e-11, φe change =  1.549e-02
	ne Err =  7.268e-02, ne change =  1.047e-04
	Q = -1.204e+01 -> -8.092e+00, 
	Zstar guess =  3.423e-01. Current Zstar:  3.423e-01 (converged=True)
	Change =  1.692e-02
__________________________________________
TF Iteration 4
	μ = -1.438906694e+00, change: 0.000000000e+00 (converged=True)
	φe Err =  3.724e-11, φe change =  9.343e-03
	ne Err =  5.308e-02, ne change =  8.528e-05
	Q = -8.092e+00 -> -5.258e+00, 
	Zstar guess =  3.423e-01. Current Zstar:  3.423e-01 (converged=True)
	Change =  1.055e-02
__________________________________________
TF Iteration 5
	μ = -1.438906694e+00, change: 0.000000000e+00 (converged=True)
	φe Err =  3.814e-11, φe change =  3.834e-03
	ne Err =  4.685e-02, ne change =  6.870e-05
	Q = -5.258e+00 -> -3.238e+00, 
	Zstar guess =  3.423e-01. Current Zstar:  3.423e-01 (converged=True)
	Change =  4.309e-03
__________________________________________
TF Iteration 6
	μ = -1.438906694e+00, change: 0.000000000e+00 (converged=True)
	φe Err =  3.811e-11, φe change =  1.679e-03
	ne Err =  4.111e-02, ne change =  5.483e-05
	Q = -3.238e+00 -> -1.770e+00, 
	Zstar guess =  3.423e-01. Current Zstar:  3.423e-01 (converged=True)
	Change =  4.352e-04
__________________________________________
TF Iteration 7
	μ = -1.438906694e+00, change: 0.000000000e+00 (converged=True)
	φe Err =  4.017e-11, φe change =  2.016e-03
	ne Err =  3.385e-02, ne change =  4.352e-05
	Q = -1.770e+00 -> -6.704e-01, 
	Zstar guess =  3.423e-01. Current Zstar:  3.423e-01 (converged=True)
	Change =  1.288e-03
__________________________________________
TF Iteration 8
	μ = -1.438906694e+00, change: 0.000000000e+00 (converged=True)
	φe Err =  3.753e-11, φe change =  1.927e-03
	ne Err =  2.671e-02, ne change =  3.446e-05
	Q = -6.704e-01 ->  1.756e-01, 
	Zstar guess =  3.423e-01. Current Zstar:  3.423e-01 (converged=True)
	Change =  1.540e-03
__________________________________________
TF Iteration 9
	μ = -1.438906694e+00, change: 0.000000000e+00 (converged=True)
	φe Err =  3.730e-11, φe change =  1.506e-03
	ne Err =  2.080e-02, ne change =  2.730e-05
	Q =  1.756e-01 ->  8.366e-01, 
	Zstar guess =  3.423e-01. Current Zstar:  3.423e-01 (converged=True)
	Change =  1.264e-03
__________________________________________
TF Iteration 25
	μ = -6.342613159e-01, change: 0.000000000e+00 (converged=True)
	φe Err =  4.211e-11, φe change =  2.591e-04
	ne Err =  1.630e-03, ne change =  7.177e-07
	Q =  1.843e+00 ->  1.859e+00, 
	Zstar guess =  3.423e-01. Current Zstar:  3.423e-01 (converged=True)
	Change =  2.717e-04
__________________________________________
TF Iteration 50
	μ = -2.498553156e-01, change: 2.532397959e-01 (converged=False)
	φe Err =  3.885e-11, φe change =  1.982e-06
	ne Err =  1.088e-02, ne change =  5.532e-09
	Q =  1.156e+00 ->  1.155e+00, 
	Zstar guess =  3.423e-01. Current Zstar:  3.423e-01 (converged=True)
	Change =  2.029e-01
__________________________________________
TF Iteration 75
	μ = -1.475326493e-01, change: 0.000000000e+00 (converged=True)
	φe Err =  3.987e-11, φe change =  5.650e-05
	ne Err =  7.876e-04, ne change =  2.597e-09
	Q =  5.498e-01 ->  5.465e-01, 
	Zstar guess =  3.423e-01. Current Zstar:  3.423e-01 (converged=True)
	Change =  5.949e-05
__________________________________________
TF Iteration 100
	μ = -7.863836457e-02, change: 1.698678465e-01 (converged=False)
	φe Err =  3.888e-11, φe change =  9.374e-07
	ne Err =  2.503e-03, ne change =  5.006e-10
	Q =  3.134e-01 ->  3.118e-01, 
	Zstar guess =  3.423e-01. Current Zstar:  3.423e-01 (converged=True)
	Change =  1.307e-01
__________________________________________
TF Iteration 125
	μ = -5.822801401e-02, change: 0.000000000e+00 (converged=True)
	φe Err =  4.107e-11, φe change =  1.323e-05
	ne Err =  4.804e-04, ne change =  1.405e-09
	Q =  1.454e-01 ->  1.441e-01, 
	Zstar guess =  3.423e-01. Current Zstar:  3.423e-01 (converged=True)
	Change =  1.413e-05
__________________________________________
TF Iteration 150
	μ = -4.305937785e-02, change: 8.111307310e-02 (converged=False)
	φe Err =  4.033e-11, φe change =  3.103e-07
	ne Err =  6.855e-04, ne change =  9.359e-11
	Q =  8.382e-02 ->  8.332e-02, 
	Zstar guess =  3.423e-01. Current Zstar:  3.423e-01 (converged=True)
	Change =  5.973e-02
__________________________________________
TF Iteration 175
	μ = -3.777157829e-02, change: 0.000000000e+00 (converged=True)
	φe Err =  4.001e-11, φe change =  4.454e-06
	ne Err =  2.324e-04, ne change =  5.135e-10
	Q =  4.317e-02 ->  4.308e-02, 
	Zstar guess =  3.423e-01. Current Zstar:  3.423e-01 (converged=True)
	Change =  4.858e-06
__________________________________________
TF Iteration 200
	μ = -3.268425653e-02, change: 4.250484733e-02 (converged=False)
	φe Err =  4.035e-11, φe change =  2.260e-07
	ne Err =  2.372e-04, ne change =  3.352e-11
	Q =  3.149e-02 ->  3.157e-02, 
	Zstar guess =  3.423e-01. Current Zstar:  3.423e-01 (converged=True)
	Change =  3.070e-02
__________________________________________
TF Iteration 225
	μ = -3.036150751e-02, change: 0.000000000e+00 (converged=True)
	φe Err =  3.944e-11, φe change =  2.305e-06
	ne Err =  1.704e-05, ne change =  2.652e-10
	Q =  2.014e-02 ->  2.022e-02, 
	Zstar guess =  3.423e-01. Current Zstar:  3.423e-01 (converged=True)
	Change =  2.549e-06
__________________________________________
TF Iteration 250
	μ = -2.796942009e-02, change: 2.369327871e-02 (converged=False)
	φe Err =  4.157e-11, φe change =  1.525e-07
	ne Err =  1.045e-04, ne change =  1.571e-11
	Q =  1.527e-02 ->  1.530e-02, 
	Zstar guess =  3.423e-01. Current Zstar:  3.423e-01 (converged=True)
	Change =  1.695e-02
__________________________________________
TF Iteration 275
	μ = -2.688868924e-02, change: 0.000000000e+00 (converged=True)
	φe Err =  4.184e-11, φe change =  1.146e-06
	ne Err =  8.074e-06, ne change =  1.299e-10
	Q =  9.629e-03 ->  9.666e-03, 
	Zstar guess =  3.423e-01. Current Zstar:  3.423e-01 (converged=True)
	Change =  1.271e-06
__________________________________________
TF Iteration 300
	μ = -2.578202622e-02, change: 1.200880406e-02 (converged=False)
	φe Err =  3.945e-11, φe change =  8.277e-08
	ne Err =  4.793e-05, ne change =  7.302e-12
	Q =  7.230e-03 ->  7.246e-03, 
	Zstar guess =  3.423e-01. Current Zstar:  3.423e-01 (converged=True)
	Change =  8.543e-03
__________________________________________
TF Iteration 325
	μ = -2.528406399e-02, change: 0.000000000e+00 (converged=True)
	φe Err =  3.962e-11, φe change =  5.462e-07
	ne Err =  4.108e-06, ne change =  6.136e-11
	Q =  4.510e-03 ->  4.526e-03, 
	Zstar guess =  3.423e-01. Current Zstar:  3.423e-01 (converged=True)
	Change =  6.060e-07
__________________________________________
TF Iteration 350
	μ = -2.477543945e-02, change: 5.775501087e-03 (converged=False)
	φe Err =  3.810e-11, φe change =  4.096e-08
	ne Err =  2.193e-05, ne change =  3.372e-12
	Q =  3.366e-03 ->  3.374e-03, 
	Zstar guess =  3.423e-01. Current Zstar:  3.423e-01 (converged=True)
	Change =  4.096e-03
__________________________________________
TF Iteration 375
	μ = -2.454693690e-02, change: 0.000000000e+00 (converged=True)
	φe Err =  4.005e-11, φe change =  2.547e-07
	ne Err =  1.981e-06, ne change =  2.850e-11
	Q =  2.087e-03 ->  2.094e-03, 
	Zstar guess =  3.423e-01. Current Zstar:  3.423e-01 (converged=True)
	Change =  2.827e-07
__________________________________________
TF Iteration 400
	μ = -2.431377361e-02, change: 2.703897138e-03 (converged=False)
	φe Err =  3.916e-11, φe change =  1.934e-08
	ne Err =  1.003e-05, ne change =  1.544e-12
	Q =  1.553e-03 ->  1.556e-03, 
	Zstar guess =  3.423e-01. Current Zstar:  3.423e-01 (converged=True)
	Change =  1.915e-03
__________________________________________
TF Iteration 425
	μ = -2.420915116e-02, change: 0.000000000e+00 (converged=True)
	φe Err =  3.901e-11, φe change =  1.176e-07
	ne Err =  9.358e-07, ne change =  1.314e-11
	Q =  9.595e-04 ->  9.627e-04, 
	Zstar guess =  3.423e-01. Current Zstar:  3.423e-01 (converged=True)
	Change =  1.306e-07
__________________________________________
TF Iteration 450
	μ = -2.410251928e-02, change: 1.247707717e-03 (converged=False)
	φe Err =  4.052e-11, φe change =  8.958e-09
	ne Err =  4.572e-06, ne change =  7.067e-13
	Q =  7.120e-04 ->  7.136e-04, 
	Zstar guess =  3.423e-01. Current Zstar:  3.423e-01 (converged=True)
	Change =  8.828e-04
__________________________________________
TF Iteration 475
	μ = -2.405477356e-02, change: 0.000000000e+00 (converged=True)
	φe Err =  4.043e-11, φe change =  5.372e-08
	ne Err =  4.397e-07, ne change =  5.994e-12
	Q =  4.386e-04 ->  4.399e-04, 
	Zstar guess =  3.423e-01. Current Zstar:  3.423e-01 (converged=True)
	Change =  5.964e-08
__________________________________________
TF Iteration 500
	μ = -2.400644975e-02, change: 5.653980296e-04 (converged=False)
	φe Err =  3.900e-11, φe change =  4.067e-09
	ne Err =  2.056e-06, ne change =  3.167e-13
	Q =  3.226e-04 ->  3.232e-04, 
	Zstar guess =  3.423e-01. Current Zstar:  3.423e-01 (converged=True)
	Change =  3.999e-04
__________________________________________
TF Iteration 525
	μ = -2.398513046e-02, change: 0.000000000e+00 (converged=True)
	φe Err =  3.900e-11, φe change =  2.395e-08
	ne Err =  2.705e-07, ne change =  2.664e-12
	Q =  1.956e-04 ->  1.959e-04, 
	Zstar guess =  3.423e-01. Current Zstar:  3.423e-01 (converged=True)
	Change =  2.658e-08
__________________________________________
TF Iteration 550
	μ = -2.396469188e-02, change: 2.264856742e-04 (converged=False)
	φe Err =  3.941e-11, φe change =  1.670e-09
	ne Err =  9.339e-07, ne change =  1.097e-13
	Q =  1.349e-04 ->  1.343e-04, 
	Zstar guess =  3.423e-01. Current Zstar:  3.423e-01 (converged=True)
	Change =  1.602e-04
__________________________________________
TF Iteration 575
	μ = -2.395969097e-02, change: 0.000000000e+00 (converged=True)
	φe Err =  3.952e-11, φe change =  2.604e-09
	ne Err =  5.360e-06, ne change =  1.418e-13
	Q =  2.744e-05 ->  1.774e-05, 
	Zstar guess =  3.423e-01. Current Zstar:  3.423e-01 (converged=True)
	Change =  1.614e-09
__________________________________________
TF Iteration 600
	μ = -2.431571671e-02, change: 1.046811093e-02 (converged=False)
	φe Err =  4.123e-11, φe change =  8.706e-08
	ne Err =  2.144e-04, ne change =  5.117e-12
	Q = -3.521e-03 -> -3.903e-03, 
	Zstar guess =  3.423e-01. Current Zstar:  3.423e-01 (converged=True)
	Change =  7.363e-03
__________________________________________
TF Iteration 625
	μ = -2.492172390e-02, change: 0.000000000e+00 (converged=True)
	φe Err =  4.095e-11, φe change =  7.227e-07
	ne Err =  5.353e-05, ne change =  8.126e-11
	Q = -5.812e-03 -> -5.902e-03, 
	Zstar guess =  3.423e-01. Current Zstar:  3.423e-01 (converged=True)
	Change =  8.039e-07
__________________________________________
TF Iteration 650
	μ = -2.565596284e-02, change: 8.417455634e-03 (converged=False)
	φe Err =  3.991e-11, φe change =  6.001e-08
	ne Err =  3.332e-05, ne change =  4.958e-12
	Q = -4.932e-03 -> -4.952e-03, 
	Zstar guess =  3.423e-01. Current Zstar:  3.423e-01 (converged=True)
	Change =  5.927e-03
__________________________________________
TF Iteration 675
	μ = -2.600383296e-02, change: 0.000000000e+00 (converged=True)
	φe Err =  4.225e-11, φe change =  3.818e-07
	ne Err =  2.925e-06, ne change =  4.273e-11
	Q = -3.166e-03 -> -3.180e-03, 
	Zstar guess =  3.423e-01. Current Zstar:  3.423e-01 (converged=True)
	Change =  4.236e-07
__________________________________________
TF Iteration 700
	μ = -2.636956679e-02, change: 3.987720267e-03 (converged=False)
	φe Err =  4.144e-11, φe change =  2.838e-08
	ne Err =  1.606e-05, ne change =  2.446e-12
	Q = -2.410e-03 -> -2.417e-03, 
	Zstar guess =  3.423e-01. Current Zstar:  3.423e-01 (converged=True)
	Change =  2.814e-03
__________________________________________
TF Iteration 725
	μ = -2.653853211e-02, change: 0.000000000e+00 (converged=True)
	φe Err =  3.942e-11, φe change =  1.830e-07
	ne Err =  1.317e-06, ne change =  2.054e-11
	Q = -1.528e-03 -> -1.535e-03, 
	Zstar guess =  3.423e-01. Current Zstar:  3.423e-01 (converged=True)
	Change =  2.030e-07
__________________________________________
TF Iteration 750
	μ = -2.671545758e-02, change: 1.898369552e-03 (converged=False)
	φe Err =  3.978e-11, φe change =  1.336e-08
	ne Err =  7.773e-06, ne change =  1.178e-12
	Q = -1.161e-03 -> -1.164e-03, 
	Zstar guess =  3.423e-01. Current Zstar:  3.423e-01 (converged=True)
	Change =  1.341e-03
__________________________________________
TF Iteration 775
	μ = -2.679709241e-02, change: 0.000000000e+00 (converged=True)
	φe Err =  4.171e-11, φe change =  8.793e-08
	ne Err =  6.273e-07, ne change =  9.887e-12
	Q = -7.361e-04 -> -7.393e-04, 
	Zstar guess =  3.423e-01. Current Zstar:  3.423e-01 (converged=True)
	Change =  9.751e-08
__________________________________________
TF Iteration 800
	μ = -2.688253769e-02, change: 9.107977049e-04 (converged=False)
	φe Err =  3.899e-11, φe change =  6.410e-09
	ne Err =  3.758e-06, ne change =  5.678e-13
	Q = -5.600e-04 -> -5.614e-04, 
	Zstar guess =  3.423e-01. Current Zstar:  3.423e-01 (converged=True)
	Change =  6.437e-04
__________________________________________
TF Iteration 825
	μ = -2.692190703e-02, change: 0.000000000e+00 (converged=True)
	φe Err =  4.132e-11, φe change =  4.231e-08
	ne Err =  3.006e-07, ne change =  4.759e-12
	Q = -3.547e-04 -> -3.562e-04, 
	Zstar guess =  3.423e-01. Current Zstar:  3.423e-01 (converged=True)
	Change =  4.692e-08
__________________________________________
TF Iteration 850
	μ = -2.696311190e-02, change: 4.377260864e-04 (converged=False)
	φe Err =  4.225e-11, φe change =  3.082e-09
	ne Err =  1.812e-06, ne change =  2.765e-13
	Q = -2.698e-04 -> -2.705e-04, 
	Zstar guess =  3.423e-01. Current Zstar:  3.423e-01 (converged=True)
	Change =  3.095e-04
__________________________________________
TF Iteration 875
	μ = -2.698215985e-02, change: 0.000000000e+00 (converged=True)
	φe Err =  4.158e-11, φe change =  2.049e-08
	ne Err =  1.455e-07, ne change =  2.305e-12
	Q = -1.717e-04 -> -1.725e-04, 
	Zstar guess =  3.423e-01. Current Zstar:  3.423e-01 (converged=True)
	Change =  2.272e-08
__________________________________________
TF Iteration 900
	μ = -2.700209279e-02, change: 2.108731289e-04 (converged=False)
	φe Err =  3.928e-11, φe change =  1.467e-09
	ne Err =  8.751e-07, ne change =  1.342e-13
	Q = -1.303e-04 -> -1.306e-04, 
	Zstar guess =  3.423e-01. Current Zstar:  3.423e-01 (converged=True)
	Change =  1.491e-04
__________________________________________
TF Iteration 925
	μ = -2.701124680e-02, change: 0.000000000e+00 (converged=True)
	φe Err =  4.061e-11, φe change =  9.801e-09
	ne Err =  6.920e-08, ne change =  1.106e-12
	Q = -8.234e-05 -> -8.269e-05, 
	Zstar guess =  3.423e-01. Current Zstar:  3.423e-01 (converged=True)
	Change =  1.087e-08
__________________________________________
TF Iteration 950
	μ = -2.702079828e-02, change: 1.010249194e-04 (converged=False)
	φe Err =  4.085e-11, φe change =  7.039e-10
	ne Err =  4.195e-07, ne change =  6.303e-14
	Q = -6.243e-05 -> -6.258e-05, 
	Zstar guess =  3.423e-01. Current Zstar:  3.423e-01 (converged=True)
	Change =  7.143e-05
__________________________________________
TF Iteration 975
	μ = -2.702519147e-02, change: 0.000000000e+00 (converged=True)
	φe Err =  3.945e-11, φe change =  4.709e-09
	ne Err =  3.326e-08, ne change =  5.305e-13
	Q = -3.953e-05 -> -3.970e-05, 
	Zstar guess =  3.423e-01. Current Zstar:  3.423e-01 (converged=True)
	Change =  5.221e-09
__________________________________________
TF Iteration 1000
	μ = -2.702978152e-02, change: 4.855449887e-05 (converged=False)
	φe Err =  4.018e-11, φe change =  3.346e-10
	ne Err =  2.017e-07, ne change =  2.758e-14
	Q = -3.001e-05 -> -3.008e-05, 
	Zstar guess =  3.423e-01. Current Zstar:  3.423e-01 (converged=True)
	Change =  3.433e-05
__________________________________________
TF Iteration 1025
	μ = -2.703189490e-02, change: 0.000000000e+00 (converged=True)
	φe Err =  4.193e-11, φe change =  2.260e-09
	ne Err =  1.601e-08, ne change =  2.514e-13
	Q = -1.902e-05 -> -1.910e-05, 
	Zstar guess =  3.423e-01. Current Zstar:  3.423e-01 (converged=True)
	Change =  2.506e-09
__________________________________________
TF Iteration 1050
	μ = -2.703410436e-02, change: 2.337221295e-05 (converged=False)
	φe Err =  3.949e-11, φe change =  1.643e-10
	ne Err =  9.711e-08, ne change =  1.456e-14
	Q = -1.445e-05 -> -1.448e-05, 
	Zstar guess =  3.423e-01. Current Zstar:  3.423e-01 (converged=True)
	Change =  1.653e-05
__________________________________________
TF Iteration 1075
	μ = -2.703512200e-02, change: 0.000000000e+00 (converged=True)
	φe Err =  3.909e-11, φe change =  1.087e-09
	ne Err =  7.713e-09, ne change =  1.208e-13
	Q = -9.158e-06 -> -9.198e-06, 
	Zstar guess =  3.423e-01. Current Zstar:  3.423e-01 (converged=True)
	Change =  1.206e-09
__________________________________________
TF Iteration 1100
	μ = -2.703618613e-02, change: 1.125652392e-05 (converged=False)
	φe Err =  4.032e-11, φe change =  7.722e-11
	ne Err =  4.677e-08, ne change =  8.994e-15
	Q = -6.958e-06 -> -6.975e-06, 
	Zstar guess =  3.423e-01. Current Zstar:  3.423e-01 (converged=True)
	Change =  7.960e-06
__________________________________________
TF Iteration 1125
	μ = -2.703667634e-02, change: 0.000000000e+00 (converged=True)
	φe Err =  3.985e-11, φe change =  5.253e-10
	ne Err =  3.716e-09, ne change =  5.903e-14
	Q = -4.412e-06 -> -4.431e-06, 
	Zstar guess =  3.423e-01. Current Zstar:  3.423e-01 (converged=True)
	Change =  5.825e-10
__________________________________________
TF Iteration 1150
	μ = -2.703718903e-02, change: 5.423609033e-06 (converged=True)
	φe Err =  3.962e-11, φe change =  3.844e-11
	ne Err =  2.254e-08, ne change =  5.124e-15
	Q = -3.352e-06 -> -3.361e-06, 
	Zstar guess =  3.423e-01. Current Zstar:  3.423e-01 (converged=True)
	Change =  3.835e-06
__________________________________________
TF Iteration 1175
	μ = -2.703742526e-02, change: 0.000000000e+00 (converged=True)
	φe Err =  3.837e-11, φe change =  2.567e-10
	ne Err =  1.791e-09, ne change =  3.224e-14
	Q = -2.126e-06 -> -2.135e-06, 
	Zstar guess =  3.423e-01. Current Zstar:  3.423e-01 (converged=True)
	Change =  2.844e-10
__________________________________________
TF Iteration 1200
	μ = -2.703767234e-02, change: 2.613761277e-06 (converged=True)
	φe Err =  4.199e-11, φe change =  2.045e-11
	ne Err =  1.086e-08, ne change =  8.582e-16
	Q = -1.616e-06 -> -1.620e-06, 
	Zstar guess =  3.423e-01. Current Zstar:  3.423e-01 (converged=True)
	Change =  1.848e-06
__________________________________________
TF Iteration 1225
	μ = -2.703778619e-02, change: 0.000000000e+00 (converged=True)
	φe Err =  3.862e-11, φe change =  1.186e-10
	ne Err =  8.631e-10, ne change =  1.283e-14
	Q = -1.025e-06 -> -1.029e-06, 
	Zstar guess =  3.423e-01. Current Zstar:  3.423e-01 (converged=True)
	Change =  1.314e-10
__________________________________________
TF Iteration 1250
	μ = -2.703790526e-02, change: 1.259694398e-06 (converged=True)
	φe Err =  4.101e-11, φe change =  8.242e-12
	ne Err =  5.235e-09, ne change =  3.437e-15
	Q = -7.787e-07 -> -7.806e-07, 
	Zstar guess =  3.423e-01. Current Zstar:  3.423e-01 (converged=True)
	Change =  8.907e-07
__________________________________________
TF Iteration 1275
	μ = -2.703796013e-02, change: 0.000000000e+00 (converged=True)
	φe Err =  4.125e-11, φe change =  6.191e-11
	ne Err =  4.160e-10, ne change =  7.480e-15
	Q = -4.938e-07 -> -4.960e-07, 
	Zstar guess =  3.423e-01. Current Zstar:  3.423e-01 (converged=True)
	Change =  6.822e-11
__________________________________________
TF Iteration 1300
	μ = -2.703801753e-02, change: 6.071231105e-07 (converged=True)
	φe Err =  4.155e-11, φe change =  4.539e-12
	ne Err =  2.523e-09, ne change =  1.548e-15
	Q = -3.753e-07 -> -3.762e-07, 
	Zstar guess =  3.423e-01. Current Zstar:  3.423e-01 (converged=True)
	Change =  4.293e-07
__________________________________________
TF Iteration 1325
	μ = -2.703804397e-02, change: 0.000000000e+00 (converged=True)
	φe Err =  3.942e-11, φe change =  2.602e-11
	ne Err =  2.005e-10, ne change =  1.688e-15
	Q = -2.380e-07 -> -2.390e-07, 
	Zstar guess =  3.423e-01. Current Zstar:  3.423e-01 (converged=True)
	Change =  2.795e-11
__________________________________________
TF Iteration 1330
	μ = -2.703804397e-02, change: 0.000000000e+00 (converged=True)
	φe Err =  4.022e-11, φe change =  3.252e-12
	ne Err =  9.400e-11, ne change =  9.359e-16
	Q = -2.415e-07 -> -2.422e-07, 
	Zstar guess =  3.423e-01. Current Zstar:  3.423e-01 (converged=True)
	Change =  3.570e-12
	-------------------
	Solving IET.
0: Initial condition Total Error: 1.082e+00
/home/zach/plasma/hnc/hnc/hnc.py:648: RuntimeWarning: overflow encountered in exp
  hnc_err = np.linalg.norm(- 1 - self.h_r_matrix   + np.exp( -self.βu_r_matrix + self.h_r_matrix - self.c_r_matrix ))/np.sqrt(self.N_bins*self.N_species**2)
/home/zach/plasma/hnc/hnc/hnc.py:432: RuntimeWarning: overflow encountered in exp
  tot_eqn =  1 + h_r_matrix  - np.exp(-self.βu_s_r_matrix + h_r_matrix - c_s_r_matrix )
/home/zach/plasma/hnc/hnc/hnc.py:518: RuntimeWarning: overflow encountered in exp
  h_r_matrix = -1 + np.exp(γs_r_matrix - self.βu_s_r_matrix) # 2. γ_r,u_s_r  -> h_r   (HNC)
/home/zach/plasma/hnc/hnc/hnc.py:656: RuntimeWarning: invalid value encountered in subtract
  Δ_err = np.array(self.tot_err_list[-iters_to_check:-2]) - np.array(self.tot_err_list[-iters_to_check + 1:-1])
QUIT: Total error infinite.
Exiting status 1, reverting to best index so far: 11
Final iter:21, Total Error: 1.536e-01
	-------------------
	Solving IET.
0: Initial condition Total Error: 4.155e-01
Exiting status 0, reverting to best index so far: 255
Final iter:256, Total Error: 9.317e-13
Time to solve CS model: 3.333e+02 [s], time so far: 3.345e+02 [s]
CS model saved.
Ee_pot_density = -1.186e-01 [au], Ee_K = 6.052e-02 [au], Ee_tot = -5.806e-02 [au]
P_e = 6.121e-09 [au], 1.801e-06 [Mbar]
Virial if 6.540e+02 = 6.408e+02 --->  off by 2.068e+00 % 

βEe_pot/Z = -11111.508, βEe_K/Z = 5670.640, βEe_tot/Z = -5440.868
βP_e Ω/Z = 0.001
