
===========================================
===========================================
Starting case: Ar: Te = 0.043 eV, Ti = 0.043 eV 

T[K]:  494.7765677603615
________________________
Generating NPA
T:  0.0015668633639257857
Using More TF fit for initial Zstar = 0.239
	Intializing grid
Initializing, True
Initializing
	Creating Integral Equation Solver
Intialized Potentials and Densities
Initialized
Time to setup correlation sphere (IS) model: 1.023e+00 [s], time so far: 1.023e+00 [s]
Beginning self-consistent electron solver.
_________________________________
__________________________________________
TF Iteration 0
	μ = -1.206837479e+00, change: 3.881174727e+02 (converged=False)
	φe Err =  3.795e-11, φe change =  9.377e-01
	ne Err =  7.052e-02, ne change =  2.100e-04
	Q =  0.000e+00 -> -1.671e+01, 
	Zstar guess =  2.391e-01. Current Zstar:  2.391e-01 (converged=True)
	Change =  1.927e+00
__________________________________________
TF Iteration 1
	μ = -1.206837479e+00, change: 0.000000000e+00 (converged=True)
	φe Err =  4.136e-11, φe change =  4.509e-02
	ne Err =  1.413e-01, ne change =  1.576e-04
	Q = -1.671e+01 -> -1.146e+01, 
	Zstar guess =  2.391e-01. Current Zstar:  2.391e-01 (converged=True)
	Change =  5.018e-02
__________________________________________
TF Iteration 2
	μ = -1.206837479e+00, change: 0.000000000e+00 (converged=True)
	φe Err =  3.963e-11, φe change =  1.260e-02
	ne Err =  9.393e-02, ne change =  1.284e-04
	Q = -1.146e+01 -> -7.491e+00, 
	Zstar guess =  2.391e-01. Current Zstar:  2.391e-01 (converged=True)
	Change =  1.312e-02
__________________________________________
TF Iteration 3
	μ = -1.206837479e+00, change: 0.000000000e+00 (converged=True)
	φe Err =  4.072e-11, φe change =  1.244e-02
	ne Err =  5.663e-02, ne change =  1.049e-04
	Q = -7.491e+00 -> -4.656e+00, 
	Zstar guess =  2.391e-01. Current Zstar:  2.391e-01 (converged=True)
	Change =  1.370e-02
__________________________________________
TF Iteration 4
	μ = -1.206837479e+00, change: 0.000000000e+00 (converged=True)
	φe Err =  4.018e-11, φe change =  6.527e-03
	ne Err =  4.252e-02, ne change =  8.496e-05
	Q = -4.656e+00 -> -2.703e+00, 
	Zstar guess =  2.391e-01. Current Zstar:  2.391e-01 (converged=True)
	Change =  7.429e-03
__________________________________________
TF Iteration 5
	μ = -1.206837479e+00, change: 0.000000000e+00 (converged=True)
	φe Err =  3.769e-11, φe change =  2.137e-03
	ne Err =  3.780e-02, ne change =  6.814e-05
	Q = -2.703e+00 -> -1.354e+00, 
	Zstar guess =  2.391e-01. Current Zstar:  2.391e-01 (converged=True)
	Change =  2.174e-03
__________________________________________
TF Iteration 6
	μ = -1.206837479e+00, change: 0.000000000e+00 (converged=True)
	φe Err =  4.189e-11, φe change =  1.605e-03
	ne Err =  3.212e-02, ne change =  5.426e-05
	Q = -1.354e+00 -> -3.879e-01, 
	Zstar guess =  2.391e-01. Current Zstar:  2.391e-01 (converged=True)
	Change =  7.075e-04
__________________________________________
TF Iteration 7
	μ = -1.206837479e+00, change: 0.000000000e+00 (converged=True)
	φe Err =  4.000e-11, φe change =  1.878e-03
	ne Err =  2.554e-02, ne change =  4.306e-05
	Q = -3.879e-01 ->  3.368e-01, 
	Zstar guess =  2.391e-01. Current Zstar:  2.391e-01 (converged=True)
	Change =  1.502e-03
__________________________________________
TF Iteration 8
	μ = -1.206837479e+00, change: 0.000000000e+00 (converged=True)
	φe Err =  3.916e-11, φe change =  1.582e-03
	ne Err =  1.971e-02, ne change =  3.415e-05
	Q =  3.368e-01 ->  8.967e-01, 
	Zstar guess =  2.391e-01. Current Zstar:  2.391e-01 (converged=True)
	Change =  1.377e-03
__________________________________________
TF Iteration 9
	μ = -1.206837479e+00, change: 0.000000000e+00 (converged=True)
	φe Err =  4.031e-11, φe change =  1.137e-03
	ne Err =  1.521e-02, ne change =  2.711e-05
	Q =  8.967e-01 ->  1.335e+00, 
	Zstar guess =  2.391e-01. Current Zstar:  2.391e-01 (converged=True)
	Change =  1.006e-03
__________________________________________
TF Iteration 25
	μ = -5.604507837e-01, change: 0.000000000e+00 (converged=True)
	φe Err =  4.217e-11, φe change =  2.301e-04
	ne Err =  1.421e-03, ne change =  7.274e-07
	Q =  1.704e+00 ->  1.714e+00, 
	Zstar guess =  2.391e-01. Current Zstar:  2.391e-01 (converged=True)
	Change =  2.416e-04
__________________________________________
TF Iteration 50
	μ = -2.249584942e-01, change: 2.495532222e-01 (converged=False)
	φe Err =  3.970e-11, φe change =  1.944e-06
	ne Err =  9.787e-03, ne change =  5.229e-09
	Q =  1.055e+00 ->  1.053e+00, 
	Zstar guess =  2.391e-01. Current Zstar:  2.391e-01 (converged=True)
	Change =  1.996e-01
__________________________________________
TF Iteration 75
	μ = -1.329997180e-01, change: 0.000000000e+00 (converged=True)
	φe Err =  3.988e-11, φe change =  5.107e-05
	ne Err =  7.569e-04, ne change =  2.446e-09
	Q =  5.011e-01 ->  4.982e-01, 
	Zstar guess =  2.391e-01. Current Zstar:  2.391e-01 (converged=True)
	Change =  5.383e-05
__________________________________________
TF Iteration 100
	μ = -6.622346068e-02, change: 2.001779325e-01 (converged=False)
	φe Err =  4.157e-11, φe change =  6.208e-07
	ne Err =  2.501e-03, ne change =  4.779e-10
	Q =  2.938e-01 ->  2.929e-01, 
	Zstar guess =  2.391e-01. Current Zstar:  2.391e-01 (converged=True)
	Change =  1.563e-01
__________________________________________
TF Iteration 125
	μ = -4.308158255e-02, change: 0.000000000e+00 (converged=True)
	φe Err =  3.798e-11, φe change =  1.358e-05
	ne Err =  4.308e-04, ne change =  1.047e-09
	Q =  1.458e-01 ->  1.447e-01, 
	Zstar guess =  2.391e-01. Current Zstar:  2.391e-01 (converged=True)
	Change =  1.442e-05
__________________________________________
TF Iteration 150
	μ = -2.590581337e-02, change: 1.313546729e-01 (converged=False)
	φe Err =  3.966e-11, φe change =  4.963e-07
	ne Err =  8.732e-04, ne change =  8.137e-11
	Q =  7.964e-02 ->  7.875e-02, 
	Zstar guess =  2.391e-01. Current Zstar:  2.391e-01 (converged=True)
	Change =  9.917e-02
__________________________________________
TF Iteration 175
	μ = -2.102162149e-02, change: 0.000000000e+00 (converged=True)
	φe Err =  4.015e-11, φe change =  3.036e-06
	ne Err =  1.291e-04, ne change =  2.847e-10
	Q =  3.309e-02 ->  3.288e-02, 
	Zstar guess =  2.391e-01. Current Zstar:  2.391e-01 (converged=True)
	Change =  3.257e-06
__________________________________________
TF Iteration 200
	μ = -1.680770972e-02, change: 6.315604459e-02 (converged=False)
	φe Err =  3.915e-11, φe change =  3.801e-08
	ne Err =  1.731e-04, ne change =  2.960e-11
	Q =  2.122e-02 ->  2.121e-02, 
	Zstar guess =  2.391e-01. Current Zstar:  2.391e-01 (converged=True)
	Change =  4.609e-02
__________________________________________
TF Iteration 225
	μ = -1.508301743e-02, change: 0.000000000e+00 (converged=True)
	φe Err =  4.205e-11, φe change =  1.301e-06
	ne Err =  6.233e-06, ne change =  1.248e-10
	Q =  1.226e-02 ->  1.228e-02, 
	Zstar guess =  2.391e-01. Current Zstar:  2.391e-01 (converged=True)
	Change =  1.419e-06
__________________________________________
TF Iteration 250
	μ = -1.337595135e-02, change: 3.477826110e-02 (converged=False)
	φe Err =  3.970e-11, φe change =  5.150e-08
	ne Err =  7.264e-05, ne change =  1.220e-11
	Q =  8.949e-03 ->  8.962e-03, 
	Zstar guess =  2.391e-01. Current Zstar:  2.391e-01 (converged=True)
	Change =  2.502e-02
__________________________________________
TF Iteration 275
	μ = -1.259968847e-02, change: 0.000000000e+00 (converged=True)
	φe Err =  3.866e-11, φe change =  6.838e-07
	ne Err =  3.468e-06, ne change =  6.473e-11
	Q =  5.720e-03 ->  5.752e-03, 
	Zstar guess =  2.391e-01. Current Zstar:  2.391e-01 (converged=True)
	Change =  7.515e-07
__________________________________________
TF Iteration 300
	μ = -1.176416894e-02, change: 2.032126926e-02 (converged=False)
	φe Err =  3.722e-11, φe change =  4.172e-08
	ne Err =  3.641e-05, ne change =  6.127e-12
	Q =  4.510e-03 ->  4.522e-03, 
	Zstar guess =  2.391e-01. Current Zstar:  2.391e-01 (converged=True)
	Change =  1.452e-02
__________________________________________
TF Iteration 325
	μ = -1.204548962e-02, change: 0.000000000e+00 (converged=True)
	φe Err =  3.901e-11, φe change =  1.262e-06
	ne Err =  8.053e-04, ne change =  1.693e-10
	Q = -4.918e-03 -> -6.360e-03, 
	Zstar guess =  2.391e-01. Current Zstar:  2.391e-01 (converged=True)
	Change =  1.368e-06
__________________________________________
TF Iteration 350
	μ = -1.488096141e-02, change: 6.279788266e-02 (converged=False)
	φe Err =  3.952e-11, φe change =  1.582e-07
	ne Err =  1.716e-04, ne change =  2.412e-11
	Q = -1.618e-02 -> -1.634e-02, 
	Zstar guess =  2.391e-01. Current Zstar:  2.391e-01 (converged=True)
	Change =  4.303e-02
__________________________________________
TF Iteration 375
	μ = -1.629475803e-02, change: 0.000000000e+00 (converged=True)
	φe Err =  4.011e-11, φe change =  1.097e-06
	ne Err =  8.590e-06, ne change =  1.032e-10
	Q = -1.042e-02 -> -1.045e-02, 
	Zstar guess =  2.391e-01. Current Zstar:  2.391e-01 (converged=True)
	Change =  1.196e-06
__________________________________________
TF Iteration 400
	μ = -1.768128057e-02, change: 2.203103048e-02 (converged=False)
	φe Err =  3.942e-11, φe change =  2.899e-08
	ne Err =  5.853e-05, ne change =  1.022e-11
	Q = -7.362e-03 -> -7.368e-03, 
	Zstar guess =  2.391e-01. Current Zstar:  2.391e-01 (converged=True)
	Change =  1.541e-02
__________________________________________
TF Iteration 425
	μ = -1.825920942e-02, change: 0.000000000e+00 (converged=True)
	φe Err =  4.027e-11, φe change =  4.118e-07
	ne Err =  2.194e-06, ne change =  3.990e-11
	Q = -4.183e-03 -> -4.183e-03, 
	Zstar guess =  2.391e-01. Current Zstar:  2.391e-01 (converged=True)
	Change =  4.467e-07
__________________________________________
TF Iteration 450
	μ = -1.880061904e-02, change: 7.875746867e-03 (converged=False)
	φe Err =  4.167e-11, φe change =  7.294e-09
	ne Err =  2.265e-05, ne change =  3.930e-12
	Q = -2.845e-03 -> -2.846e-03, 
	Zstar guess =  2.391e-01. Current Zstar:  2.391e-01 (converged=True)
	Change =  5.547e-03
__________________________________________
TF Iteration 475
	μ = -1.902099827e-02, change: 0.000000000e+00 (converged=True)
	φe Err =  4.050e-11, φe change =  1.533e-07
	ne Err =  8.576e-07, ne change =  1.497e-11
	Q = -1.588e-03 -> -1.587e-03, 
	Zstar guess =  2.391e-01. Current Zstar:  2.391e-01 (converged=True)
	Change =  1.661e-07
__________________________________________
TF Iteration 500
	μ = -1.922510729e-02, change: 2.877802903e-03 (converged=False)
	φe Err =  4.103e-11, φe change =  2.312e-09
	ne Err =  8.517e-06, ne change =  1.471e-12
	Q = -1.069e-03 -> -1.069e-03, 
	Zstar guess =  2.391e-01. Current Zstar:  2.391e-01 (converged=True)
	Change =  2.032e-03
__________________________________________
TF Iteration 525
	μ = -1.930759081e-02, change: 0.000000000e+00 (converged=True)
	φe Err =  4.171e-11, φe change =  5.697e-08
	ne Err =  3.237e-07, ne change =  5.577e-12
	Q = -5.933e-04 -> -5.928e-04, 
	Zstar guess =  2.391e-01. Current Zstar:  2.391e-01 (converged=True)
	Change =  6.168e-08
__________________________________________
TF Iteration 550
	μ = -1.938369457e-02, change: 1.060869354e-03 (converged=False)
	φe Err =  4.024e-11, φe change =  8.095e-10
	ne Err =  3.173e-06, ne change =  5.474e-13
	Q = -3.983e-04 -> -3.983e-04, 
	Zstar guess =  2.391e-01. Current Zstar:  2.391e-01 (converged=True)
	Change =  7.498e-04
__________________________________________
TF Iteration 575
	μ = -1.941438453e-02, change: 0.000000000e+00 (converged=True)
	φe Err =  3.788e-11, φe change =  2.108e-08
	ne Err =  1.210e-07, ne change =  2.065e-12
	Q = -2.206e-04 -> -2.204e-04, 
	Zstar guess =  2.391e-01. Current Zstar:  2.391e-01 (converged=True)
	Change =  2.281e-08
__________________________________________
TF Iteration 600
	μ = -1.944264486e-02, change: 3.922465562e-04 (converged=False)
	φe Err =  4.027e-11, φe change =  2.904e-10
	ne Err =  1.178e-06, ne change =  2.003e-13
	Q = -1.478e-04 -> -1.478e-04, 
	Zstar guess =  2.391e-01. Current Zstar:  2.391e-01 (converged=True)
	Change =  2.773e-04
__________________________________________
TF Iteration 625
	μ = -1.945402267e-02, change: 0.000000000e+00 (converged=True)
	φe Err =  3.967e-11, φe change =  7.824e-09
	ne Err =  4.488e-08, ne change =  7.682e-13
	Q = -8.176e-05 -> -8.169e-05, 
	Zstar guess =  2.391e-01. Current Zstar:  2.391e-01 (converged=True)
	Change =  8.466e-09
__________________________________________
TF Iteration 650
	μ = -1.946450335e-02, change: 1.453190229e-04 (converged=False)
	φe Err =  4.010e-11, φe change =  1.105e-10
	ne Err =  4.368e-07, ne change =  7.391e-14
	Q = -5.483e-05 -> -5.483e-05, 
	Zstar guess =  2.391e-01. Current Zstar:  2.391e-01 (converged=True)
	Change =  1.027e-04
__________________________________________
TF Iteration 675
	μ = -1.946872568e-02, change: 0.000000000e+00 (converged=True)
	φe Err =  4.139e-11, φe change =  2.905e-09
	ne Err =  1.664e-08, ne change =  2.850e-13
	Q = -3.035e-05 -> -3.032e-05, 
	Zstar guess =  2.391e-01. Current Zstar:  2.391e-01 (converged=True)
	Change =  3.144e-09
__________________________________________
TF Iteration 700
	μ = -1.947261654e-02, change: 5.392793953e-05 (converged=False)
	φe Err =  3.994e-11, φe change =  3.955e-11
	ne Err =  1.622e-07, ne change =  2.581e-14
	Q = -2.036e-05 -> -2.036e-05, 
	Zstar guess =  2.391e-01. Current Zstar:  2.391e-01 (converged=True)
	Change =  3.813e-05
__________________________________________
TF Iteration 725
	μ = -1.947418443e-02, change: 0.000000000e+00 (converged=True)
	φe Err =  3.998e-11, φe change =  1.082e-09
	ne Err =  6.177e-09, ne change =  1.066e-13
	Q = -1.127e-05 -> -1.126e-05, 
	Zstar guess =  2.391e-01. Current Zstar:  2.391e-01 (converged=True)
	Change =  1.171e-09
__________________________________________
TF Iteration 750
	μ = -1.947562944e-02, change: 2.002528338e-05 (converged=False)
	φe Err =  4.050e-11, φe change =  2.006e-11
	ne Err =  6.024e-08, ne change =  1.069e-14
	Q = -7.561e-06 -> -7.561e-06, 
	Zstar guess =  2.391e-01. Current Zstar:  2.391e-01 (converged=True)
	Change =  1.416e-05
__________________________________________
TF Iteration 775
	μ = -1.947621179e-02, change: 0.000000000e+00 (converged=True)
	φe Err =  3.986e-11, φe change =  4.031e-10
	ne Err =  2.294e-09, ne change =  3.935e-14
	Q = -4.186e-06 -> -4.182e-06, 
	Zstar guess =  2.391e-01. Current Zstar:  2.391e-01 (converged=True)
	Change =  4.361e-10
__________________________________________
TF Iteration 800
	μ = -1.947674852e-02, change: 7.437814696e-06 (converged=True)
	φe Err =  4.024e-11, φe change =  5.679e-12
	ne Err =  2.237e-08, ne change =  3.671e-15
	Q = -2.809e-06 -> -2.809e-06, 
	Zstar guess =  2.391e-01. Current Zstar:  2.391e-01 (converged=True)
	Change =  5.259e-06
__________________________________________
TF Iteration 825
	μ = -1.947696484e-02, change: 0.000000000e+00 (converged=True)
	φe Err =  4.004e-11, φe change =  1.515e-10
	ne Err =  8.520e-10, ne change =  1.835e-14
	Q = -1.555e-06 -> -1.554e-06, 
	Zstar guess =  2.391e-01. Current Zstar:  2.391e-01 (converged=True)
	Change =  1.638e-10
__________________________________________
TF Iteration 850
	μ = -1.947716422e-02, change: 2.762804415e-06 (converged=True)
	φe Err =  4.061e-11, φe change =  1.107e-11
	ne Err =  8.311e-09, ne change =  3.101e-15
	Q = -1.043e-06 -> -1.043e-06, 
	Zstar guess =  2.391e-01. Current Zstar:  2.391e-01 (converged=True)
	Change =  1.954e-06
__________________________________________
TF Iteration 875
	μ = -1.947724457e-02, change: 0.000000000e+00 (converged=True)
	φe Err =  4.062e-11, φe change =  5.812e-11
	ne Err =  3.165e-10, ne change =  6.242e-15
	Q = -5.776e-07 -> -5.771e-07, 
	Zstar guess =  2.391e-01. Current Zstar:  2.391e-01 (converged=True)
	Change =  6.253e-11
__________________________________________
TF Iteration 900
	μ = -1.947729864e-02, change: 0.000000000e+00 (converged=True)
	φe Err =  4.066e-11, φe change =  8.190e-12
	ne Err =  9.752e-11, ne change =  2.302e-15
	Q = -3.875e-07 -> -3.875e-07, 
	Zstar guess =  2.391e-01. Current Zstar:  2.391e-01 (converged=True)
	Change =  2.829e-12
	-------------------
	Solving IET.
0: Initial condition Total Error: 2.003e+01
Exiting status 0, reverting to best index so far: 6331
Final iter:6332, Total Error: 9.966e-13
	-------------------
	Solving IET.
0: Initial condition Total Error: 2.041e+01
Exiting status 0, reverting to best index so far: 6413
Final iter:6414, Total Error: 9.993e-13
Time to solve CS model: 2.303e+02 [s], time so far: 2.313e+02 [s]
CS model saved.
Ee_pot_density = -1.186e-01 [au], Ee_K = 6.047e-02 [au], Ee_tot = -5.811e-02 [au]
P_e = 4.929e-14 [au], 1.450e-11 [Mbar]
Virial if 6.535e+02 = 6.408e+02 --->  off by 1.989e+00 % 

βEe_pot/Z = -45440.912, βEe_K/Z = 23172.385, βEe_tot/Z = -22268.527
βP_e Ω/Z = 0.000
