
===========================================
===========================================
Starting case: Ar: Te = 1.977 eV, Ti = 1.977 eV 

T[K]:  22944.090365315187
________________________
Generating NPA
T:  0.07265957394616754
Using More TF fit for initial Zstar = 1.135
	Intializing grid
Initializing, True
Initializing
	Creating Integral Equation Solver
Intialized Potentials and Densities
Initialized
Time to setup correlation sphere (IS) model: 1.117e+00 [s], time so far: 1.117e+00 [s]
Beginning self-consistent electron solver.
_________________________________
__________________________________________
TF Iteration 0
	μ = -1.981708498e+00, change: 7.658852901e+00 (converged=False)
	φe Err =  3.938e-11, φe change =  9.834e-01
	ne Err =  1.052e-01, ne change =  2.111e-04
	Q =  0.000e+00 -> -2.822e+01, 
	Zstar guess =  1.135e+00. Current Zstar:  1.135e+00 (converged=True)
	Change =  1.859e+00
__________________________________________
TF Iteration 1
	μ = -1.981708498e+00, change: 0.000000000e+00 (converged=True)
	φe Err =  4.024e-11, φe change =  6.632e-02
	ne Err =  1.970e-01, ne change =  1.537e-04
	Q = -2.822e+01 -> -2.037e+01, 
	Zstar guess =  1.135e+00. Current Zstar:  1.135e+00 (converged=True)
	Change =  7.426e-02
__________________________________________
TF Iteration 2
	μ = -1.981708498e+00, change: 0.000000000e+00 (converged=True)
	φe Err =  4.096e-11, φe change =  1.573e-02
	ne Err =  1.409e-01, ne change =  1.260e-04
	Q = -2.037e+01 -> -1.425e+01, 
	Zstar guess =  1.135e+00. Current Zstar:  1.135e+00 (converged=True)
	Change =  1.561e-02
__________________________________________
TF Iteration 3
	μ = -1.981708498e+00, change: 0.000000000e+00 (converged=True)
	φe Err =  4.036e-11, φe change =  1.886e-02
	ne Err =  9.073e-02, ne change =  1.042e-04
	Q = -1.425e+01 -> -9.654e+00, 
	Zstar guess =  1.135e+00. Current Zstar:  1.135e+00 (converged=True)
	Change =  2.041e-02
__________________________________________
TF Iteration 4
	μ = -1.981708498e+00, change: 0.000000000e+00 (converged=True)
	φe Err =  3.851e-11, φe change =  1.263e-02
	ne Err =  6.437e-02, ne change =  8.549e-05
	Q = -9.654e+00 -> -6.283e+00, 
	Zstar guess =  1.135e+00. Current Zstar:  1.135e+00 (converged=True)
	Change =  1.414e-02
__________________________________________
TF Iteration 5
	μ = -1.981708498e+00, change: 0.000000000e+00 (converged=True)
	φe Err =  3.986e-11, φe change =  6.188e-03
	ne Err =  5.514e-02, ne change =  6.929e-05
	Q = -6.283e+00 -> -3.842e+00, 
	Zstar guess =  1.135e+00. Current Zstar:  1.135e+00 (converged=True)
	Change =  7.058e-03
__________________________________________
TF Iteration 6
	μ = -1.981708498e+00, change: 0.000000000e+00 (converged=True)
	φe Err =  3.947e-11, φe change =  2.376e-03
	ne Err =  4.914e-02, ne change =  5.553e-05
	Q = -3.842e+00 -> -2.062e+00, 
	Zstar guess =  1.135e+00. Current Zstar:  1.135e+00 (converged=True)
	Change =  2.056e-03
__________________________________________
TF Iteration 7
	μ = -1.981708498e+00, change: 0.000000000e+00 (converged=True)
	φe Err =  3.778e-11, φe change =  1.973e-03
	ne Err =  4.170e-02, ne change =  4.415e-05
	Q = -2.062e+00 -> -7.343e-01, 
	Zstar guess =  1.135e+00. Current Zstar:  1.135e+00 (converged=True)
	Change =  6.238e-04
__________________________________________
TF Iteration 8
	μ = -1.981708498e+00, change: 0.000000000e+00 (converged=True)
	φe Err =  3.878e-11, φe change =  2.125e-03
	ne Err =  3.374e-02, ne change =  3.495e-05
	Q = -7.343e-01 ->  2.793e-01, 
	Zstar guess =  1.135e+00. Current Zstar:  1.135e+00 (converged=True)
	Change =  1.459e-03
__________________________________________
TF Iteration 9
	μ = -1.981708498e+00, change: 0.000000000e+00 (converged=True)
	φe Err =  3.897e-11, φe change =  1.840e-03
	ne Err =  2.663e-02, ne change =  2.763e-05
	Q =  2.793e-01 ->  1.067e+00, 
	Zstar guess =  1.135e+00. Current Zstar:  1.135e+00 (converged=True)
	Change =  1.439e-03
__________________________________________
TF Iteration 25
	μ = -8.327965600e-01, change: 0.000000000e+00 (converged=True)
	φe Err =  3.991e-11, φe change =  3.136e-04
	ne Err =  1.702e-03, ne change =  6.948e-07
	Q =  2.178e+00 ->  2.200e+00, 
	Zstar guess =  1.135e+00. Current Zstar:  1.135e+00 (converged=True)
	Change =  3.270e-04
__________________________________________
TF Iteration 50
	μ = -3.865231423e-01, change: 1.826624486e-01 (converged=False)
	φe Err =  3.997e-11, φe change =  2.161e-06
	ne Err =  9.979e-03, ne change =  5.934e-09
	Q =  1.360e+00 ->  1.358e+00, 
	Zstar guess =  1.135e+00. Current Zstar:  1.135e+00 (converged=True)
	Change =  1.414e-01
__________________________________________
TF Iteration 75
	μ = -3.032078404e-01, change: 0.000000000e+00 (converged=True)
	φe Err =  4.105e-11, φe change =  5.309e-05
	ne Err =  2.854e-04, ne change =  1.484e-09
	Q =  4.854e-01 ->  4.757e-01, 
	Zstar guess =  1.135e+00. Current Zstar:  1.135e+00 (converged=True)
	Change =  5.617e-05
__________________________________________
TF Iteration 100
	μ = -2.673544641e-01, change: 2.367049749e-02 (converged=False)
	φe Err =  4.003e-11, φe change =  5.735e-07
	ne Err =  7.776e-04, ne change =  3.392e-10
	Q =  1.762e-01 ->  1.749e-01, 
	Zstar guess =  1.135e+00. Current Zstar:  1.135e+00 (converged=True)
	Change =  1.694e-02
__________________________________________
TF Iteration 125
	μ = -2.612208355e-01, change: 0.000000000e+00 (converged=True)
	φe Err =  3.914e-11, φe change =  4.328e-06
	ne Err =  2.859e-05, ne change =  1.389e-10
	Q =  4.256e-02 ->  4.129e-02, 
	Zstar guess =  1.135e+00. Current Zstar:  1.135e+00 (converged=True)
	Change =  4.581e-06
__________________________________________
TF Iteration 150
	μ = -2.585740580e-01, change: 1.854490731e-03 (converged=False)
	φe Err =  3.981e-11, φe change =  4.982e-08
	ne Err =  5.797e-05, ne change =  2.579e-11
	Q =  1.375e-02 ->  1.364e-02, 
	Zstar guess =  1.135e+00. Current Zstar:  1.135e+00 (converged=True)
	Change =  1.313e-03
__________________________________________
TF Iteration 175
	μ = -2.581186581e-01, change: 0.000000000e+00 (converged=True)
	φe Err =  4.007e-11, φe change =  3.242e-07
	ne Err =  2.180e-06, ne change =  1.048e-11
	Q =  3.206e-03 ->  3.108e-03, 
	Zstar guess =  1.135e+00. Current Zstar:  1.135e+00 (converged=True)
	Change =  3.433e-07
__________________________________________
TF Iteration 200
	μ = -2.579217416e-01, change: 1.387200149e-04 (converged=False)
	φe Err =  4.042e-11, φe change =  3.772e-09
	ne Err =  4.320e-06, ne change =  1.925e-12
	Q =  1.028e-03 ->  1.020e-03, 
	Zstar guess =  1.135e+00. Current Zstar:  1.135e+00 (converged=True)
	Change =  9.810e-05
__________________________________________
TF Iteration 225
	μ = -2.578877722e-01, change: 0.000000000e+00 (converged=True)
	φe Err =  3.955e-11, φe change =  2.421e-08
	ne Err =  1.629e-07, ne change =  7.805e-13
	Q =  2.395e-04 ->  2.322e-04, 
	Zstar guess =  1.135e+00. Current Zstar:  1.135e+00 (converged=True)
	Change =  2.564e-08
__________________________________________
TF Iteration 250
	μ = -2.578730707e-01, change: 1.035783178e-05 (converged=False)
	φe Err =  4.029e-11, φe change =  2.788e-10
	ne Err =  3.225e-07, ne change =  1.418e-13
	Q =  7.676e-05 ->  7.616e-05, 
	Zstar guess =  1.135e+00. Current Zstar:  1.135e+00 (converged=True)
	Change =  7.324e-06
__________________________________________
TF Iteration 275
	μ = -2.578705352e-01, change: 0.000000000e+00 (converged=True)
	φe Err =  4.099e-11, φe change =  1.811e-09
	ne Err =  1.216e-08, ne change =  5.981e-14
	Q =  1.788e-05 ->  1.733e-05, 
	Zstar guess =  1.135e+00. Current Zstar:  1.135e+00 (converged=True)
	Change =  1.917e-09
__________________________________________
TF Iteration 300
	μ = -2.578694379e-01, change: 7.730810714e-07 (converged=True)
	φe Err =  4.138e-11, φe change =  2.031e-11
	ne Err =  2.407e-08, ne change =  9.347e-15
	Q =  5.729e-06 ->  5.685e-06, 
	Zstar guess =  1.135e+00. Current Zstar:  1.135e+00 (converged=True)
	Change =  5.467e-07
__________________________________________
TF Iteration 325
	μ = -2.578692487e-01, change: 0.000000000e+00 (converged=True)
	φe Err =  4.050e-11, φe change =  1.402e-10
	ne Err =  9.072e-10, ne change =  7.287e-15
	Q =  1.334e-06 ->  1.294e-06, 
	Zstar guess =  1.135e+00. Current Zstar:  1.135e+00 (converged=True)
	Change =  1.479e-10
__________________________________________
TF Iteration 350
	μ = -2.578691668e-01, change: 5.769907430e-08 (converged=True)
	φe Err =  4.119e-11, φe change =  7.101e-12
	ne Err =  1.796e-09, ne change =  1.791e-15
	Q =  4.276e-07 ->  4.243e-07, 
	Zstar guess =  1.135e+00. Current Zstar:  1.135e+00 (converged=True)
	Change =  4.080e-08
__________________________________________
TF Iteration 359
	μ = -2.578691668e-01, change: 0.000000000e+00 (converged=True)
	φe Err =  3.986e-11, φe change =  8.310e-12
	ne Err =  7.912e-11, ne change =  6.355e-16
	Q =  2.608e-07 ->  2.571e-07, 
	Zstar guess =  1.135e+00. Current Zstar:  1.135e+00 (converged=True)
	Change =  2.550e-12
	-------------------
	Solving IET.
0: Initial condition Total Error: 7.296e+00
Exiting status 0, reverting to best index so far: 282
Final iter:283, Total Error: 9.397e-13
	-------------------
	Solving IET.
0: Initial condition Total Error: 7.291e+00
Exiting status 0, reverting to best index so far: 282
Final iter:283, Total Error: 9.288e-13
Time to solve CS model: 6.096e+01 [s], time so far: 6.208e+01 [s]
CS model saved.
Ee_pot_density = -1.185e-01 [au], Ee_K = 6.051e-02 [au], Ee_tot = -5.803e-02 [au]
P_e = 5.170e-06 [au], 1.521e-03 [Mbar]
Virial if 6.540e+02 = 6.407e+02 --->  off by 2.080e+00 % 

βEe_pot/Z = -979.633, βEe_K/Z = 500.070, βEe_tot/Z = -479.563
βP_e Ω/Z = 0.043
