
===========================================
===========================================
Starting case: Ar: Te = 0.093 eV, Ti = 0.093 eV 

T[K]:  1076.167449320225
________________________
Generating NPA
T:  0.0034080177996748066
Using More TF fit for initial Zstar = 0.281
	Intializing grid
Initializing, True
Initializing
	Creating Integral Equation Solver
Intialized Potentials and Densities
Initialized
Time to setup correlation sphere (IS) model: 1.206e+00 [s], time so far: 1.206e+00 [s]
Beginning self-consistent electron solver.
_________________________________
__________________________________________
TF Iteration 0
	μ = -1.313022937e+00, change: 9.901833186e+02 (converged=False)
	φe Err =  3.747e-11, φe change =  9.471e-01
	ne Err =  7.842e-02, ne change =  2.103e-04
	Q =  0.000e+00 -> -2.003e+01, 
	Zstar guess =  2.814e-01. Current Zstar:  2.814e-01 (converged=True)
	Change =  1.937e+00
__________________________________________
TF Iteration 1
	μ = -1.313022937e+00, change: 0.000000000e+00 (converged=True)
	φe Err =  4.174e-11, φe change =  4.926e-02
	ne Err =  1.535e-01, ne change =  1.568e-04
	Q = -2.003e+01 -> -1.404e+01, 
	Zstar guess =  2.814e-01. Current Zstar:  2.814e-01 (converged=True)
	Change =  5.490e-02
__________________________________________
TF Iteration 2
	μ = -1.313022937e+00, change: 0.000000000e+00 (converged=True)
	φe Err =  4.137e-11, φe change =  1.336e-02
	ne Err =  1.041e-01, ne change =  1.279e-04
	Q = -1.404e+01 -> -9.469e+00, 
	Zstar guess =  2.814e-01. Current Zstar:  2.814e-01 (converged=True)
	Change =  1.377e-02
__________________________________________
TF Iteration 3
	μ = -1.313022937e+00, change: 0.000000000e+00 (converged=True)
	φe Err =  3.996e-11, φe change =  1.386e-02
	ne Err =  6.381e-02, ne change =  1.048e-04
	Q = -9.469e+00 -> -6.144e+00, 
	Zstar guess =  2.814e-01. Current Zstar:  2.814e-01 (converged=True)
	Change =  1.520e-02
__________________________________________
TF Iteration 4
	μ = -1.313022937e+00, change: 0.000000000e+00 (converged=True)
	φe Err =  3.810e-11, φe change =  7.800e-03
	ne Err =  4.723e-02, ne change =  8.512e-05
	Q = -6.144e+00 -> -3.802e+00, 
	Zstar guess =  2.814e-01. Current Zstar:  2.814e-01 (converged=True)
	Change =  8.846e-03
__________________________________________
TF Iteration 5
	μ = -1.313022937e+00, change: 0.000000000e+00 (converged=True)
	φe Err =  3.881e-11, φe change =  2.853e-03
	ne Err =  4.193e-02, ne change =  6.840e-05
	Q = -3.802e+00 -> -2.160e+00, 
	Zstar guess =  2.814e-01. Current Zstar:  2.814e-01 (converged=True)
	Change =  3.108e-03
__________________________________________
TF Iteration 6
	μ = -1.313022937e+00, change: 0.000000000e+00 (converged=True)
	φe Err =  3.833e-11, φe change =  1.593e-03
	ne Err =  3.624e-02, ne change =  5.451e-05
	Q = -2.160e+00 -> -9.752e-01, 
	Zstar guess =  2.814e-01. Current Zstar:  2.814e-01 (converged=True)
	Change =  2.937e-04
__________________________________________
TF Iteration 7
	μ = -1.313022937e+00, change: 0.000000000e+00 (converged=True)
	φe Err =  3.984e-11, φe change =  1.956e-03
	ne Err =  2.931e-02, ne change =  4.326e-05
	Q = -9.752e-01 -> -8.800e-02, 
	Zstar guess =  2.814e-01. Current Zstar:  2.814e-01 (converged=True)
	Change =  1.438e-03
__________________________________________
TF Iteration 8
	μ = -1.313022937e+00, change: 0.000000000e+00 (converged=True)
	φe Err =  3.985e-11, φe change =  1.748e-03
	ne Err =  2.285e-02, ne change =  3.428e-05
	Q = -8.800e-02 ->  5.960e-01, 
	Zstar guess =  2.814e-01. Current Zstar:  2.814e-01 (converged=True)
	Change =  1.469e-03
__________________________________________
TF Iteration 9
	μ = -1.313022937e+00, change: 0.000000000e+00 (converged=True)
	φe Err =  3.992e-11, φe change =  1.306e-03
	ne Err =  1.769e-02, ne change =  2.719e-05
	Q =  5.960e-01 ->  1.131e+00, 
	Zstar guess =  2.814e-01. Current Zstar:  2.814e-01 (converged=True)
	Change =  1.128e-03
__________________________________________
TF Iteration 25
	μ = -5.952905410e-01, change: 0.000000000e+00 (converged=True)
	φe Err =  4.217e-11, φe change =  2.439e-04
	ne Err =  1.517e-03, ne change =  7.231e-07
	Q =  1.772e+00 ->  1.785e+00, 
	Zstar guess =  2.814e-01. Current Zstar:  2.814e-01 (converged=True)
	Change =  2.560e-04
__________________________________________
TF Iteration 50
	μ = -2.365907618e-01, change: 2.516810105e-01 (converged=False)
	φe Err =  4.138e-11, φe change =  1.966e-06
	ne Err =  1.032e-02, ne change =  5.376e-09
	Q =  1.103e+00 ->  1.102e+00, 
	Zstar guess =  2.814e-01. Current Zstar:  2.814e-01 (converged=True)
	Change =  2.015e-01
__________________________________________
TF Iteration 75
	μ = -1.394796748e-01, change: 0.000000000e+00 (converged=True)
	φe Err =  4.124e-11, φe change =  5.372e-05
	ne Err =  7.784e-04, ne change =  2.485e-09
	Q =  5.243e-01 ->  5.212e-01, 
	Zstar guess =  2.814e-01. Current Zstar:  2.814e-01 (converged=True)
	Change =  5.659e-05
__________________________________________
TF Iteration 100
	μ = -7.114854121e-02, change: 1.881662268e-01 (converged=False)
	φe Err =  4.147e-11, φe change =  7.934e-07
	ne Err =  2.526e-03, ne change =  4.890e-10
	Q =  3.028e-01 ->  3.015e-01, 
	Zstar guess =  2.814e-01. Current Zstar:  2.814e-01 (converged=True)
	Change =  1.461e-01
__________________________________________
TF Iteration 125
	μ = -4.945779406e-02, change: 0.000000000e+00 (converged=True)
	φe Err =  4.053e-11, φe change =  1.283e-05
	ne Err =  5.158e-04, ne change =  1.115e-09
	Q =  1.423e-01 ->  1.411e-01, 
	Zstar guess =  2.814e-01. Current Zstar:  2.814e-01 (converged=True)
	Change =  1.359e-05
__________________________________________
TF Iteration 150
	μ = -3.378186532e-02, change: 9.969574556e-02 (converged=False)
	φe Err =  4.004e-11, φe change =  3.275e-07
	ne Err =  7.469e-04, ne change =  8.352e-11
	Q =  7.731e-02 ->  7.662e-02, 
	Zstar guess =  2.814e-01. Current Zstar:  2.814e-01 (converged=True)
	Change =  7.409e-02
__________________________________________
TF Iteration 175
	μ = -2.870225103e-02, change: 0.000000000e+00 (converged=True)
	φe Err =  3.862e-11, φe change =  3.520e-06
	ne Err =  2.993e-04, ne change =  3.814e-10
	Q =  3.586e-02 ->  3.543e-02, 
	Zstar guess =  2.814e-01. Current Zstar:  2.814e-01 (converged=True)
	Change =  3.797e-06
__________________________________________
TF Iteration 200
	μ = -2.460465077e-02, change: 4.369133299e-02 (converged=False)
	φe Err =  4.141e-11, φe change =  1.183e-07
	ne Err =  1.762e-04, ne change =  2.801e-11
	Q =  2.229e-02 ->  2.228e-02, 
	Zstar guess =  2.814e-01. Current Zstar:  2.814e-01 (converged=True)
	Change =  3.158e-02
__________________________________________
TF Iteration 225
	μ = -2.281845879e-02, change: 0.000000000e+00 (converged=True)
	φe Err =  4.081e-11, φe change =  1.593e-06
	ne Err =  8.915e-06, ne change =  1.649e-10
	Q =  1.387e-02 ->  1.393e-02, 
	Zstar guess =  2.814e-01. Current Zstar:  2.814e-01 (converged=True)
	Change =  1.753e-06
__________________________________________
TF Iteration 250
	μ = -2.092489390e-02, change: 2.558481590e-02 (converged=False)
	φe Err =  3.941e-11, φe change =  9.469e-08
	ne Err =  8.339e-05, ne change =  1.335e-11
	Q =  1.079e-02 ->  1.082e-02, 
	Zstar guess =  2.814e-01. Current Zstar:  2.814e-01 (converged=True)
	Change =  1.832e-02
__________________________________________
TF Iteration 275
	μ = -2.001362016e-02, change: 0.000000000e+00 (converged=True)
	φe Err =  3.922e-11, φe change =  9.008e-07
	ne Err =  5.413e-06, ne change =  9.186e-11
	Q =  7.279e-03 ->  7.331e-03, 
	Zstar guess =  2.814e-01. Current Zstar:  2.814e-01 (converged=True)
	Change =  9.952e-07
__________________________________________
TF Iteration 300
	μ = -1.899763401e-02, change: 1.555407302e-02 (converged=False)
	φe Err =  4.084e-11, φe change =  6.555e-08
	ne Err =  4.523e-05, ne change =  7.270e-12
	Q =  5.923e-03 ->  5.942e-03, 
	Zstar guess =  2.814e-01. Current Zstar:  2.814e-01 (converged=True)
	Change =  1.108e-02
__________________________________________
TF Iteration 325
	μ = -1.848988752e-02, change: 0.000000000e+00 (converged=True)
	φe Err =  3.909e-11, φe change =  5.337e-07
	ne Err =  3.543e-06, ne change =  5.391e-11
	Q =  4.130e-03 ->  4.164e-03, 
	Zstar guess =  2.814e-01. Current Zstar:  2.814e-01 (converged=True)
	Change =  5.909e-07
__________________________________________
TF Iteration 350
	μ = -1.790910099e-02, change: 9.577654085e-03 (converged=False)
	φe Err =  4.088e-11, φe change =  4.298e-08
	ne Err =  2.596e-05, ne change =  4.197e-12
	Q =  3.435e-03 ->  3.447e-03, 
	Zstar guess =  2.814e-01. Current Zstar:  2.814e-01 (converged=True)
	Change =  6.805e-03
__________________________________________
TF Iteration 375
	μ = -1.761319228e-02, change: 0.000000000e+00 (converged=True)
	φe Err =  4.032e-11, φe change =  3.227e-07
	ne Err =  2.288e-06, ne change =  3.242e-11
	Q =  2.435e-03 ->  2.456e-03, 
	Zstar guess =  2.814e-01. Current Zstar:  2.814e-01 (converged=True)
	Change =  3.577e-07
__________________________________________
TF Iteration 400
	μ = -1.727123505e-02, change: 5.873747752e-03 (converged=False)
	φe Err =  4.053e-11, φe change =  2.705e-08
	ne Err =  1.521e-05, ne change =  2.380e-12
	Q =  2.042e-03 ->  2.049e-03, 
	Zstar guess =  2.814e-01. Current Zstar:  2.814e-01 (converged=True)
	Change =  4.166e-03
__________________________________________
TF Iteration 425
	μ = -1.738757264e-02, change: 0.000000000e+00 (converged=True)
	φe Err =  3.964e-11, φe change =  5.522e-07
	ne Err =  4.691e-04, ne change =  7.378e-11
	Q = -2.021e-03 -> -2.675e-03, 
	Zstar guess =  2.814e-01. Current Zstar:  2.814e-01 (converged=True)
	Change =  6.009e-07
__________________________________________
TF Iteration 450
	μ = -1.895015690e-02, change: 3.758729121e-02 (converged=False)
	φe Err =  3.889e-11, φe change =  2.403e-07
	ne Err =  3.519e-04, ne change =  3.486e-11
	Q = -9.856e-03 -> -1.048e-02, 
	Zstar guess =  2.814e-01. Current Zstar:  2.814e-01 (converged=True)
	Change =  2.608e-02
__________________________________________
TF Iteration 475
	μ = -2.049868690e-02, change: 0.000000000e+00 (converged=True)
	φe Err =  3.985e-11, φe change =  1.645e-06
	ne Err =  7.041e-05, ne change =  1.678e-10
	Q = -1.315e-02 -> -1.335e-02, 
	Zstar guess =  2.814e-01. Current Zstar:  2.814e-01 (converged=True)
	Change =  1.822e-06
__________________________________________
TF Iteration 500
	μ = -2.240406534e-02, change: 2.583088033e-02 (converged=False)
	φe Err =  4.053e-11, φe change =  1.147e-07
	ne Err =  8.655e-05, ne change =  1.400e-11
	Q = -1.136e-02 -> -1.140e-02, 
	Zstar guess =  2.814e-01. Current Zstar:  2.814e-01 (converged=True)
	Change =  1.803e-02
__________________________________________
TF Iteration 525
	μ = -2.333660332e-02, change: 0.000000000e+00 (converged=True)
	φe Err =  4.079e-11, φe change =  8.620e-07
	ne Err =  4.702e-06, ne change =  8.953e-11
	Q = -7.527e-03 -> -7.570e-03, 
	Zstar guess =  2.814e-01. Current Zstar:  2.814e-01 (converged=True)
	Change =  9.492e-07
__________________________________________
TF Iteration 550
	μ = -2.433447317e-02, change: 1.193529989e-02 (converged=False)
	φe Err =  3.796e-11, φe change =  4.591e-08
	ne Err =  4.425e-05, ne change =  7.163e-12
	Q = -5.808e-03 -> -5.822e-03, 
	Zstar guess =  2.814e-01. Current Zstar:  2.814e-01 (converged=True)
	Change =  8.389e-03
__________________________________________
TF Iteration 575
	μ = -2.479785412e-02, change: 0.000000000e+00 (converged=True)
	φe Err =  4.248e-11, φe change =  4.084e-07
	ne Err =  2.124e-06, ne change =  4.294e-11
	Q = -3.696e-03 -> -3.712e-03, 
	Zstar guess =  2.814e-01. Current Zstar:  2.814e-01 (converged=True)
	Change =  4.488e-07
__________________________________________
TF Iteration 600
	μ = -2.528073527e-02, change: 5.473957146e-03 (converged=False)
	φe Err =  4.088e-11, φe change =  1.939e-08
	ne Err =  2.128e-05, ne change =  3.442e-12
	Q = -2.788e-03 -> -2.794e-03, 
	Zstar guess =  2.814e-01. Current Zstar:  2.814e-01 (converged=True)
	Change =  3.860e-03
__________________________________________
TF Iteration 625
	μ = -2.550088330e-02, change: 0.000000000e+00 (converged=True)
	φe Err =  3.796e-11, φe change =  1.899e-07
	ne Err =  9.739e-07, ne change =  2.007e-11
	Q = -1.747e-03 -> -1.753e-03, 
	Zstar guess =  2.814e-01. Current Zstar:  2.814e-01 (converged=True)
	Change =  2.084e-07
__________________________________________
TF Iteration 650
	μ = -2.572767199e-02, change: 2.508333113e-03 (converged=False)
	φe Err =  4.069e-11, φe change =  8.506e-09
	ne Err =  9.965e-06, ne change =  1.610e-12
	Q = -1.305e-03 -> -1.307e-03, 
	Zstar guess =  2.814e-01. Current Zstar:  2.814e-01 (converged=True)
	Change =  1.771e-03
__________________________________________
TF Iteration 675
	μ = -2.583021184e-02, change: 0.000000000e+00 (converged=True)
	φe Err =  3.906e-11, φe change =  8.752e-08
	ne Err =  4.465e-07, ne change =  9.275e-12
	Q = -8.115e-04 -> -8.144e-04, 
	Zstar guess =  2.814e-01. Current Zstar:  2.814e-01 (converged=True)
	Change =  9.603e-08
__________________________________________
TF Iteration 700
	μ = -2.593532006e-02, change: 1.149688445e-03 (converged=False)
	φe Err =  3.955e-11, φe change =  3.816e-09
	ne Err =  4.613e-06, ne change =  7.473e-13
	Q = -6.038e-04 -> -6.048e-04, 
	Zstar guess =  2.814e-01. Current Zstar:  2.814e-01 (converged=True)
	Change =  8.125e-04
__________________________________________
TF Iteration 725
	μ = -2.598264682e-02, change: 0.000000000e+00 (converged=True)
	φe Err =  3.993e-11, φe change =  4.031e-08
	ne Err =  2.058e-07, ne change =  4.279e-12
	Q = -3.743e-04 -> -3.756e-04, 
	Zstar guess =  2.814e-01. Current Zstar:  2.814e-01 (converged=True)
	Change =  4.423e-08
__________________________________________
TF Iteration 750
	μ = -2.603109525e-02, change: 5.274511041e-04 (converged=False)
	φe Err =  4.090e-11, φe change =  1.745e-09
	ne Err =  2.126e-06, ne change =  3.440e-13
	Q = -2.782e-04 -> -2.787e-04, 
	Zstar guess =  2.814e-01. Current Zstar:  2.814e-01 (converged=True)
	Change =  3.729e-04
__________________________________________
TF Iteration 775
	μ = -2.605286629e-02, change: 0.000000000e+00 (converged=True)
	φe Err =  3.975e-11, φe change =  1.844e-08
	ne Err =  9.392e-08, ne change =  1.957e-12
	Q = -1.719e-04 -> -1.725e-04, 
	Zstar guess =  2.814e-01. Current Zstar:  2.814e-01 (converged=True)
	Change =  2.022e-08
__________________________________________
TF Iteration 800
	μ = -2.607507954e-02, change: 2.410485367e-04 (converged=False)
	φe Err =  4.011e-11, φe change =  7.854e-10
	ne Err =  9.737e-07, ne change =  1.562e-13
	Q = -1.274e-04 -> -1.276e-04, 
	Zstar guess =  2.814e-01. Current Zstar:  2.814e-01 (converged=True)
	Change =  1.704e-04
__________________________________________
TF Iteration 825
	μ = -2.608505770e-02, change: 0.000000000e+00 (converged=True)
	φe Err =  3.774e-11, φe change =  8.462e-09
	ne Err =  4.315e-08, ne change =  8.959e-13
	Q = -7.885e-05 -> -7.912e-05, 
	Zstar guess =  2.814e-01. Current Zstar:  2.814e-01 (converged=True)
	Change =  9.282e-09
__________________________________________
TF Iteration 850
	μ = -2.609525002e-02, change: 1.105480983e-04 (converged=False)
	φe Err =  3.933e-11, φe change =  3.606e-10
	ne Err =  4.469e-07, ne change =  7.169e-14
	Q = -5.848e-05 -> -5.858e-05, 
	Zstar guess =  2.814e-01. Current Zstar:  2.814e-01 (converged=True)
	Change =  7.817e-05
__________________________________________
TF Iteration 875
	μ = -2.609983220e-02, change: 0.000000000e+00 (converged=True)
	φe Err =  4.083e-11, φe change =  3.890e-09
	ne Err =  1.984e-08, ne change =  4.138e-13
	Q = -3.622e-05 -> -3.634e-05, 
	Zstar guess =  2.814e-01. Current Zstar:  2.814e-01 (converged=True)
	Change =  4.267e-09
__________________________________________
TF Iteration 900
	μ = -2.610451516e-02, change: 5.078097298e-05 (converged=False)
	φe Err =  4.033e-11, φe change =  1.661e-10
	ne Err =  2.054e-07, ne change =  3.260e-14
	Q = -2.687e-05 -> -2.692e-05, 
	Zstar guess =  2.814e-01. Current Zstar:  2.814e-01 (converged=True)
	Change =  3.591e-05
__________________________________________
TF Iteration 925
	μ = -2.610662130e-02, change: 0.000000000e+00 (converged=True)
	φe Err =  4.021e-11, φe change =  1.785e-09
	ne Err =  9.123e-09, ne change =  1.885e-13
	Q = -1.665e-05 -> -1.671e-05, 
	Zstar guess =  2.814e-01. Current Zstar:  2.814e-01 (converged=True)
	Change =  1.958e-09
__________________________________________
TF Iteration 950
	μ = -2.610877427e-02, change: 2.334392182e-05 (converged=False)
	φe Err =  4.094e-11, φe change =  8.026e-11
	ne Err =  9.443e-08, ne change =  1.920e-14
	Q = -1.236e-05 -> -1.238e-05, 
	Zstar guess =  2.814e-01. Current Zstar:  2.814e-01 (converged=True)
	Change =  1.651e-05
__________________________________________
TF Iteration 975
	μ = -2.610974273e-02, change: 0.000000000e+00 (converged=True)
	φe Err =  3.864e-11, φe change =  8.205e-10
	ne Err =  4.196e-09, ne change =  8.817e-14
	Q = -7.655e-06 -> -7.682e-06, 
	Zstar guess =  2.814e-01. Current Zstar:  2.814e-01 (converged=True)
	Change =  9.002e-10
__________________________________________
TF Iteration 1000
	μ = -2.611073283e-02, change: 1.073484362e-05 (converged=False)
	φe Err =  3.850e-11, φe change =  4.032e-11
	ne Err =  4.343e-08, ne change =  1.287e-14
	Q = -5.682e-06 -> -5.692e-06, 
	Zstar guess =  2.814e-01. Current Zstar:  2.814e-01 (converged=True)
	Change =  7.591e-06
__________________________________________
TF Iteration 1025
	μ = -2.611117824e-02, change: 0.000000000e+00 (converged=True)
	φe Err =  3.951e-11, φe change =  3.775e-10
	ne Err =  1.930e-09, ne change =  3.606e-14
	Q = -3.521e-06 -> -3.533e-06, 
	Zstar guess =  2.814e-01. Current Zstar:  2.814e-01 (converged=True)
	Change =  4.142e-10
__________________________________________
TF Iteration 1050
	μ = -2.611163363e-02, change: 4.937256103e-06 (converged=True)
	φe Err =  4.014e-11, φe change =  1.891e-11
	ne Err =  1.997e-08, ne change =  6.310e-15
	Q = -2.614e-06 -> -2.618e-06, 
	Zstar guess =  2.814e-01. Current Zstar:  2.814e-01 (converged=True)
	Change =  3.491e-06
__________________________________________
TF Iteration 1075
	μ = -2.611183849e-02, change: 0.000000000e+00 (converged=True)
	φe Err =  3.966e-11, φe change =  1.751e-10
	ne Err =  8.877e-10, ne change =  1.736e-14
	Q = -1.619e-06 -> -1.625e-06, 
	Zstar guess =  2.814e-01. Current Zstar:  2.814e-01 (converged=True)
	Change =  1.920e-10
__________________________________________
TF Iteration 1100
	μ = -2.611204796e-02, change: 2.270945949e-06 (converged=True)
	φe Err =  3.910e-11, φe change =  6.818e-12
	ne Err =  9.187e-09, ne change =  2.736e-15
	Q = -1.202e-06 -> -1.204e-06, 
	Zstar guess =  2.814e-01. Current Zstar:  2.814e-01 (converged=True)
	Change =  1.606e-06
__________________________________________
TF Iteration 1125
	μ = -2.611214219e-02, change: 0.000000000e+00 (converged=True)
	φe Err =  4.094e-11, φe change =  7.568e-11
	ne Err =  4.083e-10, ne change =  6.480e-15
	Q = -7.449e-07 -> -7.475e-07, 
	Zstar guess =  2.814e-01. Current Zstar:  2.814e-01 (converged=True)
	Change =  8.241e-11
__________________________________________
TF Iteration 1150
	μ = -2.611223854e-02, change: 1.044580851e-06 (converged=True)
	φe Err =  4.034e-11, φe change =  3.288e-12
	ne Err =  4.226e-09, ne change =  7.205e-16
	Q = -5.530e-07 -> -5.539e-07, 
	Zstar guess =  2.814e-01. Current Zstar:  2.814e-01 (converged=True)
	Change =  7.386e-07
__________________________________________
TF Iteration 1170
	μ = -2.611226189e-02, change: 0.000000000e+00 (converged=True)
	φe Err =  3.881e-11, φe change =  1.162e-11
	ne Err =  9.690e-11, ne change =  3.634e-15
	Q = -4.044e-07 -> -4.053e-07, 
	Zstar guess =  2.814e-01. Current Zstar:  2.814e-01 (converged=True)
	Change =  8.114e-12
	-------------------
	Solving IET.
0: Initial condition Total Error: 3.656e+00
/home/zach/plasma/hnc/hnc/hnc.py:648: RuntimeWarning: overflow encountered in exp
  hnc_err = np.linalg.norm(- 1 - self.h_r_matrix   + np.exp( -self.βu_r_matrix + self.h_r_matrix - self.c_r_matrix ))/np.sqrt(self.N_bins*self.N_species**2)
/home/zach/plasma/hnc/hnc/hnc.py:432: RuntimeWarning: overflow encountered in exp
  tot_eqn =  1 + h_r_matrix  - np.exp(-self.βu_s_r_matrix + h_r_matrix - c_s_r_matrix )
/home/zach/plasma/hnc/hnc/hnc.py:518: RuntimeWarning: overflow encountered in exp
  h_r_matrix = -1 + np.exp(γs_r_matrix - self.βu_s_r_matrix) # 2. γ_r,u_s_r  -> h_r   (HNC)
/home/zach/plasma/hnc/hnc/hnc.py:656: RuntimeWarning: invalid value encountered in subtract
  Δ_err = np.array(self.tot_err_list[-iters_to_check:-2]) - np.array(self.tot_err_list[-iters_to_check + 1:-1])
QUIT: Total error infinite.
Exiting status 1, reverting to best index so far: 0
Final iter:21, Total Error: 3.656e+00
	-------------------
	Solving IET.
0: Initial condition Total Error: 1.761e+00
Exiting status 0, reverting to best index so far: 621
Final iter:622, Total Error: 9.897e-13
Time to solve CS model: 2.951e+02 [s], time so far: 2.963e+02 [s]
CS model saved.
Ee_pot_density = -1.186e-01 [au], Ee_K = 6.049e-02 [au], Ee_tot = -5.809e-02 [au]
P_e = 4.050e-11 [au], 1.191e-08 [Mbar]
Virial if 6.538e+02 = 6.408e+02 --->  off by 2.025e+00 % 

βEe_pot/Z = -20891.606, βEe_K/Z = 10657.287, βEe_tot/Z = -10234.319
βP_e Ω/Z = 0.000
