
===========================================
===========================================
Starting case: Ar: Te = 0.102 eV, Ti = 0.102 eV 

T[K]:  1185.9426637804113
________________________
Generating NPA
T:  0.003755655042447527
Using More TF fit for initial Zstar = 0.289
	Intializing grid
Initializing, True
Initializing
	Creating Integral Equation Solver
Intialized Potentials and Densities
Initialized
Time to setup correlation sphere (IS) model: 1.329e+00 [s], time so far: 1.329e+00 [s]
Beginning self-consistent electron solver.
_________________________________
__________________________________________
TF Iteration 0
	μ = -1.330662810e+00, change: 1.540729828e+03 (converged=False)
	φe Err =  4.137e-11, φe change =  9.485e-01
	ne Err =  7.982e-02, ne change =  2.103e-04
	Q =  0.000e+00 -> -2.061e+01, 
	Zstar guess =  2.889e-01. Current Zstar:  2.889e-01 (converged=True)
	Change =  1.938e+00
__________________________________________
TF Iteration 1
	μ = -1.330662810e+00, change: 0.000000000e+00 (converged=True)
	φe Err =  4.201e-11, φe change =  4.996e-02
	ne Err =  1.555e-01, ne change =  1.567e-04
	Q = -2.061e+01 -> -1.450e+01, 
	Zstar guess =  2.889e-01. Current Zstar:  2.889e-01 (converged=True)
	Change =  5.570e-02
__________________________________________
TF Iteration 2
	μ = -1.330662810e+00, change: 0.000000000e+00 (converged=True)
	φe Err =  3.983e-11, φe change =  1.347e-02
	ne Err =  1.058e-01, ne change =  1.279e-04
	Q = -1.450e+01 -> -9.817e+00, 
	Zstar guess =  2.889e-01. Current Zstar:  2.889e-01 (converged=True)
	Change =  1.386e-02
__________________________________________
TF Iteration 3
	μ = -1.330662810e+00, change: 0.000000000e+00 (converged=True)
	φe Err =  3.651e-11, φe change =  1.410e-02
	ne Err =  6.504e-02, ne change =  1.048e-04
	Q = -9.817e+00 -> -6.407e+00, 
	Zstar guess =  2.889e-01. Current Zstar:  2.889e-01 (converged=True)
	Change =  1.545e-02
__________________________________________
TF Iteration 4
	μ = -1.330662810e+00, change: 0.000000000e+00 (converged=True)
	φe Err =  3.996e-11, φe change =  8.015e-03
	ne Err =  4.803e-02, ne change =  8.514e-05
	Q = -6.407e+00 -> -3.998e+00, 
	Zstar guess =  2.889e-01. Current Zstar:  2.889e-01 (converged=True)
	Change =  9.084e-03
__________________________________________
TF Iteration 5
	μ = -1.330662810e+00, change: 0.000000000e+00 (converged=True)
	φe Err =  3.980e-11, φe change =  2.983e-03
	ne Err =  4.262e-02, ne change =  6.844e-05
	Q = -3.998e+00 -> -2.304e+00, 
	Zstar guess =  2.889e-01. Current Zstar:  2.889e-01 (converged=True)
	Change =  3.271e-03
__________________________________________
TF Iteration 6
	μ = -1.330662810e+00, change: 0.000000000e+00 (converged=True)
	φe Err =  3.959e-11, φe change =  1.597e-03
	ne Err =  3.693e-02, ne change =  5.456e-05
	Q = -2.304e+00 -> -1.081e+00, 
	Zstar guess =  2.889e-01. Current Zstar:  2.889e-01 (converged=True)
	Change =  2.168e-04
__________________________________________
TF Iteration 7
	μ = -1.330662810e+00, change: 0.000000000e+00 (converged=True)
	φe Err =  3.938e-11, φe change =  1.966e-03
	ne Err =  2.994e-02, ne change =  4.329e-05
	Q = -1.081e+00 -> -1.654e-01, 
	Zstar guess =  2.889e-01. Current Zstar:  2.889e-01 (converged=True)
	Change =  1.422e-03
__________________________________________
TF Iteration 8
	μ = -1.330662810e+00, change: 0.000000000e+00 (converged=True)
	φe Err =  4.112e-11, φe change =  1.775e-03
	ne Err =  2.338e-02, ne change =  3.431e-05
	Q = -1.654e-01 ->  5.405e-01, 
	Zstar guess =  2.889e-01. Current Zstar:  2.889e-01 (converged=True)
	Change =  1.481e-03
__________________________________________
TF Iteration 9
	μ = -1.330662810e+00, change: 0.000000000e+00 (converged=True)
	φe Err =  3.944e-11, φe change =  1.334e-03
	ne Err =  1.812e-02, ne change =  2.720e-05
	Q =  5.405e-01 ->  1.092e+00, 
	Zstar guess =  2.889e-01. Current Zstar:  2.889e-01 (converged=True)
	Change =  1.148e-03
__________________________________________
TF Iteration 25
	μ = -6.008953411e-01, change: 0.000000000e+00 (converged=True)
	φe Err =  4.028e-11, φe change =  2.461e-04
	ne Err =  1.533e-03, ne change =  7.224e-07
	Q =  1.782e+00 ->  1.796e+00, 
	Zstar guess =  2.889e-01. Current Zstar:  2.889e-01 (converged=True)
	Change =  2.583e-04
__________________________________________
TF Iteration 50
	μ = -2.384732853e-01, change: 2.519707198e-01 (converged=False)
	φe Err =  3.959e-11, φe change =  1.969e-06
	ne Err =  1.040e-02, ne change =  5.399e-09
	Q =  1.111e+00 ->  1.109e+00, 
	Zstar guess =  2.889e-01. Current Zstar:  2.889e-01 (converged=True)
	Change =  2.018e-01
__________________________________________
TF Iteration 75
	μ = -1.405656318e-01, change: 0.000000000e+00 (converged=True)
	φe Err =  4.026e-11, φe change =  5.414e-05
	ne Err =  7.812e-04, ne change =  2.495e-09
	Q =  5.280e-01 ->  5.248e-01, 
	Zstar guess =  2.889e-01. Current Zstar:  2.889e-01 (converged=True)
	Change =  5.703e-05
__________________________________________
TF Iteration 100
	μ = -7.207437812e-02, change: 1.859260724e-01 (converged=False)
	φe Err =  4.103e-11, φe change =  8.180e-07
	ne Err =  2.529e-03, ne change =  4.947e-10
	Q =  3.042e-01 ->  3.028e-01, 
	Zstar guess =  2.889e-01. Current Zstar:  2.889e-01 (converged=True)
	Change =  1.442e-01
__________________________________________
TF Iteration 125
	μ = -5.063510528e-02, change: 0.000000000e+00 (converged=True)
	φe Err =  4.104e-11, φe change =  1.277e-05
	ne Err =  5.239e-04, ne change =  1.140e-09
	Q =  1.419e-01 ->  1.405e-01, 
	Zstar guess =  2.889e-01. Current Zstar:  2.889e-01 (converged=True)
	Change =  1.352e-05
__________________________________________
TF Iteration 150
	μ = -3.509277505e-02, change: 9.640550309e-02 (converged=False)
	φe Err =  4.039e-11, φe change =  3.002e-07
	ne Err =  7.306e-04, ne change =  8.480e-11
	Q =  7.850e-02 ->  7.780e-02, 
	Zstar guess =  2.889e-01. Current Zstar:  2.889e-01 (converged=True)
	Change =  7.153e-02
__________________________________________
TF Iteration 175
	μ = -3.002100146e-02, change: 0.000000000e+00 (converged=True)
	φe Err =  3.992e-11, φe change =  3.807e-06
	ne Err =  3.071e-04, ne change =  4.153e-10
	Q =  3.797e-02 ->  3.796e-02, 
	Zstar guess =  2.889e-01. Current Zstar:  2.889e-01 (converged=True)
	Change =  4.112e-06
__________________________________________
TF Iteration 200
	μ = -2.500920644e-02, change: 5.413353740e-02 (converged=False)
	φe Err =  4.225e-11, φe change =  1.594e-07
	ne Err =  2.240e-04, ne change =  3.428e-11
	Q =  2.819e-02 ->  2.825e-02, 
	Zstar guess =  2.889e-01. Current Zstar:  2.889e-01 (converged=True)
	Change =  3.933e-02
__________________________________________
TF Iteration 225
	μ = -2.268727700e-02, change: 0.000000000e+00 (converged=True)
	φe Err =  4.117e-11, φe change =  2.171e-06
	ne Err =  1.260e-05, ne change =  2.306e-10
	Q =  1.842e-02 ->  1.852e-02, 
	Zstar guess =  2.889e-01. Current Zstar:  2.889e-01 (converged=True)
	Change =  2.395e-06
__________________________________________
TF Iteration 250
	μ = -2.016777613e-02, change: 3.529726952e-02 (converged=False)
	φe Err =  3.881e-11, φe change =  1.477e-07
	ne Err =  1.118e-04, ne change =  1.741e-11
	Q =  1.472e-02 ->  1.476e-02, 
	Zstar guess =  2.889e-01. Current Zstar:  2.889e-01 (converged=True)
	Change =  2.540e-02
__________________________________________
TF Iteration 275
	μ = -1.892898136e-02, change: 0.000000000e+00 (converged=True)
	φe Err =  4.231e-11, φe change =  1.321e-06
	ne Err =  9.008e-06, ne change =  1.378e-10
	Q =  1.022e-02 ->  1.030e-02, 
	Zstar guess =  2.889e-01. Current Zstar:  2.889e-01 (converged=True)
	Change =  1.464e-06
__________________________________________
TF Iteration 300
	μ = -1.752388447e-02, change: 2.328072998e-02 (converged=False)
	φe Err =  4.199e-11, φe change =  1.114e-07
	ne Err =  6.258e-05, ne change =  9.851e-12
	Q =  8.496e-03 ->  8.524e-03, 
	Zstar guess =  2.889e-01. Current Zstar:  2.889e-01 (converged=True)
	Change =  1.665e-02
__________________________________________
TF Iteration 325
	μ = -1.681586954e-02, change: 0.000000000e+00 (converged=True)
	φe Err =  3.970e-11, φe change =  8.126e-07
	ne Err =  1.108e-05, ne change =  8.291e-11
	Q =  5.993e-03 ->  6.028e-03, 
	Zstar guess =  2.889e-01. Current Zstar:  2.889e-01 (converged=True)
	Change =  9.018e-07
__________________________________________
TF Iteration 350
	μ = -1.812554010e-02, change: 6.109131620e-02 (converged=False)
	φe Err =  4.100e-11, φe change =  5.916e-07
	ne Err =  6.240e-04, ne change =  3.959e-11
	Q = -1.280e-02 -> -1.414e-02, 
	Zstar guess =  2.889e-01. Current Zstar:  2.889e-01 (converged=True)
	Change =  4.190e-02
__________________________________________
TF Iteration 375
	μ = -2.035194703e-02, change: 0.000000000e+00 (converged=True)
	φe Err =  3.842e-11, φe change =  2.447e-06
	ne Err =  1.538e-04, ne change =  2.536e-10
	Q = -1.900e-02 -> -1.924e-02, 
	Zstar guess =  2.889e-01. Current Zstar:  2.889e-01 (converged=True)
	Change =  2.727e-06
__________________________________________
TF Iteration 400
	μ = -2.296888192e-02, change: 3.496884873e-02 (converged=False)
	φe Err =  4.081e-11, φe change =  1.800e-07
	ne Err =  1.201e-04, ne change =  1.891e-11
	Q = -1.605e-02 -> -1.610e-02, 
	Zstar guess =  2.889e-01. Current Zstar:  2.889e-01 (converged=True)
	Change =  2.430e-02
__________________________________________
TF Iteration 425
	μ = -2.426262058e-02, change: 0.000000000e+00 (converged=True)
	φe Err =  4.037e-11, φe change =  1.234e-06
	ne Err =  7.044e-06, ne change =  1.328e-10
	Q = -1.077e-02 -> -1.083e-02, 
	Zstar guess =  2.889e-01. Current Zstar:  2.889e-01 (converged=True)
	Change =  1.362e-06
__________________________________________
TF Iteration 450
	μ = -2.566546153e-02, change: 1.605497656e-02 (converged=False)
	φe Err =  4.191e-11, φe change =  6.899e-08
	ne Err =  6.304e-05, ne change =  9.897e-12
	Q = -8.399e-03 -> -8.420e-03, 
	Zstar guess =  2.889e-01. Current Zstar:  2.889e-01 (converged=True)
	Change =  1.126e-02
__________________________________________
TF Iteration 475
	μ = -2.632378778e-02, change: 0.000000000e+00 (converged=True)
	φe Err =  3.746e-11, φe change =  5.904e-07
	ne Err =  3.145e-06, ne change =  6.459e-11
	Q = -5.393e-03 -> -5.418e-03, 
	Zstar guess =  2.889e-01. Current Zstar:  2.889e-01 (converged=True)
	Change =  6.495e-07
__________________________________________
TF Iteration 500
	μ = -2.701447948e-02, change: 7.359056846e-03 (converged=False)
	φe Err =  4.078e-11, φe change =  2.847e-08
	ne Err =  3.079e-05, ne change =  4.834e-12
	Q = -4.091e-03 -> -4.100e-03, 
	Zstar guess =  2.889e-01. Current Zstar:  2.889e-01 (converged=True)
	Change =  5.185e-03
__________________________________________
TF Iteration 525
	μ = -2.733101644e-02, change: 0.000000000e+00 (converged=True)
	φe Err =  3.929e-11, φe change =  2.761e-07
	ne Err =  1.448e-06, ne change =  3.044e-11
	Q = -2.576e-03 -> -2.585e-03, 
	Zstar guess =  2.889e-01. Current Zstar:  2.889e-01 (converged=True)
	Change =  3.034e-07
__________________________________________
TF Iteration 550
	μ = -2.765827894e-02, change: 3.374251688e-03 (converged=False)
	φe Err =  4.296e-11, φe change =  1.235e-08
	ne Err =  1.454e-05, ne change =  2.281e-12
	Q = -1.929e-03 -> -1.933e-03, 
	Zstar guess =  2.889e-01. Current Zstar:  2.889e-01 (converged=True)
	Change =  2.382e-03
__________________________________________
TF Iteration 575
	μ = -2.780662716e-02, change: 0.000000000e+00 (converged=True)
	φe Err =  4.116e-11, φe change =  1.278e-07
	ne Err =  6.674e-07, ne change =  1.413e-11
	Q = -1.203e-03 -> -1.208e-03, 
	Zstar guess =  2.889e-01. Current Zstar:  2.889e-01 (converged=True)
	Change =  1.403e-07
__________________________________________
TF Iteration 600
	μ = -2.795898253e-02, change: 1.547078215e-03 (converged=False)
	φe Err =  3.837e-11, φe change =  5.488e-09
	ne Err =  6.755e-06, ne change =  1.063e-12
	Q = -8.961e-04 -> -8.977e-04, 
	Zstar guess =  2.889e-01. Current Zstar:  2.889e-01 (converged=True)
	Change =  1.093e-03
__________________________________________
TF Iteration 625
	μ = -2.802774315e-02, change: 0.000000000e+00 (converged=True)
	φe Err =  3.728e-11, φe change =  5.880e-08
	ne Err =  3.064e-07, ne change =  6.512e-12
	Q = -5.568e-04 -> -5.587e-04, 
	Zstar guess =  2.889e-01. Current Zstar:  2.889e-01 (converged=True)
	Change =  6.454e-08
__________________________________________
TF Iteration 650
	μ = -2.809810649e-02, change: 7.098538488e-04 (converged=False)
	φe Err =  4.117e-11, φe change =  2.514e-09
	ne Err =  3.118e-06, ne change =  4.947e-13
	Q = -4.136e-04 -> -4.143e-04, 
	Zstar guess =  2.889e-01. Current Zstar:  2.889e-01 (converged=True)
	Change =  5.018e-04
__________________________________________
TF Iteration 675
	μ = -2.812982591e-02, change: 0.000000000e+00 (converged=True)
	φe Err =  4.059e-11, φe change =  2.705e-08
	ne Err =  1.408e-07, ne change =  2.993e-12
	Q = -2.568e-04 -> -2.576e-04, 
	Zstar guess =  2.889e-01. Current Zstar:  2.889e-01 (converged=True)
	Change =  2.969e-08
__________________________________________
TF Iteration 700
	μ = -2.816222537e-02, change: 3.255139571e-04 (converged=False)
	φe Err =  3.923e-11, φe change =  1.127e-09
	ne Err =  1.434e-06, ne change =  2.247e-13
	Q = -1.902e-04 -> -1.905e-04, 
	Zstar guess =  2.889e-01. Current Zstar:  2.889e-01 (converged=True)
	Change =  2.301e-04
__________________________________________
TF Iteration 725
	μ = -2.817677557e-02, change: 0.000000000e+00 (converged=True)
	φe Err =  3.984e-11, φe change =  1.241e-08
	ne Err =  6.475e-08, ne change =  1.375e-12
	Q = -1.177e-04 -> -1.181e-04, 
	Zstar guess =  2.889e-01. Current Zstar:  2.889e-01 (converged=True)
	Change =  1.361e-08
__________________________________________
TF Iteration 750
	μ = -2.819163648e-02, change: 1.492009281e-04 (converged=False)
	φe Err =  4.122e-11, φe change =  5.222e-10
	ne Err =  6.581e-07, ne change =  1.034e-13
	Q = -8.727e-05 -> -8.742e-05, 
	Zstar guess =  2.889e-01. Current Zstar:  2.889e-01 (converged=True)
	Change =  1.055e-04
__________________________________________
TF Iteration 775
	μ = -2.819831739e-02, change: 0.000000000e+00 (converged=True)
	φe Err =  3.978e-11, φe change =  5.702e-09
	ne Err =  2.976e-08, ne change =  6.299e-13
	Q = -5.407e-05 -> -5.424e-05, 
	Zstar guess =  2.889e-01. Current Zstar:  2.889e-01 (converged=True)
	Change =  6.258e-09
__________________________________________
TF Iteration 800
	μ = -2.820514562e-02, change: 6.853296958e-05 (converged=False)
	φe Err =  4.058e-11, φe change =  2.427e-10
	ne Err =  3.024e-07, ne change =  4.884e-14
	Q = -4.011e-05 -> -4.018e-05, 
	Zstar guess =  2.889e-01. Current Zstar:  2.889e-01 (converged=True)
	Change =  4.846e-05
__________________________________________
TF Iteration 825
	μ = -2.820821689e-02, change: 0.000000000e+00 (converged=True)
	φe Err =  3.997e-11, φe change =  2.619e-09
	ne Err =  1.369e-08, ne change =  2.890e-13
	Q = -2.486e-05 -> -2.494e-05, 
	Zstar guess =  2.889e-01. Current Zstar:  2.889e-01 (converged=True)
	Change =  2.875e-09
__________________________________________
TF Iteration 850
	μ = -2.821135688e-02, change: 3.151078713e-05 (converged=False)
	φe Err =  3.953e-11, φe change =  1.108e-10
	ne Err =  1.391e-07, ne change =  2.098e-14
	Q = -1.845e-05 -> -1.848e-05, 
	Zstar guess =  2.889e-01. Current Zstar:  2.889e-01 (converged=True)
	Change =  2.228e-05
__________________________________________
TF Iteration 875
	μ = -2.821276955e-02, change: 0.000000000e+00 (converged=True)
	φe Err =  4.044e-11, φe change =  1.208e-09
	ne Err =  6.299e-09, ne change =  1.364e-13
	Q = -1.143e-05 -> -1.147e-05, 
	Zstar guess =  2.889e-01. Current Zstar:  2.889e-01 (converged=True)
	Change =  1.326e-09
__________________________________________
TF Iteration 900
	μ = -2.821421405e-02, change: 1.449500301e-05 (converged=False)
	φe Err =  3.978e-11, φe change =  5.110e-11
	ne Err =  6.399e-08, ne change =  9.050e-15
	Q = -8.486e-06 -> -8.500e-06, 
	Zstar guess =  2.889e-01. Current Zstar:  2.889e-01 (converged=True)
	Change =  1.025e-05
__________________________________________
TF Iteration 925
	μ = -2.821486399e-02, change: 0.000000000e+00 (converged=True)
	φe Err =  4.108e-11, φe change =  5.556e-10
	ne Err =  2.898e-09, ne change =  6.055e-14
	Q = -5.261e-06 -> -5.278e-06, 
	Zstar guess =  2.889e-01. Current Zstar:  2.889e-01 (converged=True)
	Change =  6.098e-10
__________________________________________
TF Iteration 950
	μ = -2.821552862e-02, change: 6.669122969e-06 (converged=True)
	φe Err =  4.129e-11, φe change =  3.135e-11
	ne Err =  2.944e-08, ne change =  8.826e-15
	Q = -3.905e-06 -> -3.911e-06, 
	Zstar guess =  2.889e-01. Current Zstar:  2.889e-01 (converged=True)
	Change =  4.716e-06
__________________________________________
TF Iteration 975
	μ = -2.821582768e-02, change: 0.000000000e+00 (converged=True)
	φe Err =  4.185e-11, φe change =  2.561e-10
	ne Err =  1.334e-09, ne change =  2.994e-14
	Q = -2.421e-06 -> -2.429e-06, 
	Zstar guess =  2.889e-01. Current Zstar:  2.889e-01 (converged=True)
	Change =  2.811e-10
__________________________________________
TF Iteration 1000
	μ = -2.821613351e-02, change: 3.068764641e-06 (converged=True)
	φe Err =  4.096e-11, φe change =  1.223e-11
	ne Err =  1.355e-08, ne change =  3.132e-15
	Q = -1.797e-06 -> -1.800e-06, 
	Zstar guess =  2.889e-01. Current Zstar:  2.889e-01 (converged=True)
	Change =  2.170e-06
__________________________________________
TF Iteration 1025
	μ = -2.821627113e-02, change: 0.000000000e+00 (converged=True)
	φe Err =  4.281e-11, φe change =  1.229e-10
	ne Err =  6.137e-10, ne change =  1.655e-14
	Q = -1.114e-06 -> -1.118e-06, 
	Zstar guess =  2.889e-01. Current Zstar:  2.889e-01 (converged=True)
	Change =  1.343e-10
__________________________________________
TF Iteration 1050
	μ = -2.821641187e-02, change: 1.412140891e-06 (converged=True)
	φe Err =  4.146e-11, φe change =  6.401e-12
	ne Err =  6.235e-09, ne change =  7.698e-16
	Q = -8.268e-07 -> -8.282e-07, 
	Zstar guess =  2.889e-01. Current Zstar:  2.889e-01 (converged=True)
	Change =  9.985e-07
__________________________________________
TF Iteration 1075
	μ = -2.821647519e-02, change: 0.000000000e+00 (converged=True)
	φe Err =  3.823e-11, φe change =  5.629e-11
	ne Err =  2.824e-10, ne change =  5.262e-15
	Q = -5.126e-07 -> -5.143e-07, 
	Zstar guess =  2.889e-01. Current Zstar:  2.889e-01 (converged=True)
	Change =  6.153e-11
__________________________________________
TF Iteration 1100
	μ = -2.821652162e-02, change: 0.000000000e+00 (converged=True)
	φe Err =  4.003e-11, φe change =  1.094e-11
	ne Err =  9.259e-11, ne change =  3.475e-15
	Q = -3.796e-07 -> -3.805e-07, 
	Zstar guess =  2.889e-01. Current Zstar:  2.889e-01 (converged=True)
	Change =  7.681e-12
	-------------------
	Solving IET.
0: Initial condition Total Error: 7.850e-01
Exiting status 0, reverting to best index so far: 752
Final iter:753, Total Error: 9.705e-13
	-------------------
	Solving IET.
0: Initial condition Total Error: 7.857e-01
Exiting status 0, reverting to best index so far: 317
Final iter:318, Total Error: 9.423e-13
Time to solve CS model: 2.740e+02 [s], time so far: 2.753e+02 [s]
CS model saved.
Ee_pot_density = -1.186e-01 [au], Ee_K = 6.049e-02 [au], Ee_tot = -5.808e-02 [au]
P_e = 5.992e-11 [au], 1.763e-08 [Mbar]
Virial if 6.538e+02 = 6.408e+02 --->  off by 2.034e+00 % 

βEe_pot/Z = -18957.577, βEe_K/Z = 9671.542, βEe_tot/Z = -9286.036
βP_e Ω/Z = 0.000
