
===========================================
===========================================
Starting case: Ar: Te = 0.439 eV, Ti = 0.439 eV 

T[K]:  5091.213486722193
________________________
Generating NPA
T:  0.01612290559025328
Using More TF fit for initial Zstar = 0.504
	Intializing grid
Initializing, True
Initializing
	Creating Integral Equation Solver
Intialized Potentials and Densities
Initialized
Time to setup correlation sphere (IS) model: 2.675e+00 [s], time so far: 2.675e+00 [s]
Beginning self-consistent electron solver.
_________________________________
__________________________________________
TF Iteration 0
	μ = -1.640826140e+00, change: 6.051780110e+01 (converged=False)
	φe Err =  3.907e-11, φe change =  9.692e-01
	ne Err =  1.055e-01, ne change =  2.108e-04
	Q =  0.000e+00 -> -3.069e+01, 
	Zstar guess =  5.043e-01. Current Zstar:  5.043e-01 (converged=True)
	Change =  1.946e+00
__________________________________________
TF Iteration 1
	μ = -1.640826140e+00, change: 0.000000000e+00 (converged=True)
	φe Err =  4.252e-11, φe change =  6.192e-02
	ne Err =  1.891e-01, ne change =  1.545e-04
	Q = -3.069e+01 -> -2.240e+01, 
	Zstar guess =  5.043e-01. Current Zstar:  5.043e-01 (converged=True)
	Change =  6.928e-02
__________________________________________
TF Iteration 2
	μ = -1.640826140e+00, change: 0.000000000e+00 (converged=True)
	φe Err =  4.063e-11, φe change =  1.506e-02
	ne Err =  1.345e-01, ne change =  1.265e-04
	Q = -2.240e+01 -> -1.593e+01, 
	Zstar guess =  5.043e-01. Current Zstar:  5.043e-01 (converged=True)
	Change =  1.505e-02
__________________________________________
TF Iteration 3
	μ = -1.640826140e+00, change: 0.000000000e+00 (converged=True)
	φe Err =  3.946e-11, φe change =  1.781e-02
	ne Err =  8.640e-02, ne change =  1.044e-04
	Q = -1.593e+01 -> -1.107e+01, 
	Zstar guess =  5.043e-01. Current Zstar:  5.043e-01 (converged=True)
	Change =  1.934e-02
__________________________________________
TF Iteration 4
	μ = -1.640826140e+00, change: 0.000000000e+00 (converged=True)
	φe Err =  3.881e-11, φe change =  1.167e-02
	ne Err =  6.221e-02, ne change =  8.548e-05
	Q = -1.107e+01 -> -7.494e+00, 
	Zstar guess =  5.043e-01. Current Zstar:  5.043e-01 (converged=True)
	Change =  1.311e-02
__________________________________________
TF Iteration 5
	μ = -1.640826140e+00, change: 0.000000000e+00 (converged=True)
	φe Err =  3.995e-11, φe change =  5.471e-03
	ne Err =  5.409e-02, ne change =  6.915e-05
	Q = -7.494e+00 -> -4.899e+00, 
	Zstar guess =  5.043e-01. Current Zstar:  5.043e-01 (converged=True)
	Change =  6.233e-03
__________________________________________
TF Iteration 6
	μ = -1.640826140e+00, change: 0.000000000e+00 (converged=True)
	φe Err =  3.929e-11, φe change =  2.113e-03
	ne Err =  4.816e-02, ne change =  5.533e-05
	Q = -4.899e+00 -> -2.996e+00, 
	Zstar guess =  5.043e-01. Current Zstar:  5.043e-01 (converged=True)
	Change =  1.505e-03
__________________________________________
TF Iteration 7
	μ = -1.640826140e+00, change: 0.000000000e+00 (converged=True)
	φe Err =  3.953e-11, φe change =  2.060e-03
	ne Err =  4.055e-02, ne change =  4.395e-05
	Q = -2.996e+00 -> -1.569e+00, 
	Zstar guess =  5.043e-01. Current Zstar:  5.043e-01 (converged=True)
	Change =  9.127e-04
__________________________________________
TF Iteration 8
	μ = -1.640826140e+00, change: 0.000000000e+00 (converged=True)
	φe Err =  3.978e-11, φe change =  2.146e-03
	ne Err =  3.257e-02, ne change =  3.478e-05
	Q = -1.569e+00 -> -4.729e-01, 
	Zstar guess =  5.043e-01. Current Zstar:  5.043e-01 (converged=True)
	Change =  1.559e-03
__________________________________________
TF Iteration 9
	μ = -1.640826140e+00, change: 0.000000000e+00 (converged=True)
	φe Err =  3.894e-11, φe change =  1.792e-03
	ne Err =  2.559e-02, ne change =  2.750e-05
	Q = -4.729e-01 ->  3.817e-01, 
	Zstar guess =  5.043e-01. Current Zstar:  5.043e-01 (converged=True)
	Change =  1.432e-03
__________________________________________
TF Iteration 25
	μ = -6.940242919e-01, change: 0.000000000e+00 (converged=True)
	φe Err =  3.949e-11, φe change =  2.809e-04
	ne Err =  1.790e-03, ne change =  7.086e-07
	Q =  1.946e+00 ->  1.968e+00, 
	Zstar guess =  5.043e-01. Current Zstar:  5.043e-01 (converged=True)
	Change =  2.944e-04
__________________________________________
TF Iteration 50
	μ = -2.732749296e-01, change: 2.503080762e-01 (converged=False)
	φe Err =  4.166e-11, φe change =  1.964e-06
	ne Err =  1.156e-02, ne change =  5.741e-09
	Q =  1.235e+00 ->  1.233e+00, 
	Zstar guess =  5.043e-01. Current Zstar:  5.043e-01 (converged=True)
	Change =  2.003e-01
__________________________________________
TF Iteration 75
	μ = -1.660247795e-01, change: 0.000000000e+00 (converged=True)
	φe Err =  3.944e-11, φe change =  6.122e-05
	ne Err =  6.367e-04, ne change =  3.655e-09
	Q =  5.985e-01 ->  5.956e-01, 
	Zstar guess =  5.043e-01. Current Zstar:  5.043e-01 (converged=True)
	Change =  6.494e-05
__________________________________________
TF Iteration 100
	μ = -9.586824821e-02, change: 1.456049091e-01 (converged=False)
	φe Err =  3.969e-11, φe change =  7.217e-07
	ne Err =  2.468e-03, ne change =  5.185e-10
	Q =  3.625e-01 ->  3.615e-01, 
	Zstar guess =  5.043e-01. Current Zstar:  5.043e-01 (converged=True)
	Change =  1.107e-01
__________________________________________
TF Iteration 125
	μ = -7.517815422e-02, change: 0.000000000e+00 (converged=True)
	φe Err =  3.984e-11, φe change =  1.697e-05
	ne Err =  1.949e-04, ne change =  2.126e-09
	Q =  1.790e-01 ->  1.779e-01, 
	Zstar guess =  5.043e-01. Current Zstar:  5.043e-01 (converged=True)
	Change =  1.850e-05
__________________________________________
TF Iteration 150
	μ = -6.056492846e-02, change: 5.419759720e-02 (converged=False)
	φe Err =  3.969e-11, φe change =  5.213e-07
	ne Err =  5.392e-04, ne change =  8.784e-11
	Q =  1.031e-01 ->  1.028e-01, 
	Zstar guess =  5.043e-01. Current Zstar:  5.043e-01 (converged=True)
	Change =  3.938e-02
__________________________________________
TF Iteration 175
	μ = -5.612596531e-02, change: 0.000000000e+00 (converged=True)
	φe Err =  3.957e-11, φe change =  4.280e-06
	ne Err =  5.419e-05, ne change =  5.586e-10
	Q =  4.559e-02 ->  4.516e-02, 
	Zstar guess =  5.043e-01. Current Zstar:  5.043e-01 (converged=True)
	Change =  4.701e-06
__________________________________________
TF Iteration 200
	μ = -5.294985489e-02, change: 1.413047022e-02 (converged=False)
	φe Err =  3.930e-11, φe change =  1.591e-07
	ne Err =  1.197e-04, ne change =  1.758e-11
	Q =  2.469e-02 ->  2.464e-02, 
	Zstar guess =  5.043e-01. Current Zstar:  5.043e-01 (converged=True)
	Change =  1.006e-02
__________________________________________
TF Iteration 225
	μ = -5.197420474e-02, change: 0.000000000e+00 (converged=True)
	φe Err =  4.113e-11, φe change =  9.790e-07
	ne Err =  1.776e-05, ne change =  1.276e-10
	Q =  1.047e-02 ->  1.036e-02, 
	Zstar guess =  5.043e-01. Current Zstar:  5.043e-01 (converged=True)
	Change =  1.077e-06
__________________________________________
TF Iteration 250
	μ = -5.127514253e-02, change: 3.239974440e-03 (converged=False)
	φe Err =  4.006e-11, φe change =  3.738e-08
	ne Err =  2.786e-05, ne change =  3.740e-12
	Q =  5.556e-03 ->  5.544e-03, 
	Zstar guess =  5.043e-01. Current Zstar:  5.043e-01 (converged=True)
	Change =  2.295e-03
__________________________________________
TF Iteration 275
	μ = -5.106247256e-02, change: 0.000000000e+00 (converged=True)
	φe Err =  4.107e-11, φe change =  2.144e-07
	ne Err =  7.670e-06, ne change =  2.788e-11
	Q =  2.303e-03 ->  2.276e-03, 
	Zstar guess =  5.043e-01. Current Zstar:  5.043e-01 (converged=True)
	Change =  2.356e-07
__________________________________________
TF Iteration 300
	μ = -5.091347899e-02, change: 6.864106300e-04 (converged=False)
	φe Err =  4.015e-11, φe change =  7.944e-09
	ne Err =  7.663e-06, ne change =  7.553e-13
	Q =  1.186e-03 ->  1.181e-03, 
	Zstar guess =  5.043e-01. Current Zstar:  5.043e-01 (converged=True)
	Change =  4.855e-04
__________________________________________
TF Iteration 325
	μ = -5.087009498e-02, change: 0.000000000e+00 (converged=True)
	φe Err =  4.046e-11, φe change =  4.316e-08
	ne Err =  4.101e-06, ne change =  5.590e-12
	Q =  4.690e-04 ->  4.620e-04, 
	Zstar guess =  5.043e-01. Current Zstar:  5.043e-01 (converged=True)
	Change =  4.723e-08
__________________________________________
TF Iteration 350
	μ = -5.084215330e-02, change: 1.205221385e-04 (converged=False)
	φe Err =  4.016e-11, φe change =  1.490e-09
	ne Err =  3.292e-06, ne change =  1.147e-13
	Q =  2.188e-04 ->  2.166e-04, 
	Zstar guess =  5.043e-01. Current Zstar:  5.043e-01 (converged=True)
	Change =  8.523e-05
__________________________________________
TF Iteration 375
	μ = -5.083558445e-02, change: 0.000000000e+00 (converged=True)
	φe Err =  4.117e-11, φe change =  6.010e-09
	ne Err =  2.499e-06, ne change =  7.515e-13
	Q =  6.902e-05 ->  6.675e-05, 
	Zstar guess =  5.043e-01. Current Zstar:  5.043e-01 (converged=True)
	Change =  6.406e-09
__________________________________________
TF Iteration 400
	μ = -5.083358937e-02, change: 9.475306140e-08 (converged=True)
	φe Err =  3.909e-11, φe change =  4.624e-10
	ne Err =  2.033e-06, ne change =  1.976e-14
	Q =  1.119e-05 ->  9.674e-06, 
	Zstar guess =  5.043e-01. Current Zstar:  5.043e-01 (converged=True)
	Change =  6.708e-08
__________________________________________
TF Iteration 425
	μ = -5.083479267e-02, change: 0.000000000e+00 (converged=True)
	φe Err =  3.854e-11, φe change =  1.866e-09
	ne Err =  1.703e-06, ne change =  2.606e-13
	Q = -1.598e-05 -> -1.723e-05, 
	Zstar guess =  5.043e-01. Current Zstar:  5.043e-01 (converged=True)
	Change =  2.126e-09
__________________________________________
TF Iteration 450
	μ = -5.083824581e-02, change: 2.538689241e-05 (converged=False)
	φe Err =  4.018e-11, φe change =  4.229e-10
	ne Err =  1.483e-06, ne change =  3.435e-14
	Q = -3.285e-05 -> -3.423e-05, 
	Zstar guess =  5.043e-01. Current Zstar:  5.043e-01 (converged=True)
	Change =  1.795e-05
__________________________________________
TF Iteration 475
	μ = -5.084106552e-02, change: 0.000000000e+00 (converged=True)
	φe Err =  4.010e-11, φe change =  3.441e-09
	ne Err =  1.294e-06, ne change =  4.617e-13
	Q = -3.395e-05 -> -3.495e-05, 
	Zstar guess =  5.043e-01. Current Zstar:  5.043e-01 (converged=True)
	Change =  3.858e-09
__________________________________________
TF Iteration 500
	μ = -5.084557146e-02, change: 2.985687827e-05 (converged=False)
	φe Err =  4.137e-11, φe change =  3.872e-10
	ne Err =  1.181e-06, ne change =  3.733e-14
	Q = -4.140e-05 -> -4.268e-05, 
	Zstar guess =  5.043e-01. Current Zstar:  5.043e-01 (converged=True)
	Change =  2.111e-05
__________________________________________
TF Iteration 525
	μ = -5.084860213e-02, change: 0.000000000e+00 (converged=True)
	φe Err =  4.143e-11, φe change =  3.599e-09
	ne Err =  1.037e-06, ne change =  4.821e-13
	Q = -3.623e-05 -> -3.710e-05, 
	Zstar guess =  5.043e-01. Current Zstar:  5.043e-01 (converged=True)
	Change =  4.015e-09
__________________________________________
TF Iteration 550
	μ = -5.085302051e-02, change: 2.846723481e-05 (converged=False)
	φe Err =  4.123e-11, φe change =  3.366e-10
	ne Err =  9.571e-07, ne change =  3.670e-14
	Q = -4.031e-05 -> -4.143e-05, 
	Zstar guess =  5.043e-01. Current Zstar:  5.043e-01 (converged=True)
	Change =  2.013e-05
__________________________________________
TF Iteration 575
	μ = -5.085581754e-02, change: 0.000000000e+00 (converged=True)
	φe Err =  4.143e-11, φe change =  3.285e-09
	ne Err =  8.279e-07, ne change =  4.398e-13
	Q = -3.334e-05 -> -3.406e-05, 
	Zstar guess =  5.043e-01. Current Zstar:  5.043e-01 (converged=True)
	Change =  3.655e-09
__________________________________________
TF Iteration 600
	μ = -5.085971948e-02, change: 2.473681999e-05 (converged=False)
	φe Err =  3.856e-11, φe change =  2.757e-10
	ne Err =  7.586e-07, ne change =  2.513e-14
	Q = -3.544e-05 -> -3.637e-05, 
	Zstar guess =  5.043e-01. Current Zstar:  5.043e-01 (converged=True)
	Change =  1.749e-05
__________________________________________
TF Iteration 625
	μ = -5.086210026e-02, change: 0.000000000e+00 (converged=True)
	φe Err =  3.986e-11, φe change =  2.770e-09
	ne Err =  6.424e-07, ne change =  3.674e-13
	Q = -2.831e-05 -> -2.887e-05, 
	Zstar guess =  5.043e-01. Current Zstar:  5.043e-01 (converged=True)
	Change =  3.078e-09
__________________________________________
TF Iteration 650
	μ = -5.086532033e-02, change: 2.017223188e-05 (converged=False)
	φe Err =  4.037e-11, φe change =  2.211e-10
	ne Err =  5.819e-07, ne change =  2.483e-14
	Q = -2.914e-05 -> -2.987e-05, 
	Zstar guess =  5.043e-01. Current Zstar:  5.043e-01 (converged=True)
	Change =  1.426e-05
__________________________________________
TF Iteration 675
	μ = -5.086723154e-02, change: 0.000000000e+00 (converged=True)
	φe Err =  4.135e-11, φe change =  2.212e-09
	ne Err =  4.829e-07, ne change =  2.943e-13
	Q = -2.267e-05 -> -2.310e-05, 
	Zstar guess =  5.043e-01. Current Zstar:  5.043e-01 (converged=True)
	Change =  2.456e-09
__________________________________________
TF Iteration 700
	μ = -5.086975655e-02, change: 1.567520468e-05 (converged=False)
	φe Err =  4.301e-11, φe change =  1.654e-10
	ne Err =  4.328e-07, ne change =  1.627e-14
	Q = -2.278e-05 -> -2.333e-05, 
	Zstar guess =  5.043e-01. Current Zstar:  5.043e-01 (converged=True)
	Change =  1.108e-05
__________________________________________
TF Iteration 725
	μ = -5.087122447e-02, change: 0.000000000e+00 (converged=True)
	φe Err =  3.808e-11, φe change =  1.694e-09
	ne Err =  3.533e-07, ne change =  2.264e-13
	Q = -1.738e-05 -> -1.769e-05, 
	Zstar guess =  5.043e-01. Current Zstar:  5.043e-01 (converged=True)
	Change =  1.880e-09
__________________________________________
TF Iteration 750
	μ = -5.087313033e-02, change: 1.175045905e-05 (converged=False)
	φe Err =  4.254e-11, φe change =  1.254e-10
	ne Err =  3.139e-07, ne change =  1.062e-14
	Q = -1.716e-05 -> -1.756e-05, 
	Zstar guess =  5.043e-01. Current Zstar:  5.043e-01 (converged=True)
	Change =  8.309e-06
__________________________________________
TF Iteration 775
	μ = -5.087422104e-02, change: 0.000000000e+00 (converged=True)
	φe Err =  3.863e-11, φe change =  1.254e-09
	ne Err =  2.531e-07, ne change =  1.655e-13
	Q = -1.290e-05 -> -1.312e-05, 
	Zstar guess =  5.043e-01. Current Zstar:  5.043e-01 (converged=True)
	Change =  1.390e-09
__________________________________________
TF Iteration 800
	μ = -5.087561823e-02, change: 8.570182072e-06 (converged=True)
	φe Err =  3.968e-11, φe change =  9.239e-11
	ne Err =  2.236e-07, ne change =  1.089e-14
	Q = -1.256e-05 -> -1.284e-05, 
	Zstar guess =  5.043e-01. Current Zstar:  5.043e-01 (converged=True)
	Change =  6.060e-06
__________________________________________
TF Iteration 825
	μ = -5.087640856e-02, change: 0.000000000e+00 (converged=True)
	φe Err =  3.869e-11, φe change =  9.049e-10
	ne Err =  1.785e-07, ne change =  1.217e-13
	Q = -9.336e-06 -> -9.490e-06, 
	Zstar guess =  5.043e-01. Current Zstar:  5.043e-01 (converged=True)
	Change =  1.003e-09
__________________________________________
TF Iteration 850
	μ = -5.087741156e-02, change: 6.128880057e-06 (converged=True)
	φe Err =  4.096e-11, φe change =  6.355e-11
	ne Err =  1.570e-07, ne change =  6.639e-15
	Q = -9.001e-06 -> -9.202e-06, 
	Zstar guess =  5.043e-01. Current Zstar:  5.043e-01 (converged=True)
	Change =  4.334e-06
__________________________________________
TF Iteration 875
	μ = -5.087797426e-02, change: 0.000000000e+00 (converged=True)
	φe Err =  3.992e-11, φe change =  6.437e-10
	ne Err =  1.245e-07, ne change =  8.501e-14
	Q = -6.641e-06 -> -6.748e-06, 
	Zstar guess =  5.043e-01. Current Zstar:  5.043e-01 (converged=True)
	Change =  7.135e-10
__________________________________________
TF Iteration 900
	μ = -5.087868352e-02, change: 4.322510350e-06 (converged=True)
	φe Err =  3.903e-11, φe change =  4.528e-11
	ne Err =  1.093e-07, ne change =  4.001e-15
	Q = -6.360e-06 -> -6.500e-06, 
	Zstar guess =  5.043e-01. Current Zstar:  5.043e-01 (converged=True)
	Change =  3.057e-06
__________________________________________
TF Iteration 925
	μ = -5.087907901e-02, change: 0.000000000e+00 (converged=True)
	φe Err =  3.902e-11, φe change =  4.541e-10
	ne Err =  8.631e-08, ne change =  6.190e-14
	Q = -4.666e-06 -> -4.740e-06, 
	Zstar guess =  5.043e-01. Current Zstar:  5.043e-01 (converged=True)
	Change =  5.032e-10
__________________________________________
TF Iteration 950
	μ = -5.087957502e-02, change: 3.016337279e-06 (converged=True)
	φe Err =  4.052e-11, φe change =  3.391e-11
	ne Err =  7.543e-08, ne change =  3.208e-15
	Q = -4.444e-06 -> -4.541e-06, 
	Zstar guess =  5.043e-01. Current Zstar:  5.043e-01 (converged=True)
	Change =  2.133e-06
__________________________________________
TF Iteration 975
	μ = -5.087985047e-02, change: 0.000000000e+00 (converged=True)
	φe Err =  3.933e-11, φe change =  3.142e-10
	ne Err =  5.944e-08, ne change =  4.148e-14
	Q = -3.248e-06 -> -3.300e-06, 
	Zstar guess =  5.043e-01. Current Zstar:  5.043e-01 (converged=True)
	Change =  3.482e-10
__________________________________________
TF Iteration 1000
	μ = -5.088019484e-02, change: 2.091607977e-06 (converged=True)
	φe Err =  3.896e-11, φe change =  2.253e-11
	ne Err =  5.190e-08, ne change =  1.239e-15
	Q = -3.084e-06 -> -3.151e-06, 
	Zstar guess =  5.043e-01. Current Zstar:  5.043e-01 (converged=True)
	Change =  1.479e-06
__________________________________________
TF Iteration 1025
	μ = -5.088038534e-02, change: 0.000000000e+00 (converged=True)
	φe Err =  3.919e-11, φe change =  2.165e-10
	ne Err =  4.071e-08, ne change =  3.061e-14
	Q = -2.246e-06 -> -2.281e-06, 
	Zstar guess =  5.043e-01. Current Zstar:  5.043e-01 (converged=True)
	Change =  2.399e-10
__________________________________________
TF Iteration 1050
	μ = -5.088062301e-02, change: 1.442949982e-06 (converged=True)
	φe Err =  3.920e-11, φe change =  1.821e-11
	ne Err =  3.564e-08, ne change =  4.548e-15
	Q = -2.128e-06 -> -2.175e-06, 
	Zstar guess =  5.043e-01. Current Zstar:  5.043e-01 (converged=True)
	Change =  1.020e-06
__________________________________________
TF Iteration 1075
	μ = -5.088075439e-02, change: 0.000000000e+00 (converged=True)
	φe Err =  3.997e-11, φe change =  1.518e-10
	ne Err =  2.790e-08, ne change =  1.893e-14
	Q = -1.549e-06 -> -1.573e-06, 
	Zstar guess =  5.043e-01. Current Zstar:  5.043e-01 (converged=True)
	Change =  1.681e-10
__________________________________________
TF Iteration 1100
	μ = -5.088091789e-02, change: 9.913184857e-07 (converged=True)
	φe Err =  3.981e-11, φe change =  1.241e-11
	ne Err =  2.433e-08, ne change =  2.426e-15
	Q = -1.464e-06 -> -1.495e-06, 
	Zstar guess =  5.043e-01. Current Zstar:  5.043e-01 (converged=True)
	Change =  7.010e-07
__________________________________________
TF Iteration 1125
	μ = -5.088100796e-02, change: 0.000000000e+00 (converged=True)
	φe Err =  4.094e-11, φe change =  1.073e-10
	ne Err =  1.896e-08, ne change =  1.828e-14
	Q = -1.061e-06 -> -1.078e-06, 
	Zstar guess =  5.043e-01. Current Zstar:  5.043e-01 (converged=True)
	Change =  1.184e-10
__________________________________________
TF Iteration 1150
	μ = -5.088111972e-02, change: 6.771755738e-07 (converged=True)
	φe Err =  4.007e-11, φe change =  1.863e-11
	ne Err =  1.655e-08, ne change =  3.664e-15
	Q = -1.000e-06 -> -1.022e-06, 
	Zstar guess =  5.043e-01. Current Zstar:  5.043e-01 (converged=True)
	Change =  4.788e-07
__________________________________________
TF Iteration 1175
	μ = -5.088118128e-02, change: 0.000000000e+00 (converged=True)
	φe Err =  3.980e-11, φe change =  7.206e-11
	ne Err =  1.297e-08, ne change =  1.096e-14
	Q = -7.256e-07 -> -7.368e-07, 
	Zstar guess =  5.043e-01. Current Zstar:  5.043e-01 (converged=True)
	Change =  7.969e-11
__________________________________________
TF Iteration 1200
	μ = -5.088125784e-02, change: 4.641957632e-07 (converged=True)
	φe Err =  3.976e-11, φe change =  5.792e-12
	ne Err =  1.135e-08, ne change =  3.567e-16
	Q = -6.853e-07 -> -7.001e-07, 
	Zstar guess =  5.043e-01. Current Zstar:  5.043e-01 (converged=True)
	Change =  3.282e-07
__________________________________________
TF Iteration 1225
	μ = -5.088130005e-02, change: 0.000000000e+00 (converged=True)
	φe Err =  4.295e-11, φe change =  4.840e-11
	ne Err =  8.881e-09, ne change =  5.396e-15
	Q = -4.976e-07 -> -5.053e-07, 
	Zstar guess =  5.043e-01. Current Zstar:  5.043e-01 (converged=True)
	Change =  5.361e-11
__________________________________________
TF Iteration 1250
	μ = -5.088135253e-02, change: 3.181179598e-07 (converged=True)
	φe Err =  4.033e-11, φe change =  1.000e-11
	ne Err =  7.763e-09, ne change =  3.014e-15
	Q = -4.697e-07 -> -4.799e-07, 
	Zstar guess =  5.043e-01. Current Zstar:  5.043e-01 (converged=True)
	Change =  2.249e-07
__________________________________________
TF Iteration 1275
	μ = -5.088138144e-02, change: 0.000000000e+00 (converged=True)
	φe Err =  3.963e-11, φe change =  3.397e-11
	ne Err =  6.066e-09, ne change =  5.479e-15
	Q = -3.408e-07 -> -3.460e-07, 
	Zstar guess =  5.043e-01. Current Zstar:  5.043e-01 (converged=True)
	Change =  3.754e-11
__________________________________________
TF Iteration 1300
	μ = -5.088141735e-02, change: 2.176032847e-07 (converged=True)
	φe Err =  4.023e-11, φe change =  7.876e-12
	ne Err =  5.298e-09, ne change =  1.166e-15
	Q = -3.214e-07 -> -3.283e-07, 
	Zstar guess =  5.043e-01. Current Zstar:  5.043e-01 (converged=True)
	Change =  1.539e-07
__________________________________________
TF Iteration 1325
	μ = -5.088143712e-02, change: 0.000000000e+00 (converged=True)
	φe Err =  3.989e-11, φe change =  2.583e-11
	ne Err =  4.135e-09, ne change =  5.297e-15
	Q = -2.330e-07 -> -2.365e-07, 
	Zstar guess =  5.043e-01. Current Zstar:  5.043e-01 (converged=True)
	Change =  2.788e-11
__________________________________________
TF Iteration 1350
	μ = -5.088146164e-02, change: 1.485749848e-07 (converged=True)
	φe Err =  4.099e-11, φe change =  9.533e-12
	ne Err =  3.611e-09, ne change =  2.386e-15
	Q = -2.195e-07 -> -2.242e-07, 
	Zstar guess =  5.043e-01. Current Zstar:  5.043e-01 (converged=True)
	Change =  1.051e-07
__________________________________________
TF Iteration 1375
	μ = -5.088147513e-02, change: 0.000000000e+00 (converged=True)
	φe Err =  3.967e-11, φe change =  1.457e-11
	ne Err =  2.816e-09, ne change =  3.094e-15
	Q = -1.590e-07 -> -1.614e-07, 
	Zstar guess =  5.043e-01. Current Zstar:  5.043e-01 (converged=True)
	Change =  1.178e-11
__________________________________________
TF Iteration 1400
	μ = -5.088149186e-02, change: 1.012963176e-07 (converged=True)
	φe Err =  4.032e-11, φe change =  5.983e-12
	ne Err =  2.458e-09, ne change =  2.085e-16
	Q = -1.497e-07 -> -1.529e-07, 
	Zstar guess =  5.043e-01. Current Zstar:  5.043e-01 (converged=True)
	Change =  7.163e-08
__________________________________________
TF Iteration 1425
	μ = -5.088150106e-02, change: 0.000000000e+00 (converged=True)
	φe Err =  4.054e-11, φe change =  9.525e-12
	ne Err =  1.916e-09, ne change =  1.401e-15
	Q = -1.083e-07 -> -1.100e-07, 
	Zstar guess =  5.043e-01. Current Zstar:  5.043e-01 (converged=True)
	Change =  9.313e-12
__________________________________________
TF Iteration 1450
	μ = -5.088151245e-02, change: 6.898772464e-08 (converged=True)
	φe Err =  3.835e-11, φe change =  5.003e-12
	ne Err =  1.672e-09, ne change =  2.491e-15
	Q = -1.020e-07 -> -1.041e-07, 
	Zstar guess =  5.043e-01. Current Zstar:  5.043e-01 (converged=True)
	Change =  4.878e-08
__________________________________________
TF Iteration 1475
	μ = -5.088151871e-02, change: 0.000000000e+00 (converged=True)
	φe Err =  4.047e-11, φe change =  6.600e-12
	ne Err =  1.303e-09, ne change =  8.984e-16
	Q = -7.376e-08 -> -7.489e-08, 
	Zstar guess =  5.043e-01. Current Zstar:  5.043e-01 (converged=True)
	Change =  7.149e-12
__________________________________________
TF Iteration 1500
	μ = -5.088152647e-02, change: 4.694863631e-08 (converged=True)
	φe Err =  3.998e-11, φe change =  4.347e-12
	ne Err =  1.137e-09, ne change =  1.683e-15
	Q = -6.939e-08 -> -7.087e-08, 
	Zstar guess =  5.043e-01. Current Zstar:  5.043e-01 (converged=True)
	Change =  3.320e-08
__________________________________________
TF Iteration 1525
	μ = -5.088153072e-02, change: 0.000000000e+00 (converged=True)
	φe Err =  3.918e-11, φe change =  1.090e-11
	ne Err =  8.854e-10, ne change =  3.278e-15
	Q = -5.019e-08 -> -5.095e-08, 
	Zstar guess =  5.043e-01. Current Zstar:  5.043e-01 (converged=True)
	Change =  1.824e-13
__________________________________________
TF Iteration 1550
	μ = -5.088153600e-02, change: 3.193235343e-08 (converged=True)
	φe Err =  4.060e-11, φe change =  4.751e-12
	ne Err =  7.725e-10, ne change =  1.949e-16
	Q = -4.720e-08 -> -4.821e-08, 
	Zstar guess =  5.043e-01. Current Zstar:  5.043e-01 (converged=True)
	Change =  2.258e-08
__________________________________________
TF Iteration 1575
	μ = -5.088153890e-02, change: 0.000000000e+00 (converged=True)
	φe Err =  3.887e-11, φe change =  9.921e-12
	ne Err =  6.016e-10, ne change =  2.321e-15
	Q = -3.413e-08 -> -3.465e-08, 
	Zstar guess =  5.043e-01. Current Zstar:  5.043e-01 (converged=True)
	Change =  7.301e-12
__________________________________________
TF Iteration 1600
	μ = -5.088154248e-02, change: 2.170999003e-08 (converged=True)
	φe Err =  3.650e-11, φe change =  8.675e-12
	ne Err =  5.249e-10, ne change =  2.146e-15
	Q = -3.209e-08 -> -3.278e-08, 
	Zstar guess =  5.043e-01. Current Zstar:  5.043e-01 (converged=True)
	Change =  1.535e-08
__________________________________________
TF Iteration 1625
	μ = -5.088154445e-02, change: 0.000000000e+00 (converged=True)
	φe Err =  3.981e-11, φe change =  1.389e-11
	ne Err =  4.087e-10, ne change =  5.320e-15
	Q = -2.320e-08 -> -2.356e-08, 
	Zstar guess =  5.043e-01. Current Zstar:  5.043e-01 (converged=True)
	Change =  8.382e-12
__________________________________________
TF Iteration 1650
	μ = -5.088154689e-02, change: 1.475595823e-08 (converged=True)
	φe Err =  3.908e-11, φe change =  5.823e-12
	ne Err =  3.566e-10, ne change =  2.122e-15
	Q = -2.181e-08 -> -2.228e-08, 
	Zstar guess =  5.043e-01. Current Zstar:  5.043e-01 (converged=True)
	Change =  1.044e-08
__________________________________________
TF Iteration 1675
	μ = -5.088154823e-02, change: 0.000000000e+00 (converged=True)
	φe Err =  3.820e-11, φe change =  3.856e-12
	ne Err =  2.776e-10, ne change =  1.648e-16
	Q = -1.577e-08 -> -1.601e-08, 
	Zstar guess =  5.043e-01. Current Zstar:  5.043e-01 (converged=True)
	Change =  3.069e-12
__________________________________________
TF Iteration 1700
	μ = -5.088154989e-02, change: 1.002651917e-08 (converged=True)
	φe Err =  3.807e-11, φe change =  1.412e-12
	ne Err =  2.422e-10, ne change =  7.386e-16
	Q = -1.482e-08 -> -1.514e-08, 
	Zstar guess =  5.043e-01. Current Zstar:  5.043e-01 (converged=True)
	Change =  7.090e-09
__________________________________________
TF Iteration 1725
	μ = -5.088155080e-02, change: 0.000000000e+00 (converged=True)
	φe Err =  3.948e-11, φe change =  6.549e-12
	ne Err =  1.886e-10, ne change =  2.768e-15
	Q = -1.071e-08 -> -1.088e-08, 
	Zstar guess =  5.043e-01. Current Zstar:  5.043e-01 (converged=True)
	Change =  1.961e-12
__________________________________________
TF Iteration 1750
	μ = -5.088155192e-02, change: 6.812248987e-09 (converged=True)
	φe Err =  4.151e-11, φe change =  1.690e-12
	ne Err =  1.645e-10, ne change =  1.319e-15
	Q = -1.007e-08 -> -1.029e-08, 
	Zstar guess =  5.043e-01. Current Zstar:  5.043e-01 (converged=True)
	Change =  4.818e-09
__________________________________________
TF Iteration 1775
	μ = -5.088155254e-02, change: 0.000000000e+00 (converged=True)
	φe Err =  3.884e-11, φe change =  1.910e-12
	ne Err =  1.281e-10, ne change =  3.121e-15
	Q = -7.279e-09 -> -7.390e-09, 
	Zstar guess =  5.043e-01. Current Zstar:  5.043e-01 (converged=True)
	Change =  1.401e-13
__________________________________________
TF Iteration 1800
	μ = -5.088155330e-02, change: 4.628024408e-09 (converged=True)
	φe Err =  4.050e-11, φe change =  2.051e-13
	ne Err =  1.118e-10, ne change =  5.358e-16
	Q = -6.842e-09 -> -6.988e-09, 
	Zstar guess =  5.043e-01. Current Zstar:  5.043e-01 (converged=True)
	Change =  3.273e-09
__________________________________________
TF Iteration 1808
	μ = -5.088155330e-02, change: 0.000000000e+00 (converged=True)
	φe Err =  4.173e-11, φe change =  4.393e-14
	ne Err =  9.998e-11, ne change =  1.390e-15
	Q = -5.956e-09 -> -6.072e-09, 
	Zstar guess =  5.043e-01. Current Zstar:  5.043e-01 (converged=True)
	Change =  2.582e-14
	-------------------
	Solving IET.
0: Initial condition Total Error: 1.314e+00
Exiting status 0, reverting to best index so far: 365
Final iter:366, Total Error: 9.743e-13
	-------------------
	Solving IET.
0: Initial condition Total Error: 1.333e+00
QUIT: Total error infinite.
Exiting status 1, reverting to best index so far: 38
Final iter:53, Total Error: 3.937e-02
Time to solve CS model: 6.384e+02 [s], time so far: 6.410e+02 [s]
CS model saved.
Ee_pot_density = -1.186e-01 [au], Ee_K = 6.052e-02 [au], Ee_tot = -5.805e-02 [au]
P_e = 1.772e-07 [au], 5.215e-05 [Mbar]
Virial if 6.541e+02 = 6.408e+02 --->  off by 2.086e+00 % 

βEe_pot/Z = -4415.874, βEe_K/Z = 2253.995, βEe_tot/Z = -2161.879
βP_e Ω/Z = 0.007
