
===========================================
===========================================
Starting case: Ar: Te = 0.533 eV, Ti = 0.533 eV 

T[K]:  6182.853988145011
________________________
Generating NPA
T:  0.019579923605474694
Using More TF fit for initial Zstar = 0.554
	Intializing grid
Initializing, True
Initializing
	Creating Integral Equation Solver
Intialized Potentials and Densities
Initialized
Time to setup correlation sphere (IS) model: 6.030e-01 [s], time so far: 6.031e-01 [s]
Beginning self-consistent electron solver.
_________________________________
__________________________________________
TF Iteration 0
	μ = -1.682844884e+00, change: 4.514775543e+01 (converged=False)
	φe Err =  3.854e-11, φe change =  9.714e-01
	ne Err =  1.083e-01, ne change =  2.109e-04
	Q =  0.000e+00 -> -3.164e+01, 
	Zstar guess =  5.543e-01. Current Zstar:  5.543e-01 (converged=True)
	Change =  1.943e+00
__________________________________________
TF Iteration 1
	μ = -1.682844884e+00, change: 0.000000000e+00 (converged=True)
	φe Err =  4.215e-11, φe change =  6.329e-02
	ne Err =  1.928e-01, ne change =  1.543e-04
	Q = -3.164e+01 -> -2.314e+01, 
	Zstar guess =  5.543e-01. Current Zstar:  5.543e-01 (converged=True)
	Change =  7.084e-02
__________________________________________
TF Iteration 2
	μ = -1.682844884e+00, change: 0.000000000e+00 (converged=True)
	φe Err =  4.115e-11, φe change =  1.521e-02
	ne Err =  1.377e-01, ne change =  1.263e-04
	Q = -2.314e+01 -> -1.651e+01, 
	Zstar guess =  5.543e-01. Current Zstar:  5.543e-01 (converged=True)
	Change =  1.515e-02
__________________________________________
TF Iteration 3
	μ = -1.682844884e+00, change: 0.000000000e+00 (converged=True)
	φe Err =  4.083e-11, φe change =  1.820e-02
	ne Err =  8.877e-02, ne change =  1.043e-04
	Q = -1.651e+01 -> -1.150e+01, 
	Zstar guess =  5.543e-01. Current Zstar:  5.543e-01 (converged=True)
	Change =  1.974e-02
__________________________________________
TF Iteration 4
	μ = -1.682844884e+00, change: 0.000000000e+00 (converged=True)
	φe Err =  4.019e-11, φe change =  1.207e-02
	ne Err =  6.379e-02, ne change =  8.551e-05
	Q = -1.150e+01 -> -7.820e+00, 
	Zstar guess =  5.543e-01. Current Zstar:  5.543e-01 (converged=True)
	Change =  1.355e-02
__________________________________________
TF Iteration 5
	μ = -1.682844884e+00, change: 0.000000000e+00 (converged=True)
	φe Err =  3.724e-11, φe change =  5.769e-03
	ne Err =  5.529e-02, ne change =  6.923e-05
	Q = -7.820e+00 -> -5.137e+00, 
	Zstar guess =  5.543e-01. Current Zstar:  5.543e-01 (converged=True)
	Change =  6.577e-03
__________________________________________
TF Iteration 6
	μ = -1.682844884e+00, change: 0.000000000e+00 (converged=True)
	φe Err =  3.966e-11, φe change =  2.226e-03
	ne Err =  4.931e-02, ne change =  5.542e-05
	Q = -5.137e+00 -> -3.167e+00, 
	Zstar guess =  5.543e-01. Current Zstar:  5.543e-01 (converged=True)
	Change =  1.711e-03
__________________________________________
TF Iteration 7
	μ = -1.682844884e+00, change: 0.000000000e+00 (converged=True)
	φe Err =  3.844e-11, φe change =  2.064e-03
	ne Err =  4.166e-02, ne change =  4.402e-05
	Q = -3.167e+00 -> -1.690e+00, 
	Zstar guess =  5.543e-01. Current Zstar:  5.543e-01 (converged=True)
	Change =  8.287e-04
__________________________________________
TF Iteration 8
	μ = -1.682844884e+00, change: 0.000000000e+00 (converged=True)
	φe Err =  4.130e-11, φe change =  2.176e-03
	ne Err =  3.356e-02, ne change =  3.484e-05
	Q = -1.690e+00 -> -5.565e-01, 
	Zstar guess =  5.543e-01. Current Zstar:  5.543e-01 (converged=True)
	Change =  1.550e-03
__________________________________________
TF Iteration 9
	μ = -1.682844884e+00, change: 0.000000000e+00 (converged=True)
	φe Err =  3.988e-11, φe change =  1.837e-03
	ne Err =  2.641e-02, ne change =  2.754e-05
	Q = -5.565e-01 ->  3.272e-01, 
	Zstar guess =  5.543e-01. Current Zstar:  5.543e-01 (converged=True)
	Change =  1.455e-03
__________________________________________
TF Iteration 25
	μ = -7.068787383e-01, change: 0.000000000e+00 (converged=True)
	φe Err =  4.108e-11, φe change =  2.852e-04
	ne Err =  1.813e-03, ne change =  7.067e-07
	Q =  1.969e+00 ->  1.991e+00, 
	Zstar guess =  5.543e-01. Current Zstar:  5.543e-01 (converged=True)
	Change =  2.987e-04
__________________________________________
TF Iteration 50
	μ = -2.796249928e-01, change: 2.478102955e-01 (converged=False)
	φe Err =  4.014e-11, φe change =  1.947e-06
	ne Err =  1.164e-02, ne change =  5.773e-09
	Q =  1.252e+00 ->  1.250e+00, 
	Zstar guess =  5.543e-01. Current Zstar:  5.543e-01 (converged=True)
	Change =  1.980e-01
__________________________________________
TF Iteration 75
	μ = -1.718192569e-01, change: 0.000000000e+00 (converged=True)
	φe Err =  4.130e-11, φe change =  6.306e-05
	ne Err =  5.655e-04, ne change =  4.070e-09
	Q =  6.133e-01 ->  6.108e-01, 
	Zstar guess =  5.543e-01. Current Zstar:  5.543e-01 (converged=True)
	Change =  6.712e-05
__________________________________________
TF Iteration 100
	μ = -1.017720258e-01, change: 1.368718018e-01 (converged=False)
	φe Err =  3.940e-11, φe change =  8.027e-07
	ne Err =  2.398e-03, ne change =  5.163e-10
	Q =  3.750e-01 ->  3.742e-01, 
	Zstar guess =  5.543e-01. Current Zstar:  5.543e-01 (converged=True)
	Change =  1.036e-01
__________________________________________
TF Iteration 125
	μ = -8.186152804e-02, change: 0.000000000e+00 (converged=True)
	φe Err =  4.020e-11, φe change =  1.677e-05
	ne Err =  1.450e-04, ne change =  2.054e-09
	Q =  1.772e-01 ->  1.758e-01, 
	Zstar guess =  5.543e-01. Current Zstar:  5.543e-01 (converged=True)
	Change =  1.828e-05
__________________________________________
TF Iteration 150
	μ = -6.854100779e-02, change: 4.292200930e-02 (converged=False)
	φe Err =  3.913e-11, φe change =  4.843e-07
	ne Err =  4.646e-04, ne change =  8.204e-11
	Q =  9.622e-02 ->  9.600e-02, 
	Zstar guess =  5.543e-01. Current Zstar:  5.543e-01 (converged=True)
	Change =  3.101e-02
__________________________________________
TF Iteration 175
	μ = -6.473984991e-02, change: 0.000000000e+00 (converged=True)
	φe Err =  3.854e-11, φe change =  3.642e-06
	ne Err =  3.228e-05, ne change =  4.572e-10
	Q =  3.932e-02 ->  3.886e-02, 
	Zstar guess =  5.543e-01. Current Zstar:  5.543e-01 (converged=True)
	Change =  3.994e-06
__________________________________________
TF Iteration 200
	μ = -6.216920978e-02, change: 9.511266252e-03 (converged=False)
	φe Err =  4.064e-11, φe change =  1.205e-07
	ne Err =  9.055e-05, ne change =  1.509e-11
	Q =  2.009e-02 ->  2.006e-02, 
	Zstar guess =  5.543e-01. Current Zstar:  5.543e-01 (converged=True)
	Change =  6.758e-03
__________________________________________
TF Iteration 225
	μ = -6.142668279e-02, change: 0.000000000e+00 (converged=True)
	φe Err =  4.120e-11, φe change =  7.320e-07
	ne Err =  6.948e-06, ne change =  9.178e-11
	Q =  7.936e-03 ->  7.839e-03, 
	Zstar guess =  5.543e-01. Current Zstar:  5.543e-01 (converged=True)
	Change =  8.036e-07
__________________________________________
TF Iteration 250
	μ = -6.092156053e-02, change: 1.924759320e-03 (converged=False)
	φe Err =  4.057e-11, φe change =  2.480e-08
	ne Err =  1.786e-05, ne change =  2.937e-12
	Q =  4.013e-03 ->  4.007e-03, 
	Zstar guess =  5.543e-01. Current Zstar:  5.543e-01 (converged=True)
	Change =  1.362e-03
__________________________________________
TF Iteration 275
	μ = -6.077527492e-02, change: 0.000000000e+00 (converged=True)
	φe Err =  3.835e-11, φe change =  1.448e-07
	ne Err =  1.560e-06, ne change =  1.815e-11
	Q =  1.573e-03 ->  1.553e-03, 
	Zstar guess =  5.543e-01. Current Zstar:  5.543e-01 (converged=True)
	Change =  1.590e-07
__________________________________________
TF Iteration 300
	μ = -6.067586640e-02, change: 3.811314186e-04 (converged=False)
	φe Err =  4.113e-11, φe change =  4.936e-09
	ne Err =  3.534e-06, ne change =  5.732e-13
	Q =  7.929e-04 ->  7.916e-04, 
	Zstar guess =  5.543e-01. Current Zstar:  5.543e-01 (converged=True)
	Change =  2.696e-04
__________________________________________
TF Iteration 325
	μ = -6.064708435e-02, change: 0.000000000e+00 (converged=True)
	φe Err =  3.908e-11, φe change =  2.855e-08
	ne Err =  3.748e-07, ne change =  3.578e-12
	Q =  3.101e-04 ->  3.062e-04, 
	Zstar guess =  5.543e-01. Current Zstar:  5.543e-01 (converged=True)
	Change =  3.134e-08
__________________________________________
TF Iteration 350
	μ = -6.062756247e-02, change: 7.469842932e-05 (converged=False)
	φe Err =  3.917e-11, φe change =  9.598e-10
	ne Err =  6.998e-07, ne change =  1.089e-13
	Q =  1.556e-04 ->  1.553e-04, 
	Zstar guess =  5.543e-01. Current Zstar:  5.543e-01 (converged=True)
	Change =  5.282e-05
__________________________________________
TF Iteration 375
	μ = -6.062195023e-02, change: 0.000000000e+00 (converged=True)
	φe Err =  4.029e-11, φe change =  5.559e-09
	ne Err =  9.677e-08, ne change =  6.976e-13
	Q =  6.045e-05 ->  5.967e-05, 
	Zstar guess =  5.543e-01. Current Zstar:  5.543e-01 (converged=True)
	Change =  6.099e-09
__________________________________________
TF Iteration 400
	μ = -6.061817095e-02, change: 1.440783871e-05 (converged=False)
	φe Err =  4.118e-11, φe change =  1.794e-10
	ne Err =  1.389e-07, ne change =  1.635e-14
	Q =  3.009e-05 ->  3.003e-05, 
	Zstar guess =  5.543e-01. Current Zstar:  5.543e-01 (converged=True)
	Change =  1.019e-05
__________________________________________
TF Iteration 425
	μ = -6.061709402e-02, change: 0.000000000e+00 (converged=True)
	φe Err =  4.102e-11, φe change =  1.061e-09
	ne Err =  2.666e-08, ne change =  1.306e-13
	Q =  1.160e-05 ->  1.144e-05, 
	Zstar guess =  5.543e-01. Current Zstar:  5.543e-01 (converged=True)
	Change =  1.164e-09
__________________________________________
TF Iteration 450
	μ = -6.061637575e-02, change: 2.722913727e-06 (converged=True)
	φe Err =  4.164e-11, φe change =  3.784e-11
	ne Err =  2.817e-08, ne change =  8.277e-15
	Q =  5.711e-06 ->  5.695e-06, 
	Zstar guess =  5.543e-01. Current Zstar:  5.543e-01 (converged=True)
	Change =  1.925e-06
__________________________________________
TF Iteration 475
	μ = -6.061617382e-02, change: 0.000000000e+00 (converged=True)
	φe Err =  4.063e-11, φe change =  1.942e-10
	ne Err =  7.736e-09, ne change =  2.118e-14
	Q =  2.172e-06 ->  2.142e-06, 
	Zstar guess =  5.543e-01. Current Zstar:  5.543e-01 (converged=True)
	Change =  2.126e-10
__________________________________________
TF Iteration 500
	μ = -6.061604130e-02, change: 4.974776937e-07 (converged=True)
	φe Err =  4.050e-11, φe change =  9.821e-12
	ne Err =  6.087e-09, ne change =  2.974e-15
	Q =  1.051e-06 ->  1.047e-06, 
	Zstar guess =  5.543e-01. Current Zstar:  5.543e-01 (converged=True)
	Change =  3.518e-07
__________________________________________
TF Iteration 525
	μ = -6.061600491e-02, change: 0.000000000e+00 (converged=True)
	φe Err =  4.091e-11, φe change =  3.374e-11
	ne Err =  2.326e-09, ne change =  4.835e-15
	Q =  3.908e-07 ->  3.847e-07, 
	Zstar guess =  5.543e-01. Current Zstar:  5.543e-01 (converged=True)
	Change =  3.661e-11
__________________________________________
TF Iteration 550
	μ = -6.061598174e-02, change: 8.534978602e-08 (converged=True)
	φe Err =  4.104e-11, φe change =  1.179e-12
	ne Err =  1.483e-09, ne change =  1.597e-15
	Q =  1.827e-07 ->  1.818e-07, 
	Zstar guess =  5.543e-01. Current Zstar:  5.543e-01 (converged=True)
	Change =  6.035e-08
__________________________________________
TF Iteration 575
	μ = -6.061597567e-02, change: 0.000000000e+00 (converged=True)
	φe Err =  4.078e-11, φe change =  5.363e-12
	ne Err =  7.180e-10, ne change =  2.115e-15
	Q =  6.495e-08 ->  6.377e-08, 
	Zstar guess =  5.543e-01. Current Zstar:  5.543e-01 (converged=True)
	Change =  4.632e-12
__________________________________________
TF Iteration 600
	μ = -6.061597205e-02, change: 1.276026662e-08 (converged=True)
	φe Err =  3.998e-11, φe change =  1.423e-12
	ne Err =  4.150e-10, ne change =  1.862e-15
	Q =  2.820e-08 ->  2.794e-08, 
	Zstar guess =  5.543e-01. Current Zstar:  5.543e-01 (converged=True)
	Change =  9.023e-09
__________________________________________
TF Iteration 625
	μ = -6.061597121e-02, change: 0.000000000e+00 (converged=True)
	φe Err =  4.003e-11, φe change =  4.809e-12
	ne Err =  2.260e-10, ne change =  2.674e-15
	Q =  8.943e-09 ->  8.715e-09, 
	Zstar guess =  5.543e-01. Current Zstar:  5.543e-01 (converged=True)
	Change =  1.491e-12
__________________________________________
TF Iteration 650
	μ = -6.061597079e-02, change: 1.220331947e-09 (converged=True)
	φe Err =  4.059e-11, φe change =  1.238e-11
	ne Err =  1.278e-10, ne change =  4.165e-15
	Q =  3.065e-09 ->  2.991e-09, 
	Zstar guess =  5.543e-01. Current Zstar:  5.543e-01 (converged=True)
	Change =  8.686e-10
__________________________________________
TF Iteration 662
	μ = -6.061597075e-02, change: 0.000000000e+00 (converged=True)
	φe Err =  3.903e-11, φe change =  1.991e-14
	ne Err =  9.932e-11, ne change =  9.873e-16
	Q =  1.680e-09 ->  1.364e-09, 
	Zstar guess =  5.543e-01. Current Zstar:  5.543e-01 (converged=True)
	Change =  4.756e-15
	-------------------
	Solving IET.
0: Initial condition Total Error: 1.953e+00
Exiting status 0, reverting to best index so far: 316
Final iter:317, Total Error: 9.520e-13
	-------------------
	Solving IET.
0: Initial condition Total Error: 3.015e+00
Exiting status 0, reverting to best index so far: 482
Final iter:483, Total Error: 9.517e-13
Time to solve CS model: 7.221e+01 [s], time so far: 7.282e+01 [s]
CS model saved.
Ee_pot_density = -1.186e-01 [au], Ee_K = 6.052e-02 [au], Ee_tot = -5.805e-02 [au]
P_e = 3.057e-07 [au], 8.995e-05 [Mbar]
Virial if 6.541e+02 = 6.408e+02 --->  off by 2.086e+00 % 

βEe_pot/Z = -3636.187, βEe_K/Z = 1856.030, βEe_tot/Z = -1780.157
βP_e Ω/Z = 0.009
