
===========================================
===========================================
Starting case: Ar: Te = 1.628 eV, Ti = 1.628 eV 

T[K]:  18893.097351553643
________________________
Generating NPA
T:  0.05983084891273684
Using More TF fit for initial Zstar = 1.014
	Intializing grid
Initializing, True
Initializing
	Creating Integral Equation Solver
Intialized Potentials and Densities
Initialized
Time to setup correlation sphere (IS) model: 2.751e+00 [s], time so far: 2.751e+00 [s]
Beginning self-consistent electron solver.
_________________________________
__________________________________________
TF Iteration 0
	μ = -1.931766802e+00, change: 9.877129332e+00 (converged=False)
	φe Err =  3.893e-11, φe change =  9.819e-01
	ne Err =  1.091e-01, ne change =  2.111e-04
	Q =  0.000e+00 -> -3.010e+01, 
	Zstar guess =  1.014e+00. Current Zstar:  1.014e+00 (converged=True)
	Change =  1.882e+00
__________________________________________
TF Iteration 1
	μ = -1.931766802e+00, change: 0.000000000e+00 (converged=True)
	φe Err =  4.244e-11, φe change =  6.687e-02
	ne Err =  1.996e-01, ne change =  1.536e-04
	Q = -3.010e+01 -> -2.187e+01, 
	Zstar guess =  1.014e+00. Current Zstar:  1.014e+00 (converged=True)
	Change =  7.488e-02
__________________________________________
TF Iteration 2
	μ = -1.931766802e+00, change: 0.000000000e+00 (converged=True)
	φe Err =  4.257e-11, φe change =  1.573e-02
	ne Err =  1.432e-01, ne change =  1.259e-04
	Q = -2.187e+01 -> -1.544e+01, 
	Zstar guess =  1.014e+00. Current Zstar:  1.014e+00 (converged=True)
	Change =  1.558e-02
__________________________________________
TF Iteration 3
	μ = -1.931766802e+00, change: 0.000000000e+00 (converged=True)
	φe Err =  4.113e-11, φe change =  1.907e-02
	ne Err =  9.262e-02, ne change =  1.042e-04
	Q = -1.544e+01 -> -1.059e+01, 
	Zstar guess =  1.014e+00. Current Zstar:  1.014e+00 (converged=True)
	Change =  2.064e-02
__________________________________________
TF Iteration 4
	μ = -1.931766802e+00, change: 0.000000000e+00 (converged=True)
	φe Err =  3.873e-11, φe change =  1.289e-02
	ne Err =  6.587e-02, ne change =  8.552e-05
	Q = -1.059e+01 -> -7.028e+00, 
	Zstar guess =  1.014e+00. Current Zstar:  1.014e+00 (converged=True)
	Change =  1.442e-02
__________________________________________
TF Iteration 5
	μ = -1.931766802e+00, change: 0.000000000e+00 (converged=True)
	φe Err =  3.817e-11, φe change =  6.381e-03
	ne Err =  5.645e-02, ne change =  6.935e-05
	Q = -7.028e+00 -> -4.435e+00, 
	Zstar guess =  1.014e+00. Current Zstar:  1.014e+00 (converged=True)
	Change =  7.279e-03
__________________________________________
TF Iteration 6
	μ = -1.931766802e+00, change: 0.000000000e+00 (converged=True)
	φe Err =  3.931e-11, φe change =  2.469e-03
	ne Err =  5.039e-02, ne change =  5.559e-05
	Q = -4.435e+00 -> -2.539e+00, 
	Zstar guess =  1.014e+00. Current Zstar:  1.014e+00 (converged=True)
	Change =  2.173e-03
__________________________________________
TF Iteration 7
	μ = -1.931766802e+00, change: 0.000000000e+00 (converged=True)
	φe Err =  3.979e-11, φe change =  2.008e-03
	ne Err =  4.284e-02, ne change =  4.419e-05
	Q = -2.539e+00 -> -1.122e+00, 
	Zstar guess =  1.014e+00. Current Zstar:  1.014e+00 (converged=True)
	Change =  5.911e-04
__________________________________________
TF Iteration 8
	μ = -1.931766802e+00, change: 0.000000000e+00 (converged=True)
	φe Err =  4.156e-11, φe change =  2.170e-03
	ne Err =  3.472e-02, ne change =  3.498e-05
	Q = -1.122e+00 -> -3.903e-02, 
	Zstar guess =  1.014e+00. Current Zstar:  1.014e+00 (converged=True)
	Change =  1.472e-03
__________________________________________
TF Iteration 9
	μ = -1.931766802e+00, change: 0.000000000e+00 (converged=True)
	φe Err =  3.891e-11, φe change =  1.886e-03
	ne Err =  2.743e-02, ne change =  2.765e-05
	Q = -3.903e-02 ->  8.030e-01, 
	Zstar guess =  1.014e+00. Current Zstar:  1.014e+00 (converged=True)
	Change =  1.465e-03
__________________________________________
TF Iteration 25
	μ = -8.052643160e-01, change: 0.000000000e+00 (converged=True)
	φe Err =  4.100e-11, φe change =  3.090e-04
	ne Err =  1.760e-03, ne change =  6.965e-07
	Q =  2.138e+00 ->  2.160e+00, 
	Zstar guess =  1.014e+00. Current Zstar:  1.014e+00 (converged=True)
	Change =  3.227e-04
__________________________________________
TF Iteration 50
	μ = -3.548725208e-01, change: 2.037720666e-01 (converged=False)
	φe Err =  4.112e-11, φe change =  1.901e-06
	ne Err =  1.080e-02, ne change =  5.895e-09
	Q =  1.362e+00 ->  1.361e+00, 
	Zstar guess =  1.014e+00. Current Zstar:  1.014e+00 (converged=True)
	Change =  1.594e-01
__________________________________________
TF Iteration 75
	μ = -2.619694386e-01, change: 0.000000000e+00 (converged=True)
	φe Err =  3.941e-11, φe change =  6.055e-05
	ne Err =  3.040e-04, ne change =  2.706e-09
	Q =  5.567e-01 ->  5.487e-01, 
	Zstar guess =  1.014e+00. Current Zstar:  1.014e+00 (converged=True)
	Change =  6.444e-05
__________________________________________
TF Iteration 100
	μ = -2.186409679e-01, change: 3.599180310e-02 (converged=False)
	φe Err =  3.983e-11, φe change =  7.295e-07
	ne Err =  1.021e-03, ne change =  3.859e-10
	Q =  2.265e-01 ->  2.252e-01, 
	Zstar guess =  1.014e+00. Current Zstar:  1.014e+00 (converged=True)
	Change =  2.591e-02
__________________________________________
TF Iteration 125
	μ = -2.105866927e-01, change: 0.000000000e+00 (converged=True)
	φe Err =  3.937e-11, φe change =  6.020e-06
	ne Err =  3.907e-05, ne change =  3.111e-10
	Q =  6.046e-02 ->  5.888e-02, 
	Zstar guess =  1.014e+00. Current Zstar:  1.014e+00 (converged=True)
	Change =  6.417e-06
__________________________________________
TF Iteration 150
	μ = -2.068586151e-01, change: 3.394623451e-03 (converged=False)
	φe Err =  3.793e-11, φe change =  7.967e-08
	ne Err =  8.884e-05, ne change =  3.429e-11
	Q =  2.112e-02 ->  2.098e-02, 
	Zstar guess =  1.014e+00. Current Zstar:  1.014e+00 (converged=True)
	Change =  2.405e-03
__________________________________________
TF Iteration 175
	μ = -2.061612868e-01, change: 0.000000000e+00 (converged=True)
	φe Err =  4.095e-11, φe change =  5.290e-07
	ne Err =  3.526e-06, ne change =  2.743e-11
	Q =  5.357e-03 ->  5.210e-03, 
	Zstar guess =  1.014e+00. Current Zstar:  1.014e+00 (converged=True)
	Change =  5.641e-07
__________________________________________
TF Iteration 200
	μ = -2.058375231e-01, change: 2.973770659e-04 (converged=False)
	φe Err =  4.064e-11, φe change =  7.061e-09
	ne Err =  7.727e-06, ne change =  2.989e-12
	Q =  1.847e-03 ->  1.835e-03, 
	Zstar guess =  1.014e+00. Current Zstar:  1.014e+00 (converged=True)
	Change =  2.103e-04
__________________________________________
TF Iteration 225
	μ = -2.057769559e-01, change: 0.000000000e+00 (converged=True)
	φe Err =  4.281e-11, φe change =  4.593e-08
	ne Err =  3.070e-07, ne change =  2.378e-12
	Q =  4.659e-04 ->  4.531e-04, 
	Zstar guess =  1.014e+00. Current Zstar:  1.014e+00 (converged=True)
	Change =  4.897e-08
__________________________________________
TF Iteration 250
	μ = -2.057488905e-01, change: 2.577226863e-05 (converged=False)
	φe Err =  3.920e-11, φe change =  6.147e-10
	ne Err =  6.693e-07, ne change =  2.628e-13
	Q =  1.601e-04 ->  1.591e-04, 
	Zstar guess =  1.014e+00. Current Zstar:  1.014e+00 (converged=True)
	Change =  1.822e-05
__________________________________________
TF Iteration 275
	μ = -2.057436476e-01, change: 0.000000000e+00 (converged=True)
	φe Err =  4.136e-11, φe change =  3.978e-09
	ne Err =  2.658e-08, ne change =  2.099e-13
	Q =  4.033e-05 ->  3.922e-05, 
	Zstar guess =  1.014e+00. Current Zstar:  1.014e+00 (converged=True)
	Change =  4.241e-09
__________________________________________
TF Iteration 300
	μ = -2.057412188e-01, change: 2.230294028e-06 (converged=True)
	φe Err =  4.052e-11, φe change =  5.421e-11
	ne Err =  5.791e-08, ne change =  2.497e-14
	Q =  1.386e-05 ->  1.377e-05, 
	Zstar guess =  1.014e+00. Current Zstar:  1.014e+00 (converged=True)
	Change =  1.577e-06
__________________________________________
TF Iteration 325
	μ = -2.057407652e-01, change: 0.000000000e+00 (converged=True)
	φe Err =  3.889e-11, φe change =  3.421e-10
	ne Err =  2.300e-09, ne change =  1.878e-14
	Q =  3.490e-06 ->  3.394e-06, 
	Zstar guess =  1.014e+00. Current Zstar:  1.014e+00 (converged=True)
	Change =  3.647e-10
__________________________________________
TF Iteration 350
	μ = -2.057405550e-01, change: 1.929884290e-07 (converged=True)
	φe Err =  3.962e-11, φe change =  1.018e-11
	ne Err =  5.011e-09, ne change =  5.026e-15
	Q =  1.199e-06 ->  1.191e-06, 
	Zstar guess =  1.014e+00. Current Zstar:  1.014e+00 (converged=True)
	Change =  1.365e-07
__________________________________________
TF Iteration 375
	μ = -2.057405158e-01, change: 0.000000000e+00 (converged=True)
	φe Err =  3.754e-11, φe change =  2.781e-11
	ne Err =  1.990e-10, ne change =  2.523e-15
	Q =  3.020e-07 ->  2.937e-07, 
	Zstar guess =  1.014e+00. Current Zstar:  1.014e+00 (converged=True)
	Change =  2.935e-11
__________________________________________
TF Iteration 379
	μ = -2.057405158e-01, change: 0.000000000e+00 (converged=True)
	φe Err =  4.044e-11, φe change =  1.423e-12
	ne Err =  8.461e-11, ne change =  2.612e-15
	Q =  2.822e-07 ->  2.787e-07, 
	Zstar guess =  1.014e+00. Current Zstar:  1.014e+00 (converged=True)
	Change =  1.064e-12
	-------------------
	Solving IET.
0: Initial condition Total Error: 6.379e+00
Exiting status 0, reverting to best index so far: 281
Final iter:282, Total Error: 9.030e-13
	-------------------
	Solving IET.
0: Initial condition Total Error: 6.371e+00
Exiting status 0, reverting to best index so far: 280
Final iter:281, Total Error: 9.821e-13
Time to solve CS model: 1.547e+02 [s], time so far: 1.574e+02 [s]
CS model saved.
Ee_pot_density = -1.186e-01 [au], Ee_K = 6.052e-02 [au], Ee_tot = -5.804e-02 [au]
P_e = 3.550e-06 [au], 1.044e-03 [Mbar]
Virial if 6.541e+02 = 6.407e+02 --->  off by 2.082e+00 % 

βEe_pot/Z = -1189.774, βEe_K/Z = 607.328, βEe_tot/Z = -582.446
βP_e Ω/Z = 0.036
