
===========================================
===========================================
Starting case: Ar: Te = 1.217 eV, Ti = 1.217 eV 

T[K]:  14117.29985341698
________________________
Generating NPA
T:  0.04470680581742384
Using More TF fit for initial Zstar = 0.859
	Intializing grid
Initializing, True
Initializing
	Creating Integral Equation Solver
Intialized Potentials and Densities
Initialized
Time to setup correlation sphere (IS) model: 2.340e+00 [s], time so far: 2.340e+00 [s]
Beginning self-consistent electron solver.
_________________________________
__________________________________________
TF Iteration 0
	μ = -1.862868021e+00, change: 1.448296172e+01 (converged=False)
	φe Err =  4.055e-11, φe change =  9.795e-01
	ne Err =  1.123e-01, ne change =  2.111e-04
	Q =  0.000e+00 -> -3.195e+01, 
	Zstar guess =  8.592e-01. Current Zstar:  8.592e-01 (converged=True)
	Change =  1.909e+00
__________________________________________
TF Iteration 1
	μ = -1.862868021e+00, change: 0.000000000e+00 (converged=True)
	φe Err =  4.299e-11, φe change =  6.690e-02
	ne Err =  2.009e-01, ne change =  1.536e-04
	Q = -3.195e+01 -> -2.335e+01, 
	Zstar guess =  8.592e-01. Current Zstar:  8.592e-01 (converged=True)
	Change =  7.492e-02
__________________________________________
TF Iteration 2
	μ = -1.862868021e+00, change: 0.000000000e+00 (converged=True)
	φe Err =  3.875e-11, φe change =  1.566e-02
	ne Err =  1.445e-01, ne change =  1.259e-04
	Q = -2.335e+01 -> -1.662e+01, 
	Zstar guess =  8.592e-01. Current Zstar:  8.592e-01 (converged=True)
	Change =  1.549e-02
__________________________________________
TF Iteration 3
	μ = -1.862868021e+00, change: 0.000000000e+00 (converged=True)
	φe Err =  4.074e-11, φe change =  1.914e-02
	ne Err =  9.378e-02, ne change =  1.042e-04
	Q = -1.662e+01 -> -1.154e+01, 
	Zstar guess =  8.592e-01. Current Zstar:  8.592e-01 (converged=True)
	Change =  2.071e-02
__________________________________________
TF Iteration 4
	μ = -1.862868021e+00, change: 0.000000000e+00 (converged=True)
	φe Err =  3.871e-11, φe change =  1.300e-02
	ne Err =  6.688e-02, ne change =  8.555e-05
	Q = -1.154e+01 -> -7.786e+00, 
	Zstar guess =  8.592e-01. Current Zstar:  8.592e-01 (converged=True)
	Change =  1.456e-02
__________________________________________
TF Iteration 5
	μ = -1.862868021e+00, change: 0.000000000e+00 (converged=True)
	φe Err =  3.965e-11, φe change =  6.471e-03
	ne Err =  5.741e-02, ne change =  6.938e-05
	Q = -7.786e+00 -> -5.047e+00, 
	Zstar guess =  8.592e-01. Current Zstar:  8.592e-01 (converged=True)
	Change =  7.383e-03
__________________________________________
TF Iteration 6
	μ = -1.862868021e+00, change: 0.000000000e+00 (converged=True)
	φe Err =  3.919e-11, φe change =  2.516e-03
	ne Err =  5.131e-02, ne change =  5.562e-05
	Q = -5.047e+00 -> -3.037e+00, 
	Zstar guess =  8.592e-01. Current Zstar:  8.592e-01 (converged=True)
	Change =  2.219e-03
__________________________________________
TF Iteration 7
	μ = -1.862868021e+00, change: 0.000000000e+00 (converged=True)
	φe Err =  4.059e-11, φe change =  2.043e-03
	ne Err =  4.366e-02, ne change =  4.421e-05
	Q = -3.037e+00 -> -1.533e+00, 
	Zstar guess =  8.592e-01. Current Zstar:  8.592e-01 (converged=True)
	Change =  5.902e-04
__________________________________________
TF Iteration 8
	μ = -1.862868021e+00, change: 0.000000000e+00 (converged=True)
	φe Err =  3.962e-11, φe change =  2.207e-03
	ne Err =  3.541e-02, ne change =  3.499e-05
	Q = -1.533e+00 -> -3.815e-01, 
	Zstar guess =  8.592e-01. Current Zstar:  8.592e-01 (converged=True)
	Change =  1.491e-03
__________________________________________
TF Iteration 9
	μ = -1.862868021e+00, change: 0.000000000e+00 (converged=True)
	φe Err =  3.943e-11, φe change =  1.918e-03
	ne Err =  2.798e-02, ne change =  2.765e-05
	Q = -3.815e-01 ->  5.144e-01, 
	Zstar guess =  8.592e-01. Current Zstar:  8.592e-01 (converged=True)
	Change =  1.486e-03
__________________________________________
TF Iteration 25
	μ = -7.723061804e-01, change: 0.000000000e+00 (converged=True)
	φe Err =  4.048e-11, φe change =  3.026e-04
	ne Err =  1.815e-03, ne change =  6.990e-07
	Q =  2.083e+00 ->  2.107e+00, 
	Zstar guess =  8.592e-01. Current Zstar:  8.592e-01 (converged=True)
	Change =  3.164e-04
__________________________________________
TF Iteration 50
	μ = -3.237081994e-01, change: 2.241550759e-01 (converged=False)
	φe Err =  3.918e-11, φe change =  1.689e-06
	ne Err =  1.145e-02, ne change =  5.877e-09
	Q =  1.336e+00 ->  1.335e+00, 
	Zstar guess =  8.592e-01. Current Zstar:  8.592e-01 (converged=True)
	Change =  1.771e-01
__________________________________________
TF Iteration 75
	μ = -2.206897939e-01, change: 0.000000000e+00 (converged=True)
	φe Err =  3.894e-11, φe change =  6.738e-05
	ne Err =  3.260e-04, ne change =  4.191e-09
	Q =  6.260e-01 ->  6.212e-01, 
	Zstar guess =  8.592e-01. Current Zstar:  8.592e-01 (converged=True)
	Change =  7.211e-05
__________________________________________
TF Iteration 100
	μ = -1.664283418e-01, change: 6.124701529e-02 (converged=False)
	φe Err =  4.134e-11, φe change =  9.430e-07
	ne Err =  1.436e-03, ne change =  4.406e-10
	Q =  3.014e-01 ->  3.002e-01, 
	Zstar guess =  8.592e-01. Current Zstar:  8.592e-01 (converged=True)
	Change =  4.465e-02
__________________________________________
TF Iteration 125
	μ = -1.550452615e-01, change: 0.000000000e+00 (converged=True)
	φe Err =  3.808e-11, φe change =  9.109e-06
	ne Err =  5.834e-05, ne change =  7.019e-10
	Q =  9.404e-02 ->  9.205e-02, 
	Zstar guess =  8.592e-01. Current Zstar:  8.592e-01 (converged=True)
	Change =  9.798e-06
__________________________________________
TF Iteration 150
	μ = -1.492173220e-01, change: 7.754393350e-03 (converged=False)
	φe Err =  4.015e-11, φe change =  1.513e-07
	ne Err =  1.559e-04, ne change =  4.821e-11
	Q =  3.689e-02 ->  3.670e-02, 
	Zstar guess =  8.592e-01. Current Zstar:  8.592e-01 (converged=True)
	Change =  5.505e-03
__________________________________________
TF Iteration 175
	μ = -1.479909537e-01, change: 0.000000000e+00 (converged=True)
	φe Err =  4.148e-11, φe change =  1.010e-06
	ne Err =  6.772e-06, ne change =  7.805e-11
	Q =  1.057e-02 ->  1.033e-02, 
	Zstar guess =  8.592e-01. Current Zstar:  8.592e-01 (converged=True)
	Change =  1.088e-06
__________________________________________
TF Iteration 200
	μ = -1.473603361e-01, change: 8.570161803e-04 (converged=False)
	φe Err =  3.810e-11, φe change =  1.719e-08
	ne Err =  1.693e-05, ne change =  5.237e-12
	Q =  4.055e-03 ->  4.034e-03, 
	Zstar guess =  8.592e-01. Current Zstar:  8.592e-01 (converged=True)
	Change =  6.063e-04
__________________________________________
TF Iteration 225
	μ = -1.472272880e-01, change: 0.000000000e+00 (converged=True)
	φe Err =  4.081e-11, φe change =  1.098e-07
	ne Err =  7.400e-07, ne change =  8.480e-12
	Q =  1.152e-03 ->  1.125e-03, 
	Zstar guess =  8.592e-01. Current Zstar:  8.592e-01 (converged=True)
	Change =  1.182e-07
__________________________________________
TF Iteration 250
	μ = -1.471589395e-01, change: 9.295861987e-05 (converged=False)
	φe Err =  4.094e-11, φe change =  1.860e-09
	ne Err =  1.833e-06, ne change =  5.722e-13
	Q =  4.397e-04 ->  4.375e-04, 
	Zstar guess =  8.592e-01. Current Zstar:  8.592e-01 (converged=True)
	Change =  6.574e-05
__________________________________________
TF Iteration 275
	μ = -1.471445579e-01, change: 0.000000000e+00 (converged=True)
	φe Err =  4.147e-11, φe change =  1.187e-08
	ne Err =  8.004e-08, ne change =  9.206e-13
	Q =  1.245e-04 ->  1.216e-04, 
	Zstar guess =  8.592e-01. Current Zstar:  8.592e-01 (converged=True)
	Change =  1.278e-08
__________________________________________
TF Iteration 300
	μ = -1.471371799e-01, change: 1.003222382e-05 (converged=False)
	φe Err =  4.009e-11, φe change =  2.027e-10
	ne Err =  1.978e-07, ne change =  6.262e-14
	Q =  4.746e-05 ->  4.722e-05, 
	Zstar guess =  8.592e-01. Current Zstar:  8.592e-01 (converged=True)
	Change =  7.094e-06
__________________________________________
TF Iteration 325
	μ = -1.471356287e-01, change: 0.000000000e+00 (converged=True)
	φe Err =  4.231e-11, φe change =  1.275e-09
	ne Err =  8.635e-09, ne change =  9.477e-14
	Q =  1.343e-05 ->  1.312e-05, 
	Zstar guess =  8.592e-01. Current Zstar:  8.592e-01 (converged=True)
	Change =  1.373e-09
__________________________________________
TF Iteration 350
	μ = -1.471348330e-01, change: 1.081913431e-06 (converged=True)
	φe Err =  3.958e-11, φe change =  2.069e-11
	ne Err =  2.133e-08, ne change =  4.725e-15
	Q =  5.119e-06 ->  5.092e-06, 
	Zstar guess =  8.592e-01. Current Zstar:  8.592e-01 (converged=True)
	Change =  7.650e-07
__________________________________________
TF Iteration 375
	μ = -1.471346657e-01, change: 0.000000000e+00 (converged=True)
	φe Err =  3.932e-11, φe change =  1.403e-10
	ne Err =  9.312e-10, ne change =  1.113e-14
	Q =  1.448e-06 ->  1.415e-06, 
	Zstar guess =  8.592e-01. Current Zstar:  8.592e-01 (converged=True)
	Change =  1.509e-10
__________________________________________
TF Iteration 400
	μ = -1.471345799e-01, change: 1.166737894e-07 (converged=True)
	φe Err =  3.980e-11, φe change =  1.262e-11
	ne Err =  2.300e-09, ne change =  3.340e-15
	Q =  5.520e-07 ->  5.492e-07, 
	Zstar guess =  8.592e-01. Current Zstar:  8.592e-01 (converged=True)
	Change =  8.250e-08
__________________________________________
TF Iteration 410
	μ = -1.471345799e-01, change: 0.000000000e+00 (converged=True)
	φe Err =  3.730e-11, φe change =  1.162e-11
	ne Err =  8.515e-11, ne change =  4.978e-15
	Q =  3.561e-07 ->  3.536e-07, 
	Zstar guess =  8.592e-01. Current Zstar:  8.592e-01 (converged=True)
	Change =  3.766e-12
	-------------------
	Solving IET.
0: Initial condition Total Error: 5.087e+00
Exiting status 0, reverting to best index so far: 278
Final iter:279, Total Error: 9.729e-13
	-------------------
	Solving IET.
0: Initial condition Total Error: 5.074e+00
Exiting status 0, reverting to best index so far: 287
Final iter:288, Total Error: 9.443e-13
Time to solve CS model: 1.755e+02 [s], time so far: 1.778e+02 [s]
CS model saved.
Ee_pot_density = -1.186e-01 [au], Ee_K = 6.052e-02 [au], Ee_tot = -5.804e-02 [au]
P_e = 1.984e-06 [au], 5.837e-04 [Mbar]
Virial if 6.541e+02 = 6.407e+02 --->  off by 2.084e+00 % 

βEe_pot/Z = -1592.387, βEe_K/Z = 812.829, βEe_tot/Z = -779.557
βP_e Ω/Z = 0.027
